ARM GAS  /tmp/ccIdOTgc.s 			page 1


   1              		.syntax unified
   2              		.cpu cortex-m4
   3              		.eabi_attribute 27, 1
   4              		.eabi_attribute 28, 1
   5              		.fpu fpv4-sp-d16
   6              		.eabi_attribute 20, 1
   7              		.eabi_attribute 21, 1
   8              		.eabi_attribute 23, 3
   9              		.eabi_attribute 24, 1
  10              		.eabi_attribute 25, 1
  11              		.eabi_attribute 26, 1
  12              		.eabi_attribute 30, 4
  13              		.eabi_attribute 34, 1
  14              		.eabi_attribute 18, 4
  15              		.thumb
  16              		.file	"board.c"
  17              		.text
  18              	.Ltext0:
  19              		.section	.gnu.lto_.profile.23c73e2cff438e7d,"",%progbits
  20 0000 789C6366 		.ascii	"x\234cf```a\200\000F\006>f\000\000\223\000\032"
  20      60606061 
  20      80004606 
  20      3E660000 
  20      93001A
  21              		.text
  22              		.section	.gnu.lto_.jmpfuncs.23c73e2cff438e7d,"",%progbits
  23 0000 789C6366 		.ascii	"x\234cf\300\0168\2414\023\210`\004b\000\001S\000\020"
  23      C00E38A1 
  23      34138860 
  23      04620001 
  23      530010
  24              		.text
  25              		.section	.gnu.lto_.inline.23c73e2cff438e7d,"",%progbits
  26 0000 789C6366 		.ascii	"x\234cf\300\016\264\2414\023\003\003\013\017#\210b`"
  26      C00EB4A1 
  26      34130303 
  26      0B0F2388 
  26      6260
  27 0012 5B200FA2 		.ascii	"[ \017\242\030\030\271@\004\0033\023\2520\003\000,\231"
  27      1818B940 
  27      04033313 
  27      AA300300 
  27      2C99
  28 0024 01E6     		.ascii	"\001\346"
  29              		.text
  30              		.section	.gnu.lto_.pureconst.23c73e2cff438e7d,"",%progbits
  31 0000 789C6366 		.ascii	"x\234cf```e\200\000&\006\011F\006\000\000\331\000$"
  31      60606065 
  31      80002606 
  31      09460600 
  31      00D90024 
  32              		.text
  33              		.section	.gnu.lto___early_init.23c73e2cff438e7d,"",%progbits
  34 0000 789C6366 		.ascii	"x\234cf\300\004R@\274\010\210\205\200\230\221\231\201"
  34      C0045240 
  34      BC088885 
  34      80989199 
ARM GAS  /tmp/ccIdOTgc.s 			page 2


  34      81
  35 0011 9169C239 		.ascii	"\221i\3029\006\206F\016&FF\020\203\201\221\241\236\211"
  35      0686460E 
  35      26464610 
  35      838191A1 
  35      9E89
  36 0023 B19EF125 		.ascii	"\261\236\361%\323G&\306\011\007V\317\340V_\332\320\320"
  36      D34726C6 
  36      090756CF 
  36      E0565FDA 
  36      D0D0
  37 0035 F0E1D146 		.ascii	"\360\341\321F\211V\211\237L\014\014\237\231 \3060.g"
  37      8956899F 
  37      4C0C0C9F 
  37      9920C630 
  37      2E67
  38 0047 546700AA 		.ascii	"Tg\000\252\371\330\362\367:7[\013P\215\000D\216q\005"
  38      F9D8F2F7 
  38      3A375B0B 
  38      508D0044 
  38      8E7105
  39 005a 231B2390 		.ascii	"#\033#\220^/t\240\341\377\377\307s\346lfaf`x\002\224"
  39      5E2F74A0 
  39      E1FFFFC7 
  39      73E66C66 
  39      61666078 
  40 0070 0299FF94 		.ascii	"\002\231\377\224\211\011D3\337al>\260\361\030#H1\310"
  40      89094433 
  40      DF616C3E 
  40      B0F11823 
  40      4831C8
  41 0083 947997FB 		.ascii	"\224y\227\373\3261\325\376n\350h\340\370\311\304\370"
  41      D631D5FE 
  41      6EE868E0 
  41      F8C9C4F8 
  42 0093 99096800 		.ascii	"\231\011h\000\343J\306Z\206\237@\345\367\030\033\017"
  42      E34AC65A 
  42      869F40E5 
  42      F7181B0F 
  43 00a3 6C7603AB 		.ascii	"lv\003\253d\000\031\304\0102\000h\234\200\236~R~bQ\012"
  43      640019C4 
  43      08320068 
  43      9C809E7E 
  43      527E6251 
  44 00b8 84D44B66 		.ascii	"\204\324Kf\000\000\330\004?\247"
  44      0000D804 
  44      3FA7
  45              		.text
  46              		.section	.gnu.lto_boardInit.23c73e2cff438e7d,"",%progbits
  47 0000 789C6366 		.ascii	"x\234cf\300\004R@\\\002\304B@\314\310\314\300\3104\341"
  47      C0045240 
  47      5C02C442 
  47      40CCC8CC 
  47      C0C834E1 
  48 0014 1C034323 		.ascii	"\034\003C#\007\023##\210\301\300\310P\317\304X\317\370"
  48      07132323 
  48      88C1C0C8 
ARM GAS  /tmp/ccIdOTgc.s 			page 3


  48      50CFC458 
  48      CFF8
  49 0026 92E92313 		.ascii	"\222\351#\023\343\204\003\253gp\253/mhh\370pi\247D\253"
  49      E38403AB 
  49      6770AB2F 
  49      6D6868F8 
  49      7069A744 
  50 003b C44F2606 		.ascii	"\304O&\006\206\317L\020c\030\2273\2523\000\325|l\371"
  50      86CF4C10 
  50      63189733 
  50      AA3300D5 
  50      7C6CF9
  51 004e 7B9D9BAD 		.ascii	"{\235\233\255\005\250F\000\"\307\270\202\221\215\021"
  51      05A84600 
  51      22C7B882 
  51      918D11
  52 005d 48AF173A 		.ascii	"H\257\027:\320\360\377\377\342\351ov\262\000\205\237"
  52      D0F0FFFF 
  52      E2E96F76 
  52      B200859F 
  53 006d 0031C8FC 		.ascii	"\0001\310\374\247LL \232\371\036##H!\310\244'L\214 "
  53      A74C4C20 
  53      9AF91E23 
  53      234821C8 
  53      A4274C8C 
  54 0082 21A00201 		.ascii	"!\240\002\001=\375\244\374\304\242\024\010\251\227\314"
  54      3DFDA4FC 
  54      C4A21408 
  54      A997CC
  55 0091 0000CDBD 		.ascii	"\000\000\315\275.>"
  55      2E3E
  56              		.text
  57              		.section	.gnu.lto_.symbol_nodes.23c73e2cff438e7d,"",%progbits
  58 0000 789C6366 		.ascii	"x\234cf``pa\200\002\246\006\246z\006\206\011\347\030"
  58      60607061 
  58      8002A606 
  58      A67A0686 
  58      09E718
  59 0013 18EAEB19 		.ascii	"\030\352\353\031\346-\340``jd\252gD\026`\375\317\310"
  59      E62DE060 
  59      606A64AA 
  59      67441660 
  59      FDCFC8
  60 0026 B010A888 		.ascii	"\260\020\250\210\261\211\251\236\011\"\301\320\320\300"
  60      B189A99E 
  60      0922C1D0 
  60      D0C0
  61 0034 C1C00C84 		.ascii	"\301\300\014\204K\036\374cd\000\000w\\\022/"
  61      4B1EFC63 
  61      64000077 
  61      5C122F
  62              		.text
  63              		.section	.gnu.lto_.refs.23c73e2cff438e7d,"",%progbits
  64 0000 789C6366 		.ascii	"x\234cf```d\200\002\000\000=\000\005"
  64      60606064 
  64      80020000 
  64      3D0005
ARM GAS  /tmp/ccIdOTgc.s 			page 4


  65              		.text
  66              		.section	.gnu.lto_.decls.23c73e2cff438e7d,"",%progbits
  67 0000 789CAD56 		.ascii	"x\234\255VkLTG\024\276\263\303.\260\256h\244Qc\232j"
  67      6B4C5447 
  67      14BEB3C3 
  67      2EB0AE68 
  67      A451639A 
  68 0015 6D824D63 		.ascii	"m\202Mcw\2554\306\246?\324j\265&VIl\323\037\375\261"
  68      77AD34C6 
  68      A63FD46A 
  68      B5265649 
  68      6CD31FFD 
  69 002a 4576954D 		.ascii	"Ev\225MWv\263\273\264\232\376\031\304\007(\"\276\020"
  69      5776B3BB 
  69      B49AFE19 
  69      C4072822 
  69      BE10
  70 003c 7C94ABA2 		.ascii	"|\224\253\242<\344\261U\212\362\020\001+ \202b\025\324"
  70      3CE4B155 
  70      8AF21001 
  70      2B208262 
  70      15D4
  71 004e 560B2A22 		.ascii	"V\013*\"*( \"(J\317\314\334\273\013W46\351$\263s\317"
  71      2A282022 
  71      284ACFCC 
  71      DCBB0B57 
  71      3436E924 
  72 0065 99EF7CE7 		.ascii	"\231\357|\347\234\231s\366^,\010B\002\314\001\030\261"
  72      9C9973F6 
  72      5E2C0842 
  72      02CC0118 
  72      B1
  73 0076 2304E138 		.ascii	"#\004\3418\022\004\014r\210\340\035T\316\202\231\003"
  73      12040C72 
  73      88E01D54 
  73      CE829903 
  74 0086 D30D1320 		.ascii	"\323\015\023 \202\017\022\206\214,\301k\247\206\275"
  74      820F1286 
  74      8C2CC16B 
  74      A786BD
  75 0095 0C49AF92 		.ascii	"\014I\257\222\366\334\302\253#G\342\222}!I\247\034\235"
  75      F6DCC2AB 
  75      2347E292 
  75      7D2149A7 
  75      1C9D
  76 00a7 2A74EE56 		.ascii	"*t\356V\357c]\253\012\005hGSq\367\225;\335\030D\235"
  76      EF635DAB 
  76      0A056847 
  76      5371F795 
  76      3BDD1844 
  77 00bc 5645C5FC 		.ascii	"VE\305\374\276\236\\\315\270\235\204\216h2Z\205B\306"
  77      BE9E5CCD 
  77      B89D848E 
  77      68325A85 
  77      42C6
  78 00ce A2343401 		.ascii	"\24244\001\245\243\011\300\232\201\306\301\357\367>"
  78      A5A309C0 
ARM GAS  /tmp/ccIdOTgc.s 			page 5


  78      9A81C6C1 
  78      EFF73E
  79 00dd 9CA97C6B 		.ascii	"\234\251|kW;\302*D\237\017&\335\274\254\235\232\011"
  79      573BC22A 
  79      449F0F26 
  79      DDBCAC9D 
  79      9A09
  80 00ef 5631A4B4 		.ascii	"V1\244\264\027y\335=j+j\366\237\364+\021\335\0359{\327"
  80      1779DD3D 
  80      6A2B6AF6 
  80      9FF42B11 
  80      DD1D397B 
  81 0104 E3642246 		.ascii	"\343d\"F\221\227\003\003\210\221\241L\204\321\0214\225"
  81      91970303 
  81      8891A14C 
  81      84D11134 
  81      95
  82 0115 850CCF3C 		.ascii	"\205\014\317<\366,4\011\0143S\266\324\373\342)\214\275"
  82      F62C3409 
  82      0C3353B6 
  82      D4FBE229 
  82      8CBD
  83 0127 6EDF9E68 		.ascii	"n\337\236h\035\220\270\335b\355AM:)\035\030\230\305"
  83      1D90B8DD 
  83      62ED414D 
  83      3A291D18 
  83      98C5
  84 0139 ECB307D9 		.ascii	"\354\263\007\331g\313\3669\314>-\255![\215?a\366-\261"
  84      67CBF639 
  84      CC3E2DAD 
  84      215B8D3F 
  84      61F62DB1 
  85 014d 57ABD560 		.ascii	"W\253\325`\337D:6\336~\376N\322QR\276\206\364C\024\210"
  85      DF443A36 
  85      DE7EFE4E 
  85      D25152BE 
  85      86F44314 
  86 0162 B1E40E62 		.ascii	"\261\344\016b\311\225Y\334\214\245\370Q\334E?vZ\245"
  86      C99559DC 
  86      8CA5F851 
  86      DC453F76 
  86      5AA5
  87 0174 5ACA947A 		.ascii	"Z\312\224z.!\031\261\343Jg\314E\275\371i\001l\277\211"
  87      2E2119B1 
  87      E34A67CC 
  87      45BDF969 
  87      016CBF89 
  88 0188 C9478B5B 		.ascii	"\311G\213[\237\214b\373\357R\261\261\244\250E\203\177"
  88      9F8C62FB 
  88      EF52B1B1 
  88      A4A84583 
  88      7F
  89 0199 615B0539 		.ascii	"a[\0059\335\265#\030t\022\025\013\267U%i\030\322\207"
  89      DDB52318 
  89      7412150B 
  89      B7552569 
  89      18D287
ARM GAS  /tmp/ccIdOTgc.s 			page 6


  90 01ac 8AA74A7A 		.ascii	"\212\247Jz+\2648\0361h\\L\323Y-\336\305\205\250\303"
  90      2BB4381E 
  90      31685C4C 
  90      D3592DDE 
  90      C585A8C3 
  91 01c0 4571BE00 		.ascii	"Eq\276\000|_\313\016\264qO_\252?\023i\241\215\002\225"
  91      7C5FCB0E 
  91      B4714F5F 
  91      AA3F1369 
  91      A18D0295 
  92 01d4 AAAA851C 		.ascii	"\252\252\205\034\014@A\332T8\376\216\352C\267\276\212"
  92      0C4041DA 
  92      5438FE8E 
  92      EA43B7BE 
  92      8A
  93 01e5 26B3D149 		.ascii	"&\263\321I\244E\005\236\304\2305\0351\204\254!\011\321"
  93      A445059E 
  93      C498351D 
  93      3184AC21 
  93      09D1
  94 01f7 C4BF2A40 		.ascii	"\304\277*@@\371p\263\307\341fQ1\012\002\004\303\242"
  94      40F970B3 
  94      C7E16651 
  94      310A0204 
  94      C3A2
  95 0209 42501681 		.ascii	"BP\026\201\022\210\317\364\227\254U#m\320\360F\247\206"
  95      1288CFF4 
  95      97AC5523 
  95      6DD0F046 
  95      A786
  96 021b 316221A4 		.ascii	"1b!\244o\3306\226\020\037T\002!\234\360\206\000\021"
  96      6FD83696 
  96      101F5402 
  96      219CF086 
  96      0011
  97 022d 79CAA2BF 		.ascii	"y\312\242\277zw\201\016?\346\031\246$\354}\242\306}"
  97      7A77810E 
  97      3FE619A6 
  97      24EC7DA2 
  97      C67D
  98 023f 5C38D85D 		.ascii	"\\8\330]\327\351\207\011/\253\324\235\211YjvH~T<\220"
  98      D7E98709 
  98      2FABD49D 
  98      89596A76 
  98      487E543C 
  99 0254 5BF01D8E 		.ascii	"[\360\035\216\341[ybV%\306\361\\\220\213Z\307\213\272"
  99      E15B7962 
  99      5625C6F1 
  99      5C908B5A 
  99      C78BBA
 100 0267 BCFDC8A6 		.ascii	"\274\375\310\246\000\274\215\357\245\037\332|\027\343"
 100      00BC8DEF 
 100      A51FDA7C 
 100      17E3
 101 0275 5D5C487E 		.ascii	"]\\H~ZS\301\357g<\210\376\261ek[th2\037\201A\"\344\331"
 101      5A53C1EF 
 101      673C88FE 
ARM GAS  /tmp/ccIdOTgc.s 			page 7


 101      B1656B5B 
 101      7468321F 
 102 028e 519C717B 		.ascii	"Q\234q{\341\366h\222:\236\305_\006\361_D\201\336\254"
 102      E1F66892 
 102      3A9EC55F 
 102      06F15F44 
 102      81DEAC
 103 02a1 3FA48D90 		.ascii	"?\244\215\220O\333A\240pqO\232\246j\032\203\236QB+X"
 103      4FDB41A0 
 103      70714F9A 
 103      A66A1A83 
 103      9E51422B 
 104 02b6 D37CE481 		.ascii	"\323|\344\201n\362@K\207e\365\"\223=\310?\224\310\323"
 104      6EF2404B 
 104      8765F522 
 104      933DC83F 
 104      94C8D3
 105 02c9 4811C03E 		.ascii	"H\021\300>\017\266r\370\000\006a\267x\260\345\303\363"
 105      0FB672F8 
 105      000661B7 
 105      78B0E5C3 
 105      F3
 106 02da 7A4348F1 		.ascii	"zCH\361@\253\224\320\263^\350V\372G\221@\310l\227\200"
 106      40AB94D0 
 106      B35EE856 
 106      FA479140 
 106      C86C9780 
 107 02ee 8EC17E1E 		.ascii	"\216\301~\036\333\242h\270t\364'TH\015\232\214\252a"
 107      DBA268B8 
 107      74F42754 
 107      480D9A8C 
 107      AA61
 108 0300 5E80590B 		.ascii	"^\200Y\013\363\034\314\3630\353\320dV\014\264b\232b"
 108      F31CCCF3 
 108      30EBD064 
 108      560CB462 
 108      9A62
 109 0312 D3340451 		.ascii	"\3234\004Q3AnD\271RTq\265\211q#Q`\320p\236\320ep\360"
 109      33416E44 
 109      B9525471 
 109      B5897123 
 109      5160D070 
 110 032b 9F9DA5AF 		.ascii	"\237\235\245\257\360C\227\300\350woiR\317ri\326\277"
 110      F04397C0 
 110      E8776F69 
 110      52CF7269 
 110      D6BF
 111 033d A87D0F37 		.ascii	"\250}\0177\360riz\221\220\247\3067\270\260\243z\353"
 111      F072697A 
 111      9190A7C6 
 111      37B8B0A3 
 111      7AEB
 112 034f 0FB8993F 		.ascii	"\017\270\231?G\225f_\362eu4\223\212YY\011\211\276\370"
 112      4795665F 
 112      F2657534 
 112      938A5959 
 112      0989BEF8 
ARM GAS  /tmp/ccIdOTgc.s 			page 8


 113 0363 01DFBB5B 		.ascii	"\001\337\273[\322FTl/\204\212\367N\335+\036\201\273"
 113      D246546C 
 113      2F848AF7 
 113      4EDD2B1E 
 113      81BB
 114 0375 F85E4AFC 		.ascii	"\370^J\374\321>\336\365v*\266\227\367\304\370\342>\251"
 114      D13EDEF5 
 114      762AB697 
 114      F7C4F8E2 
 114      3EA9
 115 0387 A24F1DEB 		.ascii	"\242O\035\353\342E\034Ce?\361\300\223&\037\024\310\213"
 115      E2451C43 
 115      653FF1C0 
 115      93261F14 
 115      C88B
 116 0399 7348FEBF 		.ascii	"sH\376\277A\376G\331I7J\311\267@\362M\220\350m\2307"
 116      41FE47D9 
 116      49374AC9 
 116      B740F24D 
 116      90E86D98 
 117 03ae 61DE8179 		.ascii	"a\336\201y\013f\263\224\270H\023/N[L\340Ni\356\365\220"
 117      0B66B394 
 117      B848132F 
 117      4E5B4CE0 
 117      4E69EEF5 
 118 03c3 3BB5F59C 		.ascii	";\265\365\234\344\220\002$b\315\024\011xE\011\274\212"
 118      E4900224 
 118      62CD1409 
 118      784509BC 
 118      8A
 119 03d4 8622AFCB 		.ascii	"\206\"\257\313\310\277\225\310\353\012d\225\214lP\""
 119      C8BF95C8 
 119      EB0A6495 
 119      8C6C5022 
 120 03e4 CF0EAD53 		.ascii	"\317\016\255S\"\266\312\320\033J\350?J\350U\031zM\011"
 120      22B6CAD0 
 120      1B4AE83F 
 120      4AE85519 
 120      7A4D09
 121 03f7 FD6B1094 		.ascii	"\375k\020\224]|\001\253\262\306a\252\014\355\357\316"
 121      5D7C01AB 
 121      B2C661AA 
 121      0CEDEFCE 
 122 0407 3AEE8B09 		.ascii	":\356\213\011\246\007\257:\035_]\034\240(9\371\310\321"
 122      A607AF3A 
 122      1D5F5D1C 
 122      A02839F9 
 122      C8D1
 123 0419 3D38E9B7 		.ascii	"=8\351\267=u\346\365%\224[+\030\334\365\226[\343\340"
 123      3D75E6F5 
 123      25945B2B 
 123      18DCF596 
 123      5BE3E0
 124 042c 72CB3B1C 		.ascii	"r\313;\034\205\002%W\342\353\\\011o\364\0034W\3566\247"
 124      85022557 
 124      E2EB5C09 
 124      6FF40334 
ARM GAS  /tmp/ccIdOTgc.s 			page 9


 124      57EE36A7 
 125 0440 60BC9125 		.ascii	"`\274\221%\200*\373\333\367\372L\334\207\367\021?\356"
 125      802AFBDB 
 125      F7FA4CDC 
 125      87F7113F 
 125      EE
 126 0451 63D3732D 		.ascii	"c\323s-{e\220\222C\365\354=_T\223\221\253\342*&W\256"
 126      7B659092 
 126      43F5EC3D 
 126      5F549391 
 126      ABE22A26 
 127 0467 DF9184B8 		.ascii	"\337\221\204\270\014!c\366'\232\034\377\234\253\352"
 127      0C2163F6 
 127      279A1CFF 
 127      9CABEA
 128 0476 C58BA286 		.ascii	"\305\213\242\206\252v=\350\315\363\223\336=\014\263"
 128      AA763DE8 
 128      CDF393DE 
 128      3D0CB3
 129 0485 3DE9AA9B 		.ascii	"=\351\252\2333w\234\377\234*\334\211/[\320\214<\022"
 129      33779CFF 
 129      9C2ADC89 
 129      2F5BD08C 
 129      3C12
 130 0497 23CE6497 		.ascii	"#\316d\227B\033\262\035\362\241M\371\020V\332\230\217"
 130      421BB21D 
 130      F2A14DF9 
 130      1056DA98 
 130      8F
 131 04a8 60A5CDD9 		.ascii	"`\245\315\331\001+m\320NXi\223\322w\0104*\352b/\037"
 131      012B6DD0 
 131      4E586993 
 131      D2770834 
 131      2AEA622F 
 132 04bd D45491B7 		.ascii	"\324T\221\267\231\207\030U\272^M5m\365\315\231:\246"
 132      99871855 
 132      BA5E4D35 
 132      6DF5CD99 
 132      3AA6
 133 04cf 3993599F 		.ascii	"9\223Y\237\3112=\264\267\325\310\003z\301\002\272v\254"
 133      C9323DB4 
 133      B7D5C803 
 133      7AC102BA 
 133      76AC
 134 04e1 AC12CB79 		.ascii	"\254\022\313y\210\354\315Zs2\277v\024W=d6767\254\037"
 134      88ECCD5A 
 134      7332BF76 
 134      14573D64 
 134      36373637 
 135 04f7 A188B15B 		.ascii	"\241\210\261[\212\261P\212\261P\212\361\211\024c\217"
 135      8AB1508A 
 135      B1508AF1 
 135      8914638F 
 136 0507 14E35329 		.ascii	"\024\343S)\306^\036\343\216\353'\023\375=\356X\220\255"
 136      C65E1EE3 
 136      8EEB2713 
 136      FD3DEE58 
ARM GAS  /tmp/ccIdOTgc.s 			page 10


 136      90AD
 137 0519 CFD26733 		.ascii	"\317\322g3\315e\210\221i\242\362J\327\361\027\370\300"
 137      CD658891 
 137      69A2F24A 
 137      D7F117F8 
 137      C0
 138 052a 2C2ADFEF 		.ascii	",*\337\3579\221\246\364\377\3545\376\237K\376\373\025"
 138      3991A6F4 
 138      FFEC35FE 
 138      9F4BFEFB 
 138      15
 139 053b 6754C8FD 		.ascii	"gT\310\375w\027\226\326\217\344w${+8\261aK\200\202\275"
 139      771796D6 
 139      8FE47724 
 139      7B2B38B1 
 139      614B8082 
 140 0550 F035EC2F 		.ascii	"\3605\354/_s\003\022\373\377H\325\263i\177\034/\224"
 140      5F730312 
 140      FBFF48D5 
 140      B3697F1C 
 140      2F94
 141 0562 3A39D02B 		.ascii	":9\320+]\307\312to\311\036\245z#{\325\376\332$\015\243"
 141      5DC7CA74 
 141      6FC91EA5 
 141      7A237BD5 
 141      FEDA240D 
 142 0577 9A86EE03 		.ascii	"\232\206\356\003\025\355\225\307h\006\353\227>Xi\317"
 142      15ED95C7 
 142      6806EB97 
 142      3E5869CF 
 143 0587 BC8095F6 		.ascii	"\274\200\225\366\315\000\254\264w\210j\006\355\037\264"
 143      CD00ACB4 
 143      77886A06 
 143      ED1FB4
 144 0596 46358315 		.ascii	"F5\203\025\305\366\013\235\376\037\354'n\261#\247+\025"
 144      C5F60B9D 
 144      FE1FEC27 
 144      6EB123A7 
 144      2B15
 145 05a8 4511710D 		.ascii	"E\021q\015!\3643\223\021>\340\275;\350\217\227j\332"
 145      21F43393 
 145      113EE0BD 
 145      3BE88F97 
 145      6ADA
 146 05ba D0440145 		.ascii	"\320D\001E\203=Z\253\372\0008\216\344\256\3330J\267"
 146      833D5AAB 
 146      FA00388E 
 146      E4AEDB30 
 146      4AB7
 147 05cc D1FBB1C4 		.ascii	"\321\373\261\304\276.\345\327\246\200\326\251t\354\323"
 147      BE2EE5D7 
 147      A680D6A9 
 147      74ECD3
 148 05db 92AE3AA3 		.ascii	"\222\256:\243\321\034\352\260\2566Z\",.\315\202\305"
 148      D11CEAB0 
 148      AE365A22 
 148      2C2ECD82 
ARM GAS  /tmp/ccIdOTgc.s 			page 11


 148      C5
 149 05ec DF4E9A2B 		.ascii	"\337N\232+\214\326\033\226\331B\035&\376\253\017\023"
 149      8CD61B96 
 149      D9421D26 
 149      FEAB0F13 
 150 05fc FCD9C342 		.ascii	"\374\331\303B@\214v\272V\006O7\206Yma?2\223\231z\275"
 150      408C76BA 
 150      56064F37 
 150      86596D61 
 150      3F329399 
 151 0612 616EB865 		.ascii	"an\270e\231e\311Rc\260~\232\376S\203\315i\010\017\265"
 151      9965C952 
 151      63B07E9A 
 151      FE5383CD 
 151      69080FB5 
 152 0626 1AEC3687 		.ascii	"\032\3546\207\313iX\372\315\327\301\323\371\357\374"
 152      CB6958FA 
 152      CDD7C1D3 
 152      F9EFFC
 153 0635 E055ABE8 		.ascii	"\340U\253\350\216\321j5\351\303\2051\234i\205\335b3"
 153      8ED16A35 
 153      E9C38531 
 153      9C6985DD 
 153      6233
 154 0647 3ACDAE48 		.ascii	":\315\256H\273\321\345\027i\211p\201\316\2455\032\345"
 154      BBD1E517 
 154      69897081 
 154      CEA5351A 
 154      E5
 155 0658 C78F0D91 		.ascii	"\307\217\015\221N\207\301\022\021f\2154\231\015\021"
 155      4E87C112 
 155      11668D34 
 155      990D11
 156 0667 E69FAD96 		.ascii	"\346\237\255\226e\206\225\241a\341\226\010\263\301h"
 156      658695A1 
 156      61E19608 
 156      B3C168
 157 0676 322F0F8D 		.ascii	"2/\017\215\264\272\214\256\325v\263\023H'\017\207v\256"
 157      B4BA8CAE 
 157      D576B313 
 157      48270F87 
 157      76AE
 158 0688 761A8C4E 		.ascii	"v\032\214N\227\011\030\001\242^i3\231\035\032\0335q"
 158      97091801 
 158      A25E6933 
 158      991D1A1B 
 158      3571
 159 069a F8DA9C76 		.ascii	"\370\332\234v\263\331\344P\333#\355&\007\266\231\034"
 159      B3D9E450 
 159      DB23ED26 
 159      07B6991C 
 160 06aa 3EA1CB1D 		.ascii	">\241\313\035V\372\023\376\331\333d\266h\321<\303\202"
 160      56FA13FE 
 160      D9DB64B6 
 160      68D13CC3 
 160      82
 161 06bb 90854B7E 		.ascii	"\220\205K~\232n\260{R\323\204\314\231\027\352\012\325"
ARM GAS  /tmp/ccIdOTgc.s 			page 12


 161      9A6EB07B 
 161      52D384CC 
 161      9917EA0A 
 161      D5
 162 06cc 847CC197 		.ascii	"\204|\301\227\271|\231\307\227/\3712\237.\376!s\026"
 162      B97C99C7 
 162      972FF932 
 162      9F2EFE21 
 162      7316
 163 06de CDB5452C 		.ascii	"\315\265E,\267\254\030C\315\345t\302\230j\202\336a3"
 163      B7AC1843 
 163      CDE574C2 
 163      986A82DE 
 163      6133
 164 06f0 0148FFEA 		.ascii	"\001H\377\352\326\277D\201\023\010"
 164      D6BF4481 
 164      1308
 165              		.text
 166              		.section	.gnu.lto_.symtab.23c73e2cff438e7d,"",%progbits
 167 0000 5F5F6561 		.ascii	"__early_init\000\000\000\000\000\000\000\000\000\000"
 167      726C795F 
 167      696E6974 
 167      00000000 
 167      00000000 
 168 0016 0000AC00 		.ascii	"\000\000\254\000\000\000boardInit\000\000\000\000\000"
 168      0000626F 
 168      61726449 
 168      6E697400 
 168      00000000 
 169 002a 00000000 		.ascii	"\000\000\000\000\000\000\000\256\000\000\000pal_def"
 169      000000AE 
 169      00000070 
 169      616C5F64 
 169      6566
 170 003c 61756C74 		.ascii	"ault_config\000\000\000\000\000\000\000\000\000\000"
 170      5F636F6E 
 170      66696700 
 170      00000000 
 170      00000000 
 171 0051 00000401 		.ascii	"\000\000\004\001\000\000stm32_clock_init\000\000\002"
 171      00007374 
 171      6D33325F 
 171      636C6F63 
 171      6B5F696E 
 172 006a 00000000 		.ascii	"\000\000\000\000\000\000\000\000\000\260\000\000\000"
 172      00000000 
 172      00B00000 
 172      00
 173              		.text
 174              		.section	.gnu.lto_.opts,"",%progbits
 175 0000 272D666E 		.ascii	"'-fno-trapv' '-mcpu=cortex-m4' '-mfloat-abi=hard' '"
 175      6F2D7472 
 175      61707627 
 175      20272D6D 
 175      6370753D 
 176 0033 2D6D6670 		.ascii	"-mfpu=fpv4-sp-d16' '-mno-thumb-interwork' '-mthumb'"
 176      753D6670 
ARM GAS  /tmp/ccIdOTgc.s 			page 13


 176      76342D73 
 176      702D6431 
 176      36272027 
 177 0066 20272D67 		.ascii	" '-ggdb' '-Os' '-fomit-frame-pointer' '-falign-func"
 177      67646227 
 177      20272D4F 
 177      73272027 
 177      2D666F6D 
 178 0099 74696F6E 		.ascii	"tions=16' '-ffunction-sections' '-fdata-sections' '"
 178      733D3136 
 178      2720272D 
 178      6666756E 
 178      6374696F 
 179 00cc 2D666E6F 		.ascii	"-fno-common' '-flto' '-fsingle-precision-constant'\000"
 179      2D636F6D 
 179      6D6F6E27 
 179      20272D66 
 179      6C746F27 
 180              		.text
 181              		.comm	__gnu_lto_v1,1,1
 182              		.comm	__gnu_lto_slim,1,1
 183              		.ident	"GCC: (15:4.9.3+svn231177-1) 4.9.3 20150529 (prerelease)"
ARM GAS  /tmp/ccIdOTgc.s 			page 14


DEFINED SYMBOLS
                            *ABS*:0000000000000000 board.c
                            *COM*:0000000000000001 __gnu_lto_v1
                            *COM*:0000000000000001 __gnu_lto_slim

NO UNDEFINED SYMBOLS
