ARM GAS  /tmp/cch307I5.s 			page 1


   1              		.syntax unified
   2              		.cpu cortex-m4
   3              		.eabi_attribute 27, 1
   4              		.eabi_attribute 28, 1
   5              		.fpu fpv4-sp-d16
   6              		.eabi_attribute 20, 1
   7              		.eabi_attribute 21, 1
   8              		.eabi_attribute 23, 3
   9              		.eabi_attribute 24, 1
  10              		.eabi_attribute 25, 1
  11              		.eabi_attribute 26, 1
  12              		.eabi_attribute 30, 4
  13              		.eabi_attribute 34, 1
  14              		.eabi_attribute 18, 4
  15              		.thumb
  16              		.file	"chcore_v7m.c"
  17              		.text
  18              	.Ltext0:
  19              		.section	.gnu.lto_.profile.8728fd9ea9b8d746,"",%progbits
  20 0000 789C6366 		.ascii	"x\234cf```a\200\000F\006s%\000\001\004\000b"
  20      60606061 
  20      80004606 
  20      73250001 
  20      040062
  21              		.text
  22              		.section	.gnu.lto_.jmpfuncs.8728fd9ea9b8d746,"",%progbits
  23 0000 789C6366 		.ascii	"x\234cf\300\016x\24143\214`\001b\000\002\024\000\033"
  23      C00E78A1 
  23      34338C60 
  23      01620002 
  23      14001B
  24              		.text
  25              		.section	.gnu.lto_.inline.8728fd9ea9b8d746,"",%progbits
  26 0000 789C6366 		.ascii	"x\234cf\300\016\334\24143\003\203\220$#\003\223\324"
  26      C00EDCA1 
  26      34330383 
  26      90242303 
  26      93D4
  27 0012 81DD8C0C 		.ascii	"\201\335\214\014l\013\344\231@\202L\334`\031.n\240\004"
  27      6C0BE499 
  27      40824CDC 
  27      60192E6E 
  27      A004
  28 0024 CF9C48B8 		.ascii	"\317\234H\2708#\027\220`a\340\001\211\013]\350Ah`\000"
  28      38231790 
  28      6061E001 
  28      890B5DE8 
  28      41686000 
  29 0038 00133F07 		.ascii	"\000\023?\007("
  29      28
  30              		.text
  31              		.section	.gnu.lto_.pureconst.8728fd9ea9b8d746,"",%progbits
  32 0000 789C6366 		.ascii	"x\234cf```g\200\000f\006+f+\026+\000\002\350\000\303"
  32      60606067 
  32      80006606 
  32      2B662B16 
  32      2B0002E8 
ARM GAS  /tmp/cch307I5.s 			page 2


  33              		.text
  34              		.section	.gnu.lto__port_irq_epilogue.part.0.8728fd9ea9b8d746,"",%progbits
  35 0000 789C9D55 		.ascii	"x\234\235UmL\233U\024\276\347\276o?V\012Ec\314\334~"
  35      6D4C9B55 
  35      14BEE7BE 
  35      6F3F560A 
  35      4563CCDC 
  36 0015 94842C64 		.ascii	"\224\204,d\311h\207\222\030\023\315b\210&\376 [h\342"
  36      C9688792 
  36      1813CD62 
  36      8826FE20 
  36      5B68E2
  37 0028 DFE92A04 		.ascii	"\337\351*\004\3426\232\266(\177\226\275\264\335`L\371"
  37      E2369AB6 
  37      287F96BD 
  37      B4DD604C 
  37      F9
  38 0039 9A08C44C 		.ascii	"\232\010\304L\347&:>dlN6&\216\312\207C>\312\220\361"
  38      E7263A3E 
  38      646C4E36 
  38      268ECA87 
  38      433ECA90 
  39 004e 3140E810 		.ascii	"1@\350\020\346Gf\204\241t\225l\365\234\333\002\202\030"
  39      E6476684 
  39      A174956C 
  39      F59CDB02 
  39      8218
  40 0060 B39170EF 		.ascii	"\263\221p\357}\317=\347<\317=\347\271\267\022\373\367"
  40      7DCF3DE7 
  40      3CCF3DE7 
  40      B9B712FB 
  40      F7
  41 0071 DF4BF8BF 		.ascii	"\337K\370\277]\303X\013\316\240a\240.\361\341B\015\\"
  41      5DC3580B 
  41      CEA061A0 
  41      2EF1E142 
  41      0D5C
  42 0083 CC9C4B05 		.ascii	"\314\234K\005\011L\321\3114\352%P\2215O+//T\000\264"
  42      094CD1C9 
  42      34EA2550 
  42      91354F2B 
  42      2F2F5400 
  43 0098 60C00EAB 		.ascii	"`\300\016\253\271$\253\3400\374\302\3479\224x\353*\243"
  43      B924ABE0 
  43      30FCC2E7 
  43      399478EB 
  43      2AA3
  44 00aa 12AA1545 		.ascii	"\022\252\025E\231;\335\272\371\310\346 gl\201\207\021"
  44      993BDDBA 
  44      F9C8E620 
  44      676C8187 
  44      11
  45 00bb E1334860 		.ascii	"\3413H`\3503\357\271?\022\245\366\240Olx\017\316\"."
  45      E833EFB9 
  45      3F12A5F6 
  45      A04F6C78 
  45      0FCE222E 
ARM GAS  /tmp/cch307I5.s 			page 3


  46 00cf 632ADCAB 		.ascii	"c*\334\253\231\370\323\033#%\003\37157\374\321\027\365"
  46      99F8D31B 
  46      232503F9 
  46      3537FCD1 
  46      17F5
  47 00e1 330F7288 		.ascii	"3\017r\210\243\317+e]\225j\372\3442}\336\272\373\373"
  47      A3CF2B65 
  47      5D956AFA 
  47      E4327DDE 
  47      BAFBFB
  48 00f4 6F10FFB1 		.ascii	"o\020\377\261\242\270\346\226.\216?Y\245\234r\225*\241"
  48      A2B8E696 
  48      2E8E3F59 
  48      A59C7295 
  48      2AA1
  49 0106 D02E0872 		.ascii	"\320.\010r\011j@\302\314P\013[\240\016\266DN\014\365"
  49      096A40C2 
  49      CC500B5B 
  49      A00EB644 
  49      4E0CF5
  50 0119 108F81B7 		.ascii	"\020\217\201\267\353\336\313WQ`!R\034\325\037\351R<"
  50      EBDECB57 
  50      51602152 
  50      1CD51FE9 
  50      523C
  51 012b FE50C888 		.ascii	"\376P\310\210al\203\230\317EL\325\375\243\205\372\010"
  51      616C8398 
  51      CF454CD5 
  51      FDA385FA 
  51      08
  52 013c 58CBEDD7 		.ascii	"X\313\355\327J\335\312'\270\014\3552\3767X\303#\200"
  52      4ADDCA27 
  52      B80CED32 
  52      FE3758C3 
  52      2380
  53 014e 9D1331EF 		.ascii	"\235\0231\357\017\365i%\233(\301\273#\323~\203\300\365"
  53      0FF56925 
  53      9B28C1BB 
  53      23D37E83 
  53      C0F5
  54 0160 3F38E3D3 		.ascii	"?8\343\323++\34124n\210z\036\342\317=\256`\035~\362"
  54      2B2BE132 
  54      346E887A 
  54      1EE2CF3D 
  54      AE601D7E 
  55 0175 6D8B05C1 		.ascii	"m\213\005\301\202\213\203KbO\026\243\212\005\271J\215"
  55      828B834B 
  55      624F16A3 
  55      8A05B94A 
  55      8D
  56 0186 835A432B 		.ascii	"\203ZC+-\016(\204\031l\005\365t\206\253i\226f9\027\363"
  56      2D0E2884 
  56      196C05F5 
  56      7486AB69 
  56      96663917 
  57 019b 38283F06 		.ascii	"8(?\006\252\373\222\326v\216\362\210\306\261\265-\365"
  57      AAFB92D6 
ARM GAS  /tmp/cch307I5.s 			page 4


  57      768EF288 
  57      C6B1B52D 
  57      F5
  58 01ac 779E7E8E 		.ascii	"w\236~\216\301\005P/pX\327l\"\303\340\013\012\201\213"
  58      C105502F 
  58      7058D76C 
  58      22C3E00B 
  58      0A818B
  59 01bf 343296C3 		.ascii	"42\226\303\306!o:P\323\227$,(\202\2671\346DKq\253\301"
  59      C6216F3A 
  59      50D39724 
  59      2C2882B7 
  59      31E6444B 
  60 01d6 980F2795 		.ascii	"\230\017'\225\312\270 \327R\232;\367\006;422\204/\301"
  60      CAB820D7 
  60      529A3BF7 
  60      063B3432 
  60      32842FC1 
  61 01ea 28203F6A 		.ascii	"( ?jT\202Qh\201&\220\003\210\305\340\022\310l\0308e"
  61      54825168 
  61      81269003 
  61      88C5E012 
  61      C86C1838 
  62 01ff 22283222 		.ascii	"\"(2\"\367\366\341\2145hm\227\267\256#|f@\2160\346\353"
  62      F7F6E18C 
  62      35686D97 
  62      B7AE237C 
  62      66408E30 
  63 0215 19D713E3 		.ascii	"\031\327\023\343\313\202qs\230\337q\370?\202W\326\023"
  63      CB827173 
  63      98DF71F8 
  63      3F8257D6 
  63      13
  64 0226 FC8A08D2 		.ascii	"\374\212\010\322N\213 \350\362\007\346\233$\312G\351"
  64      4E8B20E8 
  64      F207E69B 
  64      24CA47E9 
  65 0236 69670C5C 		.ascii	"ig\014\\\243\371\025E\235jb\021\340\022\331\350 \370"
  65      A3F91545 
  65      9D6A6211 
  65      E012D9E8 
  65      20F8
  66 0248 4565460B 		.ascii	"EeF\013\272\270+\217\016\327<\035\366\300|\022\251\262"
  66      BAB82B8F 
  66      0ED73C1D 
  66      F6C07C12 
  66      A9B2
  67 025a BEE7AA41 		.ascii	"\276\347\252A\334\210\312P(d`\3605\012aM\240L\271\347"
  67      DC88CA50 
  67      286460F0 
  67      350A614D 
  67      A04CB9E7 
  68 026e E67C2E15 		.ascii	"\346|.\025\3310\244\241p\260[O!r8\004M\277\006?-\327"
  68      D930A4A1 
  68      70B05B4F 
  68      21723804 
  68      4DBF063F 
ARM GAS  /tmp/cch307I5.s 			page 5


  69 0284 9F840FF2 		.ascii	"\237\204\017\362\024E\033\344\23305\\%A\341\326\215"
  69      14451BE4 
  69      9B30355C 
  69      2541E1D6 
  69      8D
  70 0295 F2AAE372 		.ascii	"\362\252\343rb\035\226\302\373T\220\353\240\025N\302"
  70      621D96C2 
  70      FB5490EB 
  70      A0154EC2 
  71 02a5 5D719BC1 		.ascii	"]q\233\301\013\211\350P\326|\363\035\035\245S\243\217"
  71      0B89E850 
  71      D67CF31D 
  71      1DA553A3 
  71      8F
  72 02b6 96C13718 		.ascii	"\226\3017\0308\006mM\363\375\256Ma\252t\251\207\212"
  72      38066D4D 
  72      F3FDAE4D 
  72      61AA74A9 
  72      878A
  73 02c8 C76625F2 		.ascii	"\307f%\362\212j\234t+1\224yj\246\177@+L\002h\261\242"
  73      8A6A9C74 
  73      2B319479 
  73      6AA67F40 
  73      2B4C0268 
  74 02de B7484B1C 		.ascii	"\267HK\034J\210\203\036\332P\325\355\021\022\245\305"
  74      4A88831E 
  74      DA50D5ED 
  74      1112A5C5 
  75 02ee C7DC0624 		.ascii	"\307\334\006$\341\301\233\035\015\035\202\002\020\205"
  75      E1C19B1D 
  75      0D1D8202 
  75      1085
  76 02fc 4E480C97 		.ascii	"NH\014\227n\202\207\261\010\216,e\267\236\210\034\367"
  76      6E8287B1 
  76      088E2C65 
  76      B79E881C 
  76      F7
  77 030d 21CEF6AD 		.ascii	"!\316\366\255H,\236\243k\220\210\311(\323d\376d\255"
  77      482C9EA3 
  77      6B9088C9 
  77      28D364FE 
  77      64AD
  78 031f 2E9C5C43 		.ascii	".\234\\C\325\214\024\027\303\213\256\345u\313R\025\010"
  78      D58C1417 
  78      C38BAEE5 
  78      75CB5215 
  78      08
  79 0330 91FFD0EB 		.ascii	"\221\377\320\353\311\012\337\322\277\332\323\275\236"
  79      C90ADFD2 
  79      BFDAD3BD 
  79      9E
  80 033d 53CA8350 		.ascii	"S\312\203PH\274C]\033^\322\357\2505\032\024\243k:0{"
  80      48BC435D 
  80      1B5ED2EF 
  80      A8351A14 
  80      A36B3A30 
  81 0352 495A2BC7 		.ascii	"IZ+\307\331\332\355\344\020Q\244\264\376\301\204n\241"
ARM GAS  /tmp/cch307I5.s 			page 6


  81      D9DAEDE4 
  81      1051A4B4 
  81      FEC1846E 
  81      A1
  82 0363 C61E7A31 		.ascii	"\306\036z1\201\235%5N\335\271wB26E\324(\312[>\276\224"
  82      819D2535 
  82      4EDDB977 
  82      42323645 
  82      D428CA5B 
  83 037a A7136AEC 		.ascii	"\247\023j\354]V\343\365\306c*Rc\037\251\021\257;\370"
  83      5D56E3F5 
  83      C6632A52 
  83      631FA911 
  83      AF3BF8
  84 038d 4046BBEF 		.ascii	"@F\273\357|\307\005\215\261\371\237R\3667Vw\202\010"
  84      7CC7058D 
  84      B1F99F52 
  84      F6375677 
  84      8208
  85 039f EEA760B8 		.ascii	"\356\247`\270\216\262\235\000\267w\252[\037.\205\026"
  85      8EB29D00 
  85      B777AA5B 
  85      1F2E8516 
  86 03af 9D3E1C2C 		.ascii	"\235>\034,j\340\207\226\224\002*\254a\001k\303`\000"
  86      6AE08796 
  86      94022AAC 
  86      61016BC3 
  86      6000
  87 03c1 0EE15312 		.ascii	"\016\341S\022\313\206\300s\323\275o\325w\245\331\004"
  87      CB86C073 
  87      D3BD6FD5 
  87      77A5D904 
  88 03d1 FB7DA40E 		.ascii	"\373}\244\016\263x\266\202\004\011\213\274\230\357\253"
  88      B378B682 
  88      04098BBC 
  88      98EFAB
  89 03e0 DBF3500D 		.ascii	"\333\363P\015\333J\015\033\024\015\223\250\2407\204"
  89      DB4A0D1B 
  89      140D93A8 
  89      A03784
  90 03ef 18572979 		.ascii	"\030W)y\237\017\362\307\026P\014\014\206\220\023\201"
  90      9F0FF2C7 
  90      16500C0C 
  90      86901381 
  91 03ff C92B608B 		.ascii	"\311+`\213\217\0026\274\0126\2621\030ue4\002\246\022"
  91      8F0236BC 
  91      0A36B231 
  91      18756534 
  91      02A612
  92 0412 0FE724E4 		.ascii	"\017\347$\344y+z\204`\350\3003\250Z4c]\223L&sJf\326"
  92      792B7A84 
  92      60E8C033 
  92      A85A3463 
  92      5D934C26 
  93 042a BEACDD96 		.ascii	"\276\254\335\226\275\317\230v\232\222\315\331\016\263"
  93      BDCF9876 
  93      9A92CDD9 
ARM GAS  /tmp/cch307I5.s 			page 7


  93      0EB3
  94 0438 DD69B665 		.ascii	"\335i\266e\333\235\016\363\213i\251)\251\271fk\2465"
  94      DB9D0EF3 
  94      8B69A929 
  94      A9B9666B 
  94      A635
  95 044a DB9EBEF7 		.ascii	"\333\236\276\367\255g\017\230\254LmOw\344\354w&o\024"
  95      AD670F98 
  95      AC4C6D4F 
  95      77E4EC77 
  95      266F14
  96 045d 989EEB34 		.ascii	"\230\236\3534\247\244Z^\261\230\263\016Z\367\347\274"
  96      A7A45A5E 
  96      B198B30E 
  96      5AF7E7BC 
  97 046d 916E1681 		.ascii	"\221n\026\201\326\003/\347\034\264\2322\231lu\346\342"
  97      D6032FE7 
  97      1CB49A32 
  97      996C75E6 
  97      E2
  98 047e AF89E1D5 		.ascii	"\257\211\341\325\3244K\334\266\235;\3422l\016\253\235"
  98      D4344BDC 
  98      B69D3BE2 
  98      326C0EAB 
  98      9D
  99 048f 492FD859 		.ascii	"I/\330Y\364\262\311\346\260\351X\2143\333\266;c\217"
  99      F4B2C9E6 
  99      B0E9588C 
  99      33DBB63B 
  99      638F
 100 04a1 3DDB6A71 		.ascii	"=\333jq\276n}3:\325\222F\033;\320C\3078F8l\354o9\270"
 100      BE6E7D33 
 100      3AD59246 
 100      1B3BD043 
 100      C7384638 
 101 04ba B739     		.ascii	"\2679"
 102              		.text
 103              		.section	.gnu.lto__port_irq_epilogue.8728fd9ea9b8d746,"",%progbits
 104 0000 789C9553 		.ascii	"x\234\225S[KTQ\024\336\337>g\306q\034Jz\0201\310\201"
 104      5B4B5451 
 104      14DEDF3E 
 104      67C6711C 
 104      4A7A1031 
 105 0016 880A6A8E 		.ascii	"\210\012j\216\221\344K\027B\010z\220@\177@\3244\240"
 105      91E44B17 
 105      42087A90 
 105      407F40D4 
 105      34A0
 106 0028 9029E305 		.ascii	"\220)\343\005{\010\367\350ty(\221\256Z\230\331\275,"
 106      7B08F7E8 
 106      74792891 
 106      AE5A98D9 
 106      BD2C
 107 003a CB4B9799 		.ascii	"\313K\227\2314\355f\"]\311\2122r\272\010E\012\345X9"
 107      34ED6622 
 107      5DC98A32 
 107      72BA0845 
ARM GAS  /tmp/cch307I5.s 			page 8


 107      0AE55839 
 108 004e 454E7BED 		.ascii	"EN{\355\231$\315\240\006\346\354\263\367Z\337\372\326"
 108      9924CDA0 
 108      06E6ECB3 
 108      F75ADFFA 
 108      D6
 109 005f FED67734 		.ascii	"\376\326w4\366\347o\261\374\317\321\031\273&W\230\031"
 109      F6E76FB1 
 109      FCCFD119 
 109      BB265798 
 109      19
 110 0070 78E53DC6 		.ascii	"x\345=\306<\026\316\265\236\004&\254zk\032\0236\015"
 110      3C16CEB5 
 110      9E0426AC 
 110      7A6B1A13 
 110      360D
 111 0082 263A861E 		.ascii	"&:\206\036Y=\026\023@/\014\254\224k\272\011\245x\317"
 111      593D1613 
 111      402F0CAC 
 111      946BBA09 
 111      A578CF
 112 0095 3F715476 		.ascii	"?qTv\324W\305\315>&\204\370x\270=qsb\2103\026\344\021"
 112      D457C5CD 
 112      3E2684F8 
 112      78B83D71 
 112      73628833 
 113 00ac 229CC06C 		.ascii	"\"\234\300l&s>y\177<\2153{eN|$\206\2230C\256\347\246"
 113      26733E79 
 113      7F3C8D33 
 113      7B654E7C 
 113      24869330 
 114 00c4 758870F8 		.ascii	"u\210p\370M\355\3003\335\242\261\020\207N\017\306\336"
 114      4DEDC033 
 114      DDA2B110 
 114      874E0FC6 
 114      DE
 115 00d5 CA2422EB 		.ascii	"\312$\"\353\347\234V\355\011\312\342\251P\260^\354\326"
 115      E79C56ED 
 115      09CAE2A9 
 115      50B05EEC 
 115      D6
 116 00e6 B454D0BB 		.ascii	"\264T\320\273\257a\370n\334;\036\342\334N[\377\316\256"
 116      AF61F86E 
 116      DC3B1EE2 
 116      DC4E5BFF 
 116      CEAE
 117 00f8 2A336D35 		.ascii	"*3m5\235\266\037z\352\216Yg\326\011Q\366\361\333\310"
 117      9DB61F7A 
 117      EA8E5967 
 117      D60951F6 
 117      F1DBC8
 118 010b 81846A71 		.ascii	"\201\204jq\250\254RR-C\210\3538\005M\266\201\323HB="
 118      A8AC5252 
 118      2D4388EB 
 118      38054DB6 
 118      81D34842 
 119 0120 92A2AAE0 		.ascii	"\222\242\252\340\014fJ\340\253\035\237\233Aut;\303Y"
ARM GAS  /tmp/cch307I5.s 			page 9


 119      0C664AE0 
 119      AB1D9F9B 
 119      4175743B 
 119      C359
 120 0132 19ED45D9 		.ascii	"\031\355E\331k\337\326\376*\363\270\213\004\274\245"
 120      6BDFD6FE 
 120      2AF3B88B 
 120      04BCA5
 121 0141 EA16418E 		.ascii	"\352\026A\216\3617\014\014\017.ah\240\010\037\037\351"
 121      F1370C0C 
 121      0F2E6168 
 121      A0081F1F 
 121      E9
 122 0152 189D4E1C 		.ascii	"\030\235N\034\014\347(\250M\024\006\347\345,\030\032"
 122      0CE728A8 
 122      4D1406E7 
 122      E52C181A 
 123 0162 4919B03A 		.ascii	"I\031\260:\310p\337\300\310.-\271\0115\242\312\036\342"
 123      C870DFC0 
 123      C82E2DB9 
 123      0935A2CA 
 123      1EE2
 124 0174 2642ECE9 		.ascii	"&B\354\351\375\356\261\352R\0364!\231\321\311\376\315"
 124      FDEEB1EA 
 124      521E3421 
 124      99D1C9FE 
 124      CD
 125 0185 FBAA6DF2 		.ascii	"\373\252m\362\004\315rV\3240C\013t\031\350\336z\350"
 125      04CD7256 
 125      D430430B 
 125      7419E8DE 
 125      7AE8
 126 0197 8B9E7C21 		.ascii	"\213\236|!\2126S\356\203\201N\177\254B_ 4.J\301\237"
 126      8A3653EE 
 126      83814E7F 
 126      AC425F20 
 126      342E4AC1 
 127 01ac E3FA45DF 		.ascii	"\343\372E\337\373\332Et\233\257\\#\355\206*\372\254"
 127      FBDA4574 
 127      9BAF5C23 
 127      ED862AFA 
 127      AC
 128 01bd 24418C78 		.ascii	"$A\214x^.\246\020\260\357\355\375\207\026u\2448\033"
 128      5E2EA610 
 128      B0EFEDFD 
 128      871675A4 
 128      381B
 129 01cf BBC3DDB6 		.ascii	"\273\303\335\266\032\034\220jZpI\312x\231xe\240\"\330"
 129      1A1C906A 
 129      5A7049CA 
 129      78997865 
 129      A022D8
 130 01e2 F52A767E 		.ascii	"\365*v~\275\360\312H,|\250\301\220\362\002\374\230/"
 130      BDF0CA48 
 130      2C7CA8C1 
 130      90F202FC 
 130      982F
ARM GAS  /tmp/cch307I5.s 			page 10


 131 01f4 99CA47B6 		.ascii	"\231\312G\266\364\360\010\221\036\341\012\370\357\324"
 131      F4F00891 
 131      1EE10AF8 
 131      EFD4
 132 0202 AAC22009 		.ascii	"\252\302 \011\256\3102\217\341}V\236\024M\222\031\236"
 132      AEC8328F 
 132      E17D569E 
 132      144D9219 
 132      9E
 133 0213 E357B6C7 		.ascii	"\343W\266\307\250\014Y\2465:\256~\251_O\202\366\002"
 133      A80C59A6 
 133      353AAE7E 
 133      A95F4F82 
 133      F602
 134 0225 E5F19449 		.ascii	"\345\361\224I\324\007\037U4\360M\337\3056a\011qk\220"
 134      D4071F55 
 134      34F04DDF 
 134      C5366109 
 134      716B90
 135 0238 4B83A30D 		.ascii	"K\203\243\015\233\244\241\342\024@g\255icF\372\335\036"
 135      9BA4A1E2 
 135      144067AD 
 135      696346FA 
 135      DD1E
 136 024a 2D07FFC9 		.ascii	"-\007\377\311\036W\225=\306\204\240\362\355\177\267"
 136      1E57953D 
 136      C684A0F2 
 136      ED7FB7
 137 0259 C7D16644 		.ascii	"\307\321fD\375a\232\350\017\337R\206\016\212\230'\370"
 137      FD619AE8 
 137      0FDF5286 
 137      0E8A9827 
 137      F8
 138 026a C33F8348 		.ascii	"\303?\203H\030\256M\356\217\353\312\0377~\363\307\321"
 138      18AE4DEE 
 138      8FEBCA1F 
 138      377EF3C7 
 138      D1
 139 027b C180DFFC 		.ascii	"\301\200\337\374k\364\355j\3647\325\350'\316\371\226"
 139      6BF4ED6A 
 139      F437D5E8 
 139      27CEF996 
 140 028b 9C336960 		.ascii	"\2343i`R_\323Kx\002\375Mse\336\336\307w-Z\033\224\205"
 140      525FD34B 
 140      7802FD4D 
 140      7365DEDE 
 140      C7772D5A 
 141 02a2 773C7D1D 		.ascii	"w<}\035\230\252$\011\214\036\271g\023]\302\033\010\207"
 141      98AA2409 
 141      8C1EB967 
 141      135DC21B 
 141      0887
 142 02b4 9343DC86 		.ascii	"\223C\334\206\316\311\004\031\337\036nS\347'U\213]\364"
 142      CEC90419 
 142      DF1E6E53 
 142      E727558B 
 142      5DF4
ARM GAS  /tmp/cch307I5.s 			page 11


 143 02c6 A48F1844 		.ascii	"\244\217\030D'\273X\340p\030\351\3319ksVe\255^\350H"
 143      27BB58E0 
 143      7018E9D9 
 143      396B7356 
 143      65AD5EE8 
 144 02db 71A41A79 		.ascii	"q\244\032y\005\206\273\320\310\317s\027\026\030\313"
 144      0586BBD0 
 144      C8CF7317 
 144      1618CB
 145 02ea 3333D233 		.ascii	"33\3223J\014g\2663\317\355Z]\234\226\353p2S\361\232"
 145      4A0C67B6 
 145      33CFED5A 
 145      5D9C96EB 
 145      703253F1 
 146 02ff F545AEFF 		.ascii	"\365E\256\377\305e\263\324\311\020\256\222B#=#ke\226"
 146      C565B3D4 
 146      C910AE92 
 146      42233D23 
 146      6B6596
 147 0312 91B3C1B9 		.ascii	"\221\263\301\271\276h\235\313P\010g\356\212\242\015"
 147      BE689DCB 
 147      500867EE 
 147      8AA20D
 148 0321 4E098ACF 		.ascii	"N\011\212\317\310\312\264\257]S\340\312w\347\314\263"
 148      C8CAB4AF 
 148      5D53E0CA 
 148      77E7CCB3 
 149 0331 CF4A61DC 		.ascii	"\317Ja\334\315br]\271y\356\215Lw\026\226\344\377\004"
 149      CD62725D 
 149      B979EE8D 
 149      4C771696 
 149      E4FF04
 150 0344 E006B3CE 		.ascii	"\340\006\263\316"
 151              		.text
 152              		.section	.gnu.lto_SVC_Handler.8728fd9ea9b8d746,"",%progbits
 153 0000 789C9594 		.ascii	"x\234\225\224]lSU\034\300\317\377\334\333\333\256\205"
 153      5D6C5355 
 153      1CC0CFFF 
 153      DCDBDBAE 
 153      85
 154 0011 6DF1710F 		.ascii	"m\361q\017v\311bxa\275\030\027\211\017\306\230%&>4\220"
 154      76C96278 
 154      61BD1817 
 154      890FC698 
 154      25263E34 
 155 0026 35F1958C 		.ascii	"5\361\225\214k\265\225\2156\267-\231O\334~\270b\374"
 155      6BB5958D 
 155      36B72D99 
 155      4FDC7EB8 
 155      62FC
 156 0038 600CC54E 		.ascii	"`\014\305N\262\350\222-\210E\350P\247\024p\025\2661"
 156      B2E8922D 
 156      8845E850 
 156      A7147015 
 156      B631
 157 004a 06FB1005 		.ascii	"\006\373\020\005t\350\274\354K\320\241\033CY\203\256"
 157      74E8BCEC 
ARM GAS  /tmp/cch307I5.s 			page 12


 157      4BD0A11B 
 157      435983AE 
 158 005a 9EFFB9D7 		.ascii	"\236\377\271\327i\307\022C\223\236{\317\377\373\377"
 158      69C71243 
 158      939E7BCF 
 158      FFFBFF
 159 0069 3BFF7305 		.ascii	";\377s\005r\377\257\202\375\237\263\020r\217=A @[F\010"
 159      72FFAF82 
 159      FD9FB310 
 159      728F3D41 
 159      20405B46 
 160 007e 89DA2800 		.ascii	"\211\332(\000\276\020 \273)\354\206\233t\201BK.\235"
 160      BE1020BB 
 160      29EC869B 
 160      7481424B 
 160      2E9D
 161 0090 726CE8D2 		.ascii	"rl\350\3224m~r4\2725\007yJ\310\"5\342\300!\330@\230"
 161      346D7E72 
 161      34BA3507 
 161      794AC822 
 161      35E2C021 
 162 00a7 D181CBC3 		.ascii	"\321\201\313\3036\241\006\360\365\304\321;\303\216\033"
 162      36A106F0 
 162      F5C4D13B 
 162      C38E1B
 163 00b6 344FA112 		.ascii	"4O\241\022\267\331\326\301\224\204[*\342\366\215\253"
 163      B7D9D6C1 
 163      94845B2A 
 163      E2F68DAB 
 164 00c6 937A5955 		.ascii	"\223zYU\207\246\305\364=S\027\326i\203ZB/\024\234y*"
 164      87A6C5F4 
 164      3D5317D6 
 164      69835A42 
 164      2F149C79 
 165 00db C00720B0 		.ascii	"\300\007 \260\260p\030*\340C\2500\013e.\013\211\277"
 165      B070182A 
 165      E043A830 
 165      0B652E0B 
 165      89BF
 166 00ed AE3AA404 		.ascii	"\256:\244\004+\240\034\322Pe\344\206# \001!\024%\314"
 166      2BA01CD2 
 166      5065E486 
 166      23200121 
 166      1425CC
 167 0100 E6F0F7BF 		.ascii	"\346\360\367\277\347J\205'x\001\327o\377v\013x\212\371"
 167      E74A8527 
 167      7801D76F 
 167      FF760B78 
 167      8AF9
 168 0112 3D677B76 		.ascii	"=g{v\264\306\265\316\226\330|\341)\226D\204\217\326"
 168      B4C6B5CE 
 168      96D87CE1 
 168      29964484 
 168      8FD6
 169 0124 4A0247A1 		.ascii	"J\002G\241\352\330C9\255P8\271\220L\312\357R;%yj\021"
 169      EAD84339 
 169      AD5038B9 
ARM GAS  /tmp/cch307I5.s 			page 13


 169      904CCAEF 
 169      523B2579 
 170 013a 70B1104C 		.ascii	"p\261\020L!\361\325\212\202\022nN\3104+\003a\315P\212"
 170      21F1D58A 
 170      82126E4E 
 170      C8342B03 
 170      61CD508A 
 171 014e 4F611CCE 		.ascii	"Oa\034\316\364t\017\\\027\260\262\273\024\311]\336;"
 171      F4740F5C 
 171      17B0B2BB 
 171      14C95DDE 
 171      3B
 172 015f 3E2360EB 		.ascii	">#`\353Rf\"\256\225bm?N\217~e\343\"\336Z\347\215\216"
 172      526622AE 
 172      95626D3F 
 172      4E8F7E65 
 172      E322DE5A 
 173 0176 D7EDED70 		.ascii	"\327\355\355p\2201\265\3021VS\006kB\350\337%\027\244"
 173      9031B5C2 
 173      31565306 
 173      6B42E8DF 
 173      2517A4
 174 0189 EAB49688 		.ascii	"\352\264\226\210\332\362\324\006\335\320\016\2679r8"
 174      DAF2D406 
 174      DDD00EB7 
 174      397238
 175 0198 0ED5641C 		.ascii	"\016\325d\034\342K\222\221G0RM\365\352y;\306\265,\027"
 175      E24B9291 
 175      4730524D 
 175      F5EA793B 
 175      C6B52C17 
 176 01ac 0A853202 		.ascii	"\012\2052\002\037\263@\254\242V@\263\007\310\364\311"
 176      1FB340AC 
 176      A25640B3 
 176      07C8F4C9 
 177 01bc BF993E85 		.ascii	"\277\231>\205j\026\237\\\203\350\344\276\346_\037/:"
 177      6A169F5C 
 177      83E8E4BE 
 177      E65F1F2F 
 177      3A
 178 01cd 09FD95D9 		.ascii	"\011\375\225\331\234\310\017a\221\302\352CB<\320\003"
 178      9CC80F61 
 178      91C2EA43 
 178      423CD003 
 179 01dd AC45F88C 		.ascii	"\254E\370\214\255\354\230\"\314b\377\251\275\275e\316"
 179      ADEC9822 
 179      CC62FFA9 
 179      BDBD65CE 
 180 01ed 38B46BA9 		.ascii	"8\264k\251\312<-A\247\271\245\257\373\254\"\313\006"
 180      CA3C2D41 
 180      A7B9A5AF 
 180      FBAC22CB 
 180      06
 181 01fe 9F839357 		.ascii	"\237\203\223W\363^F\313;\230\004N\200x\227\031\021\310"
 181      F35E46CB 
 181      3B98044E 
 181      80789719 
ARM GAS  /tmp/cch307I5.s 			page 14


 181      11C8
 182 0210 8248AE40 		.ascii	"\202H\256@L\307\0220\034FG\3158\304\276M\276\223\212"
 182      4CC71230 
 182      1C4647CD 
 182      38C4BE4D 
 182      BE938A
 183 0223 9B1C2C28 		.ascii	"\233\034,(\273\002\224\317E\032M,\210)\325<\333VjX\240"
 183      BB0294CF 
 183      451A4D2C 
 183      8829D53C 
 183      DB566A58 
 184 0238 11CB70B0 		.ascii	"\021\313p\260\345R\333:>\217>\002'\031\204\"'\011\343"
 184      E552DB3A 
 184      3E8F3E02 
 184      27198422 
 184      2709E3
 185 024b 4E2497DB 		.ascii	"N$\227\333\314\260V\024\231\026\314\371\315s\321!QH"
 185      CCB05614 
 185      9916CCF9 
 185      CD73D121 
 185      5148
 186 025d 026FF987 		.ascii	"\002o\371\207\213\011\2771\311\313G\244\2259\026\341"
 186      8B09BF31 
 186      C9CB47A4 
 186      953916E1 
 187 026d D49A2376 		.ascii	"\324\232#v\032\303[\031\315\330\344\276\201?W\321\234"
 187      1AC35B19 
 187      CDD8E4BE 
 187      813F57D1 
 187      9C
 188 027e 7E11F526 		.ascii	"~\021\365&O\272\212'\201/8\313^\234x \007\000\347hn"
 188      4FBA8A27 
 188      812F38CB 
 188      5E9C7820 
 188      0700E768 
 189 0293 69BFE0EC 		.ascii	"i\277\340\3544a\332\321\343\355k\367\242v\0163\367\017"
 189      3461DAD1 
 189      E3ED6BF7 
 189      A2760E33 
 189      F70F
 190 02a5 CCB1CCAB 		.ascii	"\314\261\314\253\026\204\371%\302\2642\315\031\020\231"
 190      1684F925 
 190      C2B432CD 
 190      191099
 191 02b4 7CA4BBEF 		.ascii	"|\244\273\357\270\325y\350\277'\241g\272\372\201;\237"
 191      B8D579E8 
 191      BF27A167 
 191      BAFA813B 
 191      9F
 192 02c5 4567E833 		.ascii	"Eg\3503\250\227\243n1\255\275%\010i\243\351_\276\351"
 192      A897A36E 
 192      31ADBD25 
 192      0869A3E9 
 192      5FBEE9
 193 02d8 E8B21B97 		.ascii	"\350\262\033\227\353f\377\254\202\227K[\271\\\375kv"
 193      EB66FFAC 
 193      82974B5B 
ARM GAS  /tmp/cch307I5.s 			page 15


 193      B95CFD6B 
 193      76
 194 02e9 3EC06FE8 		.ascii	">\300o\350\312\344\213Lt\216i9\211\346\231\224T\214"
 194      CAE48B4C 
 194      748E6939 
 194      89E69994 
 194      548C
 195 02fb A2EF2513 		.ascii	"\242\357%\023\203P\214A\277\364\332OV\002\203\250\022"
 195      83508C41 
 195      BFF4DA4F 
 195      560283A8 
 195      12
 196 030c 8B55B9EC 		.ascii	"\213U\271\354\303\230\204\300yTZ\356\3037\304\361]0"
 196      C39884C0 
 196      79545AEE 
 196      C337C4F1 
 196      5D30
 197 031e F04DFD2F 		.ascii	"\360M\375/\276\213&\276\316[zVB|\303 \362\212\011\214"
 197      BE8B26BE 
 197      CE5B7A56 
 197      427CC320 
 197      F28A098C 
 198 0332 707E43C9 		.ascii	"p~C\311\367\377\020\235wLo\007\332\216\315\015dK\270"
 198      F7FF109D 
 198      774C6F07 
 198      DA8ECD0D 
 198      644BB8
 199 0345 F728E737 		.ascii	"\367(\3477\306\370M@T\237\371\331\206\335 \207ivQ\330"
 199      C6F84D40 
 199      549FF9D9 
 199      86DD2087 
 199      697651D8 
 200 0359 7782D93C 		.ascii	"w\202\331<\352r\311\265>\377v\377\026\317\266\307\\"
 200      EA72C9B5 
 200      3EFF76FF 
 200      16CFB6C7 
 200      5C
 201 036a 9B5C3572 		.ascii	"\233\\5r $\253a9\030P\303!\371\351:w\255\273IV|J@\365"
 201      2024AB61 
 201      391850C3 
 201      21F9E93A 
 201      77ADBB49 
 202 0383 6EDBB5B9 		.ascii	"n\333\265\271\321\245\020Q\0117\005%\325\033\2124\204"
 202      D1A51051 
 202      09370525 
 202      D51B8A34 
 202      84
 203 0394 6BD6F2F6 		.ascii	"k\326\362\3666\205\345Z\267\347Y\217\354\337\2514D\236"
 203      3685E55A 
 203      B7E7598F 
 203      ECDFA934 
 203      449E
 204 03a6 F7CADC5B 		.ascii	"\367\312\334[i|&\262Sq\371\310zw\235\247\362\221M\033"
 204      697C26B2 
 204      5371F9C8 
 204      7A779DA7 
 204      F2914D1B 
ARM GAS  /tmp/cch307I5.s 			page 16


 205 03ba 2B83A1A0 		.ascii	"+\203\241\240\235\010O\252\2444\034\010nya\253\032P"
 205      9D084FAA 
 205      A4341C08 
 205      6E7961AB 
 205      1A50
 206 03cc 3CE17A65 		.ascii	"<\341ze\307z\267\247\016\225\033\231\225\235P\225\010"
 206      C77AB7A7 
 206      0E951B99 
 206      959D5095 
 206      08
 207 03dd A120B1EC 		.ascii	"\241 \261\354\252o\210x\037\264\\\037)\307`\333\353"
 207      AA6F8878 
 207      1FB45C1F 
 207      29C760DB 
 207      EB
 208 03ee 43DEA0EA 		.ascii	"C\336\240\352\307\200\304\332\350m\014\250/\223\277"
 208      C780C4DA 
 208      E86D0CA8 
 208      2F93BF
 209 03fd 0199C222 		.ascii	"\001\231\302\"\270"
 209      B8
 210              		.text
 211              		.section	.gnu.lto_.symbol_nodes.8728fd9ea9b8d746,"",%progbits
 212 0000 789C6366 		.ascii	"x\234cf``(a\200\002\246\307\214\365\014\014\023\316"
 212      60602861 
 212      8002A6C7 
 212      8CF50C0C 
 212      13CE
 213 0012 3130D4D7 		.ascii	"10\324\3273\316]\304\301\300x\227\261\236\021\"\300"
 213      33CE5DC4 
 213      C1C07897 
 213      B19E1122 
 213      C0
 214 0023 D0D001E4 		.ascii	"\320\320\001\344\337c\254gB\3423\335f\254g\206j`\230"
 214      DF63AC67 
 214      42E233DD 
 214      66AC6786 
 214      6A6098
 215 0036 B7002870 		.ascii	"\267\000(p\213\261\236\005Y\200\361\016c=+LG\003\007"
 215      8BB19E05 
 215      5980F10E 
 215      633D2B4C 
 215      470307
 216 0049 0333032B 		.ascii	"\0033\003+\303\221\2567\362\314\314\014\014\207V\252"
 216      C391AE37 
 216      F2CCCC0C 
 216      0C8756AA 
 217 0059 3100009D 		.ascii	"1\000\000\235\324 ^"
 217      D4205E
 218              		.text
 219              		.section	.gnu.lto_.refs.8728fd9ea9b8d746,"",%progbits
 220 0000 789C6366 		.ascii	"x\234cf``\340d\200\000&\006&F\021&&Q\006\000\001\257"
 220      6060E064 
 220      80002606 
 220      26461126 
 220      26510600 
 221 0016 003F     		.ascii	"\000?"
ARM GAS  /tmp/cch307I5.s 			page 17


 222              		.text
 223              		.section	.gnu.lto_.decls.8728fd9ea9b8d746,"",%progbits
 224 0000 789CBD59 		.ascii	"x\234\275YkPT\331\265\356}v\323t7-Li\342\314P\251D\371"
 224      6B5054D9 
 224      B5EE7D76 
 224      D374372D 
 224      4C69E2CC 
 225 0018 41999B89 		.ascii	"A\231\233\211\340#7\223\252[\225A\034\256V\305H N\335"
 225      E0233793 
 225      AA5B9541 
 225      1CAE56C5 
 225      48204EDD 
 226 002c AAFCE818 		.ascii	"\252\374\350\030\350\031\250\2400\335\230q\376\035l"
 226      E819A8A0 
 226      30DD9871 
 226      FE1D6C
 227 003b 54404444 		.ascii	"T@DD\344\0156\212\243\200\274\301\021E@P| \212/| \017"
 227      E40D368A 
 227      A380BCC1 
 227      11454050 
 227      7C208A2F 
 228 0052 F101880A 		.ascii	"\361\001\210\012(\242(\322Y{\357sN\237>63\223?\367\024"
 228      28A228D2 
 228      597BEF73 
 228      4E9F3E36 
 228      33933FF7 
 229 0067 ABCF5967 		.ascii	"\253\317Yg\177\347[k\355\367\332`\225JU\211T*;\\\306"
 229      7FE75B6B 
 229      EDF7DA60 
 229      954A5589 
 229      542A3B5C 
 230 007c 5FAA54C7 		.ascii	"_\252T\307\261J\245\206w\301*\307\245\0019\002R\001"
 230      B14AA586 
 230      77C12AC7 
 230      A5013902 
 230      5201
 231 008e 52055203 		.ascii	"R\005R\003R\007rR\365\376Eps\205\357=A\014 m \037\200"
 231      52077252 
 231      F5FE4570 
 231      7385EF3D 
 231      410C206D 
 232 00a5 8D85705F 		.ascii	"\215\205p_\013r\014\344cb\023\356\035 \376\360\274\030"
 232      0B720CE4 
 232      636213EE 
 232      1D20FEF0 
 232      BC18
 233 00b7 E457204B 		.ascii	"\344W KA\226\201\234\200\367\313\021\363\305\000\367"
 233      4196819C 
 233      80F7CB11 
 233      F3C500F7 
 234 00c7 DF80BC83 		.ascii	"\337\200\274\203g\004ww\301\316\037\340\371\177@\002"
 234      67047777 
 234      C1CE1FE0 
 234      F97F4002 
 235 00d7 10F345F4 		.ascii	"\020\363E\364Oy\021\177\347\010>-T\370E\354\005\201"
 235      4F79117F 
 235      E7083E2D 
ARM GAS  /tmp/cch307I5.s 			page 18


 235      54F845EC 
 235      0581
 236 00e9 A483EC11 		.ascii	"\244\203\354\021|\330\013R,\370\014\177\252m\202M\302"
 236      7CD80B52 
 236      2CF80C7F 
 236      AA6D824D 
 236      C2
 237 00fa 9309CFD9 		.ascii	"\223\011\317\331 y\210\371P\000w\033z\337f\235`C^\017"
 237      207988F9 
 237      5000771B 
 237      7ADF669D 
 237      60435E0F 
 238 010e 84AF4DF0 		.ascii	"\204\257M\360A\036\363\307\310\341\007\241Z\204X\235"
 238      411EF3C7 
 238      C8E107A1 
 238      5A84589D 
 239 011e 130E313E 		.ascii	"\023\0161>\321N\236\013[\343\034j\037x\375\3020\304"
 239      D14E9E0B 
 239      5BE31C6A 
 239      1F78FDC2 
 239      30C4
 240 0130 214FFD07 		.ascii	"!O\375\007D\315\271\371p\002\203j\320sD=:5Y\241\371"
 240      44CDB9F9 
 240      7002836A 
 240      D073443D 
 240      3A3559A1 
 241 0145 702F4F2E 		.ascii	"p/O.+\377\001\207\202\347\243C\310\033\035F\336`\261"
 241      2BFF0187 
 241      82E7A343 
 241      C81B1D46 
 241      DE60B1
 242 0158 187D08BF 		.ascii	"\030}\010\277\177S3\246\352\312\370\273:\314!\362| "
 242      7F5333A6 
 242      EACAF8BB 
 242      3ACC21F2 
 242      7C20
 243 016a EBDE75FD 		.ascii	"\353\336u\375'%\360U\002\337\334\217\035\346\006\036"
 243      2725F055 
 243      02DFDC8F 
 243      1DE6061E 
 244 017a D537EB17 		.ascii	"\3257\353\027\024\360\315\225c\355\023\333qv\252-\216"
 244      14F0CD95 
 244      63ED13DB 
 244      7176AA2D 
 244      8E
 245 018b 9FB1DB11 		.ascii	"\237\261\333\021\317\0216T\2020*E\237\0200y\246_\241"
 245      CF113654 
 245      82302A45 
 245      9F103079 
 245      A65FA1
 246 019e 2368C18F 		.ascii	"#h\301\217\272R\346\344\212\255\362\273A-^G]\231,\274"
 246      BA52E6E4 
 246      8AADF2BB 
 246      412D5E47 
 246      5D992CBC 
 247 01b2 54A6038B 		.ascii	"T\246\003\213\375\374X\367\201\311\025\273\255\251\351"
 247      FDFC58F7 
ARM GAS  /tmp/cch307I5.s 			page 19


 247      81C915BB 
 247      ADA9E9
 248 01c1 7CBFDDFE 		.ascii	"|\277\335\376+\372\015*\227\031,\027\015VP\203\3559"
 248      2BFA0D2A 
 248      97192C17 
 248      0D565083 
 248      ED39
 249 01d3 1967389C 		.ascii	"\031g8\234\217(K\371\241\316$O\312b\273S\272m\301a\276"
 249      8F284BF9 
 249      A1CE244F 
 249      CA62BB53 
 249      BA6DC161 
 250 01e8 D96EFF23 		.ascii	"\331n\377#e\250\2241T\212\014U\224\341\320\310\361\022"
 250      65A89431 
 250      548A0C55 
 250      94E1D0C8 
 250      F112
 251 01fa 1DAE620C 		.ascii	"\035\256b\014#W\256\225\023?lB\344\274\0209GY\252e,"
 251      2357AE95 
 251      133F6C42 
 251      E4BC1039 
 251      4759AA65 
 252 020f D5224B0D 		.ascii	"\325\"K\015eI\030\351~\254\307\247\031K\362\351\375"
 252      654918E9 
 252      7EACC7A7 
 252      194BF2E9 
 252      FD
 253 0220 7677CA62 		.ascii	"vw\312b\233\251\346?\333\302O\333\355\2302\324\312\030"
 253      9BA9E63F 
 253      DBC24FDB 
 253      ED9832D4 
 253      CA18
 254 0232 6A45863A 		.ascii	"jE\206:\312\220\231\321\236\347\216;)\203\372\301T\357"
 254      CA9099D1 
 254      9EE78E3B 
 254      2983FAC1 
 254      54EF
 255 0244 2B77E4AD 		.ascii	"+w\344\255\363\365\316\342\265\350\030\322\251\266\363"
 255      F3F5CEE2 
 255      B5E818D2 
 255      A9B6F3
 256 0253 FC167E6C 		.ascii	"\374\026~lK\352\007_\253\320'\336\350\327\336*T\217"
 256      4BEA075F 
 256      ABD027DE 
 256      E8D7DE2A 
 256      548F
 257 0265 7C69910A 		.ascii	"|i\221\012}\017U|\034\252\270\210\266\345g\344-:\212"
 257      7D0F557C 
 257      1CAAB888 
 257      B6E567E4 
 257      2D3A8A
 258 0278 C4162557 		.ascii	"\304\026%W\026\274gD`\352\371\265\232BN\336J\004\357"
 258      16BC6744 
 258      60EAF9B5 
 258      9A424EDE 
 258      4A04EF
 259 028b 68A6134E 		.ascii	"h\246\023N\315t\271\276`\314\003w\261\310\262g\006\006"
ARM GAS  /tmp/cch307I5.s 			page 20


 259      CD74B9BE 
 259      60CC0377 
 259      B1C8B267 
 259      0606
 260 029d 580D8F0D 		.ascii	"X\015\217\015m/7dU\363-4:\204\310W\250A\026^\203\030"
 260      6D2F3764 
 260      55F32D34 
 260      3A84C857 
 260      A841165E 
 261 02b3 DE491A5E 		.ascii	"\336I\032^}\371D\207\007\355\302\013\010\321\361\264"
 261      7DF94487 
 261      07EDC20B 
 261      08D1F1B4 
 262 02c3 73591ADA 		.ascii	"sY\032\332\205\325Dmj|\335\246\307\331\254_&'\364\237"
 262      85D5446D 
 262      6A7CDDA6 
 262      C7D9AC5F 
 262      2627F49F 
 263 02d7 D7E3FD4C 		.ascii	"\327\343\375L\211\373\356D\262;\000\027\352\2517}\271"
 263      89FBEE44 
 263      B23B0017 
 263      EAA9377D 
 263      B9
 264 02e8 53453AAA 		.ascii	"SE:\252\222)\315\013^q\347\036\361\007<\221\257\236"
 264      9229CD0B 
 264      5E71E71E 
 264      F1073C91 
 264      AF9E
 265 02fa 043FD653 		.ascii	"\004?\326S<\260\312\0125p\006\351\321)\311\033\3725"
 265      3CB0CA0A 
 265      357006E9 
 265      D129C91B 
 265      FA35
 266 030c B912482D 		.ascii	"\271\022H-\246Zy\3359O\025j\204\210\233 bt\032*r\241"
 266      A65A79DD 
 266      394F156A 
 266      84889B20 
 266      62741A2A 
 267 0322 9E62510B 		.ascii	"\236bQ\013\274l\205\227@|f\2721\336\015\351}]\177t\326"
 267      BC6C8597 
 267      407C66BA 
 267      31DE0DE9 
 267      7D5D7F74 
 268 0337 C547D485 		.ascii	"\305G\324\205\023;\322\346\363\274\032\265\201\013\315"
 268      133BD2E6 
 268      F3BC1AB5 
 268      810BCD
 269 0346 0E17C023 		.ascii	"\016\027\300#\346\003)\200H\022\353w\246\315\241\025"
 269      E6032980 
 269      4812EB77 
 269      A6CDA115 
 270 0356 D2AC2191 		.ascii	"\322\254!\221\345\246^\3156\320\032\211 jF\301\233\233"
 270      E5A65ECD 
 270      36D01A89 
 270      206A46C1 
 270      9B9B
 271 0368 1A3CC32A 		.ascii	"\032<\303*\341\352\363z\336\035'a\242p;\257\364\315"
ARM GAS  /tmp/cch307I5.s 			page 21


 271      E1EAF37A 
 271      DE1D2761 
 271      A2703BAF 
 271      F4CD
 272 037a A891AF81 		.ascii	"\250\221\257\201\032+-{\2619\016\342\355@\006\324\356"
 272      1A2B2D7B 
 272      B1390EE2 
 272      ED4006D4 
 272      EE
 273 038b 30B6D6C0 		.ascii	"0\266\326\300l%9\\'CQr\376\"8\277\326 \240\301\300\276"
 273      6C25395C 
 273      27435172 
 273      FE2238BF 
 273      D620A0C1 
 274 03a1 B4A2720E 		.ascii	"\264\242r\016\237\242\006\320\330\261\361{\236\3704"
 274      9FA206D0 
 274      D8B1F17B 
 274      9EF834
 275 03b0 537AABAF 		.ascii	"Sz\253\257\234\361\302g\231R\2647\343\210\033\365QK"
 275      9CF1C267 
 275      9952B437 
 275      E3881BF5 
 275      514B
 276 03c2 2793C6EC 		.ascii	"'\223\306\354n\017|\201\225\275\273:e\237\203;\230\""
 276      6E0F7C81 
 276      95BDBB3A 
 276      659F833B 
 276      9822
 277 03d4 4E580636 		.ascii	"NX\0066au\027NLz\342+\254lW{]\213\026\337bJ\366\253"
 277      6175174E 
 277      4C7AE22B 
 277      AC6C577B 
 277      5D8B16DF 
 278 03ec 8B6D5E14 		.ascii	"\213m^\024\370\021Q\263\236\\\334\211q7+\333[\233\325"
 278      F81151B3 
 278      9E5CDC89 
 278      71372BDB 
 278      5B9BD5
 279 03ff ABC3FD4C 		.ascii	"\253\303\375L\021\373\217\201\365\237\335\331u\367\265"
 279      11FB8F81 
 279      F59FDDD9 
 279      75F7B5
 280 040e F83E2B3B 		.ascii	"\370>+;\\\3732\014?\022\236\007.\321j5\350\027\321\356"
 280      5CFB320C 
 280      3F129E07 
 280      2ED16A35 
 280      E817D1EE 
 281 0422 9359F792 		.ascii	"\223Y\367\222\303\303\202\261\207\225\255\032\374\204"
 281      C3C382B1 
 281      8795AD1A 
 281      FC84
 282 0430 297DAFFA 		.ascii	")}\257\372Z\334)\320\237\250\305\303c\347\334\361(+"
 282      5ADC29D0 
 282      9FA8C5C3 
 282      63E7DCF1 
 282      282B
 283 0442 6B6949B6 		.ascii	"kiI\266\353\360s\246\3045\227]c\300Oih3]\223:\374\222"
ARM GAS  /tmp/cch307I5.s 			page 22


 283      EBF073A6 
 283      C435975D 
 283      63C04F69 
 283      68335D93 
 284 0459 959D1F68 		.ascii	"\225\235\037hI\324\341\327L\251>p\360\250\216\002?#"
 284      49D4E1D7 
 284      4CA93E70 
 284      F0A88E02 
 284      3F23
 285 046b 6A634F6B 		.ascii	"jcOk\256\007~\313\312z\306\342\356\350\360\214\020K"
 285      AE077ECB 
 285      CA7AC6E2 
 285      EEE8F08C 
 285      104B
 286 047d 55EA9427 		.ascii	"U\352\224'\005\256\"\352\266{\343\271:\274EM\313\006"
 286      05AE22EA 
 286      B67BE3B9 
 286      3ABC454D 
 286      CB06
 287 048f DAA693DC 		.ascii	"\332\246\223\334\3606\246\0146>\3419\012\014&\352\375"
 287      F036A60C 
 287      363EE139 
 287      0A0C26EA 
 287      FD
 288 04a0 F8DAD37A 		.ascii	"\370\332\323z\234\304\312\306\207\217\325\273\343\024"
 288      9CC4CAC6 
 288      878FD5BB 
 288      E314
 289 04ae A62434A4 		.ascii	"\246$4\244\177\307L\377\037Q\273\206\036T\352q\032+"
 289      7FC74CFF 
 289      1F51BB86 
 289      1E54EA71 
 289      1A2B
 290 04c0 BB93D737 		.ascii	"\273\223\3277\214p\006S*\233J\023\031\360\357D\275\236"
 290      8C700653 
 290      2A9B4A13 
 290      19F0EF44 
 290      BD9E
 291 04d2 3C7DDB0B 		.ascii	"<}\333\013\347\321\262_\324$v\352\220\217\343\232\347"
 291      E7D1B25F 
 291      D42476EA 
 291      908FE39A 
 291      E7
 292 04e3 E374F9FA 		.ascii	"\343t\371\372\330\2407\215u['W\247Y\371\242\217h\237"
 292      D8A0378D 
 292      755B2757 
 292      A759F9A2 
 292      8F689F
 293 04f6 1B843E67 		.ascii	"\033\204>gG\363\034=\353\021\235B\032\311\257\212\340"
 293      47F31C3D 
 293      EB119D42 
 293      1AC9AF8A 
 293      E0
 294 0507 6D970E69 		.ascii	"m\227\016i\316\371S\354\003%\366\276\022{\\\302^Sb\257"
 294      CEF953EC 
 294      0325F6BE 
 294      127B5CC2 
ARM GAS  /tmp/cch307I5.s 			page 23


 294      5E5362AF 
 295 051b 53EC7F49 		.ascii	"S\354\177I\320\333\022tH\011\035V@\273%\350\210\022"
 295      D0DB1274 
 295      48091D56 
 295      40BB25E8 
 295      8812
 296 052d FA4401BD 		.ascii	"\372D\001\275 A{\225\320\036\245\263M\022\366\266\022"
 296      20417B95 
 296      D01EA5B3 
 296      4D12F6B6 
 296      12
 297 053e 7B47415B 		.ascii	"{GA[!A/+\241\213\024\254\227%\350C\327U\353`\355\223"
 297      21412F2B 
 297      A18B14AC 
 297      9725E843 
 297      D755EB60 
 298 0554 A0E34AE8 		.ascii	"\240\343J\350s\005\364\274\004\275\353:.\012\335M\026"
 298      7305F4BC 
 298      04BDEB3A 
 298      2E0ADD4D 
 298      16
 299 0565 84549EFF 		.ascii	"\204T\236\377,V\205\316A\371yR~A\370\000\346\012\224"
 299      2C5685CE 
 299      41F97952 
 299      7E41F800 
 299      E60A94
 300 0578 C2F9A21D 		.ascii	"\302\371\242\035\234\017z\213|\3206\270\357\002\231"
 300      9C0F7A8B 
 300      7CD036B8 
 300      EF0299
 301 0587 84E7AD70 		.ascii	"\204\347\255p\217\003I\006y\003:\017\367\031\270O\201"
 301      8F034906 
 301      79033A0F 
 301      F719B84F 
 301      81
 302 0598 24C2F316 		.ascii	"$\302\363\026\220\355 /A\237\006\231\000y\005\222\004"
 302      90ED202F 
 302      419F0699 
 302      00790592 
 302      04
 303 05a9 EF5EC3DD 		.ascii	"\357^\303\335\012\367\004\220\235 \357@\217\347|\350"
 303      0AF70490 
 303      9D20EF40 
 303      8FE77CE8 
 304 05b9 F4457D3F 		.ascii	"\364E}?'\371\336\355\272\236e\265\327 a\273\224\330"
 304      27F9DEED 
 304      BA9E65B5 
 304      D72061BB 
 304      94D8
 305 05cb 9B8A2AB9 		.ascii	"\233\212*\271(A\357)\241\375J\332\273\022\366\251\353"
 305      2841EF29 
 305      A1FD4ADA 
 305      BB12F6A9 
 305      EB
 306 05dc 1E24C30E 		.ascii	"\036$\303\016I\330\027\256[E\206=!ao\270\356\3572\354"
 306      49D817AE 
 306      5B45863D 
ARM GAS  /tmp/cch307I5.s 			page 24


 306      21616FB8 
 306      EEEF32EC 
 307 05f0 3109DBA9 		.ascii	"1\011\333\251\304^Q\204\326!A\007\\\0179\007\264G\202"
 307      C45E5184 
 307      D6214107 
 307      5C0F3907 
 307      B44782
 308 0603 3E534247 		.ascii	">SBG\025\320v\011\332\347\272\302\034\320;\022\364\261"
 308      15D07609 
 308      DAE7BAC2 
 308      1CD03B12 
 308      F4B1
 309 0615 EBC1298B 		.ascii	"\353\301)\213\253\\\302^r96\034\254'%\344-\327\215+"
 309      AB5CC25E 
 309      7239361C 
 309      AC2725E4 
 309      2DD78D2B 
 310 0629 63ED95B0 		.ascii	"c\355\225\260c\256\343bX\262\206\366\227m\327\360\210"
 310      63AEE362 
 310      58B286F6 
 310      976DD7F0 
 310      88
 311 063a 6054E2E6 		.ascii	"`T\342\346E%\365\276\376\372C\027\014\274@u\325u\305"
 311      4525F5BE 
 311      FEFA4317 
 311      0CBC4075 
 311      D575C5
 312 064d 332A984D 		.ascii	"3*\230M\353v\024\216\353\015\3625W\216V\241T\216.\313"
 312      EB76148E 
 312      EB0DF235 
 312      578E56A1 
 312      548E2ECB 
 313 0661 E40EE873 		.ascii	"\344\016\350s\245\371\177\307\007\351\324\253\276\237"
 313      A5F97FC7 
 313      07E9D4AB 
 313      BE9F
 314 066f 5779D40B 		.ascii	"Wy\324\013\371z{\353\305-\334^N\217vs\312-\334\353?"
 314      F97A7BEB 
 314      C52DDC5E 
 314      4E8F7673 
 314      CA2DDCEB 
 315 0684 920215D9 		.ascii	"\222\002\025\331\024\222;\335\231\214\245\361\370#i"
 315      14923BDD 
 315      998CA5F1 
 315      F82369
 316 0693 53980643 		.ascii	"S\230\006C\224\024\251P:\347\215\366p\336\362U\326\223"
 316      9414A950 
 316      3AE78DF6 
 316      70DEF255 
 316      D693
 317 06a5 ADB229E5 		.ascii	"\255\262)\345E/\330\242\213\351\272\325\325\355\245"
 317      452FD8A2 
 317      8BE9BAD5 
 317      D5EDA5
 318 06b4 4FA0639F 		.ascii	"O\240c\237ym\320\313\234\316\242d\213\330\346\020\320"
 318      796DD0CB 
 318      9CCEA264 
ARM GAS  /tmp/cch307I5.s 			page 25


 318      8BD8E610 
 318      D0
 319 06c5 2517D2EF 		.ascii	"%\027\322\357\273\315M\025\246\212\005\210z\232\001"
 319      BBCD4D15 
 319      A68A0588 
 319      7A9A01
 320 06d4 B6323902 		.ascii	"\26629\002\317\346\346\212\037Q\005\276\270\270c_6\307"
 320      CFE6E68A 
 320      1F5105BE 
 320      B8B8635F 
 320      36C7
 321 06e6 763A740D 		.ascii	"v:t\015jM\232\032\323\343\022\266 %\355\250\262\273"
 321      6A4D9A1A 
 321      D3E312B6 
 321      2025EDA8 
 321      B2BB
 322 06f8 CF6E3D4F 		.ascii	"\317n=O\264\276\210\032?;\225\366\314 \030\267\362\013"
 322      B4BE881A 
 322      3F3B95F6 
 322      CC2018B7 
 322      F20B
 323 070a 62E926CB 		.ascii	"b\351&\313\201\316\247\306\3517t\273rkW\036\3065\314"
 323      81CEA7C6 
 323      E93774BB 
 323      726B571E 
 323      C635CC
 324 071d D0D396A2 		.ascii	"\320\323\226\242\315\304\216\365\247m\345\310\342x\350"
 324      CDC48EF5 
 324      A76DE5C8 
 324      E278E8
 325 072c 46A1019F 		.ascii	"F\241\001\237d\237\027~?s@\213[\231\222R\374\360\210"
 325      649F177E 
 325      3F73408B 
 325      5B999252 
 325      FCF088
 326 073f 1A9F1722 		.ascii	"\032\237\027\"\260\236/\321\213\314\011?\211\371\332"
 326      B09E2FD1 
 326      8BCC093F 
 326      89F9DA
 327 074e 7079A116 		.ascii	"py\241\026w\262\357\237\325\215<\325\341.\252h\237\245"
 327      77B2EF9F 
 327      D58D3CD5 
 327      E12EAA68 
 327      9FA5
 328 0760 15D5E885 		.ascii	"\025\325\350\205E\330w\236\215O\267V6\324\324\256c\013"
 328      45D8779E 
 328      8D4FB756 
 328      36D4D4AE 
 328      630B
 329 0772 EE01A8E9 		.ascii	"\356\001\250\351\203\034d\022\334\254\023E\274\325V"
 329      831C6412 
 329      DCAC1345 
 329      BCD556
 330 0781 7223BC39 		.ascii	"r#\2749\036\243}\000.T\202\235f\012\300\026;\2606%\326"
 330      1EA37D00 
 330      2E54829D 
 330      660AC016 
ARM GAS  /tmp/cch307I5.s 			page 26


 330      3BB03625 
 331 0796 69654AB7 		.ascii	"ieJ\267\332\2160,q\242\310\265\023\342P\345m\207\031"
 331      DA8E302C 
 331      71A2C8B5 
 331      13E250E5 
 331      6D8719
 332 07a9 16DA0315 		.ascii	"\026\332\003\025\270\344u\270P\352pa\277kweC\265\340"
 332      B8E475B8 
 332      50EA7061 
 332      BF6B7765 
 332      43B5E0
 333 07bc 4638D95A 		.ascii	"F8\331Z\003H1V\345KW\016tF6!\0202\262n"
 333      03483156 
 333      E54B570E 
 333      74463621 
 333      1032B26E 
 334 07d0 1D814151 		.ascii	"\035\201AQ\002k\313a\220C \245 \305 \337\011\353\014"
 334      026BCB61 
 334      904320A5 
 334      20C520DF 
 334      09EB0C
 335 07e3 ECAA1FD5 		.ascii	"\354\252\037\325u\330\325h\236\257+\"T\001\337\377T"
 335      75D8D568 
 335      9EAF2B22 
 335      5401DFFF 
 335      54
 336 07f4 2EEA67F9 		.ascii	".\352g\371\015\003L)\345\360I.'m\312\211\327\20294\331"
 336      0D034C29 
 336      E5F0492E 
 336      276DCA89 
 336      D7823934 
 337 0809 3D7A52E3 		.ascii	"=zR\3434U\224s\362\251\242R\230**\351T\361#\203\244"
 337      34559473 
 337      F2A9A252 
 337      982A2AE9 
 337      54F12383 
 338 081e 4A1C24BF 		.ascii	"J\034$\277\246\275\253`(#G'\014\022\2338B\035\351]5"
 338      A6BDAB60 
 338      28234727 
 338      0C129B38 
 338      421DE95D 
 339 0833 1D24556C 		.ascii	"\035$Ul\204V\323\021:\270\257\264O\353\344\015\311\346"
 339      8456D311 
 339      3AB8AFB4 
 339      4FEBE40D 
 339      C9E6
 340 0845 1C066A04 		.ascii	"\034\006j\004oj\2507\245\025[\267{9\241\313\234\320"
 340      6F6AA837 
 340      A5155BB7 
 340      7B39A1CB 
 340      9CD0
 341 0857 B502BA96 		.ascii	"\265\002\272\226\242w\355\274Z\350&O6\311\220uxS\307"
 341      A277EDBC 
 341      5AE8264F 
 341      36C99075 
 341      7853C7
 342 086a C993CD4A 		.ascii	"\311\223\315J\373\203\014\015NqcCn\370\366.=\316a\312"
ARM GAS  /tmp/cch307I5.s 			page 27


 342      FB830C0D 
 342      4E716343 
 342      6EF8F62E 
 342      3DCE61CA 
 343 087e D3B33335 		.ascii	"\323\26335nj\016r]:)\222\024\340\350\325!\314N)n\325"
 343      6E6A0E72 
 343      5D3A2992 
 343      14E0E8D5 
 343      21CC4E29 
 344 0894 3DF9D395 		.ascii	"=\371\323\225\212m<\315\370\321\276\346T5\341EG\305"
 344      8A6D3CCD 
 344      F8D1BEE6 
 344      5435E145 
 344      47C5
 345 08a6 BA47C738 		.ascii	"\272G\3078\265\212\250,\001\253\347HF\232\2352}\321"
 345      B58AA82C 
 345      01ABE748 
 345      469A9D32 
 345      7DD1
 346 08b8 1DF7CC46 		.ascii	"\035\367\314F?\232\367n!e\267\335*\323P\342&\276PKy"
 346      3F9AF76E 
 346      2165B7DD 
 346      2AD350E2 
 346      26BE504B 
 347 08cd 8F4BBC27 		.ascii	"\217K\274'\010\357q\221\267\201\362&\224U6\350\200\212"
 347      08EF7191 
 347      B781F226 
 347      945536E8 
 347      808A
 348 08df 267A2432 		.ascii	"&z$2\222\034%_o\363\230\365\\\244\221\326\301IN\250"
 348      921C255F 
 348      6FF398F5 
 348      5CA491D6 
 348      C1494EA8 
 349 08f3 843D47F9 		.ascii	"\204=G\371CZ<8\233cCm\367&\324\324\263\376\321\262^"
 349      435A3C38 
 349      9B63436D 
 349      F726D4D4 
 349      B3FED1B2 
 350 0908 032FF8B6 		.ascii	"\003/\370\266PMxP\223\344[3\361\255I\364\355\024\365"
 350      504D7850 
 350      93E45B33 
 350      F1AD49F4 
 350      ED14F5
 351 091b 4DCC653C 		.ascii	"M\314e<Y.\363\352@\377\010\242\013\201;Q\323\266\036"
 351      592EF3EA 
 351      40FF08A2 
 351      0B813B51 
 351      D3B61E
 352 092e 3BC6F212 		.ascii	";\306\362\022\232\221\026\025\215e\314\231\275\327\235"
 352      9A911615 
 352      8D65CC99 
 352      BDD79D
 353 093d 117BDD69 		.ascii	"\021{\335i\266\310<\265\216\224i\224\013C\013\014\241"
 353      B6C83CB5 
 353      8E946994 
 353      0B430B0C 
ARM GAS  /tmp/cch307I5.s 			page 28


 353      A1
 354 094e 56BA30B4 		.ascii	"V\2720\264\321nw\206u\2736\332\355\032z\023\037\353"
 354      D16E7786 
 354      75BB36DA 
 354      ED1A7A13 
 354      1FEB
 355 0960 A837FD34 		.ascii	"\2507\3754\237\274`\337\023\307\322\313d\226P\015\356"
 355      9FBC60DF 
 355      13C7D2CB 
 355      6496500D 
 355      EE
 356 0971 DCE685C7 		.ascii	"\334\346\205\307YE\234\274\\\336\342\205\3370\245}\242"
 356      59459CBC 
 356      5CDEE285 
 356      DF30A57D 
 356      A2
 357 0982 B9528779 		.ascii	"\271R\207y\015U^\216\266\364h\361V\246\324^\2646jp\222"
 357      0D555E8E 
 357      B6F468F1 
 357      56A6D45E 
 357      B4366A70 
 358 0997 A024D675 		.ascii	"\240$\326uhp*S\2222\322\333\020N\3278\035+\314g\307"
 358      68702A53 
 358      9232D2DB 
 358      104ED738 
 358      1D2BCC67 
 359 09ac 0A29ED39 		.ascii	"\012)\3559\2470U\355\2648\363\312\255\357\3258K\370"
 359      A73055ED 
 359      B438F3CA 
 359      ADEFD538 
 359      4BF8
 360 09be B0BB183A 		.ascii	"\260\273\030:\212\215*\\\332\375\211\203H<\024p^zo\300"
 360      8A8D2A5C 
 360      DAFD8983 
 360      483C1470 
 360      5E7A6FC0 
 361 09d2 CC305F98 		.ascii	"\3140_\230\354;!\356+\234p\"\320S\274\353\027d\332\272"
 361      EC3B21EE 
 361      2B9C7022 
 361      D053BCEB 
 361      1764DABA 
 362 09e6 0E1572CD 		.ascii	"\016\025r\3151\037\314\327\213\323\001\327\177\363\340"
 362      311FCCD7 
 362      8BD301D7 
 362      7FF3E0
 363 09f5 5F5C93DE 		.ascii	"_\\\223\336\234\215\364\304\216\366\237\023\322. \275"
 363      9C8DF4C4 
 363      8EF69F13 
 363      D22E20BD 
 364 0a05 EA20BDCE 		.ascii	"\352 \275\316I\254\250+9.\023\263\225\351\307Ie\311"
 364      49ACA82B 
 364      392E13B3 
 364      95E9C749 
 364      65C9
 365 0a17 A1274B0E 		.ascii	"\241'K\016_m\035K\324\323\3460\320d4\365p\005\313\351"
 365      5F6D1D4B 
 365      D4D3E630 
ARM GAS  /tmp/cch307I5.s 			page 29


 365      D06434F5 
 365      7005CBE9 
 366 0a2b 3DE809CE 		.ascii	"=\350\011\316x\301\017\365\216\273b\357\350f\334\371"
 366      78C10FF5 
 366      8EBB62EF 
 366      E866DCF9 
 367 0a3b 9D3773E7 		.ascii	"\2357s\347\310{\007\361\3736\330\276C{G\017\355\035"
 367      C87B07F1 
 367      FB36D8BE 
 367      437B470F 
 367      ED1D
 368 0a4d 77C595BB 		.ascii	"w\305\225\273\361m\357U\0179\372\326\017\241\233&\236"
 368      F16DEF55 
 368      0F39FAD6 
 368      0FA19B26 
 368      9E
 369 0a5e DB3D7009 		.ascii	"\333=p\011k\255\316\266\326n\017\\\316\224\004\336Z"
 369      6BADCEB6 
 369      D66E0F5C 
 369      CE9404DE 
 369      5A
 370 0a6f A6C7B54C 		.ascii	"\246\307\265L\031{0\222;\007\3273\345\361\376\303\267"
 370      197B3092 
 370      3B07D733 
 370      E5F1FEC3 
 370      B7
 371 0a80 0CB89129 		.ascii	"\014\270\221)\247\266\344\037\365\300\255L\031|\222"
 371      A7B6E41F 
 371      F5C0AD4C 
 371      197C92
 372 0a8f 360A8B3B 		.ascii	"6\012\213;S\366=\337\277M\213/i\234\022|O\226\340\307"
 372      53F63DDF 
 372      BF4D8B2F 
 372      699C127C 
 372      4F96E0C7 
 373 0aa3 E51FECC7 		.ascii	"\345\037\354\307\216y\226mF\006Iu\322\032\030\222\315"
 373      8E79966D 
 373      46064975 
 373      D21A1892 
 373      CD
 374 0ab4 B3E4A860 		.ascii	"\263\344\250`O\376\240F\216&\013\351\254\350\372\226"
 374      4FFEA046 
 374      8E260BE9 
 374      ACE8FA96 
 375 0ac4 9B331EF8 		.ascii	"\2333\036\370\032\263;m\345kt\370&SZ\022x\330\225t3"
 375      1AB33B6D 
 375      E56B74F8 
 375      26535A12 
 375      78D89574 
 376 0ad9 656F435E 		.ascii	"eoC^\032\363\210g\247\037\205w/\342\331\033\345\231"
 376      1AF38867 
 376      A71F8577 
 376      2FE2D91B 
 376      E599
 377 0aeb D8289942 		.ascii	"\330(\231B\243\214t\226x9\252\231E\360\024|b\353\371"
 377      A38C7496 
 377      7839AA99 
ARM GAS  /tmp/cch307I5.s 			page 30


 377      45F0147C 
 377      62EBF9
 378 0afe 28F5E999 		.ascii	"(\365\351\231\350S\322TU\023\226\243I\004\263\242G\253"
 378      E853D254 
 378      551396A3 
 378      4904B3A2 
 378      47AB
 379 0b10 0FE71A70 		.ascii	"\017\347\032p\037\363\363\364\225\356R\015\365\323\306"
 379      1FF3F3F4 
 379      95EE520D 
 379      F5D3C6
 380 0b1f FC6E3FD6 		.ascii	"\374n?\326\303\272\326\317\350\236\362A\325\220vv\267"
 380      C3BAD6CF 
 380      E89EF241 
 380      D5907676 
 380      B7
 381 0b30 2744B79B 		.ascii	"'D\267\233\330\366\351\370\376\332p\245\327\317\301"
 381      D8F6E9F8 
 381      FEDA70A5 
 381      D7CFC1
 382 0b3f 8F17B473 		.ascii	"\217\027\264s\274\244~L\210~L\276-\035|\317\353Y\321"
 382      BCA47E4C 
 382      887E4CBE 
 382      2D1D7CCF 
 382      EB59D1
 383 0b52 4FBA5A77 		.ascii	"O\272Zw\030\360\003\241\361S\252\247\330!e\014=\247"
 383      18F003A1 
 383      F153AAA7 
 383      D821650C 
 383      3DA7
 384 0b64 C98CEF50 		.ascii	"\311\214\357P\343aaji\252y\316FC\002\321?,\357{T\253"
 384      E361616A 
 384      69AA79CE 
 384      464302D1 
 384      3F2CEF7B 
 385 0b7a 453EEF5F 		.ascii	"E>\357_\363`#G6:c\0155\015~\305\325\274\270\331\271"
 385      F3602347 
 385      363A630D 
 385      350D7EC5 
 385      D5BCB8D9 
 386 0b8f 0C633605 		.ascii	"\014c6\005\377\320F\356Y)\311a\010\366\222k\254c\023"
 386      FFD046EE 
 386      5929C961 
 386      08F6926B 
 386      AC6313
 387 0ba2 95522642 		.ascii	"\225R&B\247\224\3207\2343\364\211\304zQ\011u\332\035"
 387      A794D037 
 387      9C33F489 
 387      C47A5109 
 387      75DA1D
 388 0bb5 A6C7D912 		.ascii	"\246\307\331\022~\013\310a\330\303=\026\220bwu>\212"
 388      7E0BC861 
 388      D8C33D16 
 388      90627775 
 388      3E8A
 389 0bc7 0052BB44 		.ascii	"\000R\273D\372HI\352|\310\003\373\310$\352+i\205'J\254"
 389      FA4849EA 
ARM GAS  /tmp/cch307I5.s 			page 31


 389      7CC803FB 
 389      C824EA2B 
 389      6985274A 
 390 0bdc 7372181F 		.ascii	"sr\030\037g{\375\233,\177\324\013\036\364\011Pq\016"
 390      677BFD9B 
 390      2C7FD40B 
 390      1EF40950 
 390      710E
 391 0bee 704EE781 		.ascii	"pN\347\201\365q\251\310zA\311\272\310\031\231(\331\037"
 391      F571A9C8 
 391      7A41C9BA 
 391      C8199928 
 391      D91F
 392 0c00 716DDF11 		.ascii	"qm\337\021\326\214\024\326C\327a9\240#\022\264\335\245"
 392      D68C14D6 
 392      43D76139 
 392      A02312B4 
 392      DDA5
 393 0c12 7D59BBBE 		.ascii	"}Y\273\276\221\240\367\224\320\0369+\354\243w\222\026"
 393      91A0F794 
 393      D01E392B 
 393      ECA37792 
 393      16
 394 0c23 7829ECA2 		.ascii	"x)\354\242\011R\354\270\3505\347T\255q\266d\002\235"
 394      0952ECB8 
 394      E835E754 
 394      AD71B664 
 394      029D
 395 0c35 04E82B25 		.ascii	"\004\350+%\364\271\302\325\247\222\375\016\327=@\346"
 395      F4B9C2D5 
 395      A792FD0E 
 395      D73D40E6 
 396 0c45 EB5B093B 		.ascii	"\353[\011;\340\332W\031\366\235\204}\240\304\366+\261"
 396      E0DA5719 
 396      F69D847D 
 396      A0C4F62B 
 396      B1
 397 0c56 D312F6BE 		.ascii	"\323\022\366\276k\354{\007Rg!\234s4h\202&;\361\335\330"
 397      6BEC7B07 
 397      5267219C 
 397      73346882 
 397      263BF1DD 
 398 0c6b 1759B10F 		.ascii	"\027Y\261\017\332\0062\003;\360$\270O\223\323)r\342"
 398      DA063203 
 398      3BF024B8 
 398      4F93D329 
 398      72E2
 399 0c7d 04CFA920 		.ascii	"\004\317\251 \333Av\200\354\004I\006\331\012\302\203"
 399      DB417680 
 399      EC044906 
 399      D90AC283 
 400 0c8d D801130F 		.ascii	"\330\001\023\017\3678\220] \211 \011 \357\244\223'\250"
 400      F738905D 
 400      20892009 
 400      20EFA493 
 400      27A8
 401 0c9f D21DA44A 		.ascii	"\322\035\244J\307\240J\307\005\037\305\311\316\371\334"
ARM GAS  /tmp/cch307I5.s 			page 32


 401      C7A04AC7 
 401      051FC5C9 
 401      CEF9DC
 402 0cae 10C29992 		.ascii	"\020\302\231\222\302\351W\206#?\243\242\271\301P)9n"
 402      C2E95786 
 402      233FA3A2 
 402      B9C15029 
 402      396E
 403 0cc0 008C2285 		.ascii	"\000\214\"\205\201m@\374\355|\330f\370\316\243\270]"
 403      816D40FC 
 403      ED7CD866 
 403      F8CEA3B8 
 403      5D
 404 0cd1 1BB4680F 		.ascii	"\033\264h\0170\235w,\356\344\243\367\322\035\261bP\032"
 404      309D772C 
 404      EEE4A3F7 
 404      D21DB162 
 404      501A
 405 0ce3 D4C7FF47 		.ascii	"\324\307\377G\335\300\354\227\230~\243\326\303)\005"
 405      DDC0EC97 
 405      987EA3D6 
 405      C32905
 406 0cf2 D883E5E9 		.ascii	"\330\203\345\351K:f)\000\334]&\014\305N\011\303^\001"
 406      4B3A6629 
 406      00DC5D26 
 406      0CC54E09 
 406      C35E01
 407 0d05 BD97A2EF 		.ascii	"\275\227\242\357]\277\321\251\307\243l\232\255\272{"
 407      5DBFD1A9 
 407      C7A36C9A 
 407      ADBA7B
 408 0d14 FAB08E6D 		.ascii	"\372\260\216m\362\273\017<\013\203<\230\375c\320\246"
 408      F2BB0F3C 
 408      0B833C98 
 408      FD63D0A6 
 409 0d24 A5494706 		.ascii	"\245IG\006v\374\303\011\236\331V7\023\223\255\356\203"
 409      76FCC309 
 409      9ED95637 
 409      1393ADEE 
 409      83
 410 0d35 EBE3BC1E 		.ascii	"\353\343\274\036oqg\307\357\227\356\277d\377\321\264"
 410      6F7167C7 
 410      EF97EEBF 
 410      64FFD1B4 
 411 0d45 4D4BBBF9 		.ascii	"MK\273\371\205\224\"KF\221%RdS\212\231\376]\274\016"
 411      8594224B 
 411      46912552 
 411      64538A99 
 411      FE5DBC0E 
 412 0d59 27BBCFB2 		.ascii	"'\273\317\262\021\357\236\252{l\020\023\020[\320n\347"
 412      11EF9EAA 
 412      7B6C1013 
 412      105BD06E 
 412      E7
 413 0d6a 04846CC6 		.ascii	"\004\204l\306sDn\224\213a3\236#\322\347Q\372\314\313"
 413      73446E94 
 413      8B61339E 
ARM GAS  /tmp/cch307I5.s 			page 33


 413      23D2E751 
 413      FACCCB
 414 0d7d E7E7E21C 		.ascii	"\347\347\342\034\306\276\247\343\341\260V\210\323\372"
 414      C6BEA7E3 
 414      E1B05688 
 414      D3FA
 415 0d8b E2BD38F3 		.ascii	"\342\2758\363eN\346\213,\005\224\245\240\263gX\215+"
 415      654EE68B 
 415      2C0594A5 
 415      A0B36758 
 415      8D2B
 416 0d9d 184DDEBD 		.ascii	"\030M\336\275\232V\346\222-\247\3029\316}2\212}\"\205"
 416      9A56E692 
 416      2DA7C239 
 416      CE7D328A 
 416      7D2285
 417 0db0 0D2F507D 		.ascii	"\015/P}l\214\2116\307\032#\315_\033M1\221Q\321_m2-\216"
 417      6C8C8936 
 417      C71A23CD 
 417      5F1B4D31 
 417      9151D15F 
 418 0dc8 596F8E5D 		.ascii	"Yo\216]\354\257\371\337?\257[\020\250Z\262x\261_`D\344"
 418      ECAFF9DF 
 418      3FAF5B10 
 418      A85AB278 
 418      B15F6044 
 419 0ddd 3F22D786 		.ascii	"?\"\327\206\032\227-\366_\274\334/\332\342g\216\365"
 419      1A972DF6 
 419      5FBCDC2F 
 419      DAE2678E 
 419      F5
 420 0dee 239F59FC 		.ascii	"#\237Y\374\002B\326\004\256\331\354\027\026\021\026"
 420      0242D604 
 420      AED9EC17 
 420      161116
 421 0dfd 6D3619FF 		.ascii	"m6\031\377\365\373\015\213\303T?g\224\226o\"c\303\""
 421      F5FB0D8B 
 421      C3543F67 
 421      94966F22 
 421      63C322
 422 0e10 8C5F9AA3 		.ascii	"\214_\232\2437\030#-\346\377\224'B5\217\361\2306G\306"
 422      3718232D 
 422      E6FF9427 
 422      42358FF1 
 422      983647C6 
 423 0e24 4A2C73DF 		.ascii	"J,s\337w\327#\364\213@\343\252\365\033\303\243Lf7\343"
 423      77D723F4 
 423      8B40E3AA 
 423      F51BC3A3 
 423      4C6637E3 
 424 0e38 8AE8E8A8 		.ascii	"\212\350\350\250\217\303\"B\303\"V[\202\315&\323\206"
 424      8FC32242 
 424      C322565B 
 424      82CD26D3 
 424      86
 425 0e49 98D8C8E8 		.ascii	"\230\330\310\350\215!\246\2577E\232M\341\213fq\"rcX"
 425      8D21A6AF 
ARM GAS  /tmp/cch307I5.s 			page 34


 425      37459A4D 
 425      E18B6671 
 425      22726358 
 426 0e5d D4A67013 		.ascii	"\324\246p\023\330\267\204E\204\203m\355\246\310\215"
 426      D8B78445 
 426      84836DED 
 426      A6C88D
 427 0e6c B1CB961A 		.ascii	"\261\313\226\032c\365F\243\370\370[\277M\026\263\004"
 427      63F546A3 
 427      F8F85BBF 
 427      4D16B304 
 428 0e7c DD68FA26 		.ascii	"\335h\372&*\362\037~\033\326\207EDn4\371\031\303M_\256"
 428      2AF21F7E 
 428      1BD68745 
 428      446E34F9 
 428      19C34D5F 
 429 0e91 DF14156B 		.ascii	"\337\024\025k\214\3756\306d\001\006\037Wh\313\267\026"
 429      8CFD36C6 
 429      6401061F 
 429      5768CBB7 
 429      16
 430 0ea2 3FA32536 		.ascii	"?\243%6\034\030\001\342!\304\027\033\026\273Yk6}\265"
 430      1C1801E2 
 430      21C4171B 
 430      16BB596B 
 430      367DB5
 431 0eb5 DEBC01AC 		.ascii	"\336\274\001\254\374\364z\002\012\316\354\317\231\227"
 431      FCF47A02 
 431      0ACEECCF 
 431      9997
 432 0ec3 70E6A59C 		.ascii	"p\346\245\234y\0316/Y\252\2112\033c#\302\271\2300\365"
 432      7919362F 
 432      59AA8932 
 432      1B6323C2 
 432      B99830F5 
 433 0ed7 E6188B99 		.ascii	"\346\030\213\231\263\370s\226%\234e)gY\306Y\226s\226"
 433      B3F87396 
 433      259C6529 
 433      6759C659 
 433      967396
 434 0eea DF7196FF 		.ascii	"\337q\226\377\346,\277\347,\237r\226?`\313\022\177\220"
 434      E62CBFE7 
 434      2C9F7296 
 434      3F60CB12 
 434      7F90
 435 0efc 25204B41 		.ascii	"% KA\226\201,\007\371\235\333\2271\22603xd1\231\377"
 435      96812C07 
 435      F99DDB97 
 435      31963033 
 435      78643199 
 436 0f11 650A5787 		.ascii	"e\012W\207E\2547k\203\202\327\031\377\012\261\351B>"
 436      45AC376B 
 436      8382D719 
 436      FF0AB1E9 
 436      423E
 437 0f23 0FFD3CE4 		.ascii	"\017\375<\344\213\317W\372\273\005\005\007\006\206\220"
 437      8BCF57FA 
ARM GAS  /tmp/cch307I5.s 			page 35


 437      BB050507 
 437      068690
 438 0f32 DF80104D 		.ascii	"\337\200\020MP\360\312PP\326|\021\024\342O\177\227\270"
 438      50F0CA50 
 438      50D67C11 
 438      14E24F7F 
 438      97B8
 439 0f44 6C7008D6 		.ascii	"lp\010\326/pM\350\352PG\225\223\006\017\333\260\234"
 439      2F704DE8 
 439      EA504795 
 439      93060FDB 
 439      B09C
 440 0f56 D487D1F8 		.ascii	"\324\207\321\370\225)\326\030\024\014Ls\326G}\263\376"
 440      9529D618 
 440      140C4C73 
 440      D6477DB3 
 440      FE
 441 0f67 5B8B3172 		.ascii	"[\2131rc\024T\357\362\377\210+h\323\3060\240\3231\272"
 441      631454EF 
 441      F2FF882B 
 441      68D3C630 
 441      A0D331BA 
 442 0f7b E0D06078 		.ascii	"\340\320`x\262\260'mh\340\012\032\206[`\360\272\325"
 442      B2B0276D 
 442      68E00A1A 
 442      865B60F0 
 442      BAD5
 443 0f8d 2BD5AB03 		.ascii	"+\325\253\003CC\324_\374um\210[\300\352\220\300\020"
 443      4343D45F 
 443      FC756D88 
 443      5BC0EA90 
 443      C010
 444 0f9f 0C       		.ascii	"\014"
 445 0fa0 963104E5 		.ascii	"\2261\004\345N\332\374Sc\254\216\265><\341\320U\301"
 445      4EDAFC53 
 445      63AC8EB5 
 445      3E3CE1D0 
 445      55C1
 446 0fb2 6EA1AB08 		.ascii	"n\241\253\010<0\010~V\221\237\225\360\343\266fMP@\210"
 446      3C30087E 
 446      56919F95 
 446      F0E3B666 
 446      4D504088 
 447 0fc6 7A05F909 		.ascii	"z\005\371\011\000\035\007\007\205\340\225 \001+C\324"
 447      001D0707 
 447      85E09520 
 447      012B43D4 
 448 0fd6 5016A25E 		.ascii	"P\026\242^\035\032\020\002\346\002\002C\346\322\006"
 448      1D1A1002 
 448      E6020243 
 448      E6D206
 449 0fe5 8F8A0EFB 		.ascii	"\217\212\016\373\247\324\241u\322\2539\314\311\025\001"
 449      A7D4A175 
 449      D2AB39CC 
 449      C91501
 450 0ff4 A19F0787 		.ascii	"\241\237\007\207\254\376\031}\277i\243\023"
 450      ACFE197D 
ARM GAS  /tmp/cch307I5.s 			page 36


 450      BF69A313 
 451 1000 D843F6F2 		.ascii	"\330C\366\362\337,m\020\306"
 451      DF2C6D10 
 451      C6
 452              		.text
 453              		.section	.gnu.lto_.symtab.8728fd9ea9b8d746,"",%progbits
 454 0000 5F706F72 		.ascii	"_port_irq_epilogue\000\000\000\000\000\000\000\000\000"
 454      745F6972 
 454      715F6570 
 454      696C6F67 
 454      75650000 
 455 001b 000000B3 		.ascii	"\000\000\000\263\000\000\000SVC_Handler\000\000\000"
 455      00000053 
 455      56435F48 
 455      616E646C 
 455      65720000 
 456 0030 00000000 		.ascii	"\000\000\000\000\000\000\000\000\000\265\000\000\000"
 456      00000000 
 456      00B50000 
 456      00
 457 003d 5F706F72 		.ascii	"_port_switch_from_isr\000\000\002\000\000\000\000\000"
 457      745F7377 
 457      69746368 
 457      5F66726F 
 457      6D5F6973 
 458 005a 00000000 		.ascii	"\000\000\000\000\257\000\000\000_port_exit_from_isr"
 458      AF000000 
 458      5F706F72 
 458      745F6578 
 458      69745F66 
 459 0075 00000200 		.ascii	"\000\000\002\000\000\000\000\000\000\000\000\000\261"
 459      00000000 
 459      00000000 
 459      B1
 460 0082 00000063 		.ascii	"\000\000\000chSchIsPreemptionRequired\000\000\002\000"
 460      68536368 
 460      49735072 
 460      65656D70 
 460      74696F6E 
 461 00a2 00000000 		.ascii	"\000\000\000\000\000\000\000\000\275\000\000\000"
 461      00000000 
 461      BD000000 
 462              		.text
 463              		.section	.gnu.lto_.opts,"",%progbits
 464 0000 272D666E 		.ascii	"'-fno-trapv' '-mcpu=cortex-m4' '-mfloat-abi=hard' '"
 464      6F2D7472 
 464      61707627 
 464      20272D6D 
 464      6370753D 
 465 0033 2D6D6670 		.ascii	"-mfpu=fpv4-sp-d16' '-mno-thumb-interwork' '-mthumb'"
 465      753D6670 
 465      76342D73 
 465      702D6431 
 465      36272027 
 466 0066 20272D67 		.ascii	" '-ggdb' '-Os' '-fomit-frame-pointer' '-falign-func"
 466      67646227 
 466      20272D4F 
ARM GAS  /tmp/cch307I5.s 			page 37


 466      73272027 
 466      2D666F6D 
 467 0099 74696F6E 		.ascii	"tions=16' '-ffunction-sections' '-fdata-sections' '"
 467      733D3136 
 467      2720272D 
 467      6666756E 
 467      6374696F 
 468 00cc 2D666E6F 		.ascii	"-fno-common' '-flto' '-fsingle-precision-constant'\000"
 468      2D636F6D 
 468      6D6F6E27 
 468      20272D66 
 468      6C746F27 
 469              		.text
 470              		.comm	__gnu_lto_v1,1,1
 471              		.comm	__gnu_lto_slim,1,1
 472              		.ident	"GCC: (15:4.9.3+svn231177-1) 4.9.3 20150529 (prerelease)"
ARM GAS  /tmp/cch307I5.s 			page 38


DEFINED SYMBOLS
                            *ABS*:0000000000000000 chcore_v7m.c
                            *COM*:0000000000000001 __gnu_lto_v1
                            *COM*:0000000000000001 __gnu_lto_slim

NO UNDEFINED SYMBOLS
