ARM GAS  /tmp/ccRnUO50.s 			page 1


   1              		.syntax unified
   2              		.cpu cortex-m4
   3              		.eabi_attribute 27, 1
   4              		.eabi_attribute 28, 1
   5              		.fpu fpv4-sp-d16
   6              		.eabi_attribute 20, 1
   7              		.eabi_attribute 21, 1
   8              		.eabi_attribute 23, 3
   9              		.eabi_attribute 24, 1
  10              		.eabi_attribute 25, 1
  11              		.eabi_attribute 26, 1
  12              		.eabi_attribute 30, 4
  13              		.eabi_attribute 34, 1
  14              		.eabi_attribute 18, 4
  15              		.thumb
  16              		.file	"chmempools.c"
  17              		.text
  18              	.Ltext0:
  19              		.section	.gnu.lto_.profile.14e3aa72df71d36b,"",%progbits
  20 0000 789C6366 		.ascii	"x\234cf```a\200\000F\206\000\035\000\001@\000\205"
  20      60606061 
  20      80004686 
  20      001D0001 
  20      400085
  21              		.text
  22              		.section	.gnu.lto_.jmpfuncs.14e3aa72df71d36b,"",%progbits
  23 0000 789C6366 		.ascii	"x\234cf\300\016\034\2414\033\0033###{}}=\220b\254g\004"
  23      C00E1CA1 
  23      341B0333 
  23      2323237B 
  23      7D7D3D90 
  24 0018 0A1D60E0 		.ascii	"\012\035`\340b\002q\030\231\313\201<f \233\271\276\236"
  24      62027118 
  24      99CB813C 
  24      66209BB9 
  24      BE9E
  25 002a 0542B1C2 		.ascii	"\005B\261\302T3\201%\201\000\000\003\016\007\300"
  25      54338125 
  25      81000003 
  25      0E07C0
  26              		.text
  27              		.section	.gnu.lto_.inline.14e3aa72df71d36b,"",%progbits
  28 0000 789C6D4F 		.ascii	"x\234mO\273n\0021\020\234Y\333\330@\244\334!\241H\327"
  28      BB6E0231 
  28      109C59DB 
  28      D840A4DC 
  28      21A148D7 
  29 0014 40474749 		.ascii	"@GGI\315\027\360\035\241\3117\\\231.t\224\320!\212H"
  29      CD17F01D 
  29      A1C9375C 
  29      992E7494 
  29      D0218A48 
  30 0028 29EF2F02 		.ascii	")\357/\002\3355(M\204(\241\244\313\332\216Reey\3669"
  30      DD35284D 
  30      8428A1A4 
  30      CBDA8E52 
  30      656579F6 
ARM GAS  /tmp/ccRnUO50.s 			page 2


  31 003d 3B6BF0BF 		.ascii	";k\360\277\015\231\261\243\317\021b\232't\333\231\304"
  31      0D99B1A3 
  31      CF11629A 
  31      2774DB99 
  31      C4
  32 004e 1C51F6E8 		.ascii	"\034Q\366\350\261\344\2442\300s\206\345M\370\365\375"
  32      B1E4A432 
  32      C07386E5 
  32      4DF8F5FD 
  33 005e 790C17B9 		.ascii	"y\014\027\271\307.\356X\231\271V3\022&\016fo\334\213"
  33      C72EEE58 
  33      99B95633 
  33      12260E66 
  33      6FDC8B
  34 0071 CCDB9180 		.ascii	"\314\333\221\200\027?\027\270\327\211\346[\326\014\032"
  34      173F17B8 
  34      D789E65B 
  34      D60C1A
  35 0080 344111DC 		.ascii	"4A\021\334\263\226B\343_\007\346}`\301\267\216M\032"
  35      B39642E3 
  35      5F07E67D 
  35      60C1B78E 
  35      4D1A
  36 0092 5C09CD71 		.ascii	"\\\011\315q\265\020\204B\365\331\355(3\252\231\007\304"
  36      B5108442 
  36      F5D9ED28 
  36      33AA9907 
  36      C4
  37 00a3 8A89CA99 		.ascii	"\212\211\312\2316[9<\"\\\247i\241\315\177\354\264\010"
  37      365B393C 
  37      225CA769 
  37      A1CD7FEC 
  37      B408
  38 00b5 5E877D3B 		.ascii	"^\207};\373;\316\241\377AR\364~\351\256\317\016~\363"
  38      FB3BCEA1 
  38      FF4152F4 
  38      7EE9AECF 
  38      0E7EF3
  39 00c8 22B08956 		.ascii	"\"\260\211V[O~\265\300\017h\201%\357"
  39      5B4F7EB5 
  39      C00F6881 
  39      25EF
  40              		.text
  41              		.section	.gnu.lto_.pureconst.14e3aa72df71d36b,"",%progbits
  42 0000 789C6366 		.ascii	"x\234cf``\340e\200\0006\006)F)&+f)\026+VI\000\006\360"
  42      6060E065 
  42      80003606 
  42      29462926 
  42      2B662916 
  43 001a 0101     		.ascii	"\001\001"
  44              		.text
  45              		.section	.gnu.lto_chPoolObjectInit.14e3aa72df71d36b,"",%progbits
  46 0000 789C9590 		.ascii	"x\234\225\220\317k\023Q\020\307\337w\336\3566\220\226"
  46      CF6B1351 
  46      10C7DF77 
  46      DEEE3690 
  46      96
ARM GAS  /tmp/ccRnUO50.s 			page 3


  47 0011 8AA79293 		.ascii	"\212\247\222\223\227P\241dW\2507/\202 \336z\360\017"
  47      9750A164 
  47      57A8372F 
  47      8220DE7A 
  47      F00F
  48 0023 108C8106 		.ascii	"\020\214\201\006\014\011\211x\360\322\267\265\036\004"
  48      0C098978 
  48      F0D2B7B5 
  48      1E04
  49 0031 0FD5A214 		.ascii	"\017\325\242\024l\261\020\213?\252\255I\255\277N\253"
  49      6CB1108B 
  49      3FAAAD49 
  49      ADBF4EAB 
  50 0041 5EF46063 		.ascii	"^\364`c\241\305_\240\026\"\330C1\321@\335C\2513\233"
  50      A1C55FA0 
  50      1622D843 
  50      31D140DD 
  50      43A9339B 
  51 0055 0A522FBA 		.ascii	"\012R/\272\360\2307o\347\373\231\231\257V\177\177\011"
  51      F098376F 
  51      E7FB9999 
  51      AF567F7F 
  51      09
  52 0066 3E03A4D4 		.ascii	">\003\244\324\001\216\320\0124\272\250\224\037#@.\012"
  52      018ED00A 
  52      34BAA894 
  52      1F23402E 
  52      0A
  53 0077 6A883084 		.ascii	"j\2100\2045j\022F\203\231\361x\357\2641\246Q\235\357"
  53      356A1246 
  53      8399F178 
  53      EFB431A6 
  53      519DEF
  54 008a 39D713B2 		.ascii	"9\327\023\262\354\007\2651\270\201^.\361\227\316\237"
  54      EC07B531 
  54      B8815E2E 
  54      F197CE9F 
  55 009a EDD47D50 		.ascii	"\355\324}P|\177<\333z\025\377J!a\217\244O.\275\030w"
  55      7C7F3CDB 
  55      7A15FF4A 
  55      21618FA4 
  55      4F2EBD18 
  56 00af 24254BD2 		.ascii	"$%K\322\325\353\317\246\220,\0333\034,V\315A+$\215\233"
  56      D5EBCFA6 
  56      902C1B33 
  56      1C2C56CD 
  56      412B248D 
  57 00c4 D0CCC32D 		.ascii	"\320\314\303-$p\033\011\305O\0123Hr\365\353\227\376"
  57      24701B09 
  57      C54F0A33 
  57      4872F5EB 
  57      97FE
  58 00d6 876EED46 		.ascii	"\207n\355F\334\326\267\347o;\333\312\265\266\322\302"
  58      DCD6B7E7 
  58      6F3BDBCA 
  58      B5B6D2C2 
  59 00e6 9D9D4A4B 		.ascii	"\235\235JK\341n\244\014>\233\365.\335\037)\247.^\236"
ARM GAS  /tmp/ccRnUO50.s 			page 4


  59      E16EA40C 
  59      3E9BF52E 
  59      DD1F29A7 
  59      2E5E9E
  60 00f9 B6DACA0B 		.ascii	"\266\332\312\013e\347HH6fw\012m\2059$\245\2729\262\371"
  60      65E74848 
  60      3666770A 
  60      6D853924 
  60      A5BA39B2 
  61 010e 26EE8CF0 		.ascii	"&\356\214\360\272\2736\177o\212{p\300qnw`\266\266\312"
  61      BABB367F 
  61      6F8A7B70 
  61      C0716E77 
  61      60B6B6CA 
  62 0122 B5A72B0E 		.ascii	"\265\247+\016\304+\236\322\202tt\020\311U\235\253\305"
  62      C42B9ED2 
  62      82747410 
  62      C9559DAB 
  62      C5
  63 0133 C02F4412 		.ascii	"\300/D\022\365{\0147\032\265\246\026\000\263?\325kK"
  63      F57B0C37 
  63      1AB5A616 
  63      00B33FD5 
  63      6B4B
  64 0145 3131432B 		.ascii	"11C+i\265\360\363\332z\327$\256\372\306\004vH\316\006"
  64      69B5F0F3 
  64      DA7AD724 
  64      AEFAC604 
  64      7648CE06 
  65 0159 112A3C8E 		.ascii	"\021*<\216\374\233h\215\275\353N\365\205\324\201*&\361"
  65      FC9B688D 
  65      BDEB4EF5 
  65      85D4812A 
  65      26F1
  66 016b 3D321CF3 		.ascii	"=2\034\363H\375\211\351\340\247\373,\3406W*\313\253"
  66      48FD89E9 
  66      E0A7FB2C 
  66      E036572A 
  66      CBAB
  67 017d F6769B7F 		.ascii	"\366v\233\177\342ZX\210\270\262\027\036 \265\301\346"
  67      E25A5888 
  67      B8B2171E 
  67      20B5C1E6 
  68 018d 09A7B95C 		.ascii	"\011\247\271\\\371/\216\215\207\021'\362\351\221p\034"
  68      F92F8E8D 
  68      871127F2 
  68      E991701C 
  69 019d F5117EB0 		.ascii	"\365\021~\260rX(2u\235{\260\031\\\260\327u\275C\203"
  69      72582832 
  69      759D7BB0 
  69      195CB0D7 
  69      75BD4383 
  70 01b1 D9E3D981 		.ascii	"\331\343\331\201\243\307\372\335}\356~/_\362\212\247"
  70      A3C7FADD 
  70      7DEE7E2F 
  70      5FF28AA7 
  71 01c1 BC5231ED 		.ascii	"\274R1\355\245\007s\231\\!\237?Yr\323\212r\005\253\224"
ARM GAS  /tmp/ccRnUO50.s 			page 5


  71      A5077399 
  71      5C219F3F 
  71      5972D38A 
  71      7205AB94 
  72 01d5 3D938915 		.ascii	"=\223\211\025\212\371\323\331\023\231\342/\377\335\337"
  72      8AF9D3D9 
  72      1399E22F 
  72      FFDDDF
  73 01e4 58       		.ascii	"X"
  74              		.text
  75              		.section	.gnu.lto_chPoolAllocI.14e3aa72df71d36b,"",%progbits
  76 0000 789C7592 		.ascii	"x\234u\222\337K\024Q\024\307\317\367\336\231\331]g\245"
  76      DF4B1451 
  76      14C7CFF7 
  76      DE99D95D 
  76      67A5
  77 0012 257A92A0 		.ascii	"%z\222\240@d\003q\267\237\217F\320K\017A\017\375\001"
  77      40640371 
  77      B79F8F46 
  77      D04B0F41 
  77      0FFD01
  78 0025 851268B4 		.ascii	"\205\022h\264\255h\357\336]\267\007_\"\254\207\300\026"
  78      AD68EFDE 
  78      5DB7075F 
  78      22AC87C0 
  78      16
  79 0036 138B324B 		.ascii	"\023\2132KS\323\322 \027)\221\262\037>T(R*\032\005\005"
  79      53D3D220 
  79      172991B2 
  79      1F3E5428 
  79      522A1A05 
  80 004b 6E1A3A90 		.ascii	"n\032:\220l\347\316h\376l`\346\316=s\317\367\3739\347"
  80      6CE7CE68 
  80      FE6C60E6 
  80      CE3D73CF 
  80      F7FB39E7 
  81 005f 8CA4ADD7 		.ascii	"\214\244\255\327I\276S\222\350 \257\360\021\304\325"
  81      49BE5392 
  81      E820AFF0 
  81      11C4D5
  82 006e B74409BF 		.ascii	"\267D\011\277\0202]J*\317\230\017\221\012JX^\330\020"
  82      10325D4A 
  82      2ACF980F 
  82      910A4A58 
  82      5ED810
  83 0081 66A30E5B 		.ascii	"f\243\016[\277u\330\\\015[\200~!P\255\220\206i\241\026"
  83      BF75D85C 
  83      0D5B807E 
  83      2150AD90 
  83      8669A116 
  84 0095 DF4556A0 		.ascii	"\337EV\240\257}\341\215\375M8\202\366\022o\373\033\206"
  84      AF7DE18D 
  84      FD4D3882 
  84      F6126FFB 
  84      1B86
  85 00a7 6F587A0B 		.ascii	"oXz\013Co\033\206\372\347\314\360\035\245\222s\311\201"
  85      436F1B86 
ARM GAS  /tmp/ccRnUO50.s 			page 6


  85      FAE7CCF0 
  85      1DA59273 
  85      C981
  86 00b9 89E0E513 		.ascii	"\211\340\345\023\216\0204/\010wQ\200{(\320\202\255\010"
  86      8E10342F 
  86      08775180 
  86      7B28D082 
  86      AD08
  87 00cb F3C9C468 		.ascii	"\363\311\304h}]P\026CgM\335\036\274\205\242\026\316"
  87      7D5D5016 
  87      43674DDD 
  87      1EBC85A2 
  87      16CE
  88 00dd CABCEE52 		.ascii	"\312\274\356R\307\014GH\334\207\\\237\307!B\033\212"
  88      C70C4748 
  88      DC875C9F 
  88      C721421B 
  88      8A
  89 00ee F4F12BCD 		.ascii	"\364\361+\315\357'}2\342\246.\215\217<\267\012\2339"
  89      EF277D32 
  89      E2A62E8D 
  89      8F3CB70A 
  89      9B39
  90 0100 75D26919 		.ascii	"u\322i\031\012\252a\225\232\314\345\366\260-\036lT\360"
  90      0AAA6195 
  90      9ACCE5F6 
  90      B02D1E6C 
  90      54F0
  91 0112 2E4EC9A6 		.ascii	".N\311\246\226?\331VJ)\025\302C\024.\013\322\204\014"
  91      963FD956 
  91      4A2915C2 
  91      43142E0B 
  91      D2840C
  92 0125 D60E0BBC 		.ascii	"\326\016\013\274\350`\307\316\214\312\345\272\377d\353"
  92      E860C7CE 
  92      8CCAE5BA 
  92      FF64EB
  93 0134 C3AD2208 		.ascii	"\303\255\"\010\3221\003\032\300t\337-\0062\374\3740"
  93      D231031A 
  93      C074DF2D 
  93      0632FCFC 
  93      30
  94 0145 03FCB06C 		.ascii	"\003\374\260l7H4\303:\272k\263\\5\257r\034\311\336\316"
  94      374834C3 
  94      3ABA6BB3 
  94      5C35AF72 
  94      1CC9DECE 
  95 0159 5C426AE9 		.ascii	"\\Bj\351Ea\262\371\227\231w\243~\335/\351\262\364,5"
  95      4561B2F9 
  95      979977A3 
  95      7EDD2FE9 
  95      B2F42C35 
  96 016d FDCC4FA3 		.ascii	"\375\314O\2431\241Tf\267#|\213\302@\207\206\345o7\027"
  96      31A15466 
  96      B7237C8B 
  96      C2408786 
  96      E56F3717 
ARM GAS  /tmp/ccRnUO50.s 			page 7


  97 0181 AE8DED28 		.ascii	"\256\215\355()f#<B\032\2774#\241\023%\364\021Iu\300"
  97      2966233C 
  97      421ABF34 
  97      23A11325 
  97      F4114975 
  98 0196 C56557D6 		.ascii	"\305eW\326\245\017H\215\325\265\\\267V|\020\366\312"
  98      A50F488D 
  98      D5B55CB7 
  98      567C10F6 
  98      CA
  99 01a7 9D659774 		.ascii	"\235e\227t\251K\221}1\355\363\276Z\353)\214\015\024"
  99      A94B917D 
  99      31EDF3BE 
  99      5AEB298C 
  99      0D14
 100 01b9 70845FA7 		.ascii	"p\204_\247wm%\350v\011\240\011\0363\001K6L\355\322\202"
 100      776D25E8 
 100      7609A009 
 100      1E33014B 
 100      364CEDD2 
 101 01ce 9B8AF0FD 		.ascii	"\233\212\360\375\277\210\236\265\"zQ\302 .\241A\363"
 101      BF889EB5 
 101      227A51C2 
 101      202EA141 
 101      F3
 102 01df 218FF0E5 		.ascii	"!\217\360\345\364J\237\374\033\221\266\327\013\340\211"
 102      F44A9FFC 
 102      1B91B6D7 
 102      0BE089
 103 01ee ABE74EEE 		.ascii	"\253\347N\356)#\271=\270\270\246\360\257\306\000\037"
 103      2923B93D 
 103      B8B8A6F0 
 103      AFC6001F 
 104 01fe E8C36A47 		.ascii	"\350\303jGLj\312\367\34624\270\342\027\330T\303\321"
 104      4C6ACAF7 
 104      E63234B8 
 104      E217D854 
 104      C3D1
 105 0210 6D3DDB94 		.ascii	"m=\333\2247\243<\364\273\306R\033?c\343\011\244\324"
 105      37A33CF4 
 105      BBC6521B 
 105      3F63E309 
 105      A4D4
 106 0222 114FC966 		.ascii	"\021O\311fkbAG\330<$\2616\"\333\365\266\334\237\202"
 106      6B624147 
 106      D83C24B1 
 106      3622DBF5 
 106      B6DC9F82 
 107 0236 A717222F 		.ascii	"\247\027\"/\014\372\214D\246\363\025\274tn\357W\200"
 107      0CFA8C44 
 107      A6F315BC 
 107      746EEF57 
 107      80
 108 0247 27207F0C 		.ascii	"' \177\014\234\345\305`-\333\034\031\255\340\037\013"
 108      9CE5C560 
 108      2DDB1C19 
 108      ADE01F0B 
ARM GAS  /tmp/ccRnUO50.s 			page 8


 109 0257 3A978BDD 		.ascii	":\227\213\335\027\211D\217WT\226U\236:}\346Pd\177\344"
 109      1789448F 
 109      57549655 
 109      9E3A7DE6 
 109      50647FE4 
 110 026b 70345E13 		.ascii	"p4^\023\255\276\024\255\251.\217\226W\304\316\305\252"
 110      ADBE14AD 
 110      A92E8F96 
 110      57C4CEC5 
 110      AA
 111 027c E2F10B35 		.ascii	"\342\361\0135\221r\022\261*#^v\276\352/,\014D\370"
 111      917212B1 
 111      2A235E76 
 111      BEEA2F2C 
 111      0C44F8
 112              		.text
 113              		.section	.gnu.lto_chPoolAlloc.14e3aa72df71d36b,"",%progbits
 114 0000 789C8D92 		.ascii	"x\234\215\222\357KSQ\030\307\317s\356\335\335\322\275"
 114      EF4B5351 
 114      18C7CF73 
 114      EEDDDDD2 
 114      BD
 115 0011 905EF4C2 		.ascii	"\220^\364\3027\033\210\030\024\273\206\202o\202\012"
 115      371B8818 
 115      14BB8682 
 115      6F820A
 116 0020 21EAC508 		.ascii	"!\352\305\010\334\037 \272\006[8\357\3304\364\205x\267"
 116      DC1F20BA 
 116      065B38EF 
 116      D834F485 
 116      78B7
 117 0032 26269188 		.ascii	"&&\221\210\025i\221(9\372a\315R\313\\ij\"b\277\264\037"
 117      15699128 
 117      39FA61CD 
 117      52CB5C69 
 117      6A2262BF 
 118 0048 46297A33 		.ascii	"F)z3\205\"\003m\231^D\326sn):\025\2720\316\3169\337"
 118      8522036D 
 118      995E44D6 
 118      736E293A 
 118      15BA30CE 
 119 005f EF79BEE7 		.ascii	"\357y\276\347\363\034\216l\375\222\361\327\307\021\362"
 119      F31C8E6C 
 119      FD92F1D7 
 119      C711F2
 120 006e 0547E008 		.ascii	"\005G\340\010\320\232W\204\370\015\024\200\375!@\312"
 120      D09A5784 
 120      F80D1480 
 120      FD2140CA 
 121 007e 2994C337 		.ascii	")\224\3037\272@\241+\374\353e\342W\252Rb&8\215\324\016"
 121      BA40A12B 
 121      FCEB65E2 
 121      57AA5262 
 121      26388DD4 
 122 0093 D5096C0A 		.ascii	"\325\011l\012<\233\326\016F\346ui!Y\016\314\277y?a\254"
 122      3C9BD60E 
 122      46E67569 
ARM GAS  /tmp/ccRnUO50.s 			page 9


 122      21590ECC 
 122      BF793F61 
 123 00a8 38A6524A 		.ascii	"8\246RJ\242\224\300\015H\206\233\300\352\300-HC\245"
 123      A294C00D 
 123      48869BC0 
 123      EAC02D48 
 123      43A5
 124 00ba 7FB4EA8C 		.ascii	"\177\264\352\214\221\333\007\314\365\271\271\277\021"
 124      91DB07CC 
 124      F5B9B9BF 
 124      11
 125 00c7 52AFA3AB 		.ascii	"R\257\243\253w\270M>\314\253\224\203\333\300m\364\341"
 125      77B84D3E 
 125      CCAB9483 
 125      DBC06DF4 
 125      E1
 126 00d8 12811648 		.ascii	"\022\201\026He\362\352\246\021E\317Y4\353\362\247\027"
 126      65F2EAA6 
 126      1145CF59 
 126      34EBF2A7 
 126      17
 127 00e9 3D424A13 		.ascii	"=BJ\023Z\225ph\320(\017\311A%\0263aY\270\263\371\204"
 127      5A957068 
 127      D0280FC9 
 127      41251633 
 127      6159B8B3 
 128 00ff BF1F5A16 		.ascii	"\277\037Z\026\202\253\037\022\205\240,\313Ip\027RX<"
 128      82AB1F12 
 128      85A02CCB 
 128      49701752 
 128      583C
 129 0111 4C150601 		.ascii	"L\025\006\001p`+\255\273{\345X,:6]\225\325B\365\034"
 129      70602BAD 
 129      BB7BE558 
 129      2C3A365D 
 129      95D542F5 
 130 0126 B0BA3AA2 		.ascii	"\260\272:\242i\311\014\212\031\223Y\274\027\216\334"
 130      69C90C8A 
 130      199359BC 
 130      178EDC
 131 0135 180492D8 		.ascii	"\030\004\222\330\241\321\026\371\"\307eh\231\276\277"
 131      A1D116F9 
 131      22C76568 
 131      99BEBF
 132 0144 6B0A2568 		.ascii	"k\012%h\231\346\325\345\253{\352\345\306@\015\036x\010"
 132      99E6D5E5 
 132      AB7BEAE5 
 132      C6400D1E 
 132      7808
 133 0156 54CA43EB 		.ascii	"T\312C\353v\251\340\036\2440\016\347\027\333\201\301"
 133      76A9E01E 
 133      A4300EE7 
 133      17DB81C1 
 134 0166 E4CD04EE 		.ascii	"\344\315\004\356\343\3568\004\246;+g\353\204M\261\225"
 134      E3EE3804 
 134      A63B2B67 
 134      EB844DB1 
ARM GAS  /tmp/ccRnUO50.s 			page 10


 134      95
 135 0177 6018B4C0 		.ascii	"`\030\264\300Q\012\233/\244\324\234\233\304\244ml\213"
 135      510A9B2F 
 135      A4D49C9B 
 135      C4A46D6C 
 135      8B
 136 0188 C66DFD5C 		.ascii	"\306m\375\\\315be\010\264\263].\216\004\201\016\020"
 136      CD626508 
 136      B4B35D2E 
 136      8E04810E 
 136      10
 137 0199 30C80386 		.ascii	"0\310\003\206\001\310\020\340\366\324\334\362\005\316"
 137      01C810E0 
 137      F6D4DCF2 
 137      05CE
 138 01a7 F411AEC9 		.ascii	"\364\021\256\311uf\225\352\230\343\322\370\212?\201"
 138      756695EA 
 138      98E3D2F8 
 138      8A3F81
 139 01b6 4706F010 		.ascii	"G\006\360\020L\032\315+\025\227\353\215\270\002\235"
 139      4C1ACD2B 
 139      1597EB8D 
 139      B8029D
 140 01c5 C06B9909 		.ascii	"\300k\231\011<\002\0367\206+\033\177\363\246\211\177"
 140      3C021E37 
 140      862B1B7F 
 140      F3A6897F 
 141 01d5 6E816947 		.ascii	"n\201iG\346\006#\2734w\027sC\004\037\315\004\004\225"
 141      E60623BB 
 141      34771773 
 141      43041FCD 
 141      040495
 142 01e8 50B80FD8 		.ascii	"P\270\017\330}\226\250\016U\015o\253\303\264lE>+\033"
 142      7D96A80E 
 142      550D6FAB 
 142      C3B46C45 
 142      3E2B1B
 143 01fb 54AA8F52 		.ascii	"T\252\217R\036\225\217\241\214,QN\245\0062\006Tk\026"
 143      1E958FA1 
 143      8C2C514E 
 143      A5063206 
 143      546B16
 144 020e B603F564 		.ascii	"\266\003\365d\255\001\033\241w4\374\027\364'\032\364"
 144      AD011BA1 
 144      7734FC17 
 144      F4271AF4 
 145 021e A999D7A3 		.ascii	"\251\231\327\243\006\015:.u\357\014}`\035\272n\013\273"
 145      060D3A2E 
 145      75EF0C7D 
 145      601DBA6E 
 145      0BBB
 146 0230 1EC62EAE 		.ascii	"\036\306.\256\023\317\027\261\023O\231^\210\357\304"
 146      13CF17B1 
 146      134F995E 
 146      88EFC4
 147 023f E241569B 		.ascii	"\342AV\233@\357\366\235\350\323:\321\277\241\023\315"
 147      40EFF69D 
ARM GAS  /tmp/ccRnUO50.s 			page 11


 147      E8D33AD1 
 147      BFA113CD 
 148 024f 3F9488B0 		.ascii	"?\224\210\260\006\271[\203\374L\203\034Ot\000\211N\202"
 148      06B95B83 
 148      FC4C831C 
 148      4F740089 
 148      4E82
 149 0261 5F09B6AE 		.ascii	"_\011\266\256\001%\354\315\002{\253\250\332k\261\210"
 149      0125ECCD 
 149      027BABA8 
 149      DA6BB188 
 150 0271 D94E57BE 		.ascii	"\331NW\276\353\204-7\303\222n\311\024%\237\350-\022"
 150      EB842D37 
 150      C3926EC9 
 150      14259FE8 
 150      2D12
 151 0283 7D5EBB68 		.ascii	"}^\273hw\272\035n\217$\025\370,vB\335\036^\312?\345"
 151      77BA1D6E 
 151      8F2415F8 
 151      2C7642DD 
 151      1E5ECA3F 
 152 0298 D19DCE2B 		.ascii	"\321\235\316+(v\034\330\301\346\221\274E>\361H\2165"
 152      28761CD8 
 152      C1E691BC 
 152      453EF148 
 152      8E35
 153 02aa DB5A827E 		.ascii	"\333Z\202~\273\344u\344\236\316r[\234$s;\207\243\244"
 153      BBE475E4 
 153      9ECE725B 
 153      9C24733B 
 153      87A3A4
 154 02bd 48CCB6DA 		.ascii	"H\314\266\332\216\333DW\241\275\240\370\244C\324\034"
 154      8EDB4457 
 154      A1BDA0F8 
 154      A443D41C 
 155 02cd 76F7D1E2 		.ascii	"v\367\321\342B;\232\322v(\263\256v\372J}\250K\262\332"
 155      423B9AD2 
 155      7628B3AE 
 155      76FA4A7D 
 155      A84BB2DA 
 156 02e1 72CCF979 		.ascii	"r\314\371y>\207\307\353\332oNM'\324K\364\030^\362\226"
 156      3E87C7EB 
 156      DA6F4E4D 
 156      27D44BF4 
 156      185EF296 
 157 02f5 923F553D 		.ascii	"\222?U=\226\036"
 157      961E
 158              		.text
 159              		.section	.gnu.lto_chPoolFreeI.14e3aa72df71d36b,"",%progbits
 160 0000 789C7591 		.ascii	"x\234u\221\317k\023Q\020\307\337w\336\356\246\220\212"
 160      CF6B1351 
 160      10C7DF77 
 160      DEEEA690 
 160      8A
 161 0011 22822517 		.ascii	"\"\202%\027\205\022*\224\354\012\025\317\202G\017\036"
 161      85122A94 
 161      EC0A15CF 
ARM GAS  /tmp/ccRnUO50.s 			page 12


 161      82470F1E 
 162 0021 FC038486 		.ascii	"\374\003\204\206B*\206,\215\367\276\215\361\340\301"
 162      422A862C 
 162      8DF7BE8D 
 162      F1E0C1
 163 0030 52D24B41 		.ascii	"R\322KA\253\006\025\177\264\2466\332j=-\305C\245X\255"
 163      AB06157F 
 163      B4A636DA 
 163      6A3D2DC5 
 163      43A558AD 
 164 0044 82452B1A 		.ascii	"\202E+\032%\005=\024\2326\322\356\241\304y\033\305\326"
 164      25053D14 
 164      9A36D2EE 
 164      A1C4791B 
 164      C5D6
 165 0056 E28365DE 		.ascii	"\342\203e\336\014\363\375\274\357\314J\261\373\304\370"
 165      0CF3FDBC 
 165      EFCC4AB1 
 165      FBC4F8
 166 0065 EB21218E 		.ascii	"\353!!\216s\204\024\240\301y!\274\026\002\364E@\364"
 166      738414A0 
 166      C17921BC 
 166      1602F445 
 166      40F4
 167 0077 13FAF183 		.ascii	"\023\372\361\203j\204A\177t8\332qG)\265Z^j\273\324\026"
 167      6A84417F 
 167      7438DA71 
 167      4729B55A 
 167      5E6ABBD4 
 168 008c B06C9D9A 		.ascii	"\260l\235\232\030\334E\007\267x\013\227/\266\312N\010"
 168      18DC4507 
 168      B7780B97 
 168      2FB6CA4E 
 168      08
 169 009d BE4F97EA 		.ascii	"\276O\227\352\257\242\337) \034\326\351\363\302\354"
 169      AFA2DF29 
 169      201CD6E9 
 169      F3C2EC
 170 00ac B0A55332 		.ascii	"\260\245S2t\372\365\366\314M\304o)\225\363_\226\325"
 170      74FAF5F6 
 170      CC4DC46F 
 170      2995F35F 
 170      96D5
 171 00be 09232089 		.ascii	"\011# \211{\220\314\303}\304\360\0001\301%\201Q\304"
 171      7B90CCC3 
 171      7DC4F000 
 171      31C12581 
 171      51C4
 172 00d0 B97BA0F8 		.ascii	"\271{\240\370\246\022\221v\310}7\260:f5\225KM\245\201"
 172      A6129176 
 172      C87D37B0 
 172      3A663595 
 172      4B4DA581 
 173 00e4 B17F9586 		.ascii	"\261\177\225\206\300C\304u\373\213o\336fDv\205\322\372"
 173      C043C475 
 173      FB8B6FDE 
 173      66447685 
ARM GAS  /tmp/ccRnUO50.s 			page 13


 173      D2FA
 174 00f6 F5F9B7D1 		.ascii	"\365\371\267\321\366\"K+\237\226\347Z\325\254\312W\032"
 174      F6224B2B 
 174      9F96E75A 
 174      D5ACCA57 
 174      1A
 175 0107 8D430199 		.ascii	"\215C\001\231(\355$4\017Kj\371\255\305\250\225\347\241"
 175      28ED2434 
 175      0F4B6AF9 
 175      ADC5A895 
 175      E7A1
 176 0119 F7611CED 		.ascii	"\367a\034\355[\177f\306#X\3408\276\337W\215\306\372"
 176      5B7F66C6 
 176      2358E038 
 176      BEDF578D 
 176      C6FA
 177 012b 4AE18A53 		.ascii	"J\341\212S\242\010\240\237\225\320\266\015\266a\012"
 177      A208A09F 
 177      95D0B60D 
 177      B6610A
 178 013a 51E56EBD 		.ascii	"Q\345n\275\312e\"\035\345{\344\374\351\271\203\241\236"
 178      CA65221D 
 178      E57BE4FC 
 178      E9B983A1 
 178      9E
 179 014b 811B04F1 		.ascii	"\201\033\004\361\021\271\251Z}\306\324\265\0152\370"
 179      11B9A95A 
 179      7DC6D4B5 
 179      0D32F8
 180 015a D52FD5D7 		.ascii	"\325/\325\327\013-zY241\271yce\317\010\256\" n\220\230"
 180      0B2D7A59 
 180      323431B9 
 180      796365CF 
 180      08AE2220 
 181 0171 D00EB97E 		.ascii	"\320\016\271~\255>\364ao\242S\373/c\004k\341\317\300"
 181      AD3EF461 
 181      6FA253FB 
 181      2F63046B 
 181      E1CFC0
 182 0184 632434B2 		.ascii	"c$4\262P<\240\201\333i\346\016\232\247\224o\005\024"
 182      503CA081 
 182      DB69E60E 
 182      9AA7946F 
 182      0514
 183 0196 610B78B2 		.ascii	"a\013x\262\2338\031\022\365\214\230B\202}\205\320\211"
 183      9B381912 
 183      F58C9842 
 183      827D85D0 
 183      89
 184 01a7 9F6BF237 		.ascii	"\237k\3627v;\307\374\277\263\247\177\235=\323\034\210"
 184      763BC7FC 
 184      BFB3A77F 
 184      9D3DD31C 
 184      88
 185 01b8 CFF0FCC5 		.ascii	"\317\360\374\305S\232\242\253U\256\360b\270\343\210"
 185      539AA2AB 
 185      55AEF062 
ARM GAS  /tmp/ccRnUO50.s 			page 14


 185      B8E388
 186 01c7 6D3B2753 		.ascii	"m;'S\275\335\275\247\317\234\355\262\217\332\307\234"
 186      BDDDBDA7 
 186      CF9CEDB2 
 186      8FDAC79C 
 187 01d7 4CD6E9BB 		.ascii	"L\326\351\273\340d\373\222N2\225\356I\273\231\314\371"
 187      E064FB92 
 187      4E3295EE 
 187      49BB99CC 
 187      F9
 188 01e8 AC9D1494 		.ascii	"\254\235\024\224v\215L\3679W\272)\367\027\337\226\346"
 188      768D4CF7 
 188      3957BA29 
 188      F717DF96 
 188      E6
 189 01f9 32       		.ascii	"2"
 190              		.text
 191              		.section	.gnu.lto_chPoolFree.14e3aa72df71d36b,"",%progbits
 192 0000 789C8D54 		.ascii	"x\234\215T\357o\223U\030\275\347\276?\272_\306\205\020"
 192      EF6F9355 
 192      18BDE7BE 
 192      3FBA5FC6 
 192      8510
 193 0012 25FBB226 		.ascii	"%\373\262&\3132\023\\_\010$|1Q\263\304\304\017\213\011"
 193      CB32135C 
 193      5F08247C 
 193      3151B3C4 
 193      C40F8B09 
 194 0026 FB0308AB 		.ascii	"\373\003\010\253M:\263\322\246\335\010\370\205\267e"
 194      4D3AB3D2 
 194      A6DD08F8 
 194      85B765
 195 0035 048D912C 		.ascii	"\004\215\221,C\343&\016\2670\2428\004\201\001n\352\254"
 195      43E3260E 
 195      B730A238 
 195      0481016E 
 195      EAAC
 196 0047 13B06E30 		.ascii	"\023\260n065\002\303@\035%j\034\311\272\037\322\306"
 196      363502C3 
 196      401D256A 
 196      1CC9BA1F 
 196      D2C6
 197 0059 90F93CB7 		.ascii	"\220\371<\267\035\256]\027m\322\274}\357\363\234\363"
 197      1DAE5D17 
 197      6DD2BC7D 
 197      EFF39CF3 
 198 0069 9C7BEE3D 		.ascii	"\234{\356=\325\304\352O\005}_7\204\370\215\236\320\004"
 198      D5C4EA4F 
 198      057D5F37 
 198      84F88D9E 
 198      D004
 199 007b 64FBB810 		.ascii	"d\373\270\020\341\"\011\360\017\001\261Ob\037\376\220"
 199      E12209F0 
 199      0F01B14F 
 199      621FFE90 
 200 008b 4989F668 		.ascii	"I\211\366h\177gi\315q\333\266g;\222\033\016lHK!\346"
 200      7F6769CD 
ARM GAS  /tmp/ccRnUO50.s 			page 15


 200      71DBB667 
 200      3B921B0E 
 200      6C484B21 
 201 00a0 6586061F 		.ascii	"e\206\006\037\241\206Z\302\223o\356/\3236B\320\357\301"
 201      A1865AC2 
 201      936FEE2F 
 201      D33642D0 
 201      EFC1
 202 00b2 530BD74A 		.ascii	"S\013\327J\177\227i\011'\277\016u\304:M~\225:\277\376"
 202      7F976909 
 202      27BF0E75 
 202      C43A4D7E 
 202      953ABFFE 
 203 00c6 DA37D283 		.ascii	"\3327\322\203\352c\266\035\211\306\316\332/\350i\251"
 203      EA63B61D 
 203      89C6CEDA 
 203      2FE869A9 
 204 00d6 E16368C4 		.ascii	"\341ch\304\207\023\250\300'\250\020\264$\320\217j\352"
 204      8713A8C0 
 204      27A810B4 
 204      24D08F6A 
 204      EA
 205 00e7 3ED43B11 		.ascii	">\324;\021wh.\305\373\343\241\331\223f\0069\225A\352"
 205      77682EC5 
 205      FBE3A1D9 
 205      93660639 
 205      9541EA
 206 00fa 38998FD4 		.ascii	"8\231\217\324\005>E5\267'\333\036\335(5\333HuyF-N\301"
 206      053E4535 
 206      B727DB1E 
 206      DD2835DB 
 206      48757946 
 207 0111 043D4FAF 		.ascii	"\004=O\257\213\332KK\307\006f\222z\261$\210\241\201"
 207      8BDA4B4B 
 207      C7066692 
 207      7AB12488 
 207      A181
 208 0123 A7E95048 		.ascii	"\247\351PH\221\240^\266\340\276\224\374\324~F\244\234"
 208      91A05EB6 
 208      E0BE94FC 
 208      D47E46A4 
 208      9C
 209 0134 F9E6FBED 		.ascii	"\371\346\373\355w4m\213\222\362\347O\275\307K\252zI"
 209      77346D8B 
 209      92F2E74F 
 209      BDC74BAA 
 209      7A49
 210 0146 CA6C3A75 		.ascii	"\312l:u\344\251.\273'\322N\234\317#-M\234\316\325\224"
 210      E4A92EBB 
 210      27D24E9C 
 210      CF232D4D 
 210      9CCED594 
 211 015a F5E93354 		.ascii	"\365\3513T\361\356\337^<\0076\303t\012\234\241\352m"
 211      F1EEDF5E 
 211      3C0736C3 
 211      740A9CA1 
 211      EA6D
ARM GAS  /tmp/ccRnUO50.s 			page 16


 212 016c 44A62F1E 		.ascii	"D\246/\036\274\337i\346(\216'\246\241\364\316K\344\356"
 212      BCDF69E6 
 212      288E27A6 
 212      A1F4CE4B 
 212      E4EE
 213 017e 25DEFED6 		.ascii	"%\336\376\326\035C\340,\227d^i\356\3216\036#p\216\253"
 213      1D43E02C 
 213      97645E69 
 213      EED1361E 
 213      23708EAB 
 214 0192 5ABE0918 		.ascii	"Z\276\011\030\200IB\316\263\013\0201P\371\356L\352\260"
 214      804942CE 
 214      B30B1031 
 214      50F9EE4C 
 214      EAB0
 215 01a4 56790BDD 		.ascii	"Vy\013\335v\2473-\035\214x\367\366\337\341\022\235<"
 215      76A7332D 
 215      1D8C78F7 
 215      F6DFE112 
 215      9D3C
 216 01b6 C005540A 		.ascii	"\300\005T\012^y\377\300{]e\264\202\213\320\225f\201"
 216      5E79FFC0 
 216      7B5D65B4 
 216      828BD095 
 216      6681
 217 01c8 CFA15361 		.ascii	"\317\241Sa\364`\317_z\345/Yt\021\367N\314\\\031*V\350"
 217      F460CF5F 
 217      7AE52F59 
 217      7411F74E 
 217      CC5C192A 
 218 01de 41466308 		.ascii	"AFc\010\272X6\360\304Dz\314\2211\255#y\263\314\216\331"
 218      BA5836F0 
 218      C4447ACC 
 218      9131AD23 
 218      79B3CC8E 
 219 01f3 6DF1A5A5 		.ascii	"m\361\245\245\312\002\027 k\331\027\250zH\333X\306\247"
 219      CA021720 
 219      6BD917A8 
 219      7A48DB58 
 219      C6A7
 220 0205 A6AE0E9B 		.ascii	"\246\256\016\233\012o\223\341\362\215(\031^\340\016"
 220      0A6F93E1 
 220      F28D2819 
 220      5EE00E
 221 0214 64C15F32 		.ascii	"d\301_2X\015\217\016\216=M\360K\323\341\224CK@\031\272"
 221      580D8F0E 
 221      8E3D4DF0 
 221      4BD3E194 
 221      434B4019 
 222 0229 7074FC87 		.ascii	"pt\374\207\322U\\\006\276*\304\225\343c\264k\034L\316"
 222      D2555C06 
 222      BE2AC495 
 222      E363B46B 
 222      1C4CCE
 223 023c EAB247A4 		.ascii	"\352\262G\244\3479\215a.}\255\334\216\222\333\303\031"
 223      E7398D61 
 223      2E7DADDC 
ARM GAS  /tmp/ccRnUO50.s 			page 17


 223      8E92DBC3 
 223      19
 224 024d 2953885C 		.ascii	")S\210\\H.\214\030\274\366Pr\260\356&\256O\026\361m"
 224      482E8C18 
 224      BCF65072 
 224      B0EE26AE 
 224      4F16F16D 
 225 0261 D0D490F3 		.ascii	"\320\324\220\363\251\017\037<\321\215#a\333.J\313b\332"
 225      A90F1F3C 
 225      D18D2361 
 225      DB2E4ACB 
 225      62DA
 226 0273 3BBE6111 		.ascii	";\276a\021T\372`\341\360\255'k7\262\304\021tc\216\035"
 226      54FA60E1 
 226      F0AD276B 
 226      37B2C411 
 226      74638E1D 
 227 0287 E601F816 		.ascii	"\346\001\370\026\265L\334\321\273\236iWr\032\0058KH"
 227      B54CDCD1 
 227      BB9E6957 
 227      721A0538 
 227      4B48
 228 0299 072EE570 		.ascii	"\007.\345p\366\363\236L&\276\254\210\221%\276\202Z\022"
 228      F6F39E4C 
 228      26BEAC88 
 228      9125BE82 
 228      5A12
 229 02ab A9B8CF2C 		.ascii	"\251\270\317,\316iY\366\377\224\250\350\014\246\373"
 229      CE6959F6 
 229      FF94A8E8 
 229      0CA6FB
 230 02ba 2E47678C 		.ascii	".Gg\214\351\376\275\013+\0034p\364\177\005\350{\025"
 230      E9FEBD0B 
 230      2B033470 
 230      F47F05E8 
 230      7B15
 231 02cc A0C7DB63 		.ascii	"\240\307\333csG\327\016P\337\275\345\000\031\253r0\306"
 231      7347D70E 
 231      50DFBDE5 
 231      0019AB72 
 231      30C6
 232 02de 279397AA 		.ascii	"'\223\227\252\261EJ\325U\3567\363S\265\370\034\317\026"
 232      B1454AD5 
 232      55EE37F3 
 232      53B5F81C 
 232      CF16
 233 02f0 B8563855 		.ascii	"\270V8U\343\352\234\257\257HU\337\203\370\220\271\034"
 233      E3EA9CAF 
 233      AF4855DF 
 233      83F890B9 
 233      1C
 234 0301 98511598 		.ascii	"\230Q\025\230\011\025\230\374tLR:\356 \034\277|\257"
 234      091598FC 
 234      744C523A 
 234      EE201CBF 
 234      7CAF
 235 0313 98B5F236 		.ascii	"\230\265\3626\023t\000\364\257C=\317\270\\V\235\267"
ARM GAS  /tmp/ccRnUO50.s 			page 18


 235      137400F4 
 235      AF433DCF 
 235      B85C569D 
 235      B7
 236 0324 A9B1E995 		.ascii	"\251\261\351\225\206\035[\\\233\\[-\177\310\012\266"
 236      861D5B5C 
 236      9B5C5B2D 
 236      7FC80AB6 
 237 0334 58A1A0DB 		.ascii	"X\241\240\333r{}\036_\300\357o\016\271\334B\372\002"
 237      727B7D1E 
 237      5FC0EF6F 
 237      0EB9DC42 
 237      FA02
 238 0346 BABFF1B5 		.ascii	"\272\277\361\265\200\261{gs\253g\363\032\260\200?\330"
 238      80B17B67 
 238      73AB67F3 
 238      1AB0803F 
 238      D8
 239 0357 12B25EDC 		.ascii	"\022\262^\334^_W\277\207\360n\177\320\263c\3676\237"
 239      5E5F57BF 
 239      87F06E7F 
 239      D0B363F7 
 239      369F
 240 0369 CB2BB616 		.ascii	"\313+\266\026Bx\366\264Xu\365\015/7XM\273\334\315\255"
 240      4278F6B4 
 240      5875F50D 
 240      2F37584D 
 240      BBDCCDAD 
 241 037d AF7A2C85 		.ascii	"\257z,\205p\373^j\335\345&P\315\032c\036w{C{C\324W^"
 241      70FB5E6A 
 241      DDE52650 
 241      CD1A631E 
 241      777B437B 
 242 0395 DFB0DDD9 		.ascii	"\337\260\335\331\2703\344\011\004\233\236uVo\0222(\034"
 242      B833E409 
 242      049B9E75 
 242      566F1232 
 242      281C
 243 03a7 24DE1FDC 		.ascii	"$\336\037\334+\264\2007\360\017\254\2551\270"
 243      2BB48037 
 243      F00FACAD 
 243      31B8
 244              		.text
 245              		.section	.gnu.lto_chPoolLoadArray.14e3aa72df71d36b,"",%progbits
 246 0000 789C7553 		.ascii	"x\234uSMHTQ\024\276\347\274\277\371\013\245\225I\213"
 246      4D485451 
 246      14BEE7BC 
 246      BFF90BA5 
 246      95498B
 247 0013 4044A19C 		.ascii	"@D\241\234\221j\031\024\264\210\026\321\"Z\007N\202"
 247      916A1914 
 247      B48816D1 
 247      225A074E 
 247      82
 248 0024 863A83D6 		.ascii	"\206:\203\326R|\363\243(\210\230\2650\312\032\261H\323"
 248      527CF3A3 
 248      288898B5 
ARM GAS  /tmp/ccRnUO50.s 			page 19


 248      30CA1AB1 
 248      48D3
 249 0036 342DB571 		.ascii	"4-\265qP^E\177\244\245X\226\0229\321(\005\011\331\010"
 249      505E457F 
 249      A4A55896 
 249      1239D128 
 249      0509D908 
 250 004a E32B743A 		.ascii	"\343+t:\367\335\2042{\360\336=\367\336\363}\347;?Ob"
 250      F7DD8432 
 250      7BF0DE3D 
 250      F7DEF37D 
 250      E73B3F4F 
 251 005f FF3E27E9 		.ascii	"\377>'\351\215H\214yi\005\215\0016\277d,`CP\204!\201"
 251      8D488C79 
 251      69058D01 
 251      36BF642C 
 251      60435084 
 252 0075 2C0C599C 		.ascii	",\014Y\234<\260)(5>eLw\250a\215\351.\025\200\2373`5"
 252      3CB02928 
 252      353E654C 
 252      77A8618D 
 252      E92E1580 
 253 008d 28C98A0A 		.ascii	"(\311\212\0125\2500H\323\223a\005\370\202\313\010\315"
 253      35A83048 
 253      D3936105 
 253      F882CB08 
 253      CD
 254 009e 4677AB33 		.ascii	"Fw\2533\357\206\256\353\337Z\242Y\265Y&2\226D\241\000"
 254      EF86AEEB 
 254      DF5AA259 
 254      B5592632 
 254      9644A100 
 255 00b2 6E421EB9 		.ascii	"nB\036\271\004\246\032B.i70\262\243\275+\023\316\317"
 255      04A61A42 
 255      2E693730 
 255      B2A3BD2B 
 255      13CECF
 256 00c5 6822ECE2 		.ascii	"h\"\354\342\333\221\226g\255*\337\242\314\267\037\257"
 256      DB919667 
 256      AD2ADFA2 
 256      CCB71FAF 
 257 00d5 3F8C406E 		.ascii	"?\214@n\207\256\007\215\211\001\375\220l\242\004\235"
 257      87AE078D 
 257      8901FD90 
 257      6CA2049D 
 258 00e5 20111F74 		.ascii	" \021\037tA6\334\202lFG\014\272!\227\274W;\033FQr[\274"
 258      4136DC82 
 258      6C46470C 
 258      BA2197BC 
 258      573B1B46 
 259 00fd 81C1E00F 		.ascii	"\201\301\340\017\273@\316\013\244\014=\233\2212\203"
 259      BB40CE0B 
 259      A40C3D9B 
 259      913283
 260 010c DB16F2F5 		.ascii	"\333\026\362\365\273Ou\262Th!\007G{\237d\010\244)\220"
 260      BB4F75B2 
 260      54682107 
ARM GAS  /tmp/ccRnUO50.s 			page 20


 260      477B9F64 
 260      08A42990 
 261 0120 0AF46E46 		.ascii	"\012\364nFR\336}\220\313\335\227\303ko\235j\230\362"
 261      52DE7D90 
 261      CBDD97C3 
 261      6B6F9D6A 
 261      98F2
 262 0132 CD5CDB48 		.ascii	"\315\\\333H\025\356\200\012\264\366m7\364t\272cl<&\273"
 262      15EE800A 
 262      B4F66D37 
 262      F474BA63 
 262      6C3C26BB 
 263 0146 C08A8516 		.ascii	"\300\212\205\026N\006n+\300m\015\270z;q\252\016\313"
 263      4E066E2B 
 263      C06D0DB8 
 263      7A3B71AA 
 263      0ECB
 264 0158 C529A859 		.ascii	"\305)\250Y\202\230\250\354\011DZ\244\005J\223z!\315"
 264      8298A8EC 
 264      09445AA4 
 264      054A937A 
 264      21CD
 265 016a 40309387 		.ascii	"@0\223\207\355\2324_h9\355\2442\376\374Q\261\021\216"
 265      ED9A345F 
 265      6839EDA4 
 265      32FEFC51 
 265      B1118E
 266 017d E8EBE934 		.ascii	"\350\353\3514lQ\237\337\225\357\207\234\024jl\003\336"
 266      6C519FDF 
 266      95EF879C 
 266      146A6C03 
 266      DE
 267 018e D43E19D7 		.ascii	"\324>\031\327\244\275V\302\253s\343c\252E\245_\322#"
 267      A4BD56C2 
 267      AB73E363 
 267      AA45A55F 
 267      D223
 268 01a0 586FA4D3 		.ascii	"Xo\244\323\007y\271\006\266$\272\313\211\200\275\207"
 268      0779B906 
 268      B624BACB 
 268      8980BD87 
 269 01b0 DAF8FCD2 		.ascii	"\332\370\374\322E\351\257\012\304\037'\363\271\003\217"
 269      45E9AF0A 
 269      C41F27F3 
 269      B9038F
 270 01bf 66152189 		.ascii	"f\025!\211\260\251F\014\356\201J4\203\364\245\233\253"
 270      B0A9460C 
 270      EE814A34 
 270      83F4A59B 
 270      AB
 271 01d0 D34DBD58 		.ascii	"\323M\275X\375S\257\327m&jID\353\032\206\240\232\221"
 271      FD53AFD7 
 271      6D266A49 
 271      44EB1A86 
 271      A09A91
 272 01e3 5C0A64A2 		.ascii	"\\\012d\242\215\242.P\253x\366s\020\034\352\377z\336"
 272      8DA22E50 
ARM GAS  /tmp/ccRnUO50.s 			page 21


 272      AB78F673 
 272      101CEAFF 
 272      7ADE
 273 01f5 CEB95368 		.ascii	"\316\271Sh'\202\371\304\253)\033\037\030\032l\336\274"
 273      2782F9C4 
 273      AB291B1F 
 273      181A6CDE 
 273      BC
 274 0206 D56B4BDB 		.ascii	"\325kK\333\332\340r@\327\215c&\332\211\004\206\271x"
 274      DAE07240 
 274      D78D6326 
 274      DA890486 
 274      B978
 275 0218 BABBB272 		.ascii	"\272\273\262ra6\243\240\233T\030GyS\357C\033|\267&\023"
 275      6136A3A0 
 275      9B541847 
 275      7953EF43 
 275      1B7CB726 
 276 022d A250C0E6 		.ascii	"\242P\300\346 \324Zw@0;(2\361S\271\320\352%\265\205"
 276      20D45A77 
 276      40303B28 
 276      32F153B9 
 276      D0EA25B5 
 277 0242 0EB94B4B 		.ascii	"\016\271KK\335L\233K89S\310\007~=4=\004\\\201\"\376"
 277      DD4C9B4B 
 277      383953C8 
 277      077E3D34 
 277      3D045C81 
 278 0258 0418A178 		.ascii	"\004\030\241x\033\300>\016tZ\031(\214~\036\321?q\214"
 278      1BC03E0E 
 278      745A1928 
 278      8C7E1ED1 
 278      3F718C
 279 026b A21B821C 		.ascii	"\242\033\202\034\330\033\010\317\206\206\233v\010r\374"
 279      D81B08CF 
 279      86869B76 
 279      0872FC
 280 027a 33378524 		.ascii	"37\205$\306D\013\026\201\204\311\\\235Cn\214\355\\\004"
 280      C6440B16 
 280      8184C95C 
 280      9D436E8C 
 280      ED5C04
 281 028d 4CA1C2B7 		.ascii	"L\241\302\267N\271'\226EaT>-\037 `D\217p&\216I\020{"
 281      4EB92796 
 281      4561543E 
 281      2D1F2060 
 281      448F7026 
 282 02a5 58A34CF3 		.ascii	"X\243L\363\335n\317\341\222\322\242\322\343'N\355s\027"
 282      DD6ECFE1 
 282      92D2A2D2 
 282      E3274EED 
 282      7317
 283 02b7 BAF77B7C 		.ascii	"\272\367{|U\236\312\263\236\252J\257\307[R^\\\356\367"
 283      559ECAB3 
 283      9EAA4AAF 
 283      C75B525E 
 283      5CEEF7
ARM GAS  /tmp/ccRnUO50.s 			page 22


 284 02ca F9CAAADC 		.ascii	"\371\312\252\334^\206\345~\360C\205\354+:\343\337\363"
 284      5E86E57E 
 284      F04385EC 
 284      2B3AE3DF 
 284      F3
 285 02db 1F506985 		.ascii	"\037Pi\205\267\354\334\351\342?\201%\354\027\277\255"
 285      B7ECDCE9 
 285      E23F8125 
 285      EC17BFAD 
 286 02eb 5D82     		.ascii	"]\202"
 287              		.text
 288              		.section	.gnu.lto_.symbol_nodes.14e3aa72df71d36b,"",%progbits
 289 0000 789C55C8 		.ascii	"x\234U\310\273\011\200@\020\004\320\231\335\023\354"
 289      BB098040 
 289      1004D099 
 289      DD13EC
 290 000f C522C712 		.ascii	"\305\"\307\022\254@,\302\032\014-\300?\027\0136 bb\340"
 290      AC402CC2 
 290      1A0C2DC0 
 290      3F170B36 
 290      206262E0 
 291 0023 BEF03980 		.ascii	"\276\3609\200\032\037\233(\240\031\001\011mW\302\026"
 291      1A1F9B28 
 291      A0190109 
 291      6D57C216 
 292 0033 8A2156CA 		.ascii	"\212!V\312Bl\224\207\330\251\024b\246\212\177$\242\037"
 292      426C9487 
 292      D8A91462 
 292      A68A7F24 
 292      A21F
 293 0045 4E831B91 		.ascii	"N\203\033\221\217\207^$\344\373\252\360\002\247\220"
 293      8F875E24 
 293      E4FBAAF0 
 293      02A790
 294 0054 26CE     		.ascii	"&\316"
 295              		.text
 296              		.section	.gnu.lto_.refs.14e3aa72df71d36b,"",%progbits
 297 0000 789C6366 		.ascii	"x\234cf```d\200\002\000\000=\000\005"
 297      60606064 
 297      80020000 
 297      3D0005
 298              		.text
 299              		.section	.gnu.lto_.decls.14e3aa72df71d36b,"",%progbits
 300 0000 789C8D57 		.ascii	"x\234\215WiPTW\026\356\373^\003\335\257\033pt&&TME\261"
 300      69505457 
 300      16EEFB5E 
 300      03DDAF1B 
 300      70742626 
 301 0018 8AE88CD2 		.ascii	"\212\350\214\322n5f\246\246*\032kL\254\212\243\025+"
 301      6E3566A6 
 301      A62A1A6B 
 301      4CAC8AA3 
 301      152B
 302 002a BFF2A383 		.ascii	"\277\362\243\203M'0a\253\356&\321\251\371\361Xt\200"
 302      4D273061 
 302      ABEE26D1 
 302      A9F9F158 
ARM GAS  /tmp/ccRnUO50.s 			page 23


 302      7480
 303 003c 18411404 		.ascii	"\030A\024\004\025hD\026Y\004T\224\270 \242\262)(\212"
 303      15684416 
 303      59045494 
 303      B820A2B2 
 303      29288A
 304 004f 4250630B 		.ascii	"BPc\013\242\250QQ\\P\221\236s\317}\217~\264\264\231"
 304      A2A85151 
 304      5C50919E 
 304      73CF7D8F 
 304      7EB4B499 
 305 0063 AEBABCBB 		.ascii	"\256\272\274\273\234\363\335\357;\347n\360*\225j-\247"
 305      9CF3DDEF 
 305      3BE76EF0 
 305      2A956A2D 
 305      A7
 306 0074 5239E1F7 		.ascii	"R9\341\367\301$\225j\010\352>\320\267\012\012\201R\243"
 306      C124956A 
 306      08EA3ED0 
 306      B70A0A81 
 306      52A3
 307 0086 623F6F28 		.ascii	"b?o(\035P.A\351\202r\025\312/Pn\252\336\374Q;\215\204"
 307      1D502E41 
 307      E9827215 
 307      CA2F506E 
 307      AADEFC51 
 308 009d E107450F 		.ascii	"\341\007E\017\345\014\224J\011\257\005\3121(<\224SP"
 308      E50C944A 
 308      09AF05CA 
 308      31283C94 
 308      5350
 309 00af 1AA13449 		.ascii	"\032\2414I\363uH\337!7\314K\022\216\214\267R\302\244"
 309      F37548DF 
 309      2137CC4B 
 309      128E8CB7 
 309      52C2A4
 310 00c2 3807A07C 		.ascii	"8\007\240|*\341\036\225\346\240s\355\203\242\226\346"
 310      2AE11E95 
 310      E6A073ED 
 310      83A296E6 
 311 00d2 A893E668 		.ascii	"\250\223\346h\224\360/I\337\227n\363Pm\332\011\346!"
 311      94F02F49 
 311      DF976EF3 
 311      506DDA09 
 311      E621
 312 00e4 60AC86A2 		.ascii	"`\254\206\242\205\"@\271(\331\373H>\276\320\347\017"
 312      852240B9 
 312      28D9FB48 
 312      3EBED0E7 
 312      0F
 313 00f5 E50F8461 		.ascii	"\345\017\204aO\205\357{\344\315\330\\\365\020\233\225"
 313      4F85EF7B 
 313      E4CDD85C 
 313      F5109B95 
 314 0105 92165903 		.ascii	"\222\026Y\003\247\340M$?\372}\337\015\223\346@\367\026"
 314      A7E04D24 
 314      3FFA7DDF 
ARM GAS  /tmp/ccRnUO50.s 			page 24


 314      0D93E640 
 314      F716
 315 0117 3C25EF89 		.ascii	"<%\357\211\260}$\014%\377\253o\341O\363-x\230\257R\312"
 315      B07D240C 
 315      25FFAB6F 
 315      E14FF32D 
 315      7898AF52 
 316 012c C334F0EB 		.ascii	"\3034\360\353\221\264\020)\346\274\344\033H\330|\264"
 316      91B41029 
 316      E6BCE41B 
 316      48D87CB4 
 317 013c 7F961BFE 		.ascii	"\177\226\033\376#\216\234\351\035\036\322\017p\304O"
 317      238E9CE9 
 317      1D1ED20F 
 317      70C44F
 318 014b 98449BDB 		.ascii	"\230D\233\333\273\372\237\360\320\324\013\034m\376\264"
 318      BBFA9FF0 
 318      D0D40B1C 
 318      6DFEB4
 319 015a F7499B0E 		.ascii	"\367I\233\016G\247\321\346\341\364\346,o\034U\323\346"
 319      47A7D1E6 
 319      E1F4E62C 
 319      6F1C55D3 
 319      E6
 320 016b D1A26A2F 		.ascii	"\321\242j/\236#\264Z\220u\243S\230]*\212b\222X\337L"
 320      9E23B45A 
 320      9075A353 
 320      985D2A8A 
 320      629258DF 
 321 0180 5CF87145 		.ascii	"\\\370qEG6\372\200\313\247\0026\257\357x\261[\213M\272"
 321      4736FA80 
 321      CBA70236 
 321      AFEF78B1 
 321      5B8B4DBA 
 322 0194 FEFDA18B 		.ascii	"\376\375\241\213;W\266\377\206\236\010AI\242\030/\246"
 322      3B57B6FF 
 322      869E0841 
 322      49A2182F 
 322      A6
 323 01a5 2588DA66 		.ascii	"%\210\332f?\025\331C\002H)\011P\221*\022\004\306\244"
 323      3F15D943 
 323      02482909 
 323      50912A12 
 323      04C6A4
 324 01b8 9CCC5691 		.ascii	"\234\314V\221\012\350\334\013\235\273a\232\301\222\356"
 324      0AE8DC0B 
 324      9DBB619A 
 324      C192EE
 325 01c7 F6A9A2A8 		.ascii	"\366\251\242\250&\225D e\204G\013PI\347\221\246\376"
 325      26954420 
 325      6584470B 
 325      5049E791 
 325      A6FE
 326 01d9 F545FE43 		.ascii	"\365E\376C\275\032b\2176_\"\345\304\226\352625C\244"
 326      BD1A628F 
 326      365F22E5 
 326      C496EA36 
ARM GAS  /tmp/ccRnUO50.s 			page 25


 326      323543A4 
 327 01ed BF047112 		.ascii	"\277\004q\022GV\352I1\300\226\000\254\212\354#S\341"
 327      4756EA49 
 327      31C09600 
 327      AC8AEC23 
 327      53E1
 328 01ff 6F355133 		.ascii	"o5Q3\200\372;\325\245Z~)\012\334\220\231S\345\257Oq"
 328      80FA3BD5 
 328      A55A7E29 
 328      0ADC9099 
 328      53E5AF4F 
 329 0214 71A4C663 		.ascii	"q\244\306c4U\344\000\321K\024@\322\203\370\316O\210"
 329      3455E400 
 329      D14B1440 
 329      D283F8CE 
 329      4F88
 330 0226 3EC89335 		.ascii	">\310\22359\010\242\\\016L\316\311+\277\247rj\240{\277"
 330      3908A25C 
 330      0E4CCEC9 
 330      2BBFA772 
 330      6AA07BBF 
 331 023a 4B0E5831 		.ascii	"K\016X1=t\000hT\035/K\326bB\276\242\254\236\257\037"
 331      3D740068 
 331      541D2F4B 
 331      D66242BE 
 331      A2AC9EAF 
 332 024f 4C163021 		.ascii	"L\0260!z\332L/\336\347\320\363\377A\3025#\366\021/>"
 332      7ADA4C2F 
 332      DEE7D0F3 
 332      FF41C235 
 332      23F6112F 
 333 0264 8560A32B 		.ascii	"\205`\243+/\335N\370Ll\250KKO\264j\311\024}`\320f\032"
 333      2FDD4EF8 
 333      4C6CA84B 
 333      4B4FB46A 
 333      C9147D60 
 334 027b 0620B8D8 		.ascii	"\006 \270\330\246\210\370a\230\375(\231B\031\220\343"
 334      A688F861 
 334      98FD2899 
 334      421990E3 
 335 028b 40B48E04 		.ascii	"@\264\216\004\"\003\245\032:\356\322~\214\221\264\203"
 335      2203A51A 
 335      3AEED27E 
 335      8C91B483 
 336 029b C1605D61 		.ascii	"\301`]a\356\037\263E{\003\241\275\344\210\2045\006>"
 336      EE1FB345 
 336      7B03A1BD 
 336      E4888435 
 336      063E
 337 02ad 93DAFF29 		.ascii	"\223\332\377)@R\355\030\236\253\241\343*I\256k\331\210"
 337      4052ED18 
 337      9EABA1E3 
 337      2A49AE6B 
 337      D988
 338 02bf D5676B38 		.ascii	"\325gk8\376\014c?\270\267\356\025\341/\262\306\021\261"
 338      FE0C633F 
 338      B8B7EE15 
ARM GAS  /tmp/ccRnUO50.s 			page 26


 338      E12FB2C6 
 338      11B1
 339 02d1 FC6F7C2F 		.ascii	"\374o|/\253\357\316\310,\367B\371\032hz=\033\252\273"
 339      ABEFCEC8 
 339      2CF742F9 
 339      1A687A3D 
 339      1BAABB
 340 02e4 CB93C029 		.ascii	"\313\223\300)\201\201A\224\213#\371d\273^l\236\213L"
 340      81814194 
 340      8B23F964 
 340      BB5E6C9E 
 340      8B4C
 341 02f6 EA81C9E9 		.ascii	"\352\201\311\351\211\231\260(\210\030\205C0\\\213\242"
 341      8999B028 
 341      88188543 
 341      305C8BA2 
 342 0306 4E4B2168 		.ascii	"NK!h\206\020\234\"\201\244\021J\223\024\012DO)`\350"
 342      86109C22 
 342      81A4114A 
 342      93140A44 
 342      4F2960E8 
 343 031a 74719D98 		.ascii	"tq\235\230\020}\017\005Bc\373\306\002o0\245\311mp7="
 343      107D0F05 
 343      4263FBC6 
 343      026F30A5 
 343      C96D7037 
 344 032f 49C6C724 		.ascii	"I\306\307$\251\300[$\324\344\215\250pU;\313\017\253"
 344      A9C05B24 
 344      D4E48DA8 
 344      70553BCB 
 344      0FAB
 345 0341 C994A089 		.ascii	"\311\224\240\211\030\223V \3726\322\010\276\311\244"
 345      18935620 
 345      FA36D208 
 345      BEC9A4
 346 0350 212D60F4 		.ascii	"!-`\364\223k\211\321\231\344\260\3674\224dk\307\255"
 346      936B89D1 
 346      99E4B0F7 
 346      3494646B 
 346      C7AD
 347 0362 F2967199 		.ascii	"\362\226q\231>\3032\015\226M\245\303{t\270\271\250("
 347      3EC3320D 
 347      964DA5C3 
 347      7B74B8B9 
 347      A828
 348 0374 B6B98E64 		.ascii	"\266\271\216d\366\347\363c\033\356,\301\316G\2457\332"
 348      F6E7F363 
 348      1BEE2CC1 
 348      CE47A537 
 348      DA
 349 0385 08768233 		.ascii	"\010v\2023ic\235e\227\035\233\004\3456\\\365\216b\033"
 349      69639D65 
 349      971D9B04 
 349      E5365CF5 
 349      8E621B
 350 0398 9EC36DD8 		.ascii	"\236\303m\330.o\303mgz3\375\371\007,\345W\362\252\313"
 350      2E6FC36D 
ARM GAS  /tmp/ccRnUO50.s 			page 27


 350      677A33FD 
 350      F9072CE5 
 350      57F2AACB 
 351 03ac 8469B9A2 		.ascii	"\204i\271\242\275j\320y\373\326\\Xjq\342\250\323I\320"
 351      BD6AD079 
 351      FBD65C58 
 351      6A71E2A8 
 351      D349D0
 352 03bf 8B9C1F93 		.ascii	"\213\234\037\223\245\242u\266s:\3104p\034\312\256\334"
 352      A5A275B6 
 352      733AC834 
 352      701CCAAE 
 352      DC
 353 03d0 EA35C683 		.ascii	"\3525\306\203\021\356\350O\312\362\363x\032\\D\032\027"
 353      11EEE84F 
 353      CAF2F378 
 353      1A5C441A 
 353      17
 354 03e1 641A3DBB 		.ascii	"d\032=\273\252\347\361%\354\270\253\257\357\310\324"
 354      AAE7F125 
 354      ECB8ABAF 
 354      EFC8D4
 355 03f0 010B4795 		.ascii	"\001\013G\225c\270\317\\\037/\2168\235<z\220N\005\205"
 355      63B8CF5C 
 355      1F2F8E38 
 355      9D3C7A90 
 355      4E0585
 356 0403 4E99C225 		.ascii	"N\231\302%\244p\357`\357k?\276\206Ateo{AP\210\275\242"
 356      A470EF60 
 356      EF6B3FBE 
 356      86417465 
 356      6F7B4150 
 357 041a D0BB44AC 		.ascii	"\320\273D\254w:?B\200\313\012\200\3132@\027\0024\234"
 357      773A3F42 
 357      80CB0A80 
 357      CB324017 
 357      02349C
 358 042d ABCD64B1 		.ascii	"\253\315d\261\\)K\250ip\334\022\306du\263\360\016\024"
 358      5C294BA8 
 358      6970DC12 
 358      C66475B3 
 358      F00E14
 359 0440 9EBFEEED 		.ascii	"\236\277\356\3551\274=\250\353gY\327\323\232\322\255"
 359      31BC3DA8 
 359      EB6759D7 
 359      D39AD2AD 
 360 0450 1AFE8424 		.ascii	"\032\376\204$\354IF\225$\354\312iIX\202\006}\310\025"
 360      EC494695 
 360      24ECCA69 
 360      49588206 
 360      7DC815
 361 0463 05B12B32 		.ascii	"\005\261+2\261\253H\254)\347u\266?\337\3060\342\017"
 361      B1AB48AC 
 361      29E775B6 
 361      3FDFC630 
 361      E20F
 362 0475 6DBBE38F 		.ascii	"m\273\343\217\030\366\344bY\031\005\270\246\000\270"
ARM GAS  /tmp/ccRnUO50.s 			page 28


 362      18F6E462 
 362      591905B8 
 362      A600B8
 363 0484 2603FC82 		.ascii	"&\003\374\202\000\023\235\325\025\273:J\365\262\332"
 363      00139DD5 
 363      15BB3A4A 
 363      F5B2DA
 364 0493 EB4C59E9 		.ascii	"\353LY\351\253\244,nL\256\203u\332\363\273\373\274<"
 364      ABA42C6E 
 364      4CAE8375 
 364      DAF3BBFB 
 364      BC3C
 365 04a5 CAED45B9 		.ascii	"\312\355E\2717d\271\342\217;\3528\276\233Q}\331\036"
 365      3764B9E2 
 365      8F3BEA38 
 365      BE9B517D 
 365      D91E
 366 04b7 9FA26749 		.ascii	"\237\242gIh)\220\251\202\003\351SP\355\223\251\336D"
 366      682990A9 
 366      8203E953 
 366      50ED93A9 
 366      DE44
 367 04c9 AACD6539 		.ascii	"\252\315e9_\321+\222\036\245};\253\016\372\223\240\200"
 367      5FD12B92 
 367      1EA57D3B 
 367      AB0EFA93 
 367      A080
 368 04db 0061375E 		.ascii	"\000a7^}\213\311\035\240\337/9\260_\026\364\017\177"
 368      7D8BC91D 
 368      A0DF2F39 
 368      B05F16F4 
 368      0F7F
 369 04ed 4407A0AA 		.ascii	"D\007\240\252\301/^u\203\351\"\377\256\212\314\016 "
 369      C12F5E75 
 369      83E922FF 
 369      AE8ACC0E 
 369      20
 370 04fe B360F7DE 		.ascii	"\263`\367\336\202\035K\207Td\000\230\337\006\3460U\357"
 370      821D4B87 
 370      54640098 
 370      DF06E630 
 370      55EF
 371 0510 9647C95E 		.ascii	"\226G\311^\202d\235\364[\326\007\216\357\177\314\256"
 371      82649DF4 
 371      5BD6078E 
 371      EF7FCCAE 
 372 0520 F2241437 		.ascii	"\362$\0247\334\373\270\215\335\345\277S\336\364zv\323"
 372      DCFBB88D 
 372      DDE5BF53 
 372      DEF47A76 
 372      D3
 373 0531 77F66ECA 		.ascii	"w\366n\312\367\243\330\242\274\325\365\202b\247?@\364"
 373      F7A3D8A2 
 373      BCD5F582 
 373      62A73F40 
 373      F4
 374 0542 9901E43E 		.ascii	"\231\001\344>\003\217\027\333F\324\223\323\244\203g"
ARM GAS  /tmp/ccRnUO50.s 			page 29


 374      038F17DB 
 374      46D493D3 
 374      A48367
 375 0551 1A41A1F7 		.ascii	"\032A\241\367\300\374W4\177H&\313N\324\372\330\366\356"
 375      C0FC5734 
 375      7F4826CB 
 375      4ED4FAD8 
 375      F6EE
 376 0563 AB3AA5F5 		.ascii	"\253:\245\365\335\267Y\367\247g\014\362\374}\226\222"
 376      DDB759F7 
 376      A7670CF2 
 376      FC7D9692 
 377 0573 ECEC9445 		.ascii	"\354\354\224E\3743V\357wf\244\372\316\310\027\317\333"
 377      FC3356EF 
 377      7766A4FA 
 377      CEC817CF 
 377      DB
 378 0584 1D397D89 		.ascii	"\0359}\211\213\353\343\354\270\327\311 \231L\036A\206"
 378      8BEBE3EC 
 378      B8D7C920 
 378      994C1E41 
 378      86
 379 0595 60672B50 		.ascii	"`g+P\037\323\260\223\"\302\251\310\020\231\001\356;"
 379      1FD3B093 
 379      22C2A9C8 
 379      109901EE 
 379      3B
 380 05a6 D22E64B3 		.ascii	"\322.d\263\200\204\341{`\237\275Q\203\001\360\305\273"
 380      8084E17B 
 380      609FBD51 
 380      8301F0C5 
 380      BB
 381 05b7 F371D92B 		.ascii	"\363q\331+\265\347\000<\223\003P\313\002p6\365t\267"
 381      B5E7003C 
 381      930350CB 
 381      027036F5 
 381      74B7
 382 05c9 DE3D004F 		.ascii	"\336=\000O\300\374)\232?GI\317dIe\0035\225\234{\000"
 382      C0FC299A 
 382      3F4749CF 
 382      64496503 
 382      35959C7B 
 383 05de 3C5AEFCB 		.ascii	"<Z\357\313\330T\312\361\211<\273\355Z\363\036\023\024"
 383      D854CAF1 
 383      893CBBED 
 383      5AF31E13 
 383      14
 384 05ef 6D1F2910 		.ascii	"m\037)\020\325Yb\242\303\351|\237\014K\232\341(Q\000"
 384      D55962A2 
 384      C3E97C9F 
 384      0C4B9AE1 
 384      285100
 385 0602 BD70697E 		.ascii	"\275pi~\211\232\217\327\0157\012|:\203\332\230\344h"
 385      899A8FD7 
 385      0D370A7C 
 385      3A83DA98 
 385      E468
ARM GAS  /tmp/ccRnUO50.s 			page 30


 386 0614 11F81DAC 		.ascii	"\021\370\035\254!\277\304\246\217\177\211Mw\275\304"
 386      21BFC4A6 
 386      8F7F894D 
 386      77BDC4
 387 0623 9A6F8905 		.ascii	"\232o\211\005~$\010\327\362`{E\357\247\3602 \"'\220"
 387      7E2408D7 
 387      F2607B45 
 387      EFA7F032 
 387      20222790 
 388 0637 11D76D31 		.ascii	"\021\327m1]z_M\374Zs\302\272\234.\275\326^C\347(\306"
 388      5D7A5F4D 
 388      FC5A73C2 
 388      BA9C2EBD 
 388      D65E43E7 
 389 064d 8E3B3D52 		.ascii	"\216;=R\227\350\345\361\211\027\317\275\351\204\024"
 389      97E8E5F1 
 389      8917CFBD 
 389      E98414
 390 065c CA53D3DF 		.ascii	"\312S\323\337\241o\2428\240\360\312E\001\030Io\"\030"
 390      A16FA238 
 390      A0F0CA45 
 390      0118496F 
 390      2218
 391 066e 0025293F 		.ascii	"\000%)?T;}<'2\201\223\0229\013\363\230;\220\271]+e\306"
 391      543B7D3C 
 391      27328193 
 391      12390BF3 
 391      983B90B9 
 392 0686 2EE7D175 		.ascii	".\347\321uZ$r\223e\037l\320\300\325W\\\364\301e\364"
 392      5A247293 
 392      651F6CD0 
 392      C0D5575C 
 392      F4C165F4 
 393 069a 21AE9B02 		.ascii	"!\256\233\002\307=\202\313\310\007\337\\\353kk\375\260"
 393      C73D82CB 
 393      C807DF5C 
 393      EB6B6BFD 
 393      B0
 394 06ab E98D4F92 		.ascii	"\351\215O\222\335\203\231\276\236\311$\311d\376\313"
 394      DD8399BE 
 394      9EC924C9 
 394      64FECB
 395 06ba 219BFB09 		.ascii	"!\233\373\011\367*\274\335W\325z.\200l\340\250y2\262"
 395      F72ABCDD 
 395      57D57A2E 
 395      806CE0A8 
 395      7932B2
 396 06cd 49626C92 		.ascii	"Ibl\222\221\315\353\364\344\255\343\257\350\213\343"
 396      91CDEBF4 
 396      E4ADE3AF 
 396      E88BE3
 397 06dc 1EA2291C 		.ascii	"\036\242)\034^\321\364\013\326\007_<\253\364|\023\374"
 397      5ED1F40B 
 397      D6075F3C 
 397      ABF47C13 
 397      FC
 398 06ed C0D1A3F1 		.ascii	"\300\321\243\361K\351d<\261\275x\233\226\177\316V\213"
ARM GAS  /tmp/ccRnUO50.s 			page 31


 398      4BE9643C 
 398      B1BD789B 
 398      967FCE56 
 398      8B
 399 06fe 7334E721 		.ascii	"s4\347!\017'c}UUr\365\300\234\261{\366c\352D6r\256\343"
 399      0F27637D 
 399      555572F5 
 399      C09CB17B 
 399      F663EA44 
 400 0716 11EA2C1B 		.ascii	"\021\352,\033?r\364x\274\331\371H\024\370=jD\271\326"
 400      3F72F478 
 400      BCD9F948 
 400      14F83D6A 
 400      44B9D6
 401 0729 DEF75460 		.ascii	"\336\367T`(\367\252\007\027\271\241lR\240l\222QR\021"
 401      28F7AA07 
 401      17B9A16C 
 401      52A06C92 
 401      515211
 402 073c 25A9A2EA 		.ascii	"%\251\242\352\250\026\317y\232|v\037\274\336\330\331"
 402      A816CF79 
 402      9A7C761F 
 402      BCDED8D9 
 403 074c A8F3A865 		.ascii	"\250\363\250e3jI\343$1\243\216TQ\313\3673\032\371w~"
 403      336A49E3 
 403      2431A38E 
 403      5451CBF7 
 403      331AF977 
 404 0761 4E15F821 		.ascii	"N\025\370!\326\270\3374\272\237>\004\310\026\234\222"
 404      D6B8DF34 
 404      BA9F3E04 
 404      C8169C92 
 405 0771 BE295ED4 		.ascii	"\276)^\324\334\325#\313\301\344\032\373\262\315\225"
 405      DCD523CB 
 405      C1E41AFB 
 405      B2CD95
 406 0780 1B44BC0A 		.ascii	"\033D\274\012H^}\232\232\002\223t\231)\331\012\023\320"
 406      485E7D9A 
 406      9A029374 
 406      9929D90A 
 406      13D0
 407 0792 26239B81 		.ascii	"&#\233\201d\017\366l\316\326\363\007\275\020\376a\306"
 407      640FF66C 
 407      CED6F307 
 407      BD10FE61 
 407      C6
 408 07a3 8D4E2F09 		.ascii	"\215N/\011\254\2726\270|\237\310nQ\022\227HPu\246Bu"
 408      ACBA36B8 
 408      7C9FC86E 
 408      51129748 
 408      5075A642 
 409 07b8 A60CB40D 		.ascii	"\246\014\264\015\201r\317_\273\243\346\033\030\320\316"
 409      8172CF5F 
 409      BBA3E61B 
 409      18D0CE
 410 07c7 1BFB4FEA 		.ascii	"\033\373O\352\345\330\015\374\335"
 410      E5D80DFC 
ARM GAS  /tmp/ccRnUO50.s 			page 32


 410      DD
 411 07d0 2D76590A 		.ascii	"-vY\012\224,\031%\033Qn\247\225T\262\203^\207\377\264"
 411      942C1925 
 411      1B516EA7 
 411      9554B283 
 411      5E87FFB4 
 412 07e4 3DCA7DDB 		.ascii	"=\312}\333\212\334!\257\310\355lE6]\212k\324\272\257"
 412      8ADC21AF 
 412      C8ED6C45 
 412      365D8A6B 
 412      D4BAAF
 413 07f7 48D7B378 		.ascii	"H\327\263x'\256Ht\242\326E\027\236\345y\271\237s\036"
 413      27AE4874 
 413      A2D64517 
 413      9EE579B9 
 413      9F731E
 414 080a ADB71465 		.ascii	"\255\267\024e\226q|;\323\267\347Ty\261\200\347\034\274"
 414      96717C3B 
 414      D3B7E754 
 414      79B180E7 
 414      1CBC
 415 081c E40EBD17 		.ascii	"\344\016\275\027\227\346\000\010z\377\222\034\216\035"
 415      97E60008 
 415      7AFF921C 
 415      8E1D
 416 082a 75F0B650 		.ascii	"u\360\266P`\345rcG]\036G\217\272\246\266\321T\237q;"
 416      60E57263 
 416      475D1E47 
 416      8FBAA6B6 
 416      D1549F71 
 417 083f A167DC4E 		.ascii	"\241g\334N\260K;\301\216;\241\265\275u\005\177\225M"
 417      B04B3BC1 
 417      8E3BA1B5 
 417      BD75057F 
 417      954D
 418 0851 7D68C391 		.ascii	"}h\303\221;R\302\353\012\213B\322\023\304\255\"=d\355"
 418      3B52C2EB 
 418      0A8B42D2 
 418      13C4AD22 
 418      3D64ED
 419 0864 1A84C857 		.ascii	"\032\204\310W\3046_\216\355.\214m\306\321\235\351\354"
 419      C4365F8E 
 419      ED2E8C6D 
 419      C6D19DE9 
 419      EC
 420 0875 FF2F1191 		.ascii	"\377/\021\221\272\035\361\255:\214\265?\256\367\356"
 420      BA1DF1AD 
 420      3A8CB53F 
 420      AEF7EE
 421 0884 F83C6FCF 		.ascii	"\370<o\317\261.\224c\275\233\305\372\344\376\013\017"
 421      B12E9463 
 421      BD9BC5FA 
 421      E4FE0B0F 
 422 0894 34EEB12E 		.ascii	"4\356\261.\340\330\245\013Z1z\205r\3646v\035NP\273\307"
 422      E0D8A50B 
 422      5A317A85 
 422      72F43676 
ARM GAS  /tmp/ccRnUO50.s 			page 33


 422      1D4E50BB 
 423 08a9 DAA37556 		.ascii	"\332\243uV\355p\256\300\337b\202+\305\312l\265\034\353"
 423      ED70AEC0 
 423      DF62822B 
 423      C5CA6CB5 
 423      1CEB
 424 08bb C7EF2A62 		.ascii	"\307\357*b],\305\032\3366\012\254\022W\254\367p3T\336"
 424      5D2CC51A 
 424      DE360AAC 
 424      1257ACF7 
 424      703354DE 
 425 08cf D6F07F9B 		.ascii	"\326\360\177\233\2156\357O\376\371\305\264\245\252\371"
 425      8D36EF4F 
 425      FEF9C5B4 
 425      A5AAF9
 426 08de 8658ABC5 		.ascii	"\206X\253\305\020\021\276\306\360\215\311d\010\261D"
 426      1011BEC6 
 426      F08DC964 
 426      08B144
 427 08ed CE898A8E 		.ascii	"\316\211\212\2162\3171\207\254\0117,\014\376k\360\002"
 427      32CF3187 
 427      AC09372C 
 427      0CFE6BF0 
 427      02
 428 08fe 43789429 		.ascii	"Cx\224)\"6\324l\260\332BC\315_\007\207\251\364\221\346"
 428      2236D46C 
 428      B0DA4243 
 428      CD5F0787 
 428      A9F491E6 
 429 0912 C86FCCB6 		.ascii	"\310o\314\266\257c\243LF\333\237\203\203\015K\303\302"
 429      AF63A34C 
 429      46DB9F83 
 429      830D4BC3 
 429      C2
 430 0923 D784AF5C 		.ascii	"\327\204\257\\m\\\020<7x\241!\332j\260\330\306\274L"
 430      6D5C103C 
 430      3778A121 
 430      DA6AB0D8 
 430      C6BC4C
 431 0936 61606D8A 		.ascii	"a`m\212\266\230\301\321\027\252\321\226u\306\230\350"
 431      B698C1D1 
 431      17AAD196 
 431      75C698E8 
 432 0946 E808A34D 		.ascii	"\350\010\243M\207\2370sH\250\331\342\023\023f\2142\257"
 432      879F3073 
 432      48A8D9E2 
 432      1313668C 
 432      32AF
 433 0958 B5CDFE7F 		.ascii	"\265\315\376\177\320\250\237\025\340|\"c\320\311\017"
 433      D0A89F15 
 433      E07C2263 
 433      D0C90F
 434 0967 BED16BFE 		.ascii	"\276\321k\376e6\331\214T\232\016\2321\226\350\357\302"
 434      6536D98C 
 434      549A0E9A 
 434      3196E8EF 
 434      C2
ARM GAS  /tmp/ccRnUO50.s 			page 34


 435 0978 01779229 		.ascii	"\001w\222)l\025X\257\304\321\345Q\341\266\231\036&\260"
 435      6C1558AF 
 435      C4D1E551 
 435      E1B6991E 
 435      26B0
 436 098a 5A4C4A70 		.ascii	"ZLJp\223J\317<\227DDD\233\226\353\024\015\251\276\314"
 436      934ACF3C 
 436      97444444 
 436      9B96EB14 
 436      0DA9BECC 
 437 099e 62362F17 		.ascii	"b6/\027\\u\177V\375,:$t\211\305\022\262Nm\012\013\261"
 437      5C757F56 
 437      FD2C3A24 
 437      7489C512 
 437      B24E6D0A 
 438 09b4 688C468C 		.ascii	"h\214F\214\222\321W\256\004\377e\301\274\017\225\255"
 438      92D157AE 
 438      04FF65C1 
 438      BC0F95AD 
 439 09c4 05F335B1 		.ascii	"\005\3635\261\341Q\266\005\363\2156\301h\224\253s0+"
 439      E151B605 
 439      F38D36C1 
 439      6894AB73 
 439      302B
 440 09d6 B2EA28F3 		.ascii	"\262\352(\363\3674A\221!\246\260\360(\263\301\010i\010"
 440      F7344191 
 440      21A6B0F0 
 440      28B3C108 
 440      6908
 441 09e8 898DB019 		.ascii	"\211\215\260\031m\353b\3144\020\201\023Y[\327Y\015F"
 441      6DEB62CC 
 441      34108113 
 441      595BD759 
 441      0D46
 442 09fa C8192082 		.ascii	"\310\031 \202\211\326\024\266z\235\365\263h\323\267"
 442      89D614B6 
 442      7A9DF5B3 
 442      68D3B7
 443 0a09 1FFC6688 		.ascii	"\037\374f\210\301\223z\304D[lF\020\374\355<\017\036"
 443      C1937AC4 
 443      445B6C46 
 443      10FCED3C 
 443      0F1E
 444 0a1b D4C06A58 		.ascii	"\324\300jX\362\371\212\245+\326\202\033M\262\361\273"
 444      F2F98AA5 
 444      2BD6821B 
 444      4DB2F1BB 
 445 0a2b 459134D1 		.ascii	"E\2214\321F\243\325l3~\274d\365?V}\276\3347$\342\373"
 445      46A3D56C 
 445      337EBC64 
 445      F53F567D 
 445      BEDC3724 
 446 0a41 90755663 		.ascii	"\220uVcxT\004\320_8\021\032d\321\260t\305\352\345\253"
 446      785404D0 
 446      5F38111A 
 446      64D1B074 
 446      C5EAE5AB 
ARM GAS  /tmp/ccRnUO50.s 			page 35


 447 0a55 5D34289A 		.ascii	"]4(\232)r\031\304\011\000uH\377\213(JG\207\304b\261"
 447      297219C4 
 447      09007548 
 447      FF8B284A 
 447      4787C462 
 448 0a6a AE8CE4C2 		.ascii	"\256\214\344\302\371Z)M\241\241\312\376\371\013\377"
 448      F95A294D 
 448      A1A1CAFE 
 448      F90BFF
 449 0a79 07CE4212 		.ascii	"\007\316B\022C"
 449      43
 450              		.text
 451              		.section	.gnu.lto_.symtab.14e3aa72df71d36b,"",%progbits
 452 0000 6368506F 		.ascii	"chPoolObjectInit\000\000\000\000\000\000\000\000\000"
 452      6F6C4F62 
 452      6A656374 
 452      496E6974 
 452      00000000 
 453 0019 000000D1 		.ascii	"\000\000\000\321\000\000\000chPoolAllocI\000\000\000"
 453      00000063 
 453      68506F6F 
 453      6C416C6C 
 453      6F634900 
 454 002f 00000000 		.ascii	"\000\000\000\000\000\000\000\000\000\325\000\000\000"
 454      00000000 
 454      00D50000 
 454      00
 455 003c 6368506F 		.ascii	"chPoolAlloc\000\000\000\000\000\000\000\000\000\000"
 455      6F6C416C 
 455      6C6F6300 
 455      00000000 
 455      00000000 
 456 0051 0000D700 		.ascii	"\000\000\327\000\000\000chPoolFreeI\000\000\000\000"
 456      00006368 
 456      506F6F6C 
 456      46726565 
 456      49000000 
 457 0066 00000000 		.ascii	"\000\000\000\000\000\000\000\000\334\000\000\000chP"
 457      00000000 
 457      DC000000 
 457      636850
 458 0075 6F6F6C46 		.ascii	"oolFree\000\000\000\000\000\000\000\000\000\000\000"
 458      72656500 
 458      00000000 
 458      00000000 
 458      0000
 459 0087 00DE0000 		.ascii	"\000\336\000\000\000chPoolLoadArray\000\000\000\000"
 459      00636850 
 459      6F6F6C4C 
 459      6F616441 
 459      72726179 
 460 009f 00000000 		.ascii	"\000\000\000\000\000\000\000\000\344\000\000\000"
 460      00000000 
 460      E4000000 
 461              		.text
 462              		.section	.gnu.lto_.opts,"",%progbits
 463 0000 272D666E 		.ascii	"'-fno-trapv' '-mcpu=cortex-m4' '-mfloat-abi=hard' '"
ARM GAS  /tmp/ccRnUO50.s 			page 36


 463      6F2D7472 
 463      61707627 
 463      20272D6D 
 463      6370753D 
 464 0033 2D6D6670 		.ascii	"-mfpu=fpv4-sp-d16' '-mno-thumb-interwork' '-mthumb'"
 464      753D6670 
 464      76342D73 
 464      702D6431 
 464      36272027 
 465 0066 20272D67 		.ascii	" '-ggdb' '-Os' '-fomit-frame-pointer' '-falign-func"
 465      67646227 
 465      20272D4F 
 465      73272027 
 465      2D666F6D 
 466 0099 74696F6E 		.ascii	"tions=16' '-ffunction-sections' '-fdata-sections' '"
 466      733D3136 
 466      2720272D 
 466      6666756E 
 466      6374696F 
 467 00cc 2D666E6F 		.ascii	"-fno-common' '-flto' '-fsingle-precision-constant'\000"
 467      2D636F6D 
 467      6D6F6E27 
 467      20272D66 
 467      6C746F27 
 468              		.text
 469              		.comm	__gnu_lto_v1,1,1
 470              		.comm	__gnu_lto_slim,1,1
 471              		.ident	"GCC: (15:4.9.3+svn231177-1) 4.9.3 20150529 (prerelease)"
ARM GAS  /tmp/ccRnUO50.s 			page 37


DEFINED SYMBOLS
                            *ABS*:0000000000000000 chmempools.c
                            *COM*:0000000000000001 __gnu_lto_v1
                            *COM*:0000000000000001 __gnu_lto_slim

NO UNDEFINED SYMBOLS
