ARM GAS  /tmp/cc1XjpgS.s 			page 1


   1              		.syntax unified
   2              		.cpu cortex-m4
   3              		.eabi_attribute 27, 1
   4              		.eabi_attribute 28, 1
   5              		.fpu fpv4-sp-d16
   6              		.eabi_attribute 20, 1
   7              		.eabi_attribute 21, 1
   8              		.eabi_attribute 23, 3
   9              		.eabi_attribute 24, 1
  10              		.eabi_attribute 25, 1
  11              		.eabi_attribute 26, 1
  12              		.eabi_attribute 30, 4
  13              		.eabi_attribute 34, 1
  14              		.eabi_attribute 18, 4
  15              		.thumb
  16              		.file	"chmemcore.c"
  17              		.text
  18              	.Ltext0:
  19              		.section	.gnu.lto_.profile.968d32f0975319dd,"",%progbits
  20 0000 789C6366 		.ascii	"x\234cf```a\200\000F\006u)\000\000\334\000J"
  20      60606061 
  20      80004606 
  20      75290000 
  20      DC004A
  21              		.text
  22              		.section	.gnu.lto_.jmpfuncs.968d32f0975319dd,"",%progbits
  23 0000 789C6366 		.ascii	"x\234cf\300\016$\2404\013\020\263222\326\2631\202\000"
  23      C00E24A0 
  23      340B10B3 
  23      323232D6 
  23      B3318200 
  24 0014 733990CF 		.ascii	"s9\220\317\016\304\000\021O\0013"
  24      0EC40011 
  24      4F0133
  25              		.text
  26              		.section	.gnu.lto_.inline.968d32f0975319dd,"",%progbits
  27 0000 789C6366 		.ascii	"x\234cf\300\016\342\2404\013\003\003+\013#\003\023\313"
  27      C00EE2A0 
  27      340B0303 
  27      2B0B2303 
  27      13CB
  28 0012 027906B6 		.ascii	"\002y\006\266\005\362L 1V\006\036nFF\006F\006\006f\276"
  28      05F24C20 
  28      3156061E 
  28      6E464606 
  28      46060666 
  29 0027 05591061 		.ascii	"\005Y\020a\240<\013H\216\215\201C\000M93\017\003\003"
  29      A03C0B48 
  29      8E8D8143 
  29      004D3933 
  29      0F0303
  30 003a E3043F76 		.ascii	"\343\004?v\0066V\240\014\333\007=\270\014\003\000\265"
  30      063656A0 
  30      0CDB073D 
  30      B80C0300 
  30      B5
  31 004b D9095D   		.ascii	"\331\011]"
ARM GAS  /tmp/cc1XjpgS.s 			page 2


  32              		.text
  33              		.section	.gnu.lto_.pureconst.968d32f0975319dd,"",%progbits
  34 0000 789C6366 		.ascii	"x\234cf``\340d\200\000\026\006\011V\0116+v\026\000\003"
  34      6060E064 
  34      80001606 
  34      09560936 
  34      2B761600 
  35 0015 270091   		.ascii	"'\000\221"
  36              		.text
  37              		.section	.gnu.lto__core_init.968d32f0975319dd,"",%progbits
  38 0000 789C7552 		.ascii	"x\234uRKK\033Q\024>\337\2311\231\020Dq%\371\003\241"
  38      4B4B1B51 
  38      143EDF99 
  38      31991044 
  38      7125F903 
  39 0015 9B9982FE 		.ascii	"\233\231\202\376\003\301\255\213.\334)4\010\272\020"
  39      03C1AD8B 
  39      2EDC2934 
  39      08BA10
  40 0024 4B745508 		.ascii	"KtU\010\231hDW\"n*\276@J\2516\365\321\332\3076\277@"
  40      99684457 
  40      226E2ABE 
  40      404AA936 
  40      F5D1DAC7 
  41 003b 912E5A02 		.ascii	"\221.Z\002\365\321\216\242(\255\342B\323\032\306sf\254"
  41      F5D18EA2 
  41      28ADE242 
  41      D31AC673 
  41      66AC
  42 004d 528D03F7 		.ascii	"R\215\003\367\334{\316\375\316\343\373\356\030t\377"
  42      DC7BCEFD 
  42      CEE3FBEE 
  42      1874FF
  43 005c 4BC87ACE 		.ascii	"K\310z\316D\217d\207A\340\361u\242\234\305\200\036\010"
  43      448F6487 
  43      41E0F175 
  43      A29CC580 
  43      1E08
  44 006e 94656471 		.ascii	"\224edq\310\247\214\361ba2\236|\345\272\356\311\217"
  44      C8A78CF1 
  44      6261329E 
  44      7CE5BAEE 
  44      C98F
  45 0080 B5C6E1C6 		.ascii	"\265\306\341\306\262\244\235qX\006\257\221$\301\234"
  45      B2A49D71 
  45      5806AF91 
  45      24C19C
  46 008f E62B5FE3 		.ascii	"\346+_\343\221\274`\352\303;, \002\331W\032\212\256"
  46      91BC60EA 
  46      C33B2C20 
  46      02D9571A 
  46      8AAE
  47 00a1 EFFF7C71 		.ascii	"\357\377|q\371\331\214\203\312\014Vc\2501\305pTO\226"
  47      F9D98C83 
  47      CA0C5663 
  47      A831C570 
  47      544F96
ARM GAS  /tmp/cc1XjpgS.s 			page 3


  48 00b4 9A98BA44 		.ascii	"\232\230\272D\236,\035aO\034\331\215\022\006\267F\366"
  48      9E2C1D61 
  48      4F1CD98D 
  48      1206B746 
  48      F6
  49 00c5 A79E69C1 		.ascii	"\247\236i\301si\304\230\3732\266\314\231\277\356\250"
  49      7369C498 
  49      FB32B6CC 
  49      99BFEEA8 
  50 00d5 6B95D9A8 		.ascii	"k\225\331\250h7\211n{\033\233\326\001K$p\027r\371\031"
  50      6837896E 
  50      7B1B9BD6 
  50      014B2470 
  50      1772F919 
  51 00e9 CC623AE7 		.ascii	"\314b:\347*\312\304\"2x\203Dp\367\335\373\323.\371\232"
  51      2ACAC422 
  51      32788344 
  51      70F7DDFB 
  51      D32EF99A 
  52 00fd 8D828064 		.ascii	"\215\202\200d\332\267\310P\011C\023\221\260\015\207"
  52      DAB7C850 
  52      09431391 
  52      B00D87
  53 010c 9DCE5FEE 		.ascii	"\235\316_\356\034Ak\"JX\222l\201\\\\C\014A\011\344l"
  53      1C416B22 
  53      4A58926C 
  53      815C5C43 
  53      0C4109E4 
  54 0121 FFF7A219 		.ascii	"\377\367\242\031@.|\337\257#,\007\260\301o#\307\010"
  54      402E7CDF 
  54      AF232C07 
  54      B0C16F23 
  54      C708
  55 0133 81A66035 		.ascii	"\201\246`52\261[\253\201\273\004j*\214\377\011\324T"
  55      32B15BAB 
  55      81BB046A 
  55      2A8CFF09 
  55      D454
  56 0145 21C05811 		.ascii	"!\300X\021\002\253J\000\357$,e)P\346\327TG\330&ZE\031"
  56      02AB4A00 
  56      EF242C65 
  56      2950E6D7 
  56      5447D826 
  57 015c AE2AC5FB 		.ascii	"\256*\305\373\007\244X\013\245\370\020J\361\217\247"
  57      07A4580B 
  57      A5F8104A 
  57      F18FA7
  58 016b 25A56F49 		.ascii	"%\245oIy\327\244br\021\220\232\177\210T\265g`|\274a"
  58      79D7A462 
  58      7211909A 
  58      7F8854B5 
  58      67607CBC 
  59 0180 F1296011 		.ascii	"\361)`\021\243-\344\212~\253\026\321\377\311\0231\344"
  59      A32DE48A 
  59      7EAB16D1 
  59      FFC91331 
  59      E4
ARM GAS  /tmp/cc1XjpgS.s 			page 4


  60 0191 D565F0A4 		.ascii	"\325e\360\244m;-\335=O{\332\236t6\331\217\355f\247\257"
  60      6D3B2DDD 
  60      3D4F7BDA 
  60      9E7436D9 
  60      8FED66A7 
  61 01a6 DF490F38 		.ascii	"\337I\0178\375\351\224\223\352\356\355\352M\365\245"
  61      FDE99493 
  61      EAEEEDEA 
  61      4DF5A5
  62 01b5 BBEC145D 		.ascii	"\273\354\024]\001eZ\3544"
  62      01655AEC 
  62      34
  63              		.text
  64              		.section	.gnu.lto_chCoreAllocI.968d32f0975319dd,"",%progbits
  65 0000 789C8D52 		.ascii	"x\234\215R\317k\023A\024\23673\233M\223-)\342)\027\205"
  65      CF6B1341 
  65      149E3733 
  65      9B4D932D 
  65      29E22917 
  66 0015 52020AD9 		.ascii	"R\002\012\331\242\301\223\007\301\2137\017\376\001\202"
  66      A2C19307 
  66      C18B370F 
  66      FE0182
  67 0024 21D01C4A 		.ascii	"!\320\034J%\361$\224N\3224Z\020\221\350\241`UD\212I"
  67      25F12494 
  67      4ED2345A 
  67      1091E8A1 
  67      6055448A 
  68 0039 D5D446EB 		.ascii	"\325\324F\353\217J!\240\306*\255\032JkQ\251\205\266"
  68      8F4A21A0 
  68      C62AAD1A 
  68      4A6B51A9 
  68      85B6
  69 004b 524FB6B6 		.ascii	"RO\266\266\220D\255\353{\2735\370\243\007\007v\347\275"
  69      9044ADEB 
  69      7BBB35F8 
  69      A3070776 
  69      E7BD
  70 005d C7F77DEF 		.ascii	"\307\367}\357\2337#\330\277+\204\337\036\301X+\356\240"
  70      9B3723D8 
  70      BF2B84DF 
  70      1EC1582B 
  70      EEA0
  71 006f 31E0E75E 		.ascii	"1\340\347^2\226ps.\227u\246<\"[bL\031\002\244S\227\000"
  71      32967073 
  71      2E9775A6 
  71      3C225B62 
  71      4C1902A4 
  72 0086 1430605D 		.ascii	"\0240`]\\H\350\202O|\225\303\303\374\372\244w\231\327"
  72      5C48E882 
  72      4F7C95C3 
  72      C3FCFAA4 
  72      7799D7
  73 0099 38DBC930 		.ascii	"8\333\3110\035\315\214\367\271(\005Ii\2464\272\242\005"
  73      1DCD8CF7 
  73      B9280549 
  73      69A634BA 
ARM GAS  /tmp/cc1XjpgS.s 			page 5


  73      A205
  74 00ab 06944AAE 		.ascii	"\006\224J\256\024\312\357\215\236C5\316\331\032gp\035"
  74      14CAEF8D 
  74      9E4335CE 
  74      D91A6770 
  74      1D
  75 00bc FC90053F 		.ascii	"\374\220\005?\311\345 \200\310\327\317\023\357|b\027"
  75      C9E52080 
  75      C8D7CF13 
  75      EF7C6217 
  76 00cc 106BFDF3 		.ascii	"\020k\375\363\343Y\243\345\032\262\212\217\012\352\200"
  76      E359A3E5 
  76      1AB28A8F 
  76      0AEA80
  77 00db AC710183 		.ascii	"\254q\001\203 ~\347a\211\301\015h!x5\333;\306\205iS"
  77      207EE761 
  77      89C10D68 
  77      217835DB 
  77      3BC68569 
  78 00f0 17CAE7AF 		.ascii	"\027\312\347\257\030\315W\221:\177f\240d\250q\225\232"
  78      18CD5791 
  78      3A7F66A0 
  78      64A87195 
  78      9A
  79 0101 B7AC1DD8 		.ascii	"\267\254\035\330\026n\376\251\340,\244\254\2466\336"
  79      166EFEA9 
  79      E02CA4AC 
  79      A636DE
  80 0110 785D29A5 		.ascii	"x])\245T\023\334\202f\262\207\256\362\340\002\334\207"
  80      5413DC82 
  80      66B287AE 
  80      F2E002DC 
  80      87
  81 0121 B6159565 		.ascii	"\266\025\225e\255=\315\364\356\036\344>\300\276\350"
  81      AD3DCDF4 
  81      EE1EE43E 
  81      C0BEE8
  82 0130 851A4B0C 		.ascii	"\205\032K\014\245f{\3201\324\334\370s5P\344\241\310"
  82      A5667BD0 
  82      31D4DCF8 
  82      733550E4 
  82      A1C8
  83 0142 4B3F8330 		.ascii	"K?\2030\215Tcl\021Ui|K8\000\334\305[\350\316\244K\271"
  83      8D54636C 
  83      1155697C 
  83      4B3800DC 
  83      C55BE8CE 
  84 0159 1035AA70 		.ascii	"\0205\252pY\341\002\255T\276?\353\361\321\364\204\316"
  84      59E102AD 
  84      54BE3FEB 
  84      F1D1F484 
  84      CE
  85 016a 60084D22 		.ascii	"`\010M\"\252\232~\002\016HC\034\202F\222\017\276j6\250"
  85      AA9A7E02 
  85      0E48431C 
  85      8246920F 
  85      BE6A36A8 
ARM GAS  /tmp/cc1XjpgS.s 			page 6


  86 017e 6A59968F 		.ascii	"jY\226\217\301m\004\316\000\267-\243\035\004\"/\231"
  86      C16D04CE 
  86      00B72DA3 
  86      1D04222F 
  86      99
  87 018f 199EFCA2 		.ascii	"\031\236\374\2429D\035Y\227\247\316\346y\3477uZ\271"
  87      39441D59 
  87      97A7CEE6 
  87      79E73775 
  87      5AB9
  88 01a1 6B5CDFE0 		.ascii	"k\\\337\340\316\331?,\276*\273IK\267\323l\"\325\017"
  88      CED93F2C 
  88      BE2ABB49 
  88      4BB7D36C 
  88      22D50F
  89 01b4 97E06242 		.ascii	"\227\340bB\021J\203a\350\204\002\315\012\356`\231Tg"
  89      114A8361 
  89      E88402CD 
  89      0AEE6099 
  89      5467
  90 01c6 7547D28D 		.ascii	"uG\322\215\252v\227Mo\015[\264\200-5\357\3265G\376\322"
  90      AA76974D 
  90      6F0D5BB4 
  90      802D35EF 
  90      D63547FE 
  91 01db F4A00C9D 		.ascii	"\364\240\014\235\370\202\313\311\275v\033\017A\346N"
  91      F882CBC9 
  91      BD761B0F 
  91      41E64E
  92 01ea ED776A06 		.ascii	"\355wj\006\226\3314\244&\272\375\365\202f\337\344\022"
  92      96D934A4 
  92      26BAFDF5 
  92      8266DFE4 
  92      12
  93 01fb BE087CB1 		.ascii	"\276\010|\261b\006\222\305\261\027\3164\360:75\373\322"
  93      620692C5 
  93      B117CE34 
  93      F03A3735 
  93      FBD2
  94 020d 3F72FB1C 		.ascii	"?r\373\034F#\226~\315\310v\377\337\326\357\325\255\337"
  94      4623967E 
  94      CDC876FF 
  94      DFD6EFD5 
  94      ADDF
  95 021f C7322AD9 		.ascii	"\3072*\331m\245}\237s\220hb\025\"~\004\200\200\237O"
  95      6DA57D9F 
  95      73906862 
  95      15227E04 
  95      80809F4F 
  96 0233 4C6DC746 		.ascii	"Lm\307F\242\177\332\300\273\007\302\340\314\003\301"
  96      A27FDAC0 
  96      BB07C2E0 
  96      CC03C1
  97 0242 A079B02D 		.ascii	"\240y\260-z,z\370\310\321\275\301\326`\310\354\210\233"
  97      7A2C7AF8 
  97      C8D1BDC1 
  97      D660C8EC 
ARM GAS  /tmp/cc1XjpgS.s 			page 7


  97      889B
  98 0254 B113663C 		.ascii	"\261\023f<\0266\303m\355\221\366pG,\022\0143\031\217"
  98      1636C36D 
  98      ED91F670 
  98      472C120C 
  98      33198F
  99 0267 9E8CC0F1 		.ascii	"\236\214\300\361\237\227\257%\306"
  99      9F97AF25 
  99      C6
 100              		.text
 101              		.section	.gnu.lto_chCoreAlloc.968d32f0975319dd,"",%progbits
 102 0000 789C8D92 		.ascii	"x\234\215\222\357KSQ\030\307\317s\356\335u\351 \351"
 102      EF4B5351 
 102      18C7CF73 
 102      EEDD75E9 
 102      20E9
 103 0012 452F7CB3 		.ascii	"E/|\263\201\210\021\261\253$\370&\250\020\242^\214\300"
 103      818811B1 
 103      AB24F826 
 103      A810A25E 
 103      8CC0
 104 0024 FD01A26B 		.ascii	"\375\001\242k\260\201s\262\251\250!\336\215\211\031"
 104      B08173B2 
 104      A9A821DE 
 104      8D8919
 105 0033 14A2455A 		.ascii	"\024\242EZd\212I\226\245\245\366\303\331\312J\206\011"
 105      648A4996 
 105      A5A5F6C3 
 105      D9CA4A86 
 105      09
 106 0044 955668A4 		.ascii	"\225Vh\244\314Y\012E\226\3124]&\3539'\015\235\012]\030"
 106      CC590A45 
 106      96CA345D 
 106      26EB3927 
 106      0D9D0A5D 
 107 0059 67E73CDF 		.ascii	"g\347<\337\3579\337\363y\216@\266~\011\370\363\011\204"
 107      EF39DFF3 
 107      798E40B6 
 107      7E09F8F3 
 107      0984
 108 006b 4CE20802 		.ascii	"L\342\010\002\001Z\375\232\020\227\232\002\260?\004"
 108      015AFD9A 
 108      10979A02 
 108      B03F04
 109 007a 48398572 		.ascii	"H9\205r\370J\347)\364\264/\274\212\373B\303\224\350"
 109      F84AE729 
 109      F4B42FBC 
 109      8AFB42C3 
 109      94E8
 110 008c 084EBD35 		.ascii	"\010N\2755\003u\022\233\202\310\2465~\357\234*\271E"
 110      0375129B 
 110      82C8A635 
 110      7EEF9C2A 
 110      B945
 111 009e 51DC736F 		.ascii	"Q\334so{\3075\025\307\303\224\222\020%p\003\022\240"
 111      7BC73515 
 111      C7C39492 
ARM GAS  /tmp/cc1XjpgS.s 			page 8


 111      10257003 
 111      12A0
 112 00b0 15D83970 		.ascii	"\025\3309p\023\222Q9\364\3225\266[\330\017\314\2650"
 112      13925139 
 112      F4D235B6 
 112      5BD80FCC 
 112      B530
 113 00c2 FBE28326 		.ascii	"\373\342\203&\251\031]}\336N\345\210\030\246\002\334"
 113      A9195D7D 
 113      DE4EE588 
 113      18A602DC 
 114 00d2 0261A30F 		.ascii	"\002a\243\017\227\010\264A\022\223/\267V\371\250 s\353"
 114      9708B441 
 114      12932FB7 
 114      56F9A820 
 114      73EB
 115 00e4 E7E1DA6B 		.ascii	"\347\341\332k\232\304&\264\006\003\315~\2152\240x\202"
 115      9AC426B4 
 115      0603CD7E 
 115      8D32A078 
 115      82
 116 00f5 9188168F 		.ascii	"\221\210\026\217\205\333\233w\370\373\241e\336\263:"
 116      85DB9B77 
 116      F8FBA165 
 116      DEB33A
 117 0104 1A277914 		.ascii	"\032'y\024E\211\207;\220\310\342a\252v\220\000\007\266"
 117      4589873B 
 117      90C8E261 
 117      AA769000 
 117      07B6
 118 0116 D2B1A74F 		.ascii	"\322\261\247O\211DB?\\U\351\0154F\000v\256\212p-\231"
 118      8944423F 
 118      5C55E90D 
 118      34460076 
 118      AE8A702D 
 119 012b 42316332 		.ascii	"B1c2\215\367\302Q\030\001w<\3334\324\246\\\020\204T"
 119      8DF7C251 
 119      1801773C 
 119      DB34D4A6 
 119      5C108454 
 120 013f 9EE9DBFB 		.ascii	"\236\351\333\373\246\226X\236inv\371\312\336z\245\321"
 120      A696589E 
 120      696E76F9 
 120      CADE7AA5 
 120      D1
 121 0150 5D8D1B1E 		.ascii	"]\215\033\036\2060\025\241c\273Tp\027\022\3218yn\261"
 121      863015A1 
 121      63BB5470 
 121      1712D138 
 121      796EB1
 122 0163 0B184C51 		.ascii	"\013\030LQG\340\036V\307\300\375\251\253r\272N\332\024"
 122      47E01E56 
 122      C7C0FDA9 
 122      AB72BA4E 
 122      DA14
 123 0175 3BE829E5 		.ascii	";\350)\345yC\0246\337'\370\373l\000\203v\262\022\215"
 123      79431436 
ARM GAS  /tmp/cc1XjpgS.s 			page 9


 123      DF27F8FB 
 123      6C008376 
 123      B2128D
 124 0188 2A0556D3 		.ascii	"*\005V\323\331)\004\272XU\210\002A\240\033$\314q\237"
 124      D92904BA 
 124      58558802 
 124      41A01B24 
 124      CC719F
 125 019b 5100E207 		.ascii	"Q\000\342\007,O\314,\327\012\332Q\270\252\324\351\302"
 125      2C4FCC2C 
 125      D70ADA51 
 125      B8AAD4E9 
 125      C2
 126 01ac 54C51C17 		.ascii	"T\305\034\027\307V\\\261\"\"\200\007\240\3450/W\\\252"
 126      C7565CB1 
 126      22228007 
 126      A0E5302F 
 126      575CAA
 127 01bf D7E00A3C 		.ascii	"\327\340\012<\004\221G&\360\010D,\014V6\376\024\265"
 127      04914726 
 127      F008442C 
 127      0C5636FE 
 127      14B5
 128 01d1 1FD7DC12 		.ascii	"\037\327\334\022\323\016\315\370\275\273\270\273\207"
 128      D30ECDF8 
 128      BDBBB8BB 
 128      87
 129 01de B9C18B6F 		.ascii	"\271\301\213of\034<\301\226_\373\330u\226\250\012E\015"
 129      661C3CC1 
 129      965FFBD8 
 129      7596A80A 
 129      450D
 130 01f0 EFCEB7D3 		.ascii	"\357\316\267\323\262\025\345\214\242\016\323\230\020"
 130      B215E58C 
 130      A20ED398 
 130      10
 131 01fd 1551D80B 		.ascii	"\025Q\330\013ed\211\012a\252&#@y\253\260\031\250'\353"
 131      6564890A 
 131      61AA2623 
 131      4079ABB0 
 131      19A827EB 
 132 0211 F83722EF 		.ascii	"\3707\"\357n\370/\344\2179\362\211\2517\303j\216\034"
 132      6EF82FE4 
 132      8F39F289 
 132      A937C36A 
 132      8E1C
 133 0223 977C3B23 		.ascii	"\227|;#\357_G\256\332B\356\011#\027\325\207\301E\354"
 133      EF5F47AE 
 133      DA42EE09 
 133      2317D587 
 133      C145EC
 134 0236 C353A697 		.ascii	"\303S\246\227\242\373\260x\210\035M\240o\373><\343}"
 134      A2FBB078 
 134      881D4DA0 
 134      6FFB3E3C 
 134      E37D
 135 0248 78BEA10F 		.ascii	"x\276\241\017\327\277\007\275\322:b\037G\374\202#\216"
ARM GAS  /tmp/cc1XjpgS.s 			page 10


 135      D7BF07BD 
 135      D23A621F 
 135      47FC8223 
 135      8E
 136 0259 E6D98F3C 		.ascii	"\346\331\217<\003\340\012zN\257\341$\354\275\002{\247"
 136      03E00A7A 
 136      4EAFE124 
 136      ECBD027B 
 136      A7
 137 026a 284AD6EB 		.ascii	"(J\326\353\345\014\2135\307z\322\230uP\237\242O\223"
 137      E50C8B35 
 137      C77AD298 
 137      75509FA2 
 137      4F93
 138 027c ED4ED951 		.ascii	"\355N\331Q ;\035&\331d\261\231m&\273\303\2547\021\321"
 138      203B1D26 
 138      D964B199 
 138      6D26BBC3 
 138      AC3711D1 
 139 0290 692D3543 		.ascii	"i-5C\276\252(;\267\320\234\272\203)\337\356(p\312G3"
 139      BEAA283B 
 139      B7D09CBA 
 139      8329DFEE 
 139      2870CA47 
 140 02a5 0D198662 		.ascii	"\015\031\206bt3kVQ\272Mo!i\3339\314\305\005r\206\301"
 140      74336B56 
 140      51BA4D6F 
 140      2169DB39 
 140      CCC50572 
 141 02bb 78C2285B 		.ascii	"x\302([\363L\271\205\247\3142w\230l\307\012\363Lh\332"
 141      F34CB985 
 141      A7CC3277 
 141      986CC70A 
 141      F34C68DA 
 142 02cf 29DB3FB5 		.ascii	")\333?\265\305Y\342D]\274\301\230\251\313\311v\232\363"
 142      C559E244 
 142      5DBCC198 
 142      A9CBC976 
 142      9AF3
 143 02e1 1DD603BA 		.ascii	"\035\326\003\272\244\024B\035$\006\243\333\035%\344"
 143      A414421D 
 143      2406A3DB 
 143      1D25E4
 144 02f0 0FB35595 		.ascii	"\017\263U\225L"
 144      4C
 145              		.text
 146              		.section	.gnu.lto_chCoreGetStatusX.968d32f0975319dd,"",%progbits
 147 0000 789C6D4F 		.ascii	"x\234mO\273J\003Q\020\235\271w_\222F,\203\205\335b\263"
 147      BB4A0351 
 147      109DB977 
 147      5F92462C 
 147      8385DD62 
 148 0015 2BE81FF8 		.ascii	"+\350\037\370\001\026~\200\342\022H\212\020HlCnb@\013"
 148      01167E80 
 148      E212488A 
 148      10486C43 
 148      6E62400B 
ARM GAS  /tmp/cc1XjpgS.s 			page 11


 149 0029 11092922 		.ascii	"\021\011)\">\021\304\370J\320N+K\033\025\021\\\265H"
 149      3E11C4F8 
 149      4AD04E2B 
 149      4B1B1511 
 149      5CB548
 150 003c 0A236867 		.ascii	"\012#hgP\220 !\316\270\301Bsa\356\314\231\031\3169#"
 150      50902021 
 150      CEB8C142 
 150      7361EECC 
 150      9919CE39 
 151 0051 E1FF0B53 		.ascii	"\341\377\013S\224\020`\2302J@\261|\005\220\265\004\""
 151      94106098 
 151      324A40B1 
 151      7C0590B5 
 151      0422
 152 0063 17809011 		.ascii	"\027\200\220\021\230\301W\321\024xZ\371\270\014\275"
 152      98C157D1 
 152      14785AF9 
 152      B80CBD
 153 0072 88968021 		.ascii	"\210\226\200! xV\270(\031\014Qc\350\337\225\374>{G\251"
 153      207856B8 
 153      28190C51 
 153      63E8DF95 
 153      FC3E7B47 
 154 0087 DCDB893F 		.ascii	"\334\333\211?\275R\334\242\211\200w\001\270\213a,#\013"
 154      BD52DCA2 
 154      89807701 
 154      B88B612C 
 154      230B
 155 0099 E11EDABC 		.ascii	"\341\036\332\274\333\314\267\375\220\221WJ\365\363\006"
 155      DBCCB7FD 
 155      9091574A 
 155      F5F306
 156 00a8 0DF6D120 		.ascii	"\015\366\321 \023P\0358W\235\316\323\346\342\203f\011"
 156      13501D38 
 156      579DCED3 
 156      E6E28366 
 156      09
 157 00b9 680929E9 		.ascii	"h\011)\351\3234\256t\256\014\376L`fhP\260\307g\002\224"
 157      D334AE74 
 157      AE0CFE4C 
 157      60666850 
 157      B0C76702 
 158 00ce E523E60A 		.ascii	"\345#\346\012\307\365m\223\271>\005\033\336\270]\252"
 158      C7F56D93 
 158      B93E051B 
 158      DEB85DAA 
 159 00de 88F4975A 		.ascii	"\210\364\227ZPVK\350m\026\242n\275q}c\261o\375\007\226"
 159      50564BE8 
 159      6D16A26E 
 159      BD717D63 
 159      B16FFD07 
 160 00f3 B3F9355C 		.ascii	"\263\3715\\\307\325\254\342-\211\007\230\306Cv\213G"
 160      C7D5ACE2 
 160      2D890798 
 160      C643768B 
 160      47
ARM GAS  /tmp/cc1XjpgS.s 			page 12


 161 0104 D40662BD 		.ascii	"\324\006b\275\357RJbe\\\300\000k=$\260'g\345\227\263"
 161      EF524A62 
 161      655CC000 
 161      6B3D24B0 
 161      2767E597 
 162 0119 FA875327 		.ascii	"\372\207S'\032\302sE#\300\201\214\316+\265\371\301\240"
 162      1AC27345 
 162      23C0818C 
 162      CE2BB5F9 
 162      C1A0
 163 012b 67521B6A 		.ascii	"gR\033j\330U5\201OG>\231\016\262\035\307\035\217\306"
 163      D8553581 
 163      4F473E99 
 163      0EB21DC7 
 163      1D8FC6
 164 013e 66621393 		.ascii	"fb\023\223S\243\316\2103\346&Rnr\326M%=\327\213\306"
 164      53A3CE88 
 164      33E62652 
 164      6E72D64D 
 164      253DD78B 
 165 0153 23712F91 		.ascii	"#q/\221\2148\036|\003`\037\226\316"
 165      8C381E7C 
 165      03601F96 
 165      CE
 166              		.text
 167              		.section	.gnu.lto_.symbol_nodes.968d32f0975319dd,"",%progbits
 168 0000 789C558A 		.ascii	"x\234U\212\311\015\2000\020\304fv\265\210'\205\322\303"
 168      C90D8030 
 168      10C46676 
 168      B5882785 
 168      D2C3
 169 0012 B4400528 		.ascii	"\264@\005(\025Q\000\341\010\024\202P$\036\301?[v\000"
 169      155100E1 
 169      08148250 
 169      241EC13F 
 169      5B7600
 170 0025 233E6CA3 		.ascii	"#>l\243\200i\001$\314\251G\024b\020b%\223\311\343\242"
 170      80690124 
 170      CCA94714 
 170      62106225 
 170      93C9E3A2 
 171 0039 55CDF4AA 		.ascii	"U\315\364\252vPlw\333)\373\205\223\3626x\027\270\313"
 171      76506C77 
 171      DB29FB85 
 171      93F23678 
 171      17B8CB
 172 004c 43BC4EEA 		.ascii	"C\274N\352\036E"
 172      1E45
 173              		.text
 174              		.section	.gnu.lto_.refs.968d32f0975319dd,"",%progbits
 175 0000 789C25C8 		.ascii	"x\234%\310\301\015\000 \014\003\261K\322\202x\260\004"
 175      C10D0020 
 175      0C03B14B 
 175      D28278B0 
 175      04
 176 0011 FB0F0912 		.ascii	"\373\017\011\022~:\300\341+,\311\355\014\325JSo\206"
 176      7E3AC0E1 
ARM GAS  /tmp/cc1XjpgS.s 			page 13


 176      2B2CC9ED 
 176      0CD54A53 
 176      6F86
 177 0023 BC3D29E1 		.ascii	"\274=)\341p\001\015\010\000\212"
 177      70010D08 
 177      008A
 178              		.text
 179              		.section	.gnu.lto_.decls.968d32f0975319dd,"",%progbits
 180 0000 789C8556 		.ascii	"x\234\205V{LSW\030\277\247\267\264\264\324bL\304\205"
 180      7B4C5357 
 180      18BFA7B7 
 180      B4B4D462 
 180      4CC485
 181 0013 980C66C2 		.ascii	"\230\014f\302\266D\333MM\346\222%N\311\346#s:\211\311"
 181      B644DB4D 
 181      4DE69225 
 181      4EC9E623 
 181      733A89C9 
 182 0027 12FFB82B 		.ascii	"\022\377\270+\245\256\215P\014-*\373\353\"\240\004Q"
 182      A5AE8D50 
 182      0C2D2AFB 
 182      EB22A004 
 182      51
 183 0038 94200202 		.ascii	"\224 \002\002\253\002\212\012\362RDA\001\225\367CT\024"
 183      AB028A0A 
 183      F2524441 
 183      0195F743 
 183      5414
 184 004a 5F68790A 		.ascii	"_hy\012\"R\036:H\224\356;\347\336K[\204\355&\337\355"
 184      22521E3A 
 184      4894EE3B 
 184      E7DE4B5B 
 184      84ED26DF 
 185 005f 39E77EDF 		.ascii	"9\347~\337\357\373}\217sNi\212\242XDQvxv\311(j\251\210"
 185      EFFB7D8F 
 185      734E698A 
 185      A2584451 
 185      767876C9 
 186 0077 A2DC606D 		.ascii	"\242\334`m\033\345x\304 y WA\256\201T\360ku \215 \315"
 186      1BE578C4 
 186      20792057 
 186      41AE8154 
 186      F06B7520 
 187 008e 20AD94EB 		.ascii	" \255\224\353\203\365%<\316F\220z\220\273 5 m\274\016"
 187      83F5253C 
 187      CE46907A 
 187      90BB2035 
 187      206DBC0E 
 188 00a2 E2F5FE0F 		.ascii	"\342\365\376\017\013\373u\007Q\202(@\266\202\024;\341"
 188      0BFB7507 
 188      51822840 
 188      B682143B 
 188      E1
 189 00b3 6E9E8589 		.ascii	"n\236\205\211\365E<N\343,,\314_6\007V\007\310K\220^"
 189      F5453C4E 
 189      E32C2CCC 
 189      5F360756 
ARM GAS  /tmp/cc1XjpgS.s 			page 14


 189      07C84B90 
 190 00c8 903E902B 		.ascii	"\220>\220+\274\276\224\267y\0052\0102\302\343\217\202"
 190      BCBE94B7 
 190      79053208 
 190      32C2E38F 
 190      82
 191 00d9 8C539F3E 		.ascii	"\214S\237>\025|\334\002~\361<\034+\376\203\343\250\010"
 191      157CDC02 
 191      7EF13C1C 
 191      2BFE83E3 
 191      A808
 192 00eb 35754F8E 		.ascii	"5uO\216+\006DH)_\210\247i\035}\0234L\025r\021\236\226"
 192      2B064448 
 192      295F88A7 
 192      691D7D13 
 192      344C1572 
 193 0102 4EBD2F90 		.ascii	"N\275/\220,9\301\342'\212](B\333\274\3209\344\215r\221"
 193      2C39C1E2 
 193      278A5D28 
 193      42DBBCD0 
 193      39E48D72 
 194 0117 37A09F47 		.ascii	"7\240\237GK\340\275S\314!e\234Kj\027\323\"\204\307Y"
 194      4BE0BD53 
 194      CC21659C 
 194      4B6A17D3 
 194      2284C759 
 195 012b 295DEDF2 		.ascii	")]\355\362\345\027\300*\226\255\032@\016w\247JN$\211"
 195      E517C02A 
 195      96AD1A40 
 195      0E77A74A 
 195      4E2489
 196 013e 7C32594B 		.ascii	"|2YK\241-\257\342 \235\312Z\"\331i\273\035\0210t\001"
 196      A12DAFE2 
 196      209DCA5A 
 196      22D969BB 
 196      1D113074 
 197 0153 D1E8225A 		.ascii	"\321\350\"ZN\250\303\230\213!\017\371\200\341\265K\023"
 197      4EA8C398 
 197      8B210FF9 
 197      80E1B54B 
 197      13
 198 0164 2D1E84A7 		.ascii	"-\036\204\247\017\306\271\236X\237\"!<\305xZq\266\310"
 198      0FC6B99E 
 198      589F2221 
 198      3CC5785A 
 198      71B6C8
 199 0177 8DFE81B8 		.ascii	"\215\376\201\270\216<[\036/\205/\033\345\304\341\313"
 199      8E3C5B1E 
 199      2F852F1B 
 199      E5C4E1CB 
 200 0187 5353D932 		.ascii	"SS\33122\305\215\347\011K\242\273\027K\272\024H\356"
 200      32C58DE7 
 200      094BA2BB 
 200      174BBA14 
 200      48EE
 201 0199 17CBB207 		.ascii	"\027\313\262\007\330cQ\254\254^I\241|\210\352\022D\205"
 201      D86351AC 
ARM GAS  /tmp/cc1XjpgS.s 			page 15


 201      AC5E49A1 
 201      7C88EA12 
 201      4485
 202 01ab 4A901F28 		.ascii	"J\220\037(\023\032\250\020\026\213`1\033\002\261\035"
 202      131AA810 
 202      168B6031 
 202      1B02B11D 
 203 01bb 8E1A8A38 		.ascii	"\216\032\2128\300\376\210\212\221\034\025\314\020%~"
 203      C0FE888A 
 203      911C15CC 
 203      10257E
 204 01ca F8E0DE4C 		.ascii	"\370\340\336L\235\036Q\210!\331Dg'a\026\335P\324\202"
 204      9D1E5188 
 204      21D94467 
 204      276116DD 
 204      50D482
 205 01dd 9C33B855 		.ascii	"\2343\270U\341\224\301+$\203\227\021\237\302\304\243"
 205      E194C12B 
 205      24839711 
 205      9FC2C4A3 
 206 01ed 99A34A7A 		.ascii	"\231\243Jz/\211#%\377\324\244\0342e\205L%7:g\012\214"
 206      2F892325 
 206      FFD4A41C 
 206      3265854C 
 206      25373A67 
 207 0203 50A953A6 		.ascii	"P\251S\246J\205L]%\231Jxx\264\300\223\216B\004\305R"
 207      4A854C5D 
 207      25994A78 
 207      78B4C093 
 207      8E4204C5 
 208 0218 5B64F320 		.ascii	"[d\363 \371\266tfIr\331*\273}-\001(s\002(\023\000\256"
 208      F9B67466 
 208      4972D92A 
 208      BB7D2D01 
 208      28730228 
 209 022f 1180B243 		.ascii	"\021\200\262C\177\247+\235)\343h\034\234\257\273T\275"
 209      7FA72B9D 
 209      29E3681C 
 209      9CAFBB54 
 209      BD
 210 0240 F9CE990B 		.ascii	"\371\316\231\013J:\201\363\326u\2439UJ\274Y\313cj\025"
 210      4A3A81F3 
 210      D675A339 
 210      554ABC59 
 210      CB636A15 
 211 0254 2CE7CF1D 		.ascii	",\347\317\035\233\240r'\207\345\202\303\012\342\360"
 211      9BA07227 
 211      87E582C3 
 211      0AE2F0
 212 0263 E4BDC757 		.ascii	"\344\275\307W\305\264\205\303\210{v\276YJ\347\"\227"
 212      C5B485C3 
 212      887B76BE 
 212      594AE722 
 212      97
 213 0274 627A71C5 		.ascii	"bzq\305<\332\224VM\223\251\035\177\026%\366L\344 \241"
 213      3CDA9456 
 213      4D93A91D 
ARM GAS  /tmp/cc1XjpgS.s 			page 16


 213      7F1625F6 
 213      4CE420A1 
 214 0288 92B64496 		.ascii	"\222\266D\226\376\214B\313\275\321\327P\306[PF/\276"
 214      FE8C42CB 
 214      BDD1D750 
 214      C65B5046 
 214      2FBE
 215 029a 8C95C0BD 		.ascii	"\214\225\300\275J(\343\353\234\204\245,+F\325\020\324"
 215      4A28E3EB 
 215      9C84A52C 
 215      2B46D510 
 215      D4
 216 02ab 4D4719BD 		.ascii	"MG\031\275f\312(\262v\344\37467\350\235\371@\353\017"
 216      66CA28B2 
 216      76E4FC36 
 216      37E89DF9 
 216      40EB0F
 217 02be 352DC6A0 		.ascii	"5-\306\240\267\001\364\206\003\024|\3144Gc\363x\211"
 217      B701F486 
 217      03147CCC 
 217      344763F3 
 217      7889
 218 02d0 68D1319C 		.ascii	"h\3211\234Tx\371 \254KrP\203\026\315(\265VW\247#:\212"
 218      5478F920 
 218      AC4B7250 
 218      8316CD28 
 218      B55657A7 
 219 02e7 DB44478A 		.ascii	"\333DG\212j\356\321\313N\263V\326\226\327vpq$\333\005"
 219      6AEED1CB 
 219      4EB356D6 
 219      96D77670 
 219      7124DB05 
 220 02fb B6B87ED8 		.ascii	"\266\270~\330\004\325\0129\344\007\250\016-\003\243"
 220      04D50A39 
 220      E407A80E 
 220      2D03A3
 221 030a 67CFE393 		.ascii	"g\317\343\223\220\"\316\321\332\204\223\320\335\024"
 221      9022CED1 
 221      DA8493D0 
 221      DD14
 222 0318 AA470ADE 		.ascii	"\252G\012\336\327\213\202\312\002\021}\234\363\025s"
 222      D78B82CA 
 222      02117D9C 
 222      F31573
 223 0327 3AB2DF0D 		.ascii	":\262\337\015|\261g\254\323\367\203\252\242Y\322kX\033"
 223      7CB167AC 
 223      D3F783AA 
 223      A259D26B 
 223      581B
 224 0339 3570F138 		.ascii	"5p\3618a4\360\036\033\211G\313\363\211\367J:\225\303"
 224      6134F01E 
 224      1B8947CB 
 224      F389F74A 
 224      3A95C3
 225 034c 19ABBDF1 		.ascii	"\031\253\275\361\016\021\316\326\363\2677[RX\326j\267"
 225      0E11CED6 
 225      F3B7375B 
ARM GAS  /tmp/cc1XjpgS.s 			page 17


 225      5258D66A 
 225      B7
 226 035d 7F4E0837 		.ascii	"\177N\0107\011\204\371\001j&\346\261\037s\222\020}\226"
 226      0984F901 
 226      6A26E6B1 
 226      1F739210 
 226      7D96
 227 036f 337F33F5 		.ascii	"3\1773\365\316\304\261\260\317b\321\362\011\213\026"
 227      CEC4B1B0 
 227      CF62D1F2 
 227      098B16
 228 037e 1EA695C0 		.ascii	"\036\246\225\300\014u\327\216I\\\342\306>\035\332w\271"
 228      0C75D78E 
 228      495CE2C6 
 228      3E1DDA77 
 228      B9
 229 038f B8F12F68 		.ascii	"\270\361/h?\356\256\033\026\273hc\037\016\3556^\273"
 229      3FEEAE1B 
 229      16BB6863 
 229      1F0EED36 
 229      5EBB
 230 03a1 8D6857DE 		.ascii	"\215hW\336\234\254\225\323\371\034\305\370Xk\203\234"
 230      9CAC95D3 
 230      F91CC5F8 
 230      586B839C 
 231 03b1 2E15B9F4 		.ascii	".\025\271\364\247\257\353a\343\3538l\352\373\331,%\362"
 231      A7AFEB61 
 231      E3EB386C 
 231      EAFBD92C 
 231      25F2
 232 03c3 93F3BDD7 		.ascii	"\223\363\275\327\2751\012\216\220GP\222\373\2166\361"
 232      BD310A8E 
 232      90475092 
 232      FB8E36F1 
 233 03d3 E5BB64EE 		.ascii	"\345\273d\356\003\351!4\235/\337t\017`\261\035\026\001"
 233      03E92134 
 233      9D2FDF74 
 233      0F60B11D 
 233      1601
 234 03e5 B8E6C3CD 		.ascii	"\270\346\303\315h\267yO\261\307s\030\361\235\232\350"
 234      68B7794F 
 234      B1C77318 
 234      F19D9AE8 
 235 03f5 853BB503 		.ascii	"\205;\265\003(\334sPx$t*\376\000\221\324_\314\370\203"
 235      28DC7350 
 235      7824742A 
 235      FE0091D4 
 235      5FCCF883 
 236 0409 AE26418A 		.ascii	"\256&A\212{\322\013K=\221\237\2677\011\"\026\370w\202"
 236      7BD20B4B 
 236      3D919FB7 
 236      37092216 
 236      F87782
 237 041c F113BE9C 		.ascii	"\361\023\276\234\334\223\002\353\223k\361\007\030\272"
 237      DC9302EB 
 237      936BF107 
 237      18BA
ARM GAS  /tmp/cc1XjpgS.s 			page 18


 238 042a 93DF39F6 		.ascii	"\223\3379\366\317S`\205?Q\3509pzF\002Aq\207\213\354"
 238      CF536085 
 238      3F51E839 
 238      707A4602 
 238      4171878B 
 239 043f 52792CD9 		.ascii	"Ry,\331\030\\-\024\316\015\373\202\350\177E\000@;s "
 239      185C2D14 
 239      CE0DFB82 
 239      E87F4500 
 239      403B7320 
 240 0453 394DC66F 		.ascii	"9M\306o#\013\336F\235.\207\323K\274\2318\0332\3015\252"
 240      230BDE46 
 240      9D2E87D3 
 240      4BBC9938 
 240      1B32C135 
 241 0468 CA7F2025 		.ascii	"\312\177 %7\307\032\014\360O\226u\010\221\233CJ\216"
 241      37C71A0C 
 241      F04F9675 
 241      08919B43 
 241      4A8E
 242 047a DC98B232 		.ascii	"\334\230\2622%\231J\3604;\333\226\274`~2=\002\231n\216"
 242      25994AF0 
 242      343BDB96 
 242      BC607E32 
 242      3D02996E 
 243 048f FB70D450 		.ascii	"\373p\324P\276\304ySc6VP\357\"\352\275\204M\017\307"
 243      BEC47953 
 243      63365650 
 243      EF22EABD 
 243      844D0FC7 
 244 04a3 A697B039 		.ascii	"\246\227\2609\230\234Q\350\351\322y\3704vx\350\203>"
 244      989C51E8 
 244      E9D279F8 
 244      347678E8 
 244      833E
 245 04b5 E46BD247 		.ascii	"\344k\322G\232\257:\355\334I\031]\313\365\233}:c\204"
 245      9AAF3AED 
 245      DC49195D 
 245      CBF59B7D 
 245      3A6384
 246 04c8 8603B6AA 		.ascii	"\206\003\266\252\2600\267\351\255h\346RXO\256\317~\247"
 246      B030B7E9 
 246      AD68E652 
 246      584FAECF 
 246      7EA7
 247 04da 23B65FD8 		.ascii	"#\266_\330m\257\310\021\333\333>\312\312\351I\016\245"
 247      6DAFC811 
 247      DBDB3ECA 
 247      CAE9490E 
 247      A5
 248 04eb B3B5E79D 		.ascii	"\263\265\347\235\234C\211;RI\317B\031pB\031\020P\006"
 248      9C43893B 
 248      5249CF42 
 248      19704219 
 248      105006
 249 04fe 094A6C7E 		.ascii	"\011Jl~a\205\214\\p\0353\027\334\307\370\366Z\217y\377"
 249      61858C5C 
ARM GAS  /tmp/cc1XjpgS.s 			page 19


 249      701D3317 
 249      DCC7F8F6 
 249      5A8F79FF 
 250 0512 220C91CB 		.ascii	"\"\014\221\313\342\265p\301M[\023X\031}\231&4N\017>"
 250      E2B570C1 
 250      4D5B1358 
 250      197D9926 
 250      344E0F3E 
 251 0526 4990D3B7 		.ascii	"I\220\323\267\270\311p\335t\211\033@\243a\342\022\237"
 251      B8C970DD 
 251      74891B40 
 251      A361E212 
 251      9F
 252 0537 6453575E 		.ascii	"dSW^+\010K[nB\261b\252\230\255:\300~\000\232\221\321"
 252      2B084B5B 
 252      6E42B162 
 252      AA98AD3A 
 252      C07E009A 
 253 054d BE1817BD 		.ascii	"\276\030\027\275\021\210\242\267\200\217\247\034\327"
 253      1188A2B7 
 253      808FA71C 
 253      D7
 254 055a 11C2B5F4 		.ascii	"\021\302\265\364\351\361T\005\035#&\350#'\272\332\335"
 254      E9F15405 
 254      1D2326E8 
 254      2327BADA 
 254      DD
 255 056b 78ACA6F1 		.ascii	"x\254\246\361\300\304(6\211\034L\026w\022\262\315)d"
 255      C0C42836 
 255      891C4C16 
 255      7712B2CD 
 255      2964
 256 057d 9B00334A 		.ascii	"\233\0003J`2\333:\007\305\364q\016&\275\253\344\266"
 256      6032DB3A 
 256      07C5F471 
 256      0E26BDAB 
 256      E4B6
 257 058f 824F5C4B 		.ascii	"\202O\\K\377\354\304\2159\241\214\011(\343\310\207\222"
 257      FFECC48D 
 257      39A18C09 
 257      28E3C887 
 257      92
 258 05a0 33DAD030 		.ascii	"3\332\3200\035c0\032\314\222\015\277\356\360\361\247"
 258      1D63301A 
 258      CC920DBF 
 258      EEF0F1A7 
 259 05b0 BE54A9D4 		.ascii	"\276T\251\324\376zC\240ak\000\263J\365\215j\265:\324"
 259      FE7A43A0 
 259      616B00B3 
 259      4AF58D6A 
 259      B53AD4
 260 05c3 A40E33AB 		.ascii	"\244\0163\253MaZ\265V\037\242\013\301\006*-%1\031\376"
 260      4D615AB5 
 260      561FA20B 
 260      C1062A2D 
 260      253119FE 
 261 05d7 D231E695 		.ascii	"\3221\346\225\352pS\230:\330\020\250\376S\253Uk\302"
ARM GAS  /tmp/cc1XjpgS.s 			page 20


 261      EA705398 
 261      3AD810A8 
 261      FE53AB55 
 261      6BC2
 262 05e9 42561843 		.ascii	"BV\030C\215\272\025:M\240A\275Z\365\275j\225\332`\324"
 262      8DBA153A 
 262      4DA041BD 
 262      5AF5BD6A 
 262      95DA60D4 
 263 05fd 068707E9 		.ascii	"\006\207\007\351\324&sP\220n\227JO)\264z\177\300X\027"
 263      D4267350 
 263      906E974A 
 263      4F29B47A 
 263      7FC05817 
 264 0611 1C1CAADD 		.ascii	"\034\034\252\335\344\3414Y\310\2157\350\314\001f\215"
 264      E4E13459 
 264      C88D37E8 
 264      CC01668D 
 265 0621 39DCF4BB 		.ascii	"9\334\364\2734\334`4\257a\3142\206\341G+\210;\001\322"
 265      34DC6034 
 265      AF61CC32 
 265      86E1472B 
 265      883B01D2 
 266 0635 A8DB873D 		.ascii	"\250\333\207=\207h\264z\203Q\247f\000_\023\036lf\314"
 266      8768B47A 
 266      8351A766 
 266      005F131E 
 266      6C66CC
 267 0648 117B7426 		.ascii	"\021{t&\360\364\305\\\332\246\010\223\232\0012\000\010"
 267      F0F4C55C 
 267      DAA60893 
 267      9A013200 
 267      08
 268 0659 2A0B1846 		.ascii	"*\013\030F\257\323\354a\0025&\035\303H\215\272\375f"
 268      AFD3EC61 
 268      0235261D 
 268      C3488DBA 
 268      FD66
 269 066b 8851C1AF 		.ascii	"\210Q\301\257\352\214A\014#\2017\254\271c\012\253V2"
 269      EA8C410C 
 269      238137AC 
 269      B9630AAB 
 269      5632
 270 067d 6639C706 		.ascii	"f9\307\006\017\305Z\275&L\246\325\007D\230~\011\325"
 270      0FC55ABD 
 270      264CA6D5 
 270      0744987E 
 270      09D5
 271 068f EE9E2F77 		.ascii	"\356\236/w\002\003\255\036\234\203S\331\236\32003\003"
 271      0203AD1E 
 271      9C8353D9 
 271      9ED03033 
 271      03
 272 06a0 11EFFE76 		.ascii	"\021\357\376v\036\013\254`R\257\333\276\305\177\313"
 272      1E0BAC60 
 272      52AFDBBE 
 272      C57FCB
ARM GAS  /tmp/cc1XjpgS.s 			page 21


 273 06af 7E302345 		.ascii	"~0#E\332\373]\010G\330\24433\353\327\005\374\264m\373"
 273      DAFB5D08 
 273      47D8A433 
 273      33EBD705 
 273      FCB46DFB 
 274 06c3 A6059AE0 		.ascii	"\246\005\232\340}\232\010\023\0240\0302\260z.4\210H"
 274      7D9A0813 
 274      14301832 
 274      B07A2E34 
 274      8848
 275 06d5 EDBF2560 		.ascii	"\355\277%`S\200\203\006F\323\206\374\034n\324\002\240"
 275      53808306 
 275      46D386FC 
 275      1C6ED402 
 275      A0
 276 06e6 07A1BFC3 		.ascii	"\007\241\277\303\210\351x\020b\341d\374/G\020\320\266"
 276      88E97810 
 276      62E164FC 
 276      2F4710D0 
 276      B6
 277              		.text
 278              		.section	.gnu.lto_.symtab.968d32f0975319dd,"",%progbits
 279 0000 5F636F72 		.ascii	"_core_init\000\000\000\000\000\000\000\000\000\000\000"
 279      655F696E 
 279      69740000 
 279      00000000 
 279      00000000 
 280 0015 00AC0000 		.ascii	"\000\254\000\000\000chCoreAllocI\000\000\000\000\000"
 280      00636843 
 280      6F726541 
 280      6C6C6F63 
 280      49000000 
 281 002b 00000000 		.ascii	"\000\000\000\000\000\000\000\267\000\000\000chCoreA"
 281      000000B7 
 281      00000063 
 281      68436F72 
 281      6541
 282 003d 6C6C6F63 		.ascii	"lloc\000\000\000\000\000\000\000\000\000\000\000\000"
 282      00000000 
 282      00000000 
 282      00000000 
 283 004d B9000000 		.ascii	"\271\000\000\000chCoreGetStatusX\000\000\000\000\000"
 283      6368436F 
 283      72654765 
 283      74537461 
 283      74757358 
 284 0066 00000000 		.ascii	"\000\000\000\000\000\000\000\274\000\000\000__heap_"
 284      000000BC 
 284      0000005F 
 284      5F686561 
 284      705F
 285 0078 62617365 		.ascii	"base__\000\000\002\000\000\000\000\000\000\000\000\000"
 285      5F5F0000 
 285      02000000 
 285      00000000 
 285      0000
 286 008a C7000000 		.ascii	"\307\000\000\000__heap_end__\000\000\002\000\000\000"
ARM GAS  /tmp/cc1XjpgS.s 			page 22


 286      5F5F6865 
 286      61705F65 
 286      6E645F5F 
 286      00000200 
 287 00a0 00000000 		.ascii	"\000\000\000\000\000\000\314\000\000\000"
 287      0000CC00 
 287      0000
 288              		.text
 289              		.section	.gnu.lto_.opts,"",%progbits
 290 0000 272D666E 		.ascii	"'-fno-trapv' '-mcpu=cortex-m4' '-mfloat-abi=hard' '"
 290      6F2D7472 
 290      61707627 
 290      20272D6D 
 290      6370753D 
 291 0033 2D6D6670 		.ascii	"-mfpu=fpv4-sp-d16' '-mno-thumb-interwork' '-mthumb'"
 291      753D6670 
 291      76342D73 
 291      702D6431 
 291      36272027 
 292 0066 20272D67 		.ascii	" '-ggdb' '-Os' '-fomit-frame-pointer' '-falign-func"
 292      67646227 
 292      20272D4F 
 292      73272027 
 292      2D666F6D 
 293 0099 74696F6E 		.ascii	"tions=16' '-ffunction-sections' '-fdata-sections' '"
 293      733D3136 
 293      2720272D 
 293      6666756E 
 293      6374696F 
 294 00cc 2D666E6F 		.ascii	"-fno-common' '-flto' '-fsingle-precision-constant'\000"
 294      2D636F6D 
 294      6D6F6E27 
 294      20272D66 
 294      6C746F27 
 295              		.text
 296              		.comm	__gnu_lto_v1,1,1
 297              		.comm	__gnu_lto_slim,1,1
 298              		.ident	"GCC: (15:4.9.3+svn231177-1) 4.9.3 20150529 (prerelease)"
ARM GAS  /tmp/cc1XjpgS.s 			page 23


DEFINED SYMBOLS
                            *ABS*:0000000000000000 chmemcore.c
                            *COM*:0000000000000001 __gnu_lto_v1
                            *COM*:0000000000000001 __gnu_lto_slim

NO UNDEFINED SYMBOLS
