ARM GAS  /tmp/cc6o6eED.s 			page 1


   1              		.syntax unified
   2              		.cpu cortex-m4
   3              		.eabi_attribute 27, 1
   4              		.eabi_attribute 28, 1
   5              		.fpu fpv4-sp-d16
   6              		.eabi_attribute 20, 1
   7              		.eabi_attribute 21, 1
   8              		.eabi_attribute 23, 3
   9              		.eabi_attribute 24, 1
  10              		.eabi_attribute 25, 1
  11              		.eabi_attribute 26, 1
  12              		.eabi_attribute 30, 4
  13              		.eabi_attribute 34, 1
  14              		.eabi_attribute 18, 4
  15              		.thumb
  16              		.file	"chregistry.c"
  17              		.text
  18              	.Ltext0:
  19              		.section	.gnu.lto_.profile.6ed45fefa939ffd6,"",%progbits
  20 0000 789C6366 		.ascii	"x\234cf```a\200\000F\006Y!\000\000\300\0008"
  20      60606061 
  20      80004606 
  20      59210000 
  20      C00038
  21              		.text
  22              		.section	.gnu.lto_.jmpfuncs.6ed45fefa939ffd6,"",%progbits
  23 0000 789C6366 		.ascii	"x\234cf\300\016\004\2404\023\010322\32632\227\203\370"
  23      C00E04A0 
  23      34130833 
  23      3232D633 
  23      329783F8 
  24 0014 0008FA01 		.ascii	"\000\010\372\001\025"
  24      15
  25              		.text
  26              		.section	.gnu.lto_.inline.6ed45fefa939ffd6,"",%progbits
  27 0000 789C6366 		.ascii	"x\234cf\300\016\364\2414\023\003\003'\007#\003\023\317"
  27      C00EF4A1 
  27      34130303 
  27      27072303 
  27      13CF
  28 0012 835806B6 		.ascii	"\203X\006\266\005\362L\0201^Q\240\020\377\202\022\006"
  28      05F24C10 
  28      315E51A0 
  28      10FF8212 
  28      06
  29 0023 F60E7588 		.ascii	"\366\016u\210\0207\003\003\343\004?\006\000\200 \005"
  29      10370303 
  29      E3043F06 
  29      00802005 
  30 0033 47       		.ascii	"G"
  31              		.text
  32              		.section	.gnu.lto_.pureconst.6ed45fefa939ffd6,"",%progbits
  33 0000 789C6366 		.ascii	"x\234cf```e\200\000&\006+&+\000\001{\000\201"
  33      60606065 
  33      80002606 
  33      2B262B00 
  33      017B0081 
ARM GAS  /tmp/cc6o6eED.s 			page 2


  34              		.text
  35              		.section	.gnu.lto_chRegFirstThread.6ed45fefa939ffd6,"",%progbits
  36 0000 789C8D53 		.ascii	"x\234\215S[KTQ\024\336k\2373\343x#\351\241\007_\034"
  36      5B4B5451 
  36      14DE6B9F 
  36      33E37823 
  36      E9A1075F 
  37 0015 9050B099 		.ascii	"\220P\260\231S\024\364P\020!\004=\014\201\376\000\261"
  37      5314F450 
  37      1021043D 
  37      0C81FE00 
  37      B1
  38 0026 69C8016F 		.ascii	"i\310\001o\234\031E\037\2443\243eE\226\250\321x\315"
  38      9C19451F 
  38      A433A365 
  38      4596A8D1 
  38      78CD
  39 0038 CA6B9A96 		.ascii	"\312k\232\226\245\245eN\027\315\354jI\226\201M\241P"
  39      A5A5654E 
  39      17CDEC6A 
  39      4996814D 
  39      A150
  40 004a A4E03D07 		.ascii	"\244\340=\007\321i\355=j:*t`f\237}\326\372\326\367\255"
  40      D169ED3D 
  40      6A3A2A74 
  40      60669F7D 
  40      D6FAD6F7 
  41 005f B5BF2D90 		.ascii	"\265\277-\220\215O(\376jEB\206q\005\201\000\315\177"
  41      8D4F28FE 
  41      6A454286 
  41      71058100 
  41      CD7F
  42 0071 4B884D43 		.ascii	"K\210MC\001\330\013\001r\212\302)\370E')\2647\315\274"
  42      01D80B01 
  42      728AC229 
  42      F8452729 
  42      B437CDBC 
  43 0085 09FC49DD 		.ascii	"\011\374I\335\224h\011n;\012z\035j\266\005\221m\007"
  43      9468096E 
  43      3B0A7A1D 
  43      6AB60591 
  43      6D07
  44 0097 3F3906FD 		.ascii	"?9\006\375#\252\025\305>\321\322\237X\\T\211\021J\246"
  44      23AA15C5 
  44      3ED1D29F 
  44      585C5489 
  44      114AA6
  45 00aa 29815A08 		.ascii	")\201Z\010\205:`DP\017\021,\327\346\314\033\010\026"
  45      853A6044 
  45      500F112C 
  45      D7E6CC1B 
  45      0816
  46 00bc A280BD67 		.ascii	"\242\200\275g?\260u\005\205_C\234\353B\365\213 \245"
  46      3FB07505 
  46      855F439C 
  46      EB42F58B 
  46      20A5
ARM GAS  /tmp/cc6o6eED.s 			page 3


  47 00ce 57C97179 		.ascii	"W\311qy<a\010\206\233 \254\307\263\007!\2239\213\203"
  47      3C610886 
  47      9B20ACC7 
  47      B3072193 
  47      398B83
  48 00e1 81EA1C45 		.ascii	"\201\352\034EQB\240\001\302\031\011\326n\0045\340\302"
  48      5142A001 
  48      C21909D6 
  48      6E0435E0 
  48      C2
  49 00f2 BE346F77 		.ascii	"\2764ow*\036\317t\367\365s\007\352\251\006\273\302o"
  49      2A1ECF74 
  49      F7F57307 
  49      EAA906BB 
  49      C26F
  50 0104 22715341 		.ascii	"\"qSA\305\376\010\031A\000ko\024\025\342*|\002{\010"
  50      C5FE0819 
  50      41006B6F 
  50      1415E22A 
  50      7C027B08 
  51 0118 2B3CDDA0 		.ascii	"+<\335\240\024\011\202\236\353\372=p\255:\200\353\232"
  51      1409829E 
  51      EBFA3D70 
  51      AD3A80EB 
  51      9A
  52 0129 189B2FDD 		.ascii	"\030\233/\335Q\254T\332\363\261\350!pS\021nm\246\014"
  52      51AC54DA 
  52      F3B1E821 
  52      7053116E 
  52      6DA60C
  53 013c 9A201C81 		.ascii	"\232 \034\201\337\363f\357\002\233\213\250%\320\214"
  53      DFF366EF 
  53      029B8BA8 
  53      25D08C
  54 014b D1AF60FF 		.ascii	"\321\257`\377Q\236;\352P\257\223\356z~\003\270\350i"
  54      519E3BEA 
  54      50AF93EE 
  54      7A7E03B8 
  54      E869
  55 015d 0AEB9B72 		.ascii	"\012\353\233r\315\235\037V\021\270\315B\324'\364yq?"
  55      CD9D1F56 
  55      11B8CD42 
  55      D427F479 
  55      713F
  56 016f A3217087 		.ascii	"\243!p\207E\005\237i\020h\0015\012\271\313F\001\344"
  56      45059F69 
  56      10680135 
  56      0AB9CB46 
  56      01E4
  57 0181 1960F8DB 		.ascii	"\031`\370\333\330|\241\0206\000\345\212C\353\246*\206"
  57      D87CA110 
  57      3600E58A 
  57      43EBA62A 
  57      86
  58 0192 B8FC75C1 		.ascii	"\270\374u\301\026 \342\014\340\036\204\361\211\226\234"
  58      1620E20C 
  58      E01E84F1 
ARM GAS  /tmp/cc6o6eED.s 			page 4


  58      89969C
  59 01a1 BE521C84 		.ascii	"\276R\034\204_\240\025D\256\231@\033\210\030\350\313"
  59      5FA01544 
  59      AE99401B 
  59      8818E8CB 
  60 01b1 AD9C13C3 		.ascii	"\255\234\023\303\006\227\321j\226\373~\254\247\303\237"
  60      0697D16A 
  60      96FB7EAC 
  60      A7C39F
  61 01c0 A3EF3334 		.ascii	"\243\35734<\300\363\037\002{[\273\273.\210\365\363\207"
  61      3CC0F31F 
  61      027B5BBB 
  61      BB2E88F5 
  61      F387
  62 01d2 0A9855F1 		.ascii	"\012\230U\361\361b\023\315ZP\316*\0327\365[\244\336"
  62      F16213CD 
  62      5A50CE2A 
  62      1A37F55B 
  62      A4DE
  63 01e4 93FB36F2 		.ascii	"\223\3736\362\256_\303f\343\307\267u\266\2342(\207R"
  63      AE5FC366 
  63      E3C7B775 
  63      B69C3228 
  63      8752
  64 01f6 9BC2B234 		.ascii	"\233\302\2624\320\016Y\320\301\3301\266\324x\251E\255"
  64      D00E59D0 
  64      C1D831B6 
  64      D478A945 
  64      AD
  65 0207 6BC0B69C 		.ascii	"k\300\266\234\241n\352\017\0171q\212.;\240\263\353\303"
  65      A16EEA0F 
  65      0F31718A 
  65      2E3BA0B3 
  65      EBC3
  66 0219 92E80D46 		.ascii	"\222\350\015F2\247<\002\335\024\216\021\325t\202\216"
  66      32A73C02 
  66      DD148E11 
  66      D574828E 
  67 0229 E0712AC1 		.ascii	"\340q*\301\334\017x\356(\207\313\233|\035\343U'\256"
  67      DC0F78EE 
  67      2887CB9B 
  67      7C1DE355 
  67      27AE
  68 023b D54179B9 		.ascii	"\325Ay\271\326\371\253\343\301\250\003\3176\000\363"
  68      D6F9ABE3 
  68      C1A803CF 
  68      3600F3
  69 024a E1F1B286 		.ascii	"\341\361\262\206\262\231\302/\333tQn\032\010]\234\236"
  69      B299C22F 
  69      DB74516E 
  69      1A085D9C 
  69      9E
  70 025b 1BCD8914 		.ascii	"\033\315\211\024C\220]pf\014\274\025U\336\242\375%5"
  70      43905D70 
  70      660CBC15 
  70      55DEA2FD 
  70      2535
ARM GAS  /tmp/cc6o6eED.s 			page 5


  71 026d D9DB58D1 		.ascii	"\331\333X\321@\034\376\023,\201\264\005<e\015\005\266"
  71      401CFE13 
  71      2C81B405 
  71      3C650D05 
  71      B6
  72 027e EA546D4D 		.ascii	"\352TmM\363\364\037\3153\320ai\262\342\315\265~\274"
  72      F3F41FCD 
  72      33D06169 
  72      B2E2CDB5 
  72      7EBC
  73 0290 57F15F7E 		.ascii	"W\361_~|\316\375\270\332+\336r\350\336\332\217#5+~\024"
  73      7CCEFDB8 
  73      DA2BDE72 
  73      E8DEDA8F 
  73      23352B7E 
  74 02a5 37D8AA87 		.ascii	"7\330\252\207\331\312\307\244}\263h\322\027,_\345k\322"
  74      D9CAC7A4 
  74      7DB368D2 
  74      172C5FE5 
  74      6BD2
  75 02b7 D9838C9B 		.ascii	"\331\203\214\233@\357\346&}\311M\332\267\306\244U\343"
  75      40EFE626 
  75      7DC94DDA 
  75      B7C6A455 
  75      E3
  76 02c8 AE0EF58A 		.ascii	"\256\016\365\212\377\272\271\377^q\377\371\232\3555"
  76      FFBAB9FF 
  76      5E71FFF9 
  76      9AED35
  77 02d7 9A6D186C 		.ascii	"\232m\030l\256\252\332\345\331\343m\306\353\014\354"
  77      AEAADAE5 
  77      D9E36DC6 
  77      EB0CEC
  78 02e6 1A6356A4 		.ascii	"\032cV\244^/E'\230\217\233\217\305\306\355\325\357\326"
  78      5E2F4527 
  78      988F9B8F 
  78      C5C6EDD5 
  78      EFD6
  79 02f8 EF93522C 		.ascii	"\357\223R,\222l\225,\262Q2&\310\246\223f\213U\316\324"
  79      926C952C 
  79      B2513226 
  79      C8A69366 
  79      8B55CED4 
  80 030c 1B09B5A6 		.ascii	"\033\011\265\246\252\322\343\023\323L{\266@\244\246"
  80      AAD2E313 
  80      D34C7BB6 
  80      40A4A6
  81 031b C8568B74 		.ascii	"\310V\213t8\306\020m\310@\2501E6\305\245\357O\322'\220"
  81      38C6106D 
  81      C840A831 
  81      4536C5A5 
  81      EF4FD227 
  82 0330 7D9B214C 		.ascii	"}\233!L\031V)\332\020{4V2'\033\023\323N\230$\2160&\035"
  82      195629DA 
  82      107B3456 
  82      32271B13 
  82      D34E9824 
ARM GAS  /tmp/cc6o6eED.s 			page 6


  83 0348 494B3622 		.ascii	"IK6\"(b\013\232\325\354\004K\246\005\363B\014\2611\332"
  83      28620B9A 
  83      D5EC044B 
  83      A605F342 
  83      0CB131DA 
  84 035c E3F11653 		.ascii	"\343\361\026S\252l\336\245\335\271\233P\231\370%\231"
  84      AA6CDEA5 
  84      DDB99B50 
  84      99F82599 
  85 036c 9252E44C 		.ascii	"\222R\344L\362\027\235M\345\373"
  85      F2179D4D 
  85      E5FB
  86              		.text
  87              		.section	.gnu.lto_chRegNextThread.6ed45fefa939ffd6,"",%progbits
  88 0000 789C8D54 		.ascii	"x\234\215T\357O[e\024~\237\367\336^\012\224A\374`\314"
  88      EF4F5B65 
  88      147E9FF7 
  88      DE5E0A94 
  88      41FC60CC 
  89 0014 34A10921 		.ascii	"4\241\011!\230L\332\251$K\214F\015\211\211\037\210\311"
  89      984CDAA9 
  89      244B8C46 
  89      0D89891F 
  89      88C9
  90 0026 F80396AD 		.ascii	"\370\003\226\255k\244\011\277\322\226e| \273-\325\031"
  90      6BA409BF 
  90      D296657C 
  90      20BB2DD5 
  90      19
  91 0037 0DBA003A 		.ascii	"\015\272\000:\330\306dqlS&8\030l \272\2528\030\216\015"
  91      D8C66471 
  91      6C532638 
  91      186C20BA 
  91      AA38188E 
  92 004c E2A4DBD0 		.ascii	"\342\244\333\320\255.`\320\261\204\331!\334 \303\363"
  92      AD2E60D0 
  92      B184D921 
  92      DC20C3F3 
  93 005c BE778C52 		.ascii	"\276w\214R \361&\355\275\367=\3479?\236\363\234\253"
  93      20F126ED 
  93      BDF73DE7 
  93      393F9EF3 
  93      9CAB
  94 006e B0B5571E 		.ascii	"\260\265W\036\375\016Z\030\273CwX\030\370\201+\214\005"
  94      FD0E5A18 
  94      BB437758 
  94      18F8812B 
  94      8C05
  95 0080 AC9CAB61 		.ascii	"\254\234\253a0=E\031\271\314\230nS\240\232\347* \036"
  95      303D4519 
  95      B9CC986E 
  95      53A09AE7 
  95      2A201E
  96 0093 18D83EAE 		.ascii	"\030\330>\256\250\330\207?\371}\216\236\266\007\303"
  96      A8D8873F 
  96      F97D8E9E 
  96      B607C3
ARM GAS  /tmp/cc6o6eED.s 			page 7


  97 00a2 A953DCE0 		.ascii	"\251S\334\340\314\316\350\265\267v\260A\023\257P\305"
  97      CCCEE8B5 
  97      B776B041 
  97      13AF50C5 
  98 00b2 6B64AC21 		.ascii	"kd\254!\222\234\323\242\353\301\231\216Hqc}3Y8\213q"
  98      929CD3A2 
  98      EBC1998E 
  98      4871637D 
  98      3359388B 
  99 00c7 8693D88C 		.ascii	"\206\223\330\214S\330,\342}\216\034r\015\204k\256\245"
  99      53D82CE2 
  99      7D8E1C72 
  99      0D846BAE 
  99      A5
 100 00d8 295B2060 		.ascii	")[ `\375\355c\2065\3733\202\205\207;\364\327T\002\341"
 100      FDED6386 
 100      35FB3382 
 100      85873BF4 
 100      D75402E1 
 101 00ec 0B28F138 		.ascii	"\013(\3618\021\007\255\310\026\356\235\341\205\273\252"
 101      1107ADC8 
 101      16EE9DE1 
 101      85BBAA
 102 00fb E290D00B 		.ascii	"\342\220\320\013S\177\325\333\262\216\0214\332\3272"
 102      537FD5DB 
 102      B28E1134 
 102      DAD732
 103 010a 60D307F5 		.ascii	"`\323\007\365Pti)SD8\275:\202y\021\344~h1\222\252\205"
 103      50746929 
 103      534438BD 
 103      3A827911 
 103      E47E6831 
 104 0121 745DCFC0 		.ascii	"t]\317\300\227\310Z\344LTH\205\265A\003\335\304a\373"
 104      97C85AE4 
 104      4C544885 
 104      B54103DD 
 104      C461FB
 105 0134 13617D69 		.ascii	"\023a}i)\366[\355\0079m\334\006&\316,\020\005h\3629"
 105      29F65BED 
 105      07396DDC 
 105      0626CE2C 
 105      100568F2 
 106 0149 890A52AC 		.ascii	"\211\012R\254\342\217\261\011\002\013\246&\251D\272"
 106      E28FB109 
 106      020BA626 
 106      A944BA
 107 0158 2B630866 		.ascii	"+c\010f\210<\261V\275^Q^\220e\336\275v\254%E\22693?"
 107      883CB156 
 107      BD5E515E 
 107      9065DEBD 
 107      76AC2545 
 108 0170 7FF8C946 		.ascii	"\177\370\311F\2759x\200\022\274\012\203\253h_\257P|"
 108      BD397880 
 108      12BC0A83 
 108      AB685FAF 
 108      507C
 109 0182 852C02FE 		.ascii	"\205,\002\376^3\333\011A\260jg8C\326q\004\357t\355\237"
ARM GAS  /tmp/cc6o6eED.s 			page 8


 109      5E33DB09 
 109      41B06A67 
 109      3843D671 
 109      04EF74ED 
 110 0197 6CD05675 		.ascii	"l\320Vu\022\355o\207l \306\261\272\307\350\303\367o"
 110      12ED6F87 
 110      6C20C6B1 
 110      BAC7E8C3 
 110      F76F
 111 01a9 D1B03B84 		.ascii	"\321\260;\204\211'\230f\026\267\2114\014\235\302\252"
 111      89279866 
 111      16B78934 
 111      0C9DC2AA 
 112 01b9 2490C370 		.ascii	"$\220\303p\026\032\025\322%h\001\033\000\231oO\317\327"
 112      161A15D2 
 112      2568011B 
 112      00996F4F 
 112      CFD7
 113 01cb 2999D7D1 		.ascii	")\231\327\321\2447\330\015n\021\210\217\307\027\002"
 113      A437D80D 
 113      6E11888F 
 113      C71702
 114 01da 292A7180 		.ascii	")*q\200ndJ\202\017\275s\260\321F'8\007U\326\314p\036"
 114      6E644A82 
 114      0FBD73B0 
 114      D1462738 
 114      0755D6CC 
 115 01f0 2A1986F6 		.ascii	"*\031\206\3667\377\243f\216?Bk\302wd\372bo\262D\367"
 115      37FFA366 
 115      8E3F426B 
 115      C27764FA 
 115      626FB244 
 116 0205 08347A49 		.ascii	"\0104zIH7\021\354\3561Z7\211~\346\270h\364\366\304\325"
 116      483711EC 
 116      EE315A37 
 116      897EE6B8 
 116      68F4F6C4 
 117 021a 51EB9414 		.ascii	"Q\353\224\024\223\000u\315\177z/\255\011\207\003\272"
 117      930075CD 
 117      7F7A2FAD 
 117      098703BA 
 118 022a 1E7EDAE0 		.ascii	"\036~\332\340Is\334\202\257E\036\262\035yPw#=w\213\020"
 118      4973DC82 
 118      AF451EB2 
 118      1D795077 
 118      233D778B 
 119 023f 401F9AF0 		.ascii	"@\037\232\3607\227d~\203\\Fs\321\323\345\220i\200\024"
 119      3797647E 
 119      835C4673 
 119      D1D3E590 
 119      698014
 120 0252 97FD82D0 		.ascii	"\227\375\202\320\365\352\223\237h+y\216\376\374a\033"
 120      F5EA939F 
 120      682B798E 
 120      FEFC611B 
 121 0262 AF5AD0DF 		.ascii	"\257Z\320\337\323\255\006\267.\022\227,>\273U\276\236"
 121      D3AD06B7 
ARM GAS  /tmp/cc6o6eED.s 			page 9


 121      2E12972C 
 121      3EBB55BE 
 121      9E
 122 0273 0A848EC0 		.ascii	"\012\204\216\300\314N^\311\370\026U\270\360(\373\303"
 122      CC4E5EC9 
 122      F81655B8 
 122      F028FBC3 
 123 0283 D31F7568 		.ascii	"\323\037uh\271\255D_\370\025\203\247 ,K\200)\274\232"
 123      B9AD445F 
 123      F81583A7 
 123      202C4B80 
 123      29BC9A
 124 0296 8513759A 		.ascii	"\205\023u\232\214\036~\311\340\251\370\216\212b\370"
 124      8C1E7EC9 
 124      E0A9F88E 
 124      8A62F8
 125 02a5 1E5572E0 		.ascii	"\036Ur\340\2234\000ZAEt\177f:\250\230U%\305\265\013"
 125      9334005A 
 125      4145747F 
 125      663AA898 
 125      5525C5B5 
 126 02ba D9AAB6B6 		.ascii	"\331\252\266\266U\033~\220y\244\212\373)\352MT\327\276"
 126      551B7E90 
 126      79A48AFB 
 126      29EA4D54 
 126      D7BE
 127 02cc DBCFCD10 		.ascii	"\333\317\315\020V3\312\350\241\023\325\351\242\013!"
 127      5633CAE8 
 127      A113D5E9 
 127      A20B21
 128 02db E71F2904 		.ascii	"\347\037)\004%\252\205pI`\364\251\215\323\\\\I3\200"
 128      25AA8570 
 128      4960F4A9 
 128      8DD35C5C 
 128      493380
 129 02ee DC394108 		.ascii	"\3349A\010\325\255\256\310\336\244\026ly\007\342u\177"
 129      D5ADAEC8 
 129      DEA4166C 
 129      7907E275 
 129      7F
 130 02ff F6E8FFD2 		.ascii	"\366\350\377\322\375\240\324\375c\316U:\272\264\261"
 130      FDA0D4FD 
 130      63CE553A 
 130      BAB4B1
 131 030e EE27BA97 		.ascii	"\356'\272\227u\257\256\221\357\220\220o\3022\014\315"
 131      75AFAE91 
 131      EF90906F 
 131      C2320CCD 
 132 031e D232FC24 		.ascii	"\3222\374$\374-\211\3130\373\262\310\315py\375e\030"
 132      FC2D89CB 
 132      30FBB2C8 
 132      CD7079FD 
 132      6518
 133 0330 96CB7025 		.ascii	"\226\313p%n\031\216\337\213\366j\313:\277$u~U\352<Q"
 133      6E198EDF 
 133      8BF66ACB 
 133      3ABF2475 
ARM GAS  /tmp/cc6o6eED.s 			page 10


 133      7E55EA3C 
 134 0345 D42324EA 		.ascii	"\324#$\352_\021\212\036?'\371f\211JK\213q\021{\224\224"
 134      5F118A1E 
 134      3F27F966 
 134      894A4B8B 
 134      71117B94 
 135 035a 405236F8 		.ascii	"@R6\370&v\213\276\217#\251\346\374H=\177\000b\034\274"
 135      26768BBE 
 135      8F23A9E6 
 135      FC483D7F 
 135      00621CBC 
 136 036e EFC66E9A 		.ascii	"\357\306n\232\214\362o\344\031\372\352@\320NI\236u8"
 136      8CF26FE4 
 136      19FAEA40 
 136      D04E499E 
 136      7538
 137 0380 9CF9459E 		.ascii	"\234\371E\236]\236\267\012w\274\350\330\352\310s\226"
 137      5D9EB70A 
 137      77BCE8D8 
 137      EAC87396 
 138 0390 F99C5EBF 		.ascii	"\371\234^\277\323\347u9]E^\367\333\036\237\337[\351"
 138      D3E77539 
 138      5D455EF7 
 138      DB1E9FDF 
 138      5BE9
 139 03a2 7031EE2F 		.ascii	"p1\356/WJ\375\345\226=;\213+\334\317o\200*/\363\372"
 139      574AFDE5 
 139      963D3B8B 
 139      2BDCCF6F 
 139      802A2FF3 
 140 03b7 7DCED7B7 		.ascii	"}\316\327\267\027\344\027\354%\270\253\314\353\336\261"
 140      17E417EC 
 140      25B8ABCC 
 140      EBDEB1
 141 03c6 675B89A3 		.ascii	"g[\211\243\210\345\255\207p\357\365;\363\013\012\337"
 141      88E5AD87 
 141      70EFF53B 
 141      F30B0ADF 
 142 03d6 2C747A4A 		.ascii	",tzJ]\305\025\273\335N\211p\225\274QQ\352\"P\316\006"
 142      5DC515BB 
 142      DD4E8970 
 142      95BC5151 
 142      EA2250CE 
 143 03eb 691E7B17 		.ascii	"i\036{\027\371*}\344\227QP\270\335\276k\247\317]\356"
 143      F92A7DE4 
 143      975150B8 
 143      DDBE6BA7 
 143      CF5DEE
 144 03fe F53C67CF 		.ascii	"\365<g\317\336\312\270\227%\225\270K\312\274\225\354"
 144      DECAB897 
 144      2595B84B 
 144      CABC95EC 
 145 040e 3F34FB3C 		.ascii	"?4\373<\374"
 145      FC
 146              		.text
 147              		.section	.gnu.lto_.symbol_nodes.6ed45fefa939ffd6,"",%progbits
 148 0000 789C6366 		.ascii	"x\234cf``\360f\200\002\246\333\214\365\014\014\023\316"
ARM GAS  /tmp/cc6o6eED.s 			page 11


 148      6060F066 
 148      8002A6DB 
 148      8CF50C0C 
 148      13CE
 149 0012 3130D4D7 		.ascii	"10\324\3273\314[\300\301\300z\227\221A\240\236\201\351"
 149      33CC5BC0 
 149      C1C07A97 
 149      9141A09E 
 149      81E9
 150 0024 0E633D23 		.ascii	"\016c=#\212\370-F\306\205L\365\014\214\367\031\353\231"
 150      8AF82D46 
 150      C6854CF5 
 150      0C8CF719 
 150      EB99
 151 0036 20120C0D 		.ascii	" \022\014\015\015\034\014\314L,\014K\332\337\3103\000"
 151      0D1C0CCC 
 151      4C2C0C4B 
 151      DADFC833 
 151      00
 152 0047 0018B114 		.ascii	"\000\030\261\024J"
 152      4A
 153              		.text
 154              		.section	.gnu.lto_.refs.6ed45fefa939ffd6,"",%progbits
 155 0000 789C6366 		.ascii	"x\234cf``\340f\200\000F bfdbbde\000\000\001z\000\037"
 155      6060E066 
 155      80004620 
 155      62666462 
 155      62646500 
 156              		.text
 157              		.section	.gnu.lto_.decls.6ed45fefa939ffd6,"",%progbits
 158 0000 789CB55B 		.ascii	"x\234\265[{TTG\232\357\272\325M\323m\323db\206\344\270"
 158      7B545447 
 158      9AEFBAD5 
 158      4DD36DD3 
 158      646286E4 
 159 0015 998D6B76 		.ascii	"\231\215kv\230\314L\242\321$N\346L\366Lf\234\347\316"
 159      98CC4CA2 
 159      D1244EE6 
 159      4CF64C66 
 159      9CE7CE
 160 0028 CE249B64 		.ascii	"\316$\233d\316\331sfw\031\002\255\262\3415M\033\343"
 160      CED97366 
 160      771902AD 
 160      B2E1354D 
 160      1BE3
 161 003a EC39BB97 		.ascii	"\3549\273\227\247\010\362\360\001\202\2124\362F\020"
 161      A708F2F0 
 161      01828A34 
 161      F24610
 162 0049 44411454 		.ascii	"DA\024TD| \212(*/\221\006T@\221\267\002\"\260_U\335"
 162      447C208A 
 162      282A2F91 
 162      06544091 
 162      B70222B0 
 163 0060 BEF77673 		.ascii	"\276\367vsQ\377\330\341\234\217{\277[\277\373\325W_"
 163      51FFD8E1 
 163      9C8F7BBF 
ARM GAS  /tmp/cc6o6eED.s 			page 12


 163      5BBFFBD5 
 163      575F
 164 0072 7DF5D557 		.ascii	"}\365\325WU\267\261J\245\372\010\251Ts\360\367\237?"
 164      55B7B14A 
 164      A5FA08A9 
 164      5473F0F7 
 164      9F3F
 165 0084 51A9D6B8 		.ascii	"Q\251\326\270\252T\030\236}\252\222\376\010o\005L\026"
 165      AA54189E 
 165      7DAA92FE 
 165      086F054C 
 165      16
 166 0095 501E1007 		.ascii	"P\036\020\007\374\033\360/\210S9\374\021\214\001\256"
 166      FC1BF02F 
 166      885339FC 
 166      118C01AE 
 167 00a5 4615BB6E 		.ascii	"F\025\273n\004\336\003\256G\201\376\002\330\015@_\003"
 167      04DE03AE 
 167      4781FE02 
 167      D80D405F 
 167      03
 168 00b6 BD0E540D 		.ascii	"\275\016T\015e\353\201\276\213\230\374\327\340Y\025"
 168      65EB81BE 
 168      8B98FCD7 
 168      E05915
 169 00c5 DC2702B9 		.ascii	"\334'\002\271\010\2626\301\263\377\006\012\005\012\007"
 169      08B236C1 
 169      B3FF060A 
 169      050A07
 170 00d4 8A044242 		.ascii	"\212\004BB\335\362?\242\227\373s\352%u\311\353\216\342"
 170      DDF23FA2 
 170      97FB73EA 
 170      2575C9EB 
 170      8EE2
 171 00e6 58DD9BE1 		.ascii	"X\335\233\341\232#\350\360?\210\351At\320\012r\225t"
 171      9A23E8F0 
 171      3F88E941 
 171      74D00A72 
 171      9574
 172 00f8 B0DB209E 		.ascii	"\260\333 \236\233\257\313\010\207\262\253'b\271>\016"
 172      9BAFCB08 
 172      87B2AB27 
 172      62B93E0E 
 173 0108 19F55635 		.ascii	"\031\365V5\341\013*b\246]\2017\350\177A\330\374\322"
 173      E10B2A62 
 173      A65D8137 
 173      E87F41D8 
 173      FCD2
 174 011a A2410E73 		.ascii	"\242A\016s\210\334g\246t]\327\277]\300\363|4_\335\202"
 174      88DC67A6 
 174      745DD7BF 
 174      5DC0F37C 
 174      345FDD82 
 175 012e 24193DE9 		.ascii	"$\031=\351\365\367\334\361\313\024\224\324[4\252\303"
 175      F5F7DCF1 
 175      CB1494D4 
 175      5B34AAC3 
ARM GAS  /tmp/cc6o6eED.s 			page 13


 176 013e AFD3FB63 		.ascii	"\257\323\373c\007\307//\242\262\227\022\366\370\366"
 176      07C72F2F 
 176      A2B29712 
 176      F6F8F6
 177 014d 0B292E54 		.ascii	"\013).T4\255\2515~,\321\025\277I\2217\023\036\\7\340"
 177      34ADA935 
 177      7E2CD115 
 177      BF499137 
 177      131E5C37 
 178 0162 1FD0FB53 		.ascii	"\037\320\373S''\317\351\361*z\2775\332V\247\307?\241"
 178      2727CFE9 
 178      F12A7ABF 
 178      35DA56A7 
 178      C73FA1
 179 0175 F7A13995 		.ascii	"\367\2419\225[\265\360\372?\350i\245\235{\246\262t\224"
 179      5BB5F0FA 
 179      3FE869A5 
 179      9D7BA6B2 
 179      7494
 180 0187 25DEE00E 		.ascii	"%\336\340\016\217\270\013\367\370L#\362\324g\201\212"
 180      8FB80BF7 
 180      F84C23F2 
 180      D467818A 
 181 0197 C3F199DD 		.ascii	"\303\361\231\335\277\011\347?F\345H\217J\021F\005\350"
 181      BF09E73F 
 181      46E5488F 
 181      4A114605 
 181      E8
 182 01a8 6DD096BE 		.ascii	"m\320\226\276M\376\242y>\214O\014\347u\027\214*T\204"
 182      4DFEA279 
 182      3E8C4F0C 
 182      E775178C 
 182      2A5484
 183 01bb 96A08368 		.ascii	"\226\240\203h\211\012\225!O@P,:\014\017\217\300C\020"
 183      890A9521 
 183      4F40502C 
 183      3A0C0F8F 
 183      C04310
 184 01ce 7CF6E9C9 		.ascii	"|\366\351\311\010\015\322{*\277T\241\360\022Ua |\273"
 184      080DD27B 
 184      2ABF54A1 
 184      F0125561 
 184      207CBB
 185 01e1 07CFABD1 		.ascii	"\007\317\253\321QP\341\220\244\002hd7\035\227\325\037"
 185      5150E190 
 185      A4026864 
 185      371D97D5 
 185      1F
 186 01f2 76406357 		.ascii	"v@cW\2718\262w=Q\3718\340K$\374Q\364L\235\217)\352\214"
 186      B938B277 
 186      3D51F938 
 186      E04B24FC 
 186      51F44C9D 
 187 020a D26B1F65 		.ascii	"\322k\037e,\302\327\021\265]VRr\241\206\232\336\225"
 187      2CC2D711 
 187      B55D5652 
 187      72A1869A 
ARM GAS  /tmp/cc6o6eED.s 			page 14


 187      DE95
 188 021c B04D7786 		.ascii	"\260Mw\206\007\\q;+\333Rt6U\313<\300\205\366\346\331"
 188      075C713B 
 188      2BDB5274 
 188      3655CB3C 
 188      C085F6E6 
 189 0231 A416778A 		.ascii	"\244\026w\212\365%lbn\365\271E\270\207a\257\215\036"
 189      F5256C62 
 189      6EF5B945 
 189      B88761AF 
 189      8D1E
 190 0243 E3B57888 		.ascii	"\343\265x\2102\\\334\325\316Y5\3624P\335's\307\276\011"
 190      325CDCD5 
 190      CE5935F2 
 190      3450DD27 
 190      73C7BE09 
 191 0257 05DDCF20 		.ascii	"\005\335\317 \003:-\351\376\211\201\251\036#\251\216"
 191      033A2DE9 
 191      FE8981A9 
 191      1E23A98E 
 192 0267 3EF59094 		.ascii	">\365\220\224\257\001\345?1\010h\250\340F\376\341x\027"
 192      AF01E53F 
 192      310868A8 
 192      E046FEE1 
 192      7817
 193 0279 9CC31CAE 		.ascii	"\234\303\034\256\2631qT\213\013\030\023~\371J\254\032"
 193      B3317154 
 193      8B0B1813 
 193      7EF94AAC 
 193      1A
 194 028a 1F1498E1 		.ascii	"\037\024\230\341\234\001\016\2272f\357\343\3561\003"
 194      9C010E97 
 194      3266EFE3 
 194      EE3103
 195 0299 2E674C7D 		.ascii	".gL}\367\344\230\201j\377\022a#\317]\030\301\3708+\033"
 195      F7E49881 
 195      6AFF1261 
 195      23CF5D18 
 195      C1F8382B 
 196 02ae AE28BFE8 		.ascii	"\256(\277\350\212O2&u\342\3229\326\314\327\350{\345"
 196      8A4F3226 
 196      75E2D239 
 196      D6CCD7E8 
 196      7BE5
 197 02c0 C3C55A5C 		.ascii	"\303\305Z\\\303\312\372S\222\322\026\341s\234\203\027"
 197      C3CAFA53 
 197      92D216E1 
 197      739C8317 
 198 02d0 1B98175F 		.ascii	"\033\230\027_\2718\032\213\360EV\266\377\341\266~5n"
 198      B9381A8B 
 198      F04556B6 
 198      FFE1B67E 
 198      356E
 199 02e2 604C5E77 		.ascii	"`L^w\303v7\012|\213\260#)\255'\265\370\032+\273\373"
 199      C376370A 
 199      7C8BB023 
 199      29AD27B5 
ARM GAS  /tmp/cc6o6eED.s 			page 15


 199      F81A2BBB 
 200 02f7 F4722CC6 		.ascii	"\364r,\3067\205vMt\326h)\360]\302^}x\360\232\036\267"
 200      3785764D 
 200      74D66829 
 200      F05DC25E 
 200      7D78F09A 
 201 030d B1B2899A 		.ascii	"\261\262\211\232\335\307]\360m\306\204V\02751\340\207"
 201      DDC75DF0 
 201      6DC68456 
 201      173531E0 
 201      87
 202 031e 848DABC8 		.ascii	"\204\215\253\310\250r\307\335\254\3541\177.\306\035"
 202      A872C7DD 
 202      ACEC317F 
 202      2EC61D
 203 032d DF634C69 		.ascii	"\337cLifv\271\216\002?&l\314X\304i\003\356geC'\352\322"
 203      6676B98E 
 203      023F266C 
 203      CC58C469 
 203      03EE6765 
 204 0345 DCF180D0 		.ascii	"\334\361\200\320\230C\211SF\012\374\015a\373F\372n\032"
 204      98438953 
 204      460AFC0D 
 204      61FB46FA 
 204      6E1A
 205 0357 F1102BDB 		.ascii	"\361\020+\333q\277\272\333\210G\031\323{r\200\347(\360"
 205      71BFBADB 
 205      884719D3 
 205      7B7280E7 
 205      28F0
 206 0369 53DAD053 		.ascii	"S\332\320S=\341\006\374\210\225\265'F\345\351\360$c"
 206      3DE106FC 
 206      8895B527 
 206      46E5E9F0 
 206      2463
 207 037b A2AB76E6 		.ascii	"\242\253v\346\260\252\377\215\260\205\031\251\345:\374"
 207      B0AAFF8D 
 207      B08519A9 
 207      E53AFC
 208 038a 94950DD6 		.ascii	"\224\225\015\326\025vs\230\307\224)9u`\013\003\376\031"
 208      15767398 
 208      C7942939 
 208      75600B03 
 208      FE19
 209 039c D8BFEBDB 		.ascii	"\330\277\353\333\2330\250C\313\350\337\342e\363\377"
 209      9B30A843 
 209      CBE8DFE2 
 209      65F3FF
 210 03ab 3CADE032 		.ascii	"<\255\3402\303\261Es\277\335\036\316g\275F\035\3532"
 210      C3B14573 
 210      BFDD1ECE 
 210      67BD461D 
 210      EB32
 211 03bd 38D6205A 		.ascii	"8\326 Z,\271\317%\370G\207\002\011\302\200\267\306\346"
 211      2CB9CF25 
 211      F8478702 
 211      09C280B7 
ARM GAS  /tmp/cc6o6eED.s 			page 16


 211      C6E6
 212 03cf BB5C7897 		.ascii	"\273\\x\227bo:co8c\023Dl\2333\266\235b\177 BSD\350-"
 212      626F3A63 
 212      6F386313 
 212      446C9B33 
 212      B69D627F 
 213 03e9 65A84C6C 		.ascii	"e\250Ll\214\210\275\256\254\202$v0\327\016\255u\206"
 213      8C88BDAE 
 213      AC822476 
 213      30D70EAD 
 213      7586
 214 03fb BE2522B7 		.ascii	"\276%\"\267\301\360\342\023y\376c\213\012\235\204\342"
 214      C1F0E213 
 214      79FE638B 
 214      0A9D84E2 
 215 040b 53A4B85A 		.ascii	"S\244\270Z\300\303\300Aa\234'z\210\226\241a\240q\240"
 215      C0C3C041 
 215      619C277A 
 215      8896A161 
 215      A071A0
 216 041e 31A011A0 		.ascii	"1\240\021\240)\240\307@}@\023@\223@O\200\346\200\006"
 216      29A0C740 
 216      7D401340 
 216      93404F80 
 216      E68006
 217 0431 80FA81A6 		.ascii	"\200\372\201\246\201\206\200\356\003=\000z\012\304s"
 217      818680EE 
 217      033D007A 
 217      0AC473
 218 0440 CBD02C5C 		.ascii	"\313\320,\\\037\001\215\002\315\000\205r\313\330\254"
 218      1F018D02 
 218      CD008572 
 218      CBD8AC
 219 044f 49D48E13 		.ascii	"I\324\216\023[\330\352\254v\213\2635\206\304&\236Ul"
 219      5BD8EAAC 
 219      768BB335 
 219      86C4269E 
 219      556C
 220 0461 A20CFA44 		.ascii	"\242\014\372D\204^p\206\3269\031.M\324\240\307\031z"
 220      845E7086 
 220      D639192E 
 220      4DD4A0C7 
 220      197A
 221 0473 C7093A25 		.ascii	"\307\011:%J=\357\014\255rVvR\304\236S\306Jb\367\212"
 221      4A3DEF0C 
 221      AD725676 
 221      52C49E53 
 221      C64A62F7 
 222 0488 1A743B43 		.ascii	"\032t;C\273\234\305>\025\305\326+;\260$vV\20468C\257"
 222      BB9CC53E 
 222      15C5D62B 
 222      3BB02476 
 222      56843638 
 223 049e 3841E744 		.ascii	"8A\347Dh\2432T\246\301\264\210\275\250lZ\0316Zl\331"
 223      68A33254 
 223      A6C1B488 
 223      BDA86C5A 
ARM GAS  /tmp/cc6o6eED.s 			page 17


 223      19365A6C 
 224 04b3 5567EC35 		.ascii	"Ug\3545'\025\266\212\320feG\220\240\251\"\264\303\031"
 224      2715B68A 
 224      D0666547 
 224      90A0A922 
 224      B4C319
 225 04c6 7ADB09BA 		.ascii	"z\333\011\272O\204\336U\356\\\231\262{D\254M\271\033"
 225      4F84DE55 
 225      EE5C99B2 
 225      7B44AC4D 
 225      B91B
 226 04d8 24B15B44 		.ascii	"$\261[Dh\223r\273dbw\213\330Neme\330t\021{\317\031\333"
 226      689372BB 
 226      6462778B 
 226      D84E656D 
 226      65D87411 
 227 04f0 2BA94026 		.ascii	"+\251@&I\333\300f\027\036\021\210J\230\361\244\034*"
 227      49DBC066 
 227      171E1188 
 227      4A98F1A4 
 227      1C2A
 228 0502 3A6CA819 		.ascii	":l\250\031\031\344\323\244\\\222\012\205s\006\001\331"
 228      19E4D3A4 
 228      5C920A85 
 228      730601D9 
 229 0512 BF39F29F 		.ascii	"\2779\362\237q\031\215\251\370\361\365\330P\015Z\274"
 229      71198DA9 
 229      F8F1F5D8 
 229      500D5ABC 
 230 0522 CC930589 		.ascii	"\314\223\005\211p\032$\304\352O\200>\221\034\013\022"
 230      701A24C4 
 230      EA4F803E 
 230      911C0B12 
 231 0532 9B214844 		.ascii	"\233!HD\311\006\361\360\344\371\234M,\262\202h\024\301"
 231      C906F1F0 
 231      E4F99C4D 
 231      2CB28268 
 231      14C1
 232 0544 31A842FC 		.ascii	"1\250B\374\241\232\247F\022\315\0011_\363\247I=Q\256"
 232      A19AA746 
 232      12CD0131 
 232      5FF3A749 
 232      3D51AE
 233 0557 F8180BF2 		.ascii	"\370\030\013\362\235\345g\307t\370\024cv\227LN\350\361"
 233      9DE567C7 
 233      74F81463 
 233      76974C4E 
 233      E8F1
 234 0569 79C65C38 		.ascii	"y\306\\8\220\366g|\205\336\253{\366\226\224\273#\317"
 234      90F6677C 
 234      85DEAB7B 
 234      F69694BB 
 234      23CF
 235 057b 254B68DE 		.ascii	"%Kh\336\023\015iC\002\247G\261\034\226\345\246)\360"
 235      130D6943 
 235      02A747B1 
 235      1C96E5A6 
ARM GAS  /tmp/cc6o6eED.s 			page 18


 235      29F0
 236 058d 7CF2A7A4 		.ascii	"|\362\247\244\000n]\351\225\346?\303\333y\374\232\012"
 236      006E5DE9 
 236      95E63FC3 
 236      DB79FC9A 
 236      0A
 237 059e BDBD047D 		.ascii	"\275\275\004}\037\324\334\012\315\"E*\024\317-Aq\034"
 237      1FD4DC0A 
 237      CD22452A 
 237      14CF2D41 
 237      711C
 238 05b0 4D7DBA77 		.ascii	"M}\272w\214l\321\350\005t\364\363\320)1)\321\006\007"
 238      8C6CD1E8 
 238      0574F4F3 
 238      D0293129 
 238      D10607
 239 05c3 CB278232 		.ascii	"\313'\2022\222\345\267\211\226\277\321\263\015R\233"
 239      92E5B789 
 239      96BFD1B3 
 239      0D529B
 240 05d2 EBAC3D4F 		.ascii	"\353\254=Og\"v\271\343v\306\354\272\332rT\215\3570&"
 240      672276B9 
 240      E376C6EC 
 240      BADA7254 
 240      8DEF3026 
 241 05e6 A63DFF92 		.ascii	"\246=\377\222\026\017`\207\254\325\203e\255\361\365"
 241      160F6087 
 241      ACD58365 
 241      ADF1F5
 242 05f5 BB4F63CA 		.ascii	"\273Oc\312\316\321\034j{\317x6\262g\226\216MK\005e="
 242      CED11C6A 
 242      7BCF7836 
 242      B267968E 
 242      4D4B0565 
 243 060a 84BC2E19 		.ascii	"\204\274.\031\324\335\305\011ie|f\302\353$\255L\001"
 243      D4DDC509 
 243      69657C66 
 243      C2EB24AD 
 243      4C01
 244 061c 35933831 		.ascii	"5\22381\325\362\220\262J[s\366\277*\013\335\263\220"
 244      D5F290B2 
 244      4A5B73F6 
 244      BF2A0BDD 
 244      B390
 245 062e D081F0FA 		.ascii	"\320\201\360\372o\023\241\273A\350NIh\012'\223\2321"
 245      6F13A1BB 
 245      41E84E49 
 245      680A2793 
 245      9A31
 246 0640 B14E596A 		.ascii	"\261NYj\332BR\213\263\357\321\214v/H\335!I\335-IEm\205"
 246      DA42528B 
 246      B3EFD18C 
 246      762F48DD 
 246      2149DD2D 
 247 0658 CDB5183F 		.ascii	"\315\265\030?f\326\272|#%\322\015\317R\206\2731\023"
 247      66D6BA7C 
 247      2325D20D 
ARM GAS  /tmp/cc6o6eED.s 			page 19


 247      CF5286BB 
 247      3113
 248 066a B558B9BE 		.ascii	"\265X\271\276\214\005\352\263\246`\204\254PW\272r]="
 248      8C05EAB3 
 248      A66084AC 
 248      5057BA72 
 248      5D3D
 249 067c A36D7906 		.ascii	"\243my\006\034\245vH\327\214,]\333\273y\374\211\032"
 249      1CA57648 
 249      D78C2C5D 
 249      DBBB79FC 
 249      891A
 250 068e C7D332EE 		.ascii	"\307\3232\356H\\g$V\256;g\241\272wC\335\331Pw\226r\335"
 250      485C6724 
 250      56AE3B67 
 250      A1BA7743 
 250      DDD95077 
 251 06a5 5DF74FE6 		.ascii	"]\367O\346\250q\262\332!\0034\262\0140s85S\215\323X"
 251      A871B2DA 
 251      210334B2 
 251      0C307338 
 251      35538DD3 
 252 06ba DDB58315 		.ascii	"\335\265\203\025\243n\312u\037X\250\356=Pw\001\324\235"
 252      A36ECA75 
 252      1F58A8EE 
 252      3D507701 
 252      D49D
 253 06cc AF5C774D 		.ascii	"\257\\wMK\373\210\026\347\252\035\222J#K*\217\234\353"
 253      4BFB8816 
 253      E7AA1D92 
 253      4A234B2A 
 253      8F9CEB
 254 06df BCEC860F 		.ascii	"\274\354\206\017\261\262\312\336\260V->\312\230\311"
 254      B1B2CADE 
 254      B0562D3E 
 254      CA98C9
 255 06ee FBBD0308 		.ascii	"\373\275\003\010\237b\314\301\2163\033\341%\027=\011"
 255      9F62CCC1 
 255      8E331BE1 
 255      25173D09 
 256 06fe 349364C9 		.ascii	"4\223d\311\205\376\027\036\3275]i\324\320\347\344\221"
 256      85FE171E 
 256      D7355D69 
 256      D4D0E7E4 
 256      91
 257 070f 96E83F55 		.ascii	"\226\350?U[Q\354\302\364\347\347\257V\216@\023\\\204"
 257      5B51ECC2 
 257      F4E7E7AF 
 257      568E4013 
 257      5C84
 258 0721 261C8226 		.ascii	"&\034\202&\224\212^\335\223N\275\37204\243Dj\206\213"
 258      948A5EDD 
 258      934EBDFA 
 258      3034A344 
 258      6A868B
 259 0734 E47FAD65 		.ascii	"\344\177\255e\031\307\305\345\335@\317\025\352\257\345"
 259      19C7C5E5 
ARM GAS  /tmp/cc6o6eED.s 			page 20


 259      DD40CF15 
 259      EAAFE5
 260 0743 002F96E0 		.ascii	"\000/\226\340\2079i\255\244P{\231B\355 y\377\265\236"
 260      873969AD 
 260      A4507B99 
 260      42ED2079 
 260      FFB59E
 261 0756 1824AEC2 		.ascii	"\030$\256\302\262\331*\254\002$\037\224$\227?[\362Q"
 261      B2D92AAC 
 261      02241F94 
 261      24973F5B 
 261      F251
 262 0768 45C928B1 		.ascii	"E\311(\261\271u\326\025\3271\033^\317o\264\272\343F"
 262      B975D615 
 262      D7311B5E 
 262      CF6FB4BA 
 262      E346
 263 077a C6B4B4D6 		.ascii	"\306\264\264\326\246iq+c\216\355\314;k\3006\306\234"
 263      A669712B 
 263      638EEDCC 
 263      3B6BC036 
 263      C69C
 264 078c 395CF94B 		.ascii	"9\\\371K<\246vH\232\2154iF\023\221\303[\3644\2076\320"
 264      3CA67648 
 264      9A8D3469 
 264      461391C3 
 264      5BF43487 
 265 07a2 454BDDFD 		.ascii	"EK\335\375\333Z<\245vX\003\030\331\032`p\363\256\033"
 265      DB5A3CA5 
 265      76580318 
 265      D91A6070 
 265      F3AE1B
 266 07b5 1C8ED2B0 		.ascii	"\034\216\322\260H\\\327\356\216\223\331\375\371\330"
 266      485CD7EE 
 266      8E93D9FD 
 266      F9D8
 267 07c3 CC6B2E38 		.ascii	"\314k.8\2271G\037f'kp1"
 267      9731471F 
 267      66276B70 
 267      31
 268 07d0 65B8D2B4 		.ascii	"e\270\322\264\263\251:\301\014\326|p\251\363`\202\263"
 268      B3A93AC1 
 268      0CD67C70 
 268      A9F36082 
 268      B3
 269 07e1 2F6C8273 		.ascii	"/l\202s\312&\210\274W\221\214q\031\253o\262\341N\201"
 269      CA2688BC 
 269      57918C71 
 269      19AB6FB2 
 269      E14E81
 270 07f4 16573226 		.ascii	"\026W2&\251j\357v\2461\317\326g\267\023\237\270\341"
 270      A96AEF76 
 270      A631CFD6 
 270      67B7139F 
 270      B8E1
 271 0806 1A561876 		.ascii	"\032V\030v?\325\212p=c\356F\225\246\251q\023c\222\017"
 271      3FD58A70 
ARM GAS  /tmp/cc6o6eED.s 			page 21


 271      3D63EE46 
 271      95A6A971 
 271      1363920F 
 272 081a A43D71C1 		.ascii	"\244=q\301\355\214\331\021\177\273\314\200{\030s\360"
 272      ED8CD911 
 272      7FBBCC80 
 272      7B1873F0 
 273 082a FEC84E0D 		.ascii	"\376\310N\015\276\317\230C\375m\357\340\021\326\262"
 273      BECF9843 
 273      FD6DEFE0 
 273      11D6B2
 274 0839 D4F1BB17 		.ascii	"\324\361\273\027\321\202\013\370&Ny\001oM\007\033\\"
 274      D1820BF8 
 274      264E7901 
 274      6F4D071B 
 274      5C
 275 084a 031B5CE5 		.ascii	"\003\033\\\345\346/\306\241\206\264[9\351\006<\303\252"
 275      E62FC6A1 
 275      86B45B39 
 275      E9063CC3 
 275      AA
 276 085b DB17DABC 		.ascii	"\333\027\332\274C\203#\\(3\233\271\265\022\341h\306"
 276      4383235C 
 276      28339BB9 
 276      B512E168 
 276      C6
 277 086c 7415F7F6 		.ascii	"t\025\367\366sx\027cR\032\342\232\0148\2271q5\266k\032"
 277      73781763 
 277      521AE29A 
 277      0C389731 
 277      7135B66B 
 278 0881 7C8831F9 		.ascii	"|\2101\371\2557\317kq\025c\322l\343]:\\\303\230\333"
 278      AD37CF6B 
 278      711563D2 
 278      6CE35D3A 
 278      5CC398DB 
 279 0895 B56137D5 		.ascii	"\265a7\325\3702cR\317&\215/\302\315\214\011\017?yN\203"
 279      F8326352 
 279      CF268D2F 
 279      C2CD8C09 
 279      0F3F794E 
 280 08aa BB29F34F 		.ascii	"\273)\363Oy\267G\242\334\204\025\225\247a\331bOr]\314"
 280      79B747A2 
 280      DC841595 
 280      A761D962 
 280      4F725DCC 
 281 08be 96578B17 		.ascii	"\226W\213\027\033\014p\361\244\253-\362\320\360\212"
 281      1B0C70F1 
 281      A4AB2DF2 
 281      D0F08A
 282 08cd B0F43290 		.ascii	"\260\3642\220\377\006O\372\267\314J\006@[\245\355\037"
 282      FF064FFA 
 282      B7CC4A06 
 282      405BA5ED 
 282      1F
 283 08de 8F95F2D5 		.ascii	"\217\225\362\325\021\230\216\201\343\320\370\315\370"
 283      11988E81 
ARM GAS  /tmp/cc6o6eED.s 			page 22


 283      E3D0F8CD 
 283      F8
 284 08eb 15A5D480 		.ascii	"\025\245\324\200\346?\361\007H\376C\314\324\016\310"
 284      E63FF107 
 284      48FE43CC 
 284      D40EC8
 285 08fa 70FC8C25 		.ascii	"p\374\214%\327\360\201\023\303\237\357\240I\307\004"
 285      D7F08113 
 285      C39FEFA0 
 285      49C704
 286 0909 241D9701 		.ascii	"$\035\227\001\377\230[8\311.i\253\254\370n*o\255A\350"
 286      FF985B38 
 286      C92E69AB 
 286      ACF86E2A 
 286      6FAD41E8 
 287 091d 1EC04F3C 		.ascii	"\036\300O<S\021\336\266%\277\301\300\203*D\351c\317"
 287      5311DEB6 
 287      25BFC1C0 
 287      832A44E9 
 287      63CF
 288 092f 51BAAE57 		.ascii	"Q\272\256W\223\362.\235*\366\013J\013!\226%\344\231"
 288      93F22E9D 
 288      2AF60B4A 
 288      0B219625 
 288      E499
 289 0941 9C3DF319 		.ascii	"\234=\363\031\236>au\253\343!\003\231\002Mk$G\030\205"
 289      9E3E6175 
 289      ABE32103 
 289      99024D6B 
 289      24471885 
 290 0955 5C68DED6 		.ascii	"\\h\336\326\306$\250)e\016\367X\346@[\336VY\345y\234"
 290      C624A829 
 290      650EF758 
 290      E6405BDE 
 290      5659E579 
 291 096a 19350143 		.ascii	"\0315\001C\312\276\260~\362\365^.\024\347\221\342~p"
 291      CABEB07E 
 291      F2F55E2E 
 291      14E791E2 
 291      7E70
 292 097c 51A22549 		.ascii	"Q\242%I\345\222\260'\272\017k\264'@<\206\365\036Y\257"
 292      E592B027 
 292      BA0F6BB4 
 292      27403C86 
 292      F51E59AF 
 293 0990 016D85FB 		.ascii	"\001m\205\373\031\270n\201\353\035\270&\3025\026h\004"
 293      19B86E81 
 293      EB1DB826 
 293      C2351668 
 293      04
 294 09a1 EE878062 		.ascii	"\356\207\200b\340~;\220\015\356\347\200v\300}\004f)"
 294      E07E3B90 
 294      0DEEE780 
 294      76C07D04 
 294      6629
 295 09b3 21696AC9 		.ascii	"!ij\311\364\211\247\230\304\324>hi\276\264\207\003\365"
 295      F489A798 
ARM GAS  /tmp/cc6o6eED.s 			page 23


 295      C4D43E68 
 295      69BEB487 
 295      03F5
 296 09c5 AAC4BC11 		.ascii	"\252\304\274\021\372\244\360u\326'\244\013\013\221S"
 296      FAA4F075 
 296      D627A40B 
 296      0B9153
 297 09d4 973BD979 		.ascii	"\227;\331y2\2338\207\0359\252\234aRd\277\0032^Y&\355"
 297      329B3887 
 297      1D39AA9C 
 297      615264BF 
 297      03325E59 
 298 09ea 9103274A 		.ascii	"\221\003'J~G\002t(`\032\244\016yl\357\020\305\\\370"
 298      7E470274 
 298      28601AA4 
 298      0E796CEF 
 298      10C55CF8 
 299 09fe 2918305E 		.ascii	")\0300^0\340n0\340\200\224\013\363\304\317\276\307\332"
 299      30E06E30 
 299      E080940B 
 299      F3C4CFBE 
 299      C7DA
 300 0a10 34081AB6 		.ascii	"4\010\032\2668\273\261\323r\212/i9u\004\207R<q\212Z"
 300      38BBB1D3 
 300      728A2F69 
 300      39750487 
 300      523C718A 
 301 0a25 C03F82EB 		.ascii	"\300?\202\353i\210yU\363\375\022\244g\011\322I\217\337"
 301      69887955 
 301      F3FD12A4 
 301      6709D249 
 301      8FDF
 302 0a37 50962EEB 		.ascii	"P\226.\353z+\325\\\224v\206c\206#\232\247\200\346\017"
 302      7A2BD55C 
 302      94768663 
 302      86239AA7 
 302      80E60F
 303 0a4a A0EBA665 		.ascii	"\240\353\246e\332[S\350\342\216d\357\321\316\262\235"
 303      DA5B53E8 
 303      E28E64EF 
 303      D1CEB29D 
 304 0a5a 57B860BB 		.ascii	"W\270`\273Ia\000F\201\027^Q\036\200\014\357\260\357"
 304      49610046 
 304      81175E51 
 304      1E800CEF 
 304      B0EF
 305 0a6c 00CA9CE2 		.ascii	"\000\312\234\342\310\276\203\320V\242\314.Pf\030\224"
 305      C8BE83D0 
 305      56A2CC2E 
 305      50661894 
 306 0a7c D923F890 		.ascii	"\331#\370\220\374\205\213\360\002YY\242z\241\012\362"
 306      FC858BF0 
 306      025959A2 
 306      7AA10AF2 
 307 0a8c 422ABCB0 		.ascii	"B*\274\260\015\234\256\013^\032\027Z \037=}\234|\305"
 307      0D9CAE0B 
 307      5E1A175A 
ARM GAS  /tmp/cc6o6eED.s 			page 24


 307      201F3D7D 
 307      9C7CC5
 308 0a9f 435C8175 		.ascii	"C\\\201u\355B\030\024\006\002%\230\274~\321zw\241\337"
 308      ED421814 
 308      06022598 
 308      BC7ED17A 
 308      77A1DF
 309 0ab2 9F613DE2 		.ascii	"\237a=\342\317Gd\376\\\254\350\317\262\325\336\224\350"
 309      CF4764FE 
 309      5CACE8CF 
 309      B2D5DE94 
 309      E8
 310 0ac3 A6C58A0E 		.ascii	"\246\305\212\016\315\240B\344\270c\270@\"\007q\252\233"
 310      CDA042E4 
 310      B863B840 
 310      220771AA 
 310      9B
 311 0ad4 92A3C6CB 		.ascii	"\222\243\306\313\307\023\004\206\274\357\010\201\001"
 311      C7130486 
 311      BCEF0881 
 311      01
 312 0ae1 561A68BB 		.ascii	"V\032h\273s\027:\357\020\354\316\265+\260\305\031:o"
 312      73173AEF 
 312      10ECCEB5 
 312      2BB0C519 
 312      3A6F
 313 0af3 97844666 		.ascii	"\227\204Ff\022nn9C\235\226\347\266\204\\\026;\311\326"
 313      126E6E39 
 313      439D96E7 
 313      B6845C16 
 313      3BC9D6
 314 0b06 73A5B30D 		.ascii	"s\245\263\015\252\234=\324\251\217\037\202\215\237\325"
 314      AA9C3DD4 
 314      A98F1F82 
 314      8D9FD5
 315 0b15 C782354A 		.ascii	"\307\2025J\014\205\304\032$FVI\326\230\340\014\252y"
 315      0C85C41A 
 315      24465649 
 315      D698E00C 
 315      AA79
 316 0b27 EE23C6BD 		.ascii	"\356#\306\275\003\202.\177\253\270't\201\355\035\241"
 316      03822E7F 
 316      ABB82774 
 316      81ED1DA1 
 317 0b37 0B3E31A0 		.ascii	"\013>1\240\333\316\266r\336\014<I\027\374;\301\254u"
 317      DBCEB672 
 317      DE0C3C49 
 317      17FC3BC1 
 317      AC75
 318 0b49 0B4771B9 		.ascii	"\013Gq\271\317\206b\271_\303\300#5oW\210R**\215\264"
 318      CF8662B9 
 318      5FC3C023 
 318      356F5788 
 318      522A2A8D 
 319 0b5e 3519DADA 		.ascii	"5\031\332\332\003\272v\002\305\201\276\335p\215\204"
 319      03BA7602 
 319      C581BEDD 
ARM GAS  /tmp/cc6o6eED.s 			page 25


 319      708D84
 320 0b6d 6B2F5CA3 		.ascii	"k/\\\243e\272\333:\205I\217\314\277\327\2373\351\235"
 320      65BADB3A 
 320      85498FCC 
 320      BFD79F33 
 320      E99D
 321 0b7f A0931E59 		.ascii	"\240\223\036Y\213\355S\232\364\244\000g}\372}\020Ib"
 321      8BED539A 
 321      F4A40067 
 321      7DFA7D10 
 321      4962
 322 0b91 5BAB0014 		.ascii	"[\253\000\024\307\223\363\026\320-*\223\254=\012\025"
 322      C793F316 
 322      D02D2A93 
 322      AC3D0A15 
 323 0ba1 6572A28B 		.ascii	"er\242\213\3559\3174%\256\033\243\354\272\363vU\240"
 323      ED39CF34 
 323      25AE1BA3 
 323      ECBAF376 
 323      55A0
 324 0bb3 3B2A9F37 		.ascii	";*\2377S:\005\372f\016+\006zy\207<v\0104\011X\234\246"
 324      533A05FA 
 324      660E2B06 
 324      7A79873C 
 324      76083409 
 325 0bca 6D0DB90D 		.ascii	"m\015\271\015\213xh\020Y\310\345*5(\317\336 \276\344"
 325      8B786810 
 325      59C8E52A 
 325      3528CFDE 
 325      20BEE4
 326 0bdd C0893ED9 		.ascii	"\300\211>\331,pI\010t\013\317\002\326\267Y\234!\371"
 326      2C704908 
 326      740BCF02 
 326      D6B7599C 
 326      21F9
 327 0bef 499B72AA 		.ascii	"I\233r\252$\3315\237\216]2\034;\224\307.\263\225\274"
 327      24D9359F 
 327      8E5D321C 
 327      3B94C72E 
 327      B395BC
 328 0c02 558F1C5A 		.ascii	"U\217\034Z\265\223\265\212\356\336\304\320}'2\217;\356"
 328      B593B58A 
 328      EEDEC4D0 
 328      7D27328F 
 328      3BEE
 329 0c14 DED0C227 		.ascii	"\336\320\302'\353\\\211\201\025\212\206[N\225\254\011"
 329      EB5C8981 
 329      158A865B 
 329      4E95AC09 
 330 0c24 8399F6D1 		.ascii	"\203\231\366\321\274}\237,\226(V\275\232B\206\364\250"
 330      BC7D9F2C 
 330      962856BD 
 330      9A4286F4 
 330      A8
 331 0c35 623918E8 		.ascii	"b9\030\350\016\315'\036+\027\203E^%\305\361\363\364"
 331      0ECD271E 
 331      2B178345 
ARM GAS  /tmp/cc6o6eED.s 			page 26


 331      5E25C5F1 
 331      F3F4
 332 0c47 B2B2CAAB 		.ascii	"\262\262\312\253~\307\246*\262\014\271 L<JAIv\354cd"
 332      7EC7A62A 
 332      B20CB920 
 332      4C3C4A41 
 332      4976EC63 
 333 0c5c C73EBB9B 		.ascii	"\307>\273\233\357\216c\272N\342\010\2333\334zC\373j"
 333      EF8E63BA 
 333      4EE2089B 
 333      33DC7A43 
 333      FB6A
 334 0c6e 1271173E 		.ascii	"\022q\027>\234\177\211\243>\270\027/Ai\230\010\331\207"
 334      9C7F89A3 
 334      3EB8172F 
 334      41699808 
 334      D987
 335 0c80 5F85FF7F 		.ascii	"_\205\377\177R3Q=U3\215\032\234\350\312\216cZkJ\321"
 335      5233513D 
 335      55338D1A 
 335      9CE8CA8E 
 335      635A6B4A 
 336 0c95 D27DBCB5 		.ascii	"\322}\274\265d\270\356j\341+{ J\204\361Oa\361\213\310"
 336      64B8EE6A 
 336      E12B7B20 
 336      4A84F14F 
 336      61F18BC8 
 337 0ca9 5B281DDB 		.ascii	"[(\035\333\343\230\212\334S\345\221\025/%G+'\257\264"
 337      E3988ADC 
 337      53E59115 
 337      2F25472B 
 337      27AFB4
 338 0cbc 19D59C30 		.ascii	"\031\325\2340\221\375\211\036yV\307lIqYX\217\375T\217"
 338      91FD891E 
 338      7956C76C 
 338      49715958 
 338      8FFD548F 
 339 0cd0 0C2C2852 		.ascii	"\014,(R\232\031\326\214\360E\246H^\366\331snT\021ke"
 339      9A19D68C 
 339      F045A648 
 339      5EF6D973 
 339      6E54116B 
 340 0ce5 B64B1E5F 		.ascii	"\266K\036_=7\367S\362\002\312\224\251\220iW!kA\025\332"
 340      3D37F753 
 340      F202CA94 
 340      A9906957 
 340      216B4115 
 341 0cfa C39F6C75 		.ascii	"\303\237lu\223\253\360\251\207L\203\034\252A\266]\203"
 341      93ABF0A9 
 341      874C831C 
 341      AA41B65D 
 341      83
 342 0d0b A325CDDD 		.ascii	"\243%\315\335\032\334\3064\350\273\331y\006\203\006"
 342      1ADCC634 
 342      E8BBD979 
 342      068306
 343 0d1a 367EF84A 		.ascii	"6~\370J\323\200!\245\224\257\261\233\002^C\2712=r\355"
ARM GAS  /tmp/cc6o6eED.s 			page 27


 343      D38021A5 
 343      94AFB19B 
 343      025E43B9 
 343      323D72ED 
 344 0d2e 7AE4513D 		.ascii	"z\344Q=B\243\247K\215\264s\252\277C\317\226\262b\367"
 344      42A3A74B 
 344      8DB473AA 
 344      BF43CF96 
 344      B262F7
 345 0d41 B1A3B716 		.ascii	"\261\243\267\026L\370\250\326\012\023\336\241c\013\322"
 345      4CF8A8D6 
 345      0A13DEA1 
 345      630BD2
 346 0d50 D3E3DFC2 		.ascii	"\323\343\337\302\351\354\276r\262<\227\275gc+\334\252"
 346      E9ECBE72 
 346      B23C97BD 
 346      67632BDC 
 346      AA
 347 0d61 BE47ECBD 		.ascii	"\276G\354\275\327\351\012qf\372\216\021\3473\354\261"
 347      D7E90A71 
 347      66FA8E11 
 347      E733ECB1 
 348 0d71 ECA3F96E 		.ascii	"\354\243\371n\270\2341\333w\365\226\032q-c\266\344\327"
 348      B89C31DB 
 348      77F5961A 
 348      712D63B6 
 348      E4D7
 349 0d83 F718F025 		.ascii	"\367\030\360%\001VZ\226\306\341&\306\364\206f\244\031"
 349      01565A96 
 349      C6E126C6 
 349      F48666A4 
 349      19
 350 0d94 712B63CE 		.ascii	"q+c\316\356\354\377\002w\261\373\246\356\0339n\270\237"
 350      EEECFF02 
 350      77B1FBA6 
 350      EE1B396E 
 350      B89F
 351 0da6 32AEE1B3 		.ascii	"2\256\341\263\003\205F$\034Ry\332'\214\017\204\011\203"
 351      03854624 
 351      1C5279DA 
 351      278C0F84 
 351      0983
 352 0db8 58B60C9A 		.ascii	"X\266\014\232~\354\031\321\214\267\025\026\261\330G"
 352      7EEC19D1 
 352      8CB71516 
 352      B1D847
 353 0dc7 92B4C3CE 		.ascii	"\222\264\303\316\350\205\222\256\"\350\226\203\320-"
 353      E88592AE 
 353      22E89683 
 353      D02D
 354 0dd5 A8447883 		.ascii	"\250Dx\203\204\264\223\020\322*a\"8\001T\001T\005t\024"
 354      84B49310 
 354      D22A6122 
 354      38015401 
 354      54057414 
 355 0de9 E8B87C52 		.ascii	"\350\270|R\250\274,\205\332r\347\352\034\023\012\336"
 355      A8BC2C85 
ARM GAS  /tmp/cc6o6eED.s 			page 28


 355      DA72E7EA 
 355      1C130ADE 
 356 0df9 965FF407 		.ascii	"\226_\364\007^\210\366\207\004\254r\014\013\263\025"
 356      5E88F687 
 356      04AC720C 
 356      0BB315
 357 0e08 CBE41E51 		.ascii	"\313\344\036Qn\264\004.(\222R\212R\3456K\373\313yq$"
 357      6EB4042E 
 357      2892528A 
 357      52E5364B 
 357      FBCB7971 
 358 0e1d 421D9B17 		.ascii	"B\035\233\027\011\310\256D\342\325A5\362\\,d\021Un'"
 358      09C8AE44 
 358      E2D54135 
 358      F25C2C64 
 358      11556E27 
 359 0e31 49C8A906 		.ascii	"I\310\251\006i\305\242\313\3217\347e\021\242\001O\201"
 359      69C5A2CB 
 359      D137E765 
 359      11A2014F 
 359      81
 360 0e42 D15ED480 		.ascii	"\321^\324\200\320\375\267\262\232\217\252\361\030\363"
 360      D0FDB7B2 
 360      9A8FAAF1 
 360      18F3
 361 0e50 85FCF1DA 		.ascii	"\205\374\361\332\001\214\247\030s\360pu\335\"\234\240"
 361      018CA718 
 361      73F07075 
 361      DD229CA0 
 362 0e60 A74CEDD5 		.ascii	"\247L\355\325\366\003.\354\340\234mg\324Wt\260\315\231"
 362      F6032EEC 
 362      E09C6D67 
 362      D45774B0 
 362      CD99
 363 0e72 57087B2E 		.ascii	"W\010{.\263g\247\016\3470l\357\301\260x\016\2273&yG"
 363      B367A70E 
 363      E7306CEF 
 363      C1B0780E 
 363      97332679 
 364 0e87 D2511D3E 		.ascii	"\322Q\035>\317\230;\371\231\365n\370\012c\032\366Y\217"
 364      CF983BF9 
 364      99F56EF8 
 364      0A631AF6 
 364      598F
 365 0e99 B8E366CA 		.ascii	"\270\343f\312p\017\017n/\263\357J\331\036|\341\212."
 365      700F0F6E 
 365      2FB3EF4A 
 365      D91E7CE1 
 365      8A2E
 366 0eab 613DBA88 		.ascii	"a=\272\210_\364\273\200z\254\370]@f\323\3112\204\273"
 366      5FF4BB80 
 366      7AACF85D 
 366      4066D3C9 
 366      3284BB
 367 0ebe 587D3557 		.ascii	"X}5W*\222\021\215\020\237\330\003Dw\354\354!\303\202"
 367      2A92118D 
 367      109FD803 
ARM GAS  /tmp/cc6o6eED.s 			page 29


 367      4477ECEC 
 367      21C382
 368 0ed1 01E20A0D 		.ascii	"\001\342\012\015\020\015\366\000Qy{\254^\207\3573ay"
 368      100DF600 
 368      51797BAC 
 368      5E87EF33 
 368      6179
 369 0ee3 B3352687 		.ascii	"\2635&\207}t\000\313&\244\253X:\347\347.\206\035\277"
 369      7D7400CB 
 369      26A4AB58 
 369      3AE7E72E 
 369      861DBF
 370 0ef6 EB2E7C3B 		.ascii	"\353.|;`\253\012\327C\3477\221e\261\324\272\253X\341"
 370      60AB0AD7 
 370      43E73791 
 370      65B1D4BA 
 370      AB58E1
 371 0f09 D301B944 		.ascii	"\323\001\271Dt\015\032(\027\212\366\217\3578\266\010"
 371      740D1A28 
 371      178AF68F 
 371      EF38B608 
 372 0f19 8F316D0A 		.ascii	"\2171m\012l\351SF<M\031\375\221\322\251\016\015\370"
 372      6CE95346 
 372      3C4D19FD 
 372      91D2A90E 
 372      0DF8
 373 0f2b 101DC486 		.ascii	"\020\035\304\206e\236\264\332\272\314\227\241\332f\360"
 373      659EB4DA 
 373      BACC97A1 
 373      DA66F0
 374 0f3a 8B7352B5 		.ascii	"\213sR\265\255J\216T\013\355?K\034\351&T\331*8R'\334"
 374      AD4A8E54 
 374      0BED3F4B 
 374      1CE92654 
 374      D92A3852 
 375 0f50 B780E3DC 		.ascii	"\267\200\343\334\006j\003j\007\272\345\230V\016/\027"
 375      066A036A 
 375      07BAE598 
 375      560E2F17 
 376 0f60 A24407A8 		.ascii	"\242D\007\250y\001*iU^\326*\326u^\300\277H]\266\333"
 376      79012A69 
 376      555ED62A 
 376      D6755EC0 
 376      BF485DB6 
 377 0f75 07D86023 		.ascii	"\007\330`#.r\331\271\"\347\263\313N\232[\020{_W\206"
 377      2E72D9B9 
 377      22E7B3CB 
 377      4E9A5B10 
 377      7B5F5786 
 378 0f89 4A7998AD 		.ascii	"Jy\230\255\277\236\011\006\377\270\341\014\226\215x"
 378      BF9E0906 
 378      FFB8E10C 
 378      968D78
 379 0f98 7927353B 		.ascii	"y'5;\244\273\035R"
 379      A4BB1D52 
 380 0fa0 7665EDA0 		.ascii	"ve\355\240\025\023c\324)\032CZ<\331\332cI@hU\010\010"
 380      151363D4 
ARM GAS  /tmp/cc6o6eED.s 			page 30


 380      291A435A 
 380      3CD9DA63 
 380      49406855 
 381 0fb6 287BF604 		.ascii	"({\366\004\244g\321\304=_\324\351OO\316\214\352p\330"
 381      A467D1C4 
 381      3D5FD4E9 
 381      4F4FCE8C 
 381      EA70D8
 382 0fc9 22E20C2E 		.ascii	"\"\342\014.\011\205S\323n\210\272\002\204\363\210p["
 382      098553D3 
 382      6E88BA02 
 382      84F38870 
 382      5B
 383 0fda 8C10A96C 		.ascii	"\214\020\251l`\274.P\254\347E\242\263\270\3729#\274"
 383      60BC2E50 
 383      ACE745A2 
 383      B3B8FA39 
 383      23BC
 384 0fec 41FAA917 		.ascii	"A\372\251\027\252\277K\226!@\367H\332.\357\243Y\301"
 384      AABF4B96 
 384      2140F748 
 384      DA2EEFA3 
 384      59C1
 385 0ffe 94F6     		.ascii	"\224\366"
 386 1000 F6F72CD0 		.ascii	"\366\367,\320~j\252\247\242\251.(B\2458\033]\344\330"
 386      7E6AAAA7 
 386      A2A92E28 
 386      42A5381B 
 386      5DE4D8
 387 1013 F50ADA4B 		.ascii	"\365\012\332Kqv\232\232\265G)\316f\016\015=qG\213=\025"
 387      71769A9A 
 387      B54729CE 
 387      660E0D3D 
 387      71478B3D 
 388 1028 1BD94FD6 		.ascii	"\033\331O\326#\317i\244\020\240+\214-$@\367\001\272"
 388      23CF69A4 
 388      10A02B8C 
 388      2D2440F7 
 388      01BA
 389 103a 461A573D 		.ascii	"F\032W=\366qE67;\373\307\3248n\021\373\252l6\275\330"
 389      F6714536 
 389      373BFBC7 
 389      D4386E11 
 389      FBAA6C36 
 390 1050 15EF644C 		.ascii	"\025\357dL\365\335\310\353n8\22315\335\227bu$\240\204"
 390      F5DDC8EB 
 390      6E389331 
 390      35DD9762 
 390      7524A084 
 391 1064 3FEF602E 		.ascii	"?\357`.\271\242\360\221\016\037\246\257\341\253\215"
 391      B9A2F091 
 391      0E1FA6AF 
 391      E1AB8D
 392 1073 592DAED0 		.ascii	"Y-\256\320\275\264oa\020\366\255\276\304\006\341C0\346"
 392      BDB46F61 
 392      10F6ADBE 
 392      C406E143 
ARM GAS  /tmp/cc6o6eED.s 			page 31


 392      30E6
 393 1085 206834FC 		.ascii	" h4\374\254A\350\264\232\030\020\360\244\335#\320\356"
 393      AC41E8B4 
 393      9A1810F0 
 393      A4DD23D0 
 393      EE
 394 1096 21595B6D 		.ascii	"!Y[m\027\351\2445\254d\314\226;\025\205\234hL'\241c"
 394      17E9A435 
 394      AC64CC96 
 394      3B15859C 
 394      684C27A1 
 395 10ab 64E36401 		.ascii	"d\343d\001\241`\300\001#\3355\030\005\304\003\311\200"
 395      A160C001 
 395      23DD3518 
 395      05C403C9 
 395      80
 396 10bc C33203CE 		.ascii	"\3032\003\316E\\jD\370\0043SRc\341M->\315\230\306\346"
 396      455C6A44 
 396      F8043353 
 396      5263E14D 
 396      2D3ECD98 
 397 10d2 C624842F 		.ascii	"\306$\204/1\2463\347\326\234\032wP\206\353\232\2700"
 397      31A633E7 
 397      D69C1A77 
 397      5086EB9A 
 397      B830
 398 10e4 203BE3E8 		.ascii	" ;\343\350\241g\034S\3403\023/<\243L*\017\256\302\336"
 398      A1671C53 
 398      E033132F 
 398      3CA34C2A 
 398      0FAEC2DE 
 399 10f8 C36D18DF 		.ascii	"\303m\030\337e\326/.n\375\217\205\016\244UhZh\365\014"
 399      65D62F2E 
 399      6EFD8F85 
 399      0EA45568 
 399      5A68F50C 
 400 110c 487A2A8F 		.ascii	"Hz*\217\225\267:\207\205d\237\250\364\004T\232^x\007"
 400      95B73A87 
 400      85649FA8 
 400      F404549A 
 400      5E7807
 401 111f D036B9CA 		.ascii	"\3206\271\312\225\224\3177\373\351F~Z#\344\012\266\031"
 401      9594CF37 
 401      FBE9467E 
 401      5A23E40A 
 401      B619
 402 1131 1784E640 		.ascii	"\027\204\346@\312c\251\201\323\370Y{\204\263\240\225"
 402      CA63A981 
 402      D3F8597B 
 402      84B3A095 
 403 1141 9286D0C6 		.ascii	"\222\206\320\306\241\206\330-\010\3570P\273\246\307"
 403      A186D82D 
 403      08EF3050 
 403      BBA6C7
 404 1150 974EB10F 		.ascii	"\227N\261\017\031\203\011{\242?\261R\217\223Y\331\316"
 404      1983097B 
 404      A23FB152 
ARM GAS  /tmp/cc6o6eED.s 			page 32


 404      8F9359D9 
 404      CE
 405 1161 E18A161D 		.ascii	"\341\212\026\035\316`\314\310\345\264Z#.08\234\004/"
 405      CE60CCC8 
 405      E5B45A23 
 405      2E30389C 
 405      042F
 406 1173 6327C153 		.ascii	"c'\301S\233\267D\350);g\377\243\375t1r[\266\301~Ta\015"
 406      9BB744E8 
 406      293B67FF 
 406      A3FD7431 
 406      725BB6C1 
 407 118b E7BF157A 		.ascii	"\347\277\025z\350u\331~V\264\332\023^a}\020\251^\202"
 407      E875D97E 
 407      56B4DA13 
 407      5E617D10 
 407      A95E82
 408 119e A2D4E2F9 		.ascii	"\242\324\342\371\331 \375\336q\263Z\217\"\324b\213\227"
 408      D920FDDE 
 408      71B35A8F 
 408      22D4628B 
 408      97
 409 11af 49E7671D 		.ascii	"I\347g\035eu3\232\205%\307,$y\340\314\016\372\031\343"
 409      6575339A 
 409      8525C72C 
 409      2479E0CC 
 409      0EFA19E3 
 410 11c3 16901C2E 		.ascii	"\026\220\034.I\206\212D\321\251cm\027\236\241\364\326"
 410      49868A44 
 410      D1A9636D 
 410      179EA1F4 
 410      D6
 411 11d4 85444FE6 		.ascii	"\205DO\346N|J\026\230\261 :L\022\275E\022\215fn\331"
 411      4E7C4A16 
 411      98B1203A 
 411      4C12BD45 
 411      128D666E 
 412 11e9 A6D4EC90 		.ascii	"\246\324\354\220\310\203\236\216]\310hg\2372\332\350"
 412      C8839E8E 
 412      5DC86867 
 412      9F32DAE8 
 413 11f9 DA2EA3B2 		.ascii	"\332.\243\262\341\024\373`\365\2074#\271\227\320k\320"
 413      E114FB60 
 413      F5873423 
 413      B997D06B 
 413      D0
 414 120a CB0EA8A0 		.ascii	"\313\016\250\240@\346\200\211D2\270\023JPS\337}\330"
 414      40E68089 
 414      4432B813 
 414      4A5053DF 
 414      7DD8
 415 121c D05FB0E8 		.ascii	"\320_\260\350\345D!\344-M1RU\342@\307x5\2151\352\227"
 415      E54421E4 
 415      2D4D3152 
 415      55E240C7 
 415      78358D31 
 416 1232 ED6FD1B3 		.ascii	"\355o\321\263\254\230GM\006\\\306:\364\320\215\276f"
ARM GAS  /tmp/cc6o6eED.s 			page 33


 416      AC98474D 
 416      065CC63A 
 416      F4D08DBE 
 416      66
 417 1243 96EF7D43 		.ascii	"\226\357}C\326\011\223\217\307mF$|\312&E\321\024\030"
 417      D609938F 
 417      C76D4624 
 417      7CCA2645 
 417      D11418
 418 1256 41F930A7 		.ascii	"A\3710\247\027\2209\275\020\\q\247\232y\330\0360J\212"
 418      179039BD 
 418      105C71A7 
 418      9A79D81E 
 418      304A8A
 419 1269 7A194A02 		.ascii	"z\031J\002J\005J\006\332\005\264[-\355\355\222\360\365"
 419      4A054A06 
 419      DA05B45B 
 419      2DEDED92 
 419      F0F5
 420 127b D1B1301A 		.ascii	"\321\2610\032\276H@\275/\274/\306\345y;7\005+`* \233"
 420      BE4840BD 
 420      2FBC2FC6 
 420      E5793B37 
 420      052B602A 
 421 1291 A48F04A8 		.ascii	"\244\217\004\250\270\225\346\270\303\300[\213\213\311"
 421      B895E6B8 
 421      C3C05B8B 
 421      8BC9
 422 129f 0C430608 		.ascii	"\014C\006\010\257fPq \204\252\235\244\306\023\251$\345"
 422      AF665071 
 422      2084AA9D 
 422      A4C613A9 
 422      24E5
 423 12b1 3E2D4815 		.ascii	">-H\025Sk\307]\016\353>*\224\204\256q\354$\324\351#"
 423      536BC75D 
 423      0EEB3E2A 
 423      9484AE71 
 423      EC24D4E9 
 424 12c6 1BDE563F 		.ascii	"\033\336V?\244\256Ny\227\230\030m\0274\260\033\036\355"
 424      A4AE4E79 
 424      9798186D 
 424      1734B01B 
 424      1EED
 425 12d8 503B8EF8 		.ascii	"P;\216\370\230\004\022j\0012\177\314'\244\024M\270\310"
 425      9804126A 
 425      01327FCC 
 425      27A4144D 
 425      B8C8
 426 12ea E72D078B 		.ascii	"\347-\007\213\247\201\225_\324\342\366\363\036\367\343"
 426      A781955F 
 426      D4E2F6F3 
 426      1EF7E3
 427 12f9 24FEEE85 		.ascii	"$\376\356\205\267\016H\241\203\324m\367\311\261=]V\214"
 427      B70E48A1 
 427      83D46DF7 
 427      C9B13D5D 
 427      568C
ARM GAS  /tmp/cc6o6eED.s 			page 34


 428 130b 6B991B44 		.ascii	"k\231\033D\305\217^S\277\231A\326\305m\225w~q:\233\267"
 428      C58F5E53 
 428      BF9941D6 
 428      C56D9577 
 428      7E713A9B 
 429 1320 4687F3FC 		.ascii	"F\207\363\374GssZ*c\037\363kQ%\025yB\004\241t\365\233"
 429      4773735A 
 429      2A631FF3 
 429      6B512515 
 429      794204A1 
 430 1337 F0FE6845 		.ascii	"\360\376hE\302\036\266\312-\241\362:N\237ic\037}R\177"
 430      C21EB6CA 
 430      2DA1F23A 
 430      4E9F6963 
 430      1F7D527F 
 431 134b 8F3F9835 		.ascii	"\217?\2305\306\026\275t\255\234\227q\013&\372\005\375"
 431      C616BD74 
 431      AD9C9771 
 431      0B26FA05 
 431      FD
 432 135c 3BD3EEDF 		.ascii	";\323\356\337\373\231\1777\015g\264\033\005\377\266"
 432      FB997F37 
 432      0D67B41B 
 432      05FFB6
 433 136b F24B11FD 		.ascii	"\362K\021\375\320F\202gQ\367\316\264\273wL\366\276\\"
 433      D0468267 
 433      51F7CEB4 
 433      BB774CF6 
 433      BE5C
 434 137d 0D3ECFDA 		.ascii	"\015>\317\332\025S\025\336\355\206o0fw\\V\201;\356`"
 434      155315DE 
 434      ED866F30 
 434      66775C56 
 434      813BEE60 
 435 1391 4CD2C53D 		.ascii	"L\322\305=\011\032|\2271\211]\333\233\324x\3201\306"
 435      091A7C97 
 435      31895DDB 
 435      9BD478D0 
 435      31C6
 436 13a3 2D65316E 		.ascii	"-e1n\327\203\311#\256\224\235\233#\332s\373;\032\273"
 436      D783C923 
 436      AE949D9B 
 436      23DA73FB 
 436      3B1ABB
 437 13b6 74E217DA 		.ascii	"t\342\027\332=7\351\211\177\021\214\270|i\360/\225\317"
 437      3D37E989 
 437      7F118CB8 
 437      7C69F02F 
 437      95CF
 438 13c8 4130F76B 		.ascii	"A0\367k\362\240?\355+\020T\010}\270T\010%\005\340-\007"
 438      F2A03FED 
 438      2B105408 
 438      7DB85408 
 438      2505E02D 
 439 13dd 683BB9C3 		.ascii	"h;\271\303\335\203\261z\361\333\2003\3614`\025\203\340"
 439      DD83B17A 
 439      F1DB8033 
ARM GAS  /tmp/cc6o6eED.s 			page 35


 439      F1346015 
 439      83E0
 440 13ef 3C497091 		.ascii	"<Ip\221\372\231\222\017*JF)\275;\253\215x\212\265/."
 440      FA99920F 
 440      2A4A4629 
 440      BD3BAB8D 
 440      788AB52F 
 441 1404 F3C6631D 		.ascii	"\363\306c\035\216pc'\261-\2110\341%0f\263\265~\334\015"
 441      8E706327 
 441      B12D8930 
 441      E1253066 
 441      B3B57EDC 
 442 1419 EF61CCE9 		.ascii	"\357a\314\351\324\375sF\234\357\346\360\241\261\221"
 442      D4FD7346 
 442      9CEFE6F0 
 442      A1B191
 443 1428 7D68BC7D 		.ascii	"}h\274}G\3231\015.ce\275I\225\037\340j7a\323\241\032"
 443      47D3310D 
 443      2E6365BD 
 443      49951FE0 
 443      6A3761D3 
 444 143e 16FA9719 		.ascii	"\026\372\227\031\223\263oO\010nc\367\325W\353F\265\370"
 444      93B36F4F 
 444      086E63F7 
 444      D557EB46 
 444      B5F8
 445 1450 1E632ACF 		.ascii	"\036c*\317\025\347\351\360c\306$E\355/\327\340p#\013"
 445      15E7E9F0 
 445      63C62445 
 445      ED2FD7E0 
 445      70230B
 446 1463 4759F90F 		.ascii	"GY\371\017\2158\2211\345\017\253\2229\274\2271\251\247"
 446      8D389131 
 446      E50FAB92 
 446      39BC9731 
 446      A9A7
 447 1475 7726637C 		.ascii	"w&c|\2002\2574\317\034\331\253A\363\276\270\365\\\266"
 447      8032AF34 
 447      CF1CD9AB 
 447      41F3BEB8 
 447      F55CB6
 448 1488 4C1C4066 		.ascii	"L\034@f\025\262\202\0012\350\030\254\026\006\317U0O"
 448      15B28201 
 448      32E818AC 
 448      1606CF55 
 448      304F
 449 149a 130C96D3 		.ascii	"\023\014\226\323@\327\200.\003\325\001\325\002\325\000"
 449      40D7802E 
 449      03D501D5 
 449      02D500
 450 14a9 9D013A0F 		.ascii	"\235\001:\017\324\010t\011\350\"\320Y\240\006\240\013"
 450      D4087409 
 450      E822D059 
 450      A006A00B 
 451 14b9 40E780AE 		.ascii	"@\347\200\256\000\325\253e\323\376\320T\305W#a\374\326"
 451      00D5AB65 
 451      D3FED054 
ARM GAS  /tmp/cc6o6eED.s 			page 36


 451      C5572361 
 451      FCD6
 452 14cb D7E87747 		.ascii	"\327\350wG9\320W\244:a\303\3259%\236>\310\177\034\212"
 452      39D057A4 
 452      3A61C3D5 
 452      39259E3E 
 452      C87F1C8A 
 453 14df 29F2B023 		.ascii	")\362\260#\222e\271{\261\224=K\320#J\3202\265\010}\""
 453      9265B97B 
 453      B1943D4B 
 453      D0234AD0 
 453      32B5087D 
 454 14f4 414B95A0 		.ascii	"AK\225\240o\213\310-=d\253\233\000\217;\002\235\317"
 454      6F8BC82D 
 454      3D64AB9B 
 454      008F3B02 
 454      9DCF
 455 1506 5DE244E0 		.ascii	"]\342D\340\011%\240\254\362\031\251\362r\245\312e\255"
 455      0925A0AC 
 455      F219A9F2 
 455      72A5CA65 
 455      AD
 456 1517 DF2A0AAD 		.ascii	"\337*\012\255R\022*k\374\224$\364\220\222PI\321hQ\346"
 456      52122A6B 
 456      FC9424F4 
 456      90925049 
 456      D16851E6 
 457 152b 31C5DAC5 		.ascii	"1\305\332\305\315{k\212\210<\245T{\246\204\234\223j"
 457      CD7B6B8A 
 457      883CA554 
 457      7BA6849C 
 457      936A
 458 153d AF50129A 		.ascii	"\257P\022\232'A'K\370\217\3030\035\246%\002T\034\215"
 458      2741274B 
 458      F88FC330 
 458      1DA62502 
 458      541C8D
 459 1550 6F396163 		.ascii	"o9acE\005*\225\024\220z)^\004\236T\002\312,:+izTIS\351"
 459      45052A95 
 459      14907A29 
 459      5E049E54 
 459      02CA2C3A 
 460 156b 2300DB00 		.ascii	"#\000\333\000$\234\325\363&\037\272\374\032:\376\357"
 460      249CD5F3 
 460      261FBAFC 
 460      1A3AFEEF 
 461 157b D582945C 		.ascii	"\325\202\224\\\005\377\025-\303[\037\206\321\372 \346"
 461      05FF152D 
 461      C35B1F86 
 461      D1FA20E6 
 462 158b A26C01A9 		.ascii	"\242l\001\251\220\340\302x\335\226^\230d\300w\350x\345"
 462      90E0C278 
 462      DD965E98 
 462      64C077E8 
 462      78E5
 463 159d CA467393 		.ascii	"\312Fs\223\364\362\351M6:\321M\030\224\177\253\001\312"
 463      F4F2E94D 
ARM GAS  /tmp/cc6o6eED.s 			page 37


 463      363AD14D 
 463      18947FAB 
 463      01CA
 464 15af BEFBF471 		.ascii	"\276\373\364qE7\240\202\353R\030\255\226M\204\347/\036"
 464      4537A082 
 464      EB5218AD 
 464      964D84E7 
 464      2F1E
 465 15c1 AC342C16 		.ascii	"\2544,\026T\263.\244\232\352\377U/\362\255\315\376\335"
 465      54B32EA4 
 465      9AEAFF55 
 465      2FF2ADCD 
 465      FEDD
 466 15d3 FD5A3CC8 		.ascii	"\375Z<\310\242\333\365\210\233\177yc\302\230\306\273"
 466      A2DBF588 
 466      9B7F7963 
 466      C298C6BB 
 467 15e3 D2B2BD61 		.ascii	"\322\262\275a\211\267\311I\000Lt\001\204OHO\233\023"
 467      89B7C949 
 467      004C7401 
 467      844F484F 
 467      9B13
 468 15f5 786FF9D1 		.ascii	"xo\371\321\200\221\035\015\234*\2766dd\305~\362\351"
 468      80911D0D 
 468      9C2ABE36 
 468      6464C57E 
 468      F2E9
 469 1607 D6C8A6DB 		.ascii	"\326\310\246\333\341\375#?f\245\201t\262\253\252\336"
 469      E1FD233F 
 469      66A58174 
 469      B2ABAADE 
 470 1617 E3B2FA08 		.ascii	"\343\262\372\010\037m]J\373\361\007KP\0334\370\207K"
 470      1F6D5D4A 
 470      FBF1074B 
 470      501B34F8 
 470      874B
 471 1629 503B5C6E 		.ascii	"P;\\n\001u\000\335\006\352d\263\207}2\367`\223y\351"
 471      017500DD 
 471      06EA64B3 
 471      877D32F7 
 471      609379E9 
 472 163d A913C988 		.ascii	"\251\023\311\210N\210\341\364\303?\373O\242<\364\016"
 472      4E88E1F4 
 472      C33FFB4F 
 472      A23CF40E 
 473 164d 3FBEF260 		.ascii	"?\276\362`?\276\262\377j\307\203\375j\307\376\361\227"
 473      3FBEB2FF 
 473      6AC783FD 
 473      6AC7FEF1 
 473      97
 474 165e 87F0F197 		.ascii	"\207\360\361\227p\344\341\301\216<\354\273\217\036l"
 474      70E4E1C1 
 474      8E3CECBB 
 474      8F1E6C
 475 166d F7D13EEB 		.ascii	"\367\321>\353x\260Y\307\276u\356\301\266\316\367\244"
 475      78B059C7 
 475      BE75EEC1 
ARM GAS  /tmp/cc6o6eED.s 			page 38


 475      B6CEF7A4 
 476 167d 370FBA51 		.ascii	"7\017\272Q\226n\310'\354\2309\314Q\366\357\011[\225"
 476      966EC827 
 476      EC9839CC 
 476      51F6EF09 
 476      5B95
 477 168f 90709629 		.ascii	"\220p\226)\375\006a\247\243:Z5\264\321\215\034j\206"
 477      FD0661A7 
 477      A33A5A35 
 477      B4D18D1C 
 477      6A86
 478 16a1 2E25BD69 		.ascii	".%\275iS\257\246=J>C$\275\332\005m&=\333\015W\322\273"
 478      53AFA63D 
 478      4A3E4324 
 478      BDDA056D 
 478      263DDB0D 
 479 16b8 3D70AD15 		.ascii	"=p\255\025\256\244\227\357\300\225\364\364]\270\222"
 479      AEA497EF 
 479      C095F4F4 
 479      5DB892
 480 16c7 DEBE0757 		.ascii	"\336\276\007W\322\343\275p%\275\336\007W\322\363\375"
 480      D2E3BD70 
 480      25BDDE07 
 480      57D2F3FD 
 481 16d7 703D2BC8 		.ascii	"p=+\310%\036p\037x\342\005\017\340J<a\000\256\304\033"
 481      251E701F 
 481      78E2050F 
 481      E04A3C61 
 481      00AEC41B 
 482 16eb 1EC2B59E 		.ascii	"\036\302\265\236\341\210\216}C\241\355zH\302J\254\303"
 482      E1888E7D 
 482      43A1ED7A 
 482      48C24AAC 
 482      C3
 483 16fc 7557AD6E 		.ascii	"uW\255n\205a\344\234\206\237\375\351\034\246\032\267"
 483      8561E49C 
 483      869FFDE9 
 483      1CA61AB7 
 484 170c 08399834 		.ascii	"\0109\2304\255\221'\255\3527ThP\275Z\205\206h&\026\023"
 484      AD9127AD 
 484      EA375468 
 484      50BD5A85 
 484      86682616 
 485 1721 7B684EBB 		.ascii	"{hN\273pn5l\317\255\276O\253\334\327\227\274[\347\234"
 485      706E356C 
 485      CFADBE4F 
 485      ABDCD797 
 485      BC5BE79C 
 486 1735 5A493BA5 		.ascii	"ZI;\245#4\265\242\357P\206t`\246\355\001\242\251\234"
 486      2334B5A2 
 486      EF508674 
 486      60A6ED01 
 486      A2A99C
 487 1748 96660291 		.ascii	"\226f\002\221\025\025\354\2678\364wWYY\303\311n\013"
 487      1515ECB7 
 487      38F47757 
 487      5959C3C9 
ARM GAS  /tmp/cc6o6eED.s 			page 39


 487      6E0B
 488 175a D73E6EAF 		.ascii	"\327>n\257}LX\271\204?(r\221V.Bf\007V\033\245\355{D"
 488      7D4C58B9 
 488      843F2872 
 488      91562E42 
 488      6607561B 
 489 1772 AB1F67D5 		.ascii	"\253\037g\325?\242\325_\036\010\033r\374\320y\257Z\276"
 489      3FA2D55F 
 489      1E081B72 
 489      FCD079AF 
 489      5ABE
 490 1784 53F7584D 		.ascii	"S\367XM\367S\310\225d\020S\217\213]\026\334\007\236"
 490      F753C895 
 490      6410538F 
 490      8B5D16DC 
 490      079E
 491 1796 50CB8FCC 		.ascii	"P\313\217\314N\357\316\335\245\303\321\356t<\316\315"
 491      4EEFCEDD 
 491      A5C3D1EE 
 491      743CCECD 
 492 17a6 A60D9173 		.ascii	"\246\015\221s\242\352\222\222\202\231\276wRyk(?\013"
 492      A2EA9292 
 492      8299BE77 
 492      52796B28 
 492      3F0B
 493 17b8 8BDB9F93 		.ascii	"\213\333\237\223\227\320\244Z:&\232T\013\307DS\352\245"
 493      97D0A45A 
 493      3A269A54 
 493      0BC74453 
 493      EAA5
 494 17ca 6427FCFA 		.ascii	"d'\374\372\010\257"
 494      08AF
 495 17d0 C7C79994 		.ascii	"\307\307\231\224\216\206\236Gz&%6\356\024v\222\362D"
 495      8E869E47 
 495      7A262536 
 495      EE147692 
 495      F244
 496 17e2 26E5895D 		.ascii	"&\345\211]\3124\225\022]TR\245\243[\332\344gwlO{f\353"
 496      CA349512 
 496      5D5452A5 
 496      A35BDAE4 
 496      67776C4F 
 497 17f9 F5738B16 		.ascii	"\365s\213\026l\313\014m\313S\265\320\230Y[\002\257\303"
 497      6CCB0C6D 
 497      CB53B5D0 
 497      98595B02 
 497      AFC3
 498 180b B54C8D8C 		.ascii	"\265L\215\214\376\326\004=\276\306\230\207\347g\017"
 498      FED6043D 
 498      BEC69887 
 498      E7670F
 499 181a 6B40349A 		.ascii	"k@4\232\243U\302\223\366\251\262\373\006\252\345\360"
 499      A355C293 
 499      F6A9B2FB 
 499      06AAE5F0 
 500 182a 8539EBAF 		.ascii	"\2059\353\257\266\025G\361\364h\016\245W'\252\211`4"
 500      B61547F1 
ARM GAS  /tmp/cc6o6eED.s 			page 40


 500      F4680EA5 
 500      5727AA89 
 500      6034
 501 183c 6BD714F1 		.ascii	"k\327\024\361\032\265\212\260L\331P\015Q\266\274m[\252"
 501      1AB58AB0 
 501      4CD9500D 
 501      51B6BC6D 
 501      5BAA
 502 184e 0127BD44 		.ascii	"\001'\275D\305\017%u]\3270a\0053\025\313\013\305\263"
 502      C50F2575 
 502      5DD73061 
 502      053315CB 
 502      0BC5B3
 503 1861 C6D00844 		.ascii	"\306\320\010D[\035\246\221Z\015\367LP8\025\264\257\261"
 503      5B1DA691 
 503      5A0DF74C 
 503      503815B4 
 503      AFB1
 504 1873 A35F8D33 		.ascii	"\243_\2153\230\240\275]\207\317\030\004\333]\276\347"
 504      98A0BD5D 
 504      87CF1804 
 504      DB5DBEE7 
 505 1883 6CBB0899 		.ascii	"l\273\010\231\224\010\273\224H*e\354P]\224\243\207T"
 505      9408BB94 
 505      482A65EC 
 505      505D94A3 
 505      8754
 506 1895 3B7EBAA0 		.ascii	";~\272\240a\036\002W@\337\354\350\211tu@\3478l\370o"
 506      611E0257 
 506      40DFECE8 
 506      89747540 
 506      E7386CF8 
 507 18aa 16D09B29 		.ascii	"\026\320\233)\272\305\026v\221\375\214\316\235\366o"
 507      BAC51676 
 507      91FD8CCE 
 507      9DF66F
 508 18b9 4B58BACB 		.ascii	"KX\272\313\302\336\276E#x{\264\206z\373\231\303\327"
 508      C2DEBE45 
 508      23787BB4 
 508      867AFB99 
 508      C3D7
 509 18cb 065D9DBD 		.ascii	"\006]\235\275\335\276\012V\241\030\315\313\366\227\010"
 509      DDBE0A56 
 509      A118CDCB 
 509      F69708
 510 18da 7A6BF3F1 		.ascii	"zk\363\361p\265\034\235\370,\364\335\355I\303\030\027"
 510      70B51C9D 
 510      F82CF4DD 
 510      ED49C318 
 510      17
 511 18eb 31DB1DC9 		.ascii	"1\333\035\311i\030\344p9c\216f\246\336v\201\250\322"
 511      6918E470 
 511      39638E66 
 511      A6DE7681 
 511      A8D2
 512 18fd 48A24A95 		.ascii	"H\242J\225G\022\037\266\025\222\326\271\237\276\201"
 512      47121FB6 
ARM GAS  /tmp/cc6o6eED.s 			page 41


 512      1592D6B9 
 512      9FBE81
 513 190c 62352FA3 		.ascii	"b5/\243\255`\310,\274T&8\216\230\023\345 p\221x\315"
 513      AD60C82C 
 513      BC542638 
 513      8E9813E5 
 513      20709178 
 514 1921 9B2A57CB 		.ascii	"\233*W\313z\263\311\333\327\313\342\362\353?\374q\351"
 514      7AB3C9DB 
 514      D7CBE2F2 
 514      EB3FFC71 
 514      E9
 515 1932 1A95CE67 		.ascii	"\032\225\316g\275\027{\344\022\354\025h\372\306\002"
 515      BD177BE4 
 515      12EC1568 
 515      FAC602
 516 1941 9760B3E9 		.ascii	"\227`\263\351k\255%\330\354\027\344eq\335\340\027hy"
 516      6BAD25D8 
 516      EC17E465 
 516      71DDE017 
 516      6879
 517 1953 6F959745 		.ascii	"o\225\227E\357\345e\277}g\305\206\020\363\012\277@\037"
 517      EFE565BF 
 517      7D67C586 
 517      10F30ABF 
 517      401F
 518 1965 FF0DBEA6 		.ascii	"\377\015\276\246\025\201\246\215\376~_\256\010\360\366"
 518      1581A68D 
 518      FE7E5FAE 
 518      08F0F6
 519 1974 59EF1768 		.ascii	"Y\357\027hZ\341\345kZ\353\275\301\337\342e\331\024l"
 519      5AE1E56B 
 519      5AEBBDC1 
 519      DFE265D9 
 519      146C
 520 1986 0A59BE5E 		.ascii	"\012Y\276^\265L\011\035\262)d\205W\210\305\027$\002"
 520      B54C091D 
 520      B2296485 
 520      5788C517 
 520      2402
 521 1998 E4A3E5CB 		.ascii	"\344\243\345\313W\254Y\357\367\245\337'\237{\275\267"
 521      57AC59EF 
 521      F7A5DF27 
 521      9F7BBDB7 
 522 19a8 FCDDE5EF 		.ascii	"\374\335\345\357\257\010\012Ya\266\254\010\0162[BV\374"
 522      AF080A59 
 522      61B6AC08 
 522      0E325B42 
 522      56FC
 523 19ba ECB3DFAF 		.ascii	"\354\263\337\257\371\3757+|\202\002\202\375\374M\346"
 523      F9FD372B 
 523      7C820282 
 523      FDFC4DE6 
 524 19ca 9015BF5E 		.ascii	"\220\025\277^\263f\205\317z\273|\252\260_\220\326'("
 524      B36685CF 
 524      7ABB7CAA 
 524      B05F90D6 
ARM GAS  /tmp/cc6o6eED.s 			page 42


 524      2728
 525 19dc D002FA2F 		.ascii	"\320\002\372/\"/y\201\\\037\3137\256f\323:os\000h\374"
 525      222F7981 
 525      5C1FCB37 
 525      AE66D33A 
 525      6F730068 
 526 19f1 4215ACF7 		.ascii	"B\025\254\367\0112\233@\"\016Y\271\032\350G@\037\002"
 526      09329B40 
 526      220E59B9 
 526      1AE84740 
 526      1F02
 527 1a03 FD1887AC 		.ascii	"\375\030\207\254z\027h%\320*\240\367\200\336\007\372"
 527      7A176825 
 527      D02AA0F7 
 527      80DE07FA 
 528 1a13 000870AB 		.ascii	"\000\010p\253\000\267\012p\253\000\367\036\340\336["
 528      00B70A70 
 528      AB00F71E 
 528      E0DE5B
 529 1a22 C999DFE7 		.ascii	"\311\231\337\347\314\037p\346\325\234\371G\234\371C"
 529      CC1F70E6 
 529      D59CF947 
 529      9CF943
 530 1a31 CEFC636C 		.ascii	"\316\374cl^\371.\320J\316\337\274\362\305U\361\372\372"
 530      5EF92ED0 
 530      4ACEDFBC 
 530      F2C555F1 
 530      FAFA
 531 1a43 4701441D 		.ascii	"G\001D\035\363\312\3674\301^\320\036-\351\242\215&3"
 531      F3CAF734 
 531      C15ED01E 
 531      2DE9A28D 
 531      2633
 532 1a55 5C83FC7D 		.ascii	"\\\203\374}Mf\265\317zo3\3517\357\000\223\253%\304\342"
 532      4D66B5CF 
 532      7A6F33E9 
 532      37EF0093 
 532      AB25C4E2 
 533 1a69 6D317959 		.ascii	"m1yY\264\244\233>\364\262\350X\207\301\035\300i\231"
 533      B4A49B3E 
 533      F4B2E858 
 533      87C11DC0 
 533      6999
 534 1a7b D61210E4 		.ascii	"\326\022\020\344k\242\374Z\177\357u!Z\213\331\2646\304"
 534      6BA2FC5A 
 534      7FEF7521 
 534      5A8BD9B4 
 534      36C4
 535 1a8d 8B7439B9 		.ascii	"\213t9\271\321YB\374\375|L\360@G}\300\024\020l\321\004"
 535      D15942FC 
 535      FD7C4CF0 
 535      40477DC0 
 535      14106CD1 
 536 1aa2 84AC8317 		.ascii	"\204\254\203\027\204\216\007\221\302\235\213\331w\023"
 536      848E0791 
 536      C29D8BD9 
 536      7713
ARM GAS  /tmp/cc6o6eED.s 			page 43


 537 1ab0 14B99ABE 		.ascii	"\024\271\232\276\361\263\370\200P\227\215\226\240/\377"
 537      F1B3F880 
 537      50978D96 
 537      A02FFF
 538 1abf 2BF865C1 		.ascii	"+\370e\301\273@\234\311l\012\364\201\3124\033-\026s"
 538      BB409CC9 
 538      6C0AF481 
 538      CA341B2D 
 538      1673
 539 1ad1 B001DC2C 		.ascii	"\260\001\334,\304\024\340\035\274\036\332\345\316P!"
 539      C414E01D 
 539      BC1EDAE5 
 539      CE5021
 540 1ae0 5E7FD960 		.ascii	"^\177\331`\332\000\220\227D\037\024\036i\205\253\306"
 540      DA009097 
 540      441F141E 
 540      6985ABC6 
 541 1af0 2710FC48 		.ascii	"'\020\374H\023\342\005W\250\001\004\004\273\0026`\003"
 541      13E20557 
 541      A8010404 
 541      BB023660 
 541      03
 542 1b01 74B43640 		.ascii	"t\2646@\300\006x\005m\014\004\233\320\247\240Y\000s"
 542      C0067805 
 542      6D0C049B 
 542      D0A7A059 
 542      0073
 543 1b13 E38D9600 		.ascii	"\343\215\226\000\3137\301\213L_\233\002-\001\336!_A"
 543      CB37C18B 
 543      4C5F9B02 
 543      2D01DE21 
 543      5F41
 544 1b25 896923B9 		.ascii	"\211i#\271\301\301^\033\214\366\352\374\375B\240\006"
 544      C1C15E1B 
 544      8CF6EAFC 
 544      FD42A006 
 545 1b35 779902E4 		.ascii	"w\231\002\344\011\264\177\243\267\237\305/p\235>\330"
 545      09B47FA3 
 545      B79FC52F 
 545      709D3ED8 
 546 1b45 0B9AC994 		.ascii	"\013\232\311\224\241\267\360\300\024l\012\004\307]\007"
 546      A1B7F0C0 
 546      146C0A04 
 546      C75D07
 547 1b54 28A882E0 		.ascii	"(\250\202\340\365\304\200\336\376\324\015\341apP\220"
 547      F5C480DE 
 547      FED40DE1 
 547      61705090 
 548 1b64 FF5B0B74 		.ascii	"\377[\013t\263}\034\370\254\017\361Y\357\013\275\373"
 548      B37D1CF8 
 548      AC0FF159 
 548      EF0BBDFB 
 549 1b74 BDE702A1 		.ascii	"\275\347\002\241\022\300\275\375|\201\233B\354c\342"
 549      12C0BDFD 
 549      7C819B42 
 549      EC63E2
 550 1b83 F942C196 		.ascii	"\371B\301\226\200\003\313\177fZ\367+?s\210\345\013\332"
ARM GAS  /tmp/cc6o6eED.s 			page 44


 550      8003CB7F 
 550      665AF72B 
 550      3F7388E5 
 550      0BDA
 551 1b95 FE85D40E 		.ascii	"\376\205\324\0161\373\300K0\234\240\265\346M\313}T\356"
 551      31FBC04B 
 551      309CA0B5 
 551      E64DCB7D 
 551      54EE
 552 1ba7 F4CD3F80 		.ascii	"\364\315?\200\245\331\213\320\301_\254\367\375\314\344"
 552      A5D98BD0 
 552      C15FACF7 
 552      FDCCE4
 553 1bb6 6FF20E31 		.ascii	"o\362\0161\375\360\271\325\373n\002\237\365\363\001"
 553      FDF0B9D5 
 553      FB6E029F 
 553      F5F301
 554 1bc5 151611CF 		.ascii	"\025\026\021\317\000\315M0Lu\342\275\201\310\334$t\217"
 554      00CD4D30 
 554      4C75E2BD 
 554      81C8DC24 
 554      748F
 555 1bd7 1B3C9678 		.ascii	"\033<\226x\255\231u\274\213\231\216{\215\231\216\014"
 555      AD9975BC 
 555      8B998E7B 
 555      8D998E0C 
 556 1be7 B33032CC 		.ascii	"\26302\314ld\350\340\351\0063\270\240Ec&/}\373k?\263"
 556      6C64E8E0 
 556      E90633B8 
 556      A0456326 
 556      2F7DFB6B 
 557 1bfd 6583B7BF 		.ascii	"e\203\267\277\227\305/\000B\210 \330\003\004+\024\270"
 557      97C52F00 
 557      428820D8 
 557      03042B14 
 557      B8
 558 1c0e 3B3C63FE 		.ascii	";<c\376\351\360H\373\265\205:\031\271\222`\251#JC\001"
 558      E9F048FB 
 558      B5853A19 
 558      B99260A9 
 558      234A4301 
 559 1c22 844B78E2 		.ascii	"\204Kx\342k\362\267x\303\315\332\015\201>^\024C\356"
 559      6BF2B778 
 559      C3CDDA0D 
 559      813E5E14 
 559      43EE
 560 1c34 5C08D6DB 		.ascii	"\\\010\326\333\254\207\213\200\206'\2446\243\320z_\323"
 560      AC878B80 
 560      8627A436 
 560      A3D07A5F 
 560      D3
 561 1c45 971BD631 		.ascii	"\227\033\3261_\224?\321\005{\007\372\371\020\327\303"
 561      5F943FD1 
 561      057B07FA 
 561      F910D7C3 
 562 1c55 BE5FAED3 		.ascii	"\276_\256\323\007x\303\010\244\026\177\311\022\340\345"
 562      0778C308 
ARM GAS  /tmp/cc6o6eED.s 			page 45


 562      A4167FC9 
 562      12E0E5
 563 1c64 E30DC1D4 		.ascii	"\343\015\301\324\354m\361\013\012\204\232\314\026:^"
 563      EC6DF10B 
 563      0A849ACC 
 563      163A5E
 564 1c73 5C82D6AE 		.ascii	"\\\202\326\256\0151Y<\237\333\011\026\342\002\234%@"
 564      0D31593C 
 564      9FDB0916 
 564      E2029C25 
 564      40
 565 1c84 1F62F90A 		.ascii	"\037b\371\012\004\255\013\024\302\375\352\367\305pO"
 565      04AD0B14 
 565      C2FDEAF7 
 565      C5704F
 566 1c93 6E8D7EBE 		.ascii	"n\215~\276\376&a|\300\270\340|\326\223\016\361\363\005"
 566      FE26617C 
 566      C0B8E07C 
 566      D6930EF1 
 566      F305
 567 1ca5 E3FAADF5 		.ascii	"\343\372\255\365\003k\000\367W\2239\210\\C\374\376j"
 567      036B00F7 
 567      57933988 
 567      5C43FCFE 
 567      6A
 568 1cb6 A23256AE 		.ascii	"\2422V\256\026e\320[bB\260/(Jn\203-f\202$}O,A\356\335"
 568      1665D05B 
 568      6242B02F 
 568      284A6E83 
 568      2D668224 
 569 1cd0 A431484B 		.ascii	"\2441HK\326zA3h\017\353\205{\350f\203pK\373\332\316"
 569      D67A4133 
 569      680FEB85 
 569      7BE86683 
 569      704BFBDA 
 570 1ce5 D00EB7BF 		.ascii	"\320\016\267\277@B\241\273p\017\315\362\367\013\360"
 570      4042A1BB 
 570      700FCDF2 
 570      F70BF0
 571 1cf4 B318441E 		.ascii	"\263\030D\036\202\240\235\241\021\320\376\026\011\177"
 571      82A09DA1 
 571      11D0FE16 
 571      097F
 572 1d02 46B14A1A 		.ascii	"F\261J\032\371\354ED\277\347\217=qd\254'3\252\320\225"
 572      F9EC4544 
 572      BFE78F3D 
 572      7164AC27 
 572      33AAD095 
 573 1d16 2456D1DB 		.ascii	"$V\321\333\227\226\233\203|\275-\336\313\355\017\000"
 573      97969B83 
 573      7CBD2DDE 
 573      CBED0F00 
 574 1d26 F3F9A690 		.ascii	"\363\371\246\220\177\011\362\371\352\005F\352&2\242"
 574      7F09F2F9 
 574      EA0546EA 
 574      2632A2
 575 1d35 75745AF3 		.ascii	"utZ\363\2077\334\274 \222Z\274~\376\263\317\177\371"
ARM GAS  /tmp/cc6o6eED.s 			page 46


 575      8737DCBC 
 575      20925ABC 
 575      7EFEB3CF 
 575      7FF9
 576 1d47 E967BF75 		.ascii	"\351g\277u\363\366\337\350\275)\004\342\262?\314\276"
 576      F3F6DFE8 
 576      BD2904E2 
 576      B23FCCBE 
 577 1d57 EF2B4903 		.ascii	"\357+I\003G]\261\346\367\237\377\366sI(\231\\|\002~"
 577      475DB1E6 
 577      F79FFFF6 
 577      73492899 
 577      5C7C027E 
 578 1d6b 056EC946 		.ascii	"\005n\311F (\363\307@\"\234\315\236\033\350\275\253"
 578      2028F3C7 
 578      40229CCD 
 578      9E1BE8BD 
 578      AB
 579 1d7c 17755C2F 		.ascii	"\027u\\//7\373\315\362\325\357\255Z\365\177\223\201"
 579      2F37FBCD 
 579      F2D5EFAD 
 579      5AF57F93 
 579      81
 580 1d8d B5FD     		.ascii	"\265\375"
 581              		.text
 582              		.section	.gnu.lto_.symtab.6ed45fefa939ffd6,"",%progbits
 583 0000 63685265 		.ascii	"chRegFirstThread\000\000\000\000\000\000\000\000\000"
 583      67466972 
 583      73745468 
 583      72656164 
 583      00000000 
 584 0019 000000A0 		.ascii	"\000\000\000\240\001\000\000chRegNextThread\000\000"
 584      01000063 
 584      68526567 
 584      4E657874 
 584      54687265 
 585 0031 00000000 		.ascii	"\000\000\000\000\000\000\000\000\000\000\244\001\000"
 585      00000000 
 585      0000A401 
 585      00
 586 003e 0063685F 		.ascii	"\000ch_debug\000\000\000\000\000\000\000\000\000\000"
 586      64656275 
 586      67000000 
 586      00000000 
 586      000000
 587 0051 00006F02 		.ascii	"\000\000o\002\000\000ch\000\000\002\000\000\000\000"
 587      00006368 
 587      00000200 
 587      000000
 588 0060 00000000 		.ascii	"\000\000\000\000\000\037\002\000\000chThdRelease\000"
 588      001F0200 
 588      00636854 
 588      68645265 
 588      6C656173 
 589 0076 00020000 		.ascii	"\000\002\000\000\000\000\000\000\000\000\000\250\001"
 589      00000000 
 589      000000A8 
ARM GAS  /tmp/cc6o6eED.s 			page 47


 589      01
 590 0083 0000     		.ascii	"\000\000"
 591              		.text
 592              		.section	.gnu.lto_.opts,"",%progbits
 593 0000 272D666E 		.ascii	"'-fno-trapv' '-mcpu=cortex-m4' '-mfloat-abi=hard' '"
 593      6F2D7472 
 593      61707627 
 593      20272D6D 
 593      6370753D 
 594 0033 2D6D6670 		.ascii	"-mfpu=fpv4-sp-d16' '-mno-thumb-interwork' '-mthumb'"
 594      753D6670 
 594      76342D73 
 594      702D6431 
 594      36272027 
 595 0066 20272D67 		.ascii	" '-ggdb' '-Os' '-fomit-frame-pointer' '-falign-func"
 595      67646227 
 595      20272D4F 
 595      73272027 
 595      2D666F6D 
 596 0099 74696F6E 		.ascii	"tions=16' '-ffunction-sections' '-fdata-sections' '"
 596      733D3136 
 596      2720272D 
 596      6666756E 
 596      6374696F 
 597 00cc 2D666E6F 		.ascii	"-fno-common' '-flto' '-fsingle-precision-constant'\000"
 597      2D636F6D 
 597      6D6F6E27 
 597      20272D66 
 597      6C746F27 
 598              		.text
 599              		.comm	__gnu_lto_v1,1,1
 600              		.comm	__gnu_lto_slim,1,1
 601              		.ident	"GCC: (15:4.9.3+svn231177-1) 4.9.3 20150529 (prerelease)"
ARM GAS  /tmp/cc6o6eED.s 			page 48


DEFINED SYMBOLS
                            *ABS*:0000000000000000 chregistry.c
                            *COM*:0000000000000001 __gnu_lto_v1
                            *COM*:0000000000000001 __gnu_lto_slim

NO UNDEFINED SYMBOLS
