ARM GAS  /tmp/ccM0WqFk.s 			page 1


   1              		.syntax unified
   2              		.cpu cortex-m4
   3              		.eabi_attribute 27, 1
   4              		.eabi_attribute 28, 1
   5              		.fpu fpv4-sp-d16
   6              		.eabi_attribute 20, 1
   7              		.eabi_attribute 21, 1
   8              		.eabi_attribute 23, 3
   9              		.eabi_attribute 24, 1
  10              		.eabi_attribute 25, 1
  11              		.eabi_attribute 26, 1
  12              		.eabi_attribute 30, 4
  13              		.eabi_attribute 34, 1
  14              		.eabi_attribute 18, 4
  15              		.thumb
  16              		.file	"chvt.c"
  17              		.text
  18              	.Ltext0:
  19              		.section	.gnu.lto_.profile.4a8f520b7130d4d5,"",%progbits
  20 0000 789C6366 		.ascii	"x\234cf```a\200\000F\006u\025\000\000\346\000T"
  20      60606061 
  20      80004606 
  20      75150000 
  20      E60054
  21              		.text
  22              		.section	.gnu.lto_.jmpfuncs.4a8f520b7130d4d5,"",%progbits
  23 0000 789C6366 		.ascii	"x\234cf\300\016D\24143\0203\2610\002\001\177=\0200\003"
  23      C00E44A1 
  23      34331033 
  23      B1300201 
  23      7F3D1030 
  24 0015 19F50C00 		.ascii	"\031\365\014\000\026\253\002\266"
  24      16AB02B6 
  25              		.text
  26              		.section	.gnu.lto_.inline.4a8f520b7130d4d5,"",%progbits
  27 0000 789C6366 		.ascii	"x\234cf\300\016r\24143\003\003;\033#\003\023\307\001"
  27      C00E72A1 
  27      34330303 
  27      3B1B2303 
  27      13C701
  28 0013 3B06B605 		.ascii	";\006\266\005\362L 1&\006\321\243\014@1\371w/\330\031"
  28      F24C2031 
  28      2606D1A3 
  28      0C4031F9 
  28      772FD819 
  29 0027 B857B831 		.ascii	"\270W\2701A\024\362\36122\003\205\201:\200\204\003\210"
  29      4114F2F1 
  29      32320385 
  29      813A8084 
  29      0388
  30 0039 50E0E0DB 		.ascii	"P\340\340\333\220\313\300\361A\217\211\201\361\005;"
  30      90CBC0F1 
  30      418F8981 
  30      F1053B
  31 0048 0B840411 		.ascii	"\013\204\004\021\034`&\007\210\020\0003\005\300\226"
  31      1C602607 
  31      88100033 
ARM GAS  /tmp/ccM0WqFk.s 			page 2


  31      05C096
  32 0057 010021BA 		.ascii	"\001\000!\272\016\356"
  32      0EEE
  33              		.text
  34              		.section	.gnu.lto_.pureconst.4a8f520b7130d4d5,"",%progbits
  35 0000 789C6366 		.ascii	"x\234cf```g\200\000f\006)&)f)\000\001\302\000a"
  35      60606067 
  35      80006606 
  35      29262966 
  35      290001C2 
  36              		.text
  37              		.section	.gnu.lto__vt_init.4a8f520b7130d4d5,"",%progbits
  38 0000 789C9593 		.ascii	"x\234\225\223\275K\034Q\024\305\357y\263;\273b \222"
  38      BD4B1C51 
  38      14C5EF79 
  38      B33BBB62 
  38      2092
  39 0012 52528580 		.ascii	"RR\205\200\325\316\010\361?\020\322&\220N\010B\266\321"
  39      D5CE08F1 
  39      3F10D226 
  39      904E0842 
  39      B6D1
  40 0024 2AA0A2D5 		.ascii	"*\240\242\325\342\214,\304\302\250 \004\301D\033\343"
  40      E28C2CC4 
  40      C2A82004 
  40      C1441BE3 
  41 0034 47D668FC 		.ascii	"G\326h\374\376\326\321\304\224\221h!X(\222\015\230n"
  41      FED6D1C4 
  41      94916821 
  41      5828920D 
  41      986E
  42 0046 54100675 		.ascii	"T\020\006u7\367\276md\325\001\037\014w\346\335\3139"
  42      37F7BE6D 
  42      64D5011F 
  42      0C77E6DD 
  42      CB39
  43 0058 E7C77B63 		.ascii	"\347\307{c\320\315U\316O\213A\364\224+\014\202\352\376"
  43      D0CD55CE 
  43      4F8B41F4 
  43      942B0C82 
  43      EAFE
  44 006a 45E4C615 		.ascii	"E\344\306\025 /\004jUh\305?u\242\320\355ezK+>;\216\343"
  44      202F046A 
  44      5568C53F 
  44      75A2D0ED 
  44      657A4B2B 
  45 0082 EF6CBB2F 		.ascii	"\357l\273/=\004\212\350L\025t0\214\012\342\241\223\364"
  45      3D048AE8 
  45      4C157430 
  45      8C0AE2A1 
  45      93F4
  46 0094 D55EA999 		.ascii	"\325^\251\231\346\241\262B\017#0\301u\342\221\347\344"
  46      E6A1B242 
  46      0F2330C1 
  46      75E291E7 
  46      E4
  47 00a5 F37F3E5C 		.ascii	"\363\177>\\NFL\242,\267\304\340\257RR\215}\264\235\277"
ARM GAS  /tmp/ccM0WqFk.s 			page 3


  47      4E464CA2 
  47      2CB7C4E0 
  47      AF52528D 
  47      7DB49DBF 
  48 00b9 CBED4565 		.ascii	"\313\355Ee\232U\372w;\307U\352\302iw\342\201\302\225"
  48      9A55FA77 
  48      3BC755EA 
  48      C26977E2 
  48      81C295
  49 00cc E8F0EE61 		.ascii	"\350\360\356av\373w\374X\361\216\376\034q\323\037\361"
  49      76FB77FC 
  49      58F18EFE 
  49      1C71D31F 
  49      F1
  50 00dd 097DAE23 		.ascii	"\011}\256#S\012\243H\341\013\312u/7\3265e&2\034\303"
  50      530AA348 
  50      E10BCA75 
  50      2F37D635 
  50      6526321C 
  51 00f2 8B06CA40 		.ascii	"\213\006\312@\206\007OuTn\256\256\357\344\"\205\346"
  51      86074F75 
  51      546EAEAE 
  51      EFE42285 
  51      E6
  52 0103 E3404530 		.ascii	"\343@E0\206\304\251h\022\276\"q\247{\261\335\370\355"
  52      86C4A968 
  52      12BE2271 
  52      A77BB1DD 
  52      F8ED
  53 0115 76AFC56E 		.ascii	"v\257\305n\342\272\335\373\213\241\036S\313y5\201\212"
  53      E2BADDFB 
  53      8BA11E53 
  53      CB793581 
  53      8A
  54 0126 E21B126C 		.ascii	"\342\033\022l5\211\024i\352\237\2755\241\324\305\276"
  54      35891469 
  54      EA9FBD35 
  54      A1D4C5BE 
  55 0136 532198D3 		.ascii	"S!\230\323a\2303\202\251\217d\366\036\230s!\230\363"
  55      61983382 
  55      A98F64F6 
  55      1E987321 
  55      98F3
  56 0148 61980B1A 		.ascii	"a\230\013\032s\261\200\351\373?\216\302\017\267\330"
  56      73B180E9 
  56      FB3F8EC2 
  56      0FB7D8
  57 0157 77290473 		.ascii	"w)\004s\371nL\023+\202i\010\346\252\306<\354\013\006"
  57      F96E4C13 
  57      2B826908 
  57      E6AAC63C 
  57      EC0B06
  58 016a 4BE4D6C4 		.ascii	"K\344\326\304\362\274\036\022\326Xu\037\233\276\277"
  58      F2BC1E12 
  58      D658751F 
  58      9BBEBF
  59 0179 E5C6EE15 		.ascii	"\345\306\356\025i=$\222w=\322h\373Q\333\003n\246]\211"
ARM GAS  /tmp/ccM0WqFk.s 			page 4


  59      693D2492 
  59      773DD268 
  59      FB51DB03 
  59      6EA65D89 
  60 018d 14C78644 		.ascii	"\024\307\206D\212H\244M\035\311\035Z\356\210\351H\274"
  60      8A48A44D 
  60      1DC91D5A 
  60      EE88E948 
  60      BC
  61 019e F59D150F 		.ascii	"\365\235\025\017\340z\003\317%\214(d\3712\362O\301j"
  61      E07A03CF 
  61      258C2864 
  61      F932F24F 
  61      C16A
  62 01b0 4F2CCBAE 		.ascii	"O,\313\256\256\253\177S\377\342U\3553\253\322\252\262"
  62      AEAB7F53 
  62      FFE255ED 
  62      33ABD2AA 
  62      B2
  63 01c1 DF36DA0D 		.ascii	"\3376\332\015MvcC\322N\32657YI\372\017\316\321N`"
  63      4D766343 
  63      D24ED635 
  63      375949FA 
  63      0FCED14E 
  64              		.text
  65              		.section	.gnu.lto_chVTDoSetI.4a8f520b7130d4d5,"",%progbits
  66 0000 789C9554 		.ascii	"x\234\225TolSU\024\277\347\336\367\372\177kc`\031\013"
  66      6F6C5355 
  66      14BFE7DE 
  66      F7FA7F6B 
  66      6360190B 
  67 0014 C98CCB82 		.ascii	"\311\214\313\202\306\2645\321\360\301\230\2501&&~0\352"
  67      C6B435D1 
  67      F0C198A8 
  67      3126267E 
  67      30EA
  68 0026 37BF9839 		.ascii	"7\277\2309$`\210\2221\227\370\201\360\272U\"\212J\012"
  68      24608892 
  68      3197F881 
  68      F0BA5522 
  68      8A4A0A
  69 0039 314B28C2 		.ascii	"1K(\302D\343\264\263\333:\001\007\033\353\004\2671\306"
  69      44E3B4B3 
  69      DB3A0107 
  69      1BEB04B7 
  69      31C6
  70 004b 70CCD2A1 		.ascii	"p\314\322\241\004p)\233(&k!+\215\226z\316\275\235\235"
  70      0470299B 
  70      28266B21 
  70      2B8D967A 
  70      CEBD9D9D 
  71 005f 5D27D94B 		.ascii	"]'\331K\332\367\356\271\347\367;\277s\356\271G\260\245"
  71      DAF7EEB9 
  71      E7F73BBF 
  71      73EEB947 
  71      B0A5
  72 0071 CFB3F81B 		.ascii	"\317\263\370\03343\3664\276\301\304\200\357\031g\314"
ARM GAS  /tmp/ccM0WqFk.s 			page 5


  72      3433F634 
  72      BEC1C480 
  72      EF1967CC 
  73 0081 67E1A0A9 		.ascii	"g\341\240\251\017\241>\006-\032\027\273\207\0313l\272"
  73      0FA13E06 
  73      2D1A17BB 
  73      8719336C 
  73      BA
  74 0092 DFCC0C87 		.ascii	"\337\314\014\207\016@v\006l\007\027\232\016;\270\246"
  74      0E407606 
  74      6C07179A 
  74      0E3BB8A6 
  75 00a2 086FF024 		.ascii	"\010o\360$\207=\321P\253}\335\027\206a\314\245\216U"
  75      873DD150 
  75      AB7DDD17 
  75      8661CCA5 
  75      8E55
  76 00b4 BE5B99E1 		.ascii	"\276[\231\341\214\335\342\312\001\276\204u\350\262\253"
  76      8CDDE2CA 
  76      01BE8475 
  76      E8B2AB
  77 00c3 F3F21BA2 		.ascii	"\363\362\033\242\026\030~\366\206o\237\263\377\3063"
  77      16187EF6 
  77      866F9FB3 
  77      FFC633
  78 00d2 1CEEA7E5 		.ascii	"\034\356\247\345\361\300H\253\211\226H\211\313[\003"
  78      F1C048AB 
  78      89964889 
  78      CB5B03
  79 00e1 BFBC587B 		.ascii	"\277\274X{\3300\232\243\243\021\343)-\303\005\264\203"
  79      D8309AA3 
  79      A311E329 
  79      2DC305B4 
  79      83
  80 00f2 4036F80A 		.ascii	"@6\370\012\252\340k\250bhb\020\202Zt\016\365\356\254"
  80      AAE06BA8 
  80      62686210 
  80      825A740E 
  80      F5EEAC
  81 0105 140F49D6 		.ascii	"\024\017I\326\360\207\251CB\001o(\240\006\035\305@\215"
  81      F087A943 
  81      42016F28 
  81      A0061DC5 
  81      408D
  82 0117 C1371238 		.ascii	"\3017\0228\325\332;m\027^\211<\364\353\\V!\257\215\234"
  82      D5DA3B6D 
  82      175E893C 
  82      F4EB5C56 
  82      21AF8D9C 
  83 012b 1A7718CF 		.ascii	"\032w\030\317e\270\016\341b\250\316\240SB\203}{\263"
  83      65B80EE1 
  83      62A8CEA0 
  83      5342837D 
  83      7BB3
  84 013d 16B15E42 		.ascii	"\026\261^B#\363\271\331r\025tJ\0055AW1\022\313\334\015"
  84      23F3B9D9 
  84      7215744A 
ARM GAS  /tmp/ccM0WqFk.s 			page 6


  84      05354157 
  84      3112CBDC 
  85 0152 B5E47EA7 		.ascii	"\265\344~\247}W?\027\217K\350\360\337\363\261\362\232"
  85      7D573F17 
  85      8F4BE8F0 
  85      DFF3B1F2 
  85      9A
  86 0163 368A7AA6 		.ascii	"6\212z\246\345\254\303\0301\374\327r\271j\3127\362_"
  86      E5ACC318 
  86      31FCD772 
  86      B96ACA37 
  86      F25F
  87 0175 06F52064 		.ascii	"\006\365 d,\374\373\220C<!\341\343]\375}\026\005\037"
  87      2CFCFB90 
  87      433C21E1 
  87      E35DFD7D 
  87      16051F
  88 0188 3D3CBC08 		.ascii	"=<\274\010\256\301\267\313\300\223\376l\334n\362\343"
  88      AEC1B7CB 
  88      C093FE6C 
  88      DC6EF2E3 
  89 0198 29B9A007 		.ascii	")\271\240\007j\340\010\324d\027\016\012\216\202\011"
  89      6AE008D4 
  89      64170E0A 
  89      8E8209
  90 01a7 F0451B9D 		.ascii	"\360E\033\235\367E\215\\\256'1\361\301\223\035|\015"
  90      F7458D5C 
  90      AE2731F1 
  90      C1931D7C 
  90      0D
  91 01b8 30B27159 		.ascii	"0\262qY8\015\250\356\330\013\230\217\031\250\036V \273"
  91      380DA8EE 
  91      D80B988F 
  91      19A81E56 
  91      20BB
  92 01ca 4DFAD831 		.ascii	"M\372\3301W\263C:\226I\203\223\216\312E\177\253i\253"
  92      57B3433A 
  92      96498393 
  92      8ECA457F 
  92      AB69AB
  93 01dd 82FE184B 		.ascii	"\202\376\030K`<\354\251\353\234\343K\374\014\315\237"
  93      603CECA9 
  93      EB9CE34B 
  93      FC0CCD9F 
  94 01ed 24679382 		.ascii	"$g\223\202\004\240\306\253\211\363\023\026j\006!%\037"
  94      04A0C6AB 
  94      89F31316 
  94      6A062125 
  94      1F
  95 01fe B973F0CF 		.ascii	"\271s\360\317\262\003\260\337g\030QS\206[\322\230\336"
  95      B203B0DF 
  95      67185153 
  95      865BD298 
  95      DE
  96 020f 31CA09F7 		.ascii	"1\312\011\367>\373\343\364t\271\373a*\371wp\000R\262"
  96      3EFBE3F4 
  96      74B9FB61 
ARM GAS  /tmp/ccM0WqFk.s 			page 7


  96      2AF97770 
  96      0052B2
  97 0222 DFA017DC 		.ascii	"\337\240\027\334i<+\242\355\276\351\323\363\264\377"
  97      693C2BA2 
  97      EDBEE9D3 
  97      F3B4FF
  98 0231 C713BCBD 		.ascii	"\307\023\274\275\367\222\223xt8.y\200xN\020\217\231"
  98      F7929378 
  98      74382E79 
  98      80784E10 
  98      8F99
  99 0243 5D84E6E8 		.ascii	"]\204\346\350\344\250C\226\007\353\225\346V\242>\332"
  99      E4A84396 
  99      07EB95E6 
  99      56A23EDA 
 100 0253 1D7F894C 		.ascii	"\035\177\211LinC\202O'?\012\363\355\177\031\357\031"
 100      696E4382 
 100      4F273F0A 
 100      F3ED7F19 
 100      EF19
 101 0265 960CB766 		.ascii	"\226\014\267f\011\2778\023\253\\\266\373\374AP\012\320"
 101      09BF3813 
 101      AB5CB6FB 
 101      FC41500A 
 101      D0
 102 0276 CB067DB0 		.ascii	"\313\006}\260\035\372\363\012\356v|\0341\271Cx0\321"
 102      1DFAF30A 
 102      EE767C1C 
 102      31B94378 
 102      30D1
 103 0288 35196E87 		.ascii	"5\031n\207\223R\006W\247\326?p\341\256\2466\037\244"
 103      93520657 
 103      A7D63F70 
 103      E1AEA636 
 103      1FA4
 104 029a E6180077 		.ascii	"\346\030\000w\212\252\303 \012n\322g\330\245\272\036"
 104      8AAAC320 
 104      0A6ED267 
 104      D8A5BA1E 
 105 02aa 526743FB 		.ascii	"RgC\373u\334\305\253\213\225m\331\267s(\264^\011u\244"
 105      75DCC5AB 
 105      8B956DD9 
 105      B77328B4 
 105      5E0975A4 
 106 02be 394F733B 		.ascii	"9Os;\002x!\031\207L&y\271A\371\224\025U\252JV\012\226"
 106      02782119 
 106      874C2679 
 106      B941F994 
 106      1555AA4A 
 107 02d5 564AC0A0 		.ascii	"VJ\300\240\224H3\000\276\317\313p\026d\224I\031\032"
 107      94483300 
 107      BECFCB70 
 107      16649449 
 107      191A
 108 02e7 C3912170 		.ascii	"\303\221!p\313\305T8\316\324B\372\200\212\035\217\010"
 108      CBC55438 
 108      CED442FA 
ARM GAS  /tmp/ccM0WqFk.s 			page 8


 108      808A1D8F 
 108      08
 109 02f8 15DCBE28 		.ascii	"\025\334\276(8,\027X\203S2\260N\201Oc\340\030\370\307"
 109      382C1758 
 109      835332B0 
 109      4E814F63 
 109      E018F8C7 
 110 030c 5A36E619 		.ascii	"Z6\346\031\322\262fl\006\000+\301o\306V\241\022\021"
 110      D2B2666C 
 110      06002BC1 
 110      6FC656A1 
 110      1211
 111 031e 8CAF9D01 		.ascii	"\214\257\235\001L\335\312\203\261\015\230\262\330\035"
 111      4CDDCA83 
 111      B10D98B2 
 111      D81D
 112 032c DF82E2F4 		.ascii	"\337\202\342\364|\363\005\222W\232W\324%\002~(\344>"
 112      7CF30592 
 112      579A57D4 
 112      25027E28 
 112      E43E
 113 033e 445D2233 		.ascii	"D]\"39\371\376|\350\025\245\303\271\220\\[\2652\270"
 113      39F9FE7C 
 113      E815A5C3 
 113      B9905C5B 
 113      B532B8
 114 0351 96A4E62C 		.ascii	"\226\244\346,\305;,yM\304;\202\251\221\270\266U+\223"
 114      C53B2C79 
 114      4DC43B82 
 114      A991B8B6 
 114      552B93
 115 0364 76A64031 		.ascii	"v\246@1J\322\\\362\"$\257\006\314%x\252%\217\253\024"
 115      4AD25CF2 
 115      2224AF06 
 115      CC2578AA 
 115      258FAB14 
 116 0378 CFD9428A 		.ascii	"\317\331B\212c\304\243\251\013\225\230\026%x\264\345"
 116      63C4A3A9 
 116      0B959816 
 116      2578B4E5 
 117 0388 DBE45C41 		.ascii	"\333\344\\A\317\370\277<\201d\"\260\242\222kp\276p\352"
 117      CFF8BF3C 
 117      816422B0 
 117      A2926B70 
 117      BE70EA
 118 039b 3F120F57 		.ascii	"?\022\017W\3153\223\3127\317\352{6\017] \013QM\024\250"
 118      CD3393CA 
 118      37CFEA7B 
 118      360F5D20 
 118      0B514D14 
 119 03b0 2EC82AB7 		.ascii	".\310*\267\3543)\222\012\344\311S\007\240H\337=H'\013"
 119      EC332992 
 119      0AE4C953 
 119      07A048DF 
 119      3D48270B 
 120 03c4 A43F91BE 		.ascii	"\244?\221\276\012\"\231\353\232\235^\310\263\364\214"
 120      0A2299EB 
ARM GAS  /tmp/ccM0WqFk.s 			page 9


 120      9A9D5EC8 
 120      B3F48C
 121 03d3 281E0AB1 		.ascii	"(\036\012\261\322CA\247\241pq\231\241\260\226\342\307"
 121      D24341A7 
 121      A1707199 
 121      A1B096E2 
 121      C7
 122 03e4 69289829 		.ascii	"i(\230)\374\024\270i\370\354\317|n\245\341c\316\341"
 122      FC14B869 
 122      F8ECCF7C 
 122      6EA5E163 
 122      CEE1
 123 03f6 E3647009 		.ascii	"\343dp\011Y\257\200/z\360y\022D\267$\201\032\374f\344"
 123      59AF802F 
 123      7AF07912 
 123      44B72481 
 123      1AFC66E4 
 124 040a 7BC0E3F1 		.ascii	"{\300\343\361>\263i\363k\233_x\371\325G=\217x\036\363"
 124      3EB369F3 
 124      6B9B5F78 
 124      F9D5473D 
 124      8F781EF3 
 125 041e BEB5CDDB 		.ascii	"\276\265\315\333\320\350\335\326P\357\255\337\324\324"
 125      D0E8DDD6 
 125      50EFADDF 
 125      D4D4
 126 042c E8A967A2 		.ascii	"\350\251g\242\251q\253\276\341\365-u\357\230\232\032"
 126      A971ABBE 
 126      E1F52D75 
 126      EF989A1A 
 127 043c 37BEFD66 		.ascii	"7\276\375f\275\330Z\327\000\322\324X\367\017\341#\277"
 127      BDD85AD7 
 127      00D2D458 
 127      F70FE123 
 127      BF
 128 044d 70       		.ascii	"p"
 129              		.text
 130              		.section	.gnu.lto_chVTDoResetI.4a8f520b7130d4d5,"",%progbits
 131 0000 789C8D94 		.ascii	"x\234\215\224[k\023A\024\200\347\314l\266\333\004\255"
 131      5B6B1341 
 131      1480E7CC 
 131      6CB6DB04 
 131      AD
 132 0011 F8544245 		.ascii	"\370TBE\021C\005IV\260?@\360\007\024\361\007\010\315"
 132      11430549 
 132      56B03F40 
 132      F00714F1 
 132      0708CD
 133 0024 4BEB8BD2 		.ascii	"K\353\213\322\206\276\225nb\024}\321\262\276\024\332"
 133      86BE956E 
 133      62147DD1 
 133      B2BE14DA 
 134 0034 2AA26235 		.ascii	"*\242b511\321V[\255Y/\025\037\274\340\005\304;\322\010"
 134      3131D156 
 134      5BAD592F 
 134      151FBCE0 
 134      05C43BD2 
ARM GAS  /tmp/ccM0WqFk.s 			page 10


 135 0049 FA20246D 		.ascii	"\372 $m\241.\232\254\347\314&li#f!3;\2633\337\371\316"
 135      A12E9AAC 
 135      E7CC266C 
 135      69236621 
 135      333BB333 
 136 0060 99DD08B6 		.ascii	"\231\335\010\266\376\012\342\257Kal'\366 \030\360\221"
 136      FE0AE2AF 
 136      4B616C27 
 136      F62018F0 
 136      91
 137 0071 E78CC535 		.ascii	"\347\214\3055\016@7\014\3300\207a\370\301\313\034F\254"
 137      0E40370C 
 137      D8308761 
 137      F8C1CB1C 
 137      46AC
 138 0083 D468A0F3 		.ascii	"\324h\240\363\222a\030%\363S\373\261v\2333\266\304]"
 138      92611825 
 138      F353FBB1 
 138      769B33B6 
 138      C45D
 139 0095 0C5C864E 		.ascii	"\014\\\206N\\r2\373\361\220\010\001\303\333\231\314"
 139      5C7232FB 
 139      F1900801 
 139      C3DB99CC 
 140 00a5 F2B3C077 		.ascii	"\362\263\300wns\330F\303Y\363\311\250JC\256\320p\251"
 140      6E73D846 
 140      C359F3C9 
 140      A84A43AE 
 140      D070A9
 141 00b8 F0617FE8 		.ascii	"\360a\177\350\202a$\254\247yc\257bs\001\223 \220\006"
 141      826124AC 
 141      A77963AF 
 141      62730193 
 141      209006
 142 00cb 57200857 		.ascii	"W \010W!\310p\212A\012B\264\272\234\254\274\015\250"
 142      21C8708A 
 142      410A42B4 
 142      BA9CACBC 
 142      0DA8
 143 00dd 498CBCA9 		.ascii	"I\214\274\251R\017\012iP\001\373\354f\313p\234\205\364"
 143      520F0A69 
 143      5001FBEC 
 143      66CB709C 
 143      85F4
 144 00ef 1F47D988 		.ascii	"\037G\331\210\326\270C\320^\005\033\305G\215J\215Fs"
 144      D6B843D0 
 144      5E051BC5 
 144      478D4A8D 
 144      4673
 145 0101 7E096545 		.ascii	"~\011eE\334N\311}\343\234z\361\036\022\323\271J\017"
 145      DC4EC97D 
 145      E39C7AF1 
 145      1E12D3B9 
 145      4A0F
 146 0113 0157B8C0 		.ascii	"\001W\270\300p_\212/^j\344\212\213q8\365\353\334\317"
 146      705F8A2F 
 146      5E6AE48A 
ARM GAS  /tmp/ccM0WqFk.s 			page 11


 146      8B7138F5 
 146      EBDCCF
 147 0126 0D133006 		.ascii	"\015\0230\0066\367\255p\016\327\320\216\346\307\227"
 147      36F7AD70 
 147      0ED7D08E 
 147      E6C797
 148 0135 CFBC6B0B 		.ascii	"\317\274k\013\357\"\367\014L\300\242,\005d!\314\210"
 148      EF22F70C 
 148      4CC0A22C 
 148      056421CC 
 148      88
 149 0146 787E8B0B 		.ascii	"x~\213\013T\326\021\304\032B\012\363\322l\256\302uI"
 149      54D611C4 
 149      1A420AF3 
 149      D26CAEC2 
 149      7549
 150 0158 A1A42057 		.ascii	"\241\244 W\247\354p)\276f<T\310{\204\033\222p\324<\376"
 150      A7EC7029 
 150      BE663C54 
 150      C87B841B 
 150      9270D43C 
 151 016d 46B80872 		.ascii	"F\270\010rA\020aM\240\251\346\305nz\330)\010#J\272\225"
 151      4110614D 
 151      A0A9E6C5 
 151      6E7AD829 
 151      08234ABA 
 152 0182 ABB59A69 		.ascii	"\253\265\232i\315\025iZR\344\331\335r\3233\277v\254"
 152      CD15695A 
 152      52E4D9DD 
 152      72D333BF 
 152      76AC
 153 0194 11891B86 		.ascii	"\021\211\033\206\265U\"\264F\210\333^\235gHDH\221\234"
 153      B55522B4 
 153      4688DB5E 
 153      9D674844 
 153      48919C
 154 01a7 5313F137 		.ascii	"S\023\3617'2\353Q\356\374_\304\337\010q\327\313e\216"
 154      2732EB51 
 154      EEFC5FC4 
 154      DF0871D7 
 154      CB658E
 155 01ba 4434A294 		.ascii	"D4\242\224JN\302\327\200\243\376K\245\005\356I\216 "
 155      4A4EC2D7 
 155      80A3FE4B 
 155      A505EE49 
 155      8E20
 156 01cc 4E01C2AB 		.ascii	"N\001\302\253\337\275\026\234\262p\203\344\316/\324"
 156      DFBD169C 
 156      B27083E4 
 156      CE2FD4
 157 01db B9675F9F 		.ascii	"\271g_\237\312\360\241\337\306\011:\031\255B\207\262"
 157      CAF0A1DF 
 157      C6093A19 
 157      AD4287B2 
 158 01eb 7A972687 		.ascii	"z\227&\207\223\361\3448\270\301qU+\334\207!xP\013^M"
 158      93F1E438 
 158      B8C17155 
ARM GAS  /tmp/ccM0WqFk.s 			page 12


 158      2BDC8721 
 158      78500B5E 
 159 0200 9FCEABF2 		.ascii	"\237\316\253\362h-\237\215\311=\224\006\370\017@\017"
 159      682D9F8D 
 159      C93D9406 
 159      F80F400F 
 160 0210 E70AAFAA 		.ascii	"\347\012\257\252\212\373\260\203\016\376\021\204\027"
 160      8AFBB083 
 160      0EFE1184 
 160      17
 161 021d F1954195 		.ascii	"\361\225A\225y\327n\314\276\330Jq\024\007\2576\006\217"
 161      79D76ECC 
 161      BED84A71 
 161      1407AF36 
 161      068F
 162 022f 91FA19E2 		.ascii	"\221\372\031\342\226\323M~T\322\"*\341W\205\245\331"
 162      96D34D7E 
 162      54D2222A 
 162      E15785A5 
 162      D9
 163 0240 1E89E8FB 		.ascii	"\036\211\350\373z\373z\372\272\017\034\334\023\331\035"
 163      7AFB7AFA 
 163      BA0F1CDC 
 163      13D91D
 164 024f E9D20F0F 		.ascii	"\351\322\017\017\350\3751}\240?\252G{\007c\221(\023"
 164      E8FD317D 
 164      A03FAA47 
 164      7B076391 
 164      2813
 165 0261 83B1237F 		.ascii	"\203\261#\177\001\357\301\200>"
 165      01EFC180 
 165      3E
 166              		.text
 167              		.section	.gnu.lto_.symbol_nodes.4a8f520b7130d4d5,"",%progbits
 168 0000 789C6366 		.ascii	"x\234cf``\260a\200\002\246[\214\365\014\014\023\316"
 168      6060B061 
 168      8002A65B 
 168      8CF50C0C 
 168      13CE
 169 0012 3130D4D7 		.ascii	"10\324\3273\314[\300\301\300z\227\221A\240\236\201\351"
 169      33CC5BC0 
 169      C1C07A97 
 169      9141A09E 
 169      81E9
 170 0024 36633D23 		.ascii	"6c=#\2628\323\035\306z&d\001\006\000\004\333\020\262"
 170      B238D31D 
 170      C67A2664 
 170      01060004 
 170      DB10B2
 171              		.text
 172              		.section	.gnu.lto_.refs.4a8f520b7130d4d5,"",%progbits
 173 0000 789C2587 		.ascii	"x\234%\2071\016\000 \014\204\340\332\270\370\003G\377"
 173      310E0020 
 173      0C84E0DA 
 173      B8F80347 
 173      FF
 174 0011 FF48D3C8 		.ascii	"\377H\323\310\000\241\200\313g\241\306Q\246\245\235"
ARM GAS  /tmp/ccM0WqFk.s 			page 13


 174      00A180CB 
 174      67A1C651 
 174      A6A59D
 175 0020 60EB99D9 		.ascii	"`\353\231\331<\012\323\000}"
 175      3C0AD300 
 175      7D
 176              		.text
 177              		.section	.gnu.lto_.decls.4a8f520b7130d4d5,"",%progbits
 178 0000 789CB55A 		.ascii	"x\234\265ZkPTI\226\256\274YTAQ\024=M\217\323\341\316"
 178      6B505449 
 178      96AEBC59 
 178      54415114 
 178      3D4D8FD3 
 179 0016 46F7D01B 		.ascii	"F\367\320\033\354\314n\267\370\350\351\351\211\330\215"
 179      ECCC6EB7 
 179      F8E8E9E9 
 179      89D88D
 180 0025 EE0D6762 		.ascii	"\356\015gbzgb\246{\036;\261\021\033\27354\226\302\016"
 180      7A6762A6 
 180      7B1E3BB1 
 180      111BBB35 
 180      3496C20E 
 181 0039 AF2DCAB6 		.ascii	"\257-\312\266\373\327^^\312C\001Q\024\020\244\020A\236"
 181      FBD75E5E 
 181      CA430151 
 181      1410A410 
 181      419E
 182 004b 82A880A2 		.ascii	"\202\250\200\242\210\250\010\"\017\037\010\370\200\022"
 182      88A80822 
 182      0F1F08F8 
 182      8012
 183 0059 E4296A09 		.ascii	"\344)j\011\250\200\012{2\363\326\275\267\212[\352\237"
 183      A8800A7B 
 183      32F3D6BD 
 183      B78A5BEA 
 183      9F
 184 006a 25E25079 		.ascii	"%\342Pyn~y\362\234\223'O>\356\305*\225\212G*\325\022"
 184      6E7E79F2 
 184      9C93274F 
 184      3EEEC52A 
 184      958A472A 
 185 0080 FC1956AB 		.ascii	"\374\031V\253T\037jT*5<\373J%\375a\240\012\240[@\203"
 185      541F6A54 
 185      2A353CFB 
 185      4A25FD61 
 185      A00AA05B 
 186 0096 400057F9 		.ascii	"@\000W\371s*\247?R\357%\264\373\000\352\336\003\272"
 186      732AA73F 
 186      52EF25B4 
 186      FB00EADE 
 186      03BA
 187 00a8 0FC0ABC0 		.ascii	"\017\300\253\300\377\035\224\317\300\357\217\200\206"
 187      FF1D94CF 
 187      C0EF8F80 
 187      86
 188 00b5 E19907FC 		.ascii	"\341\231\007\374\276\013\317\306\241<\0064\0014\202"
 188      BE0BCFC6 
ARM GAS  /tmp/ccM0WqFk.s 			page 14


 188      A13C0634 
 188      013482
 189 00c4 98DC0A37 		.ascii	"\230\334\0127\362I\337zA\276A(\023\331D\356E\240/\005"
 189      F249DF7A 
 189      41BE4128 
 189      13D944EE 
 189      45A02F05 
 190 00d8 F9975DFA 		.ascii	"\371\227]\372\367\004\376\012P\267\254\317\016(w\001"
 190      F704FE0A 
 190      50B7ACCF 
 190      0E287701 
 191 00e8 5D53B1BE 		.ascii	"]S\261\276\221 \237t\371\021\267\274ob\263\267B\337"
 191      91209F74 
 191      F911B7BC 
 191      6F62B3B7 
 191      42DF
 192 00fa 8EFE1C3A 		.ascii	"\216\376\034:\310\373\0057:\365\343\350\337\321\337"
 192      C8FB0537 
 192      3AF5E3E8 
 192      DFD1DF
 193 0109 A0D0DFC7 		.ascii	"\240\320\337\307\012\375=\346P\373\320\334\214~\234"
 193      0AFD3DE6 
 193      50FBD0DC 
 193      8C7E9C
 194 0118 4306DD5B 		.ascii	"C\006\335[\204\315\351\035\231\305\300\352u\034ak\347"
 194      84CDE91D 
 194      99C5C0EA 
 194      751C616B 
 194      E7
 195 0129 9F56697E 		.ascii	"\237Vi~\220\311\223\2778\376-\016}\265\002\035B+Q\011"
 195      90C993BF 
 195      38FE2D0E 
 195      7DB5021D 
 195      422B5109 
 196 013d 5A09D24B 		.ascii	"Z\011\322K\321\017\340\377\177\250\231\244\256\371\364"
 196      D10FE0FF 
 196      7FA899A4 
 196      AEF9F4
 197 014c 5D3E9843 		.ascii	"]>\230C\244\\\230u\367\272\356\3032h\225\3107\365!\251"
 197      A45C9875 
 197      F7BAEEC3 
 197      326895C8 
 197      37F521A9 
 198 0160 BB81D6AA 		.ascii	"\273\201\326\252\034\337\367\367\363\326j{\331B\277"
 198      1CDFF7F7 
 198      F3D66A7B 
 198      D942BF
 199 016f 9E2FE19B 		.ascii	"\236/\341\233\226\226>\243\242P\031\302\250\034}H\220"
 199      96963EA3 
 199      A25019C2 
 199      A81C7D48 
 199      90
 200 0180 A44C9BA0 		.ascii	"\244L\233\240\012\364>4;\177\345V\271\206ji\245\362"
 200      0AF43E34 
 200      3B7FE556 
 200      B9866A69 
 200      A5F2
ARM GAS  /tmp/ccM0WqFk.s 			page 15


 201 0192 33DBEBEF 		.ascii	"3\333\353\357\350\250\232\357\020\266\245px\267\027"
 201      E8A89AEF 
 201      10B6A570 
 201      78B717
 202 01a1 FE29AD1A 		.ascii	"\376)\255\032;\034\233\312\341_\322\362\236]\231u^\370"
 202      3B1C9BCA 
 202      E15FD2F2 
 202      9E5D9975 
 202      5EF8
 203 01b3 CFB47CE2 		.ascii	"\317\264|\342\360l\2077\025\361>aOf\264fi\250\0045a"
 203      F06C8737 
 203      15F13E61 
 203      4F66B466 
 203      69A80435 
 204 01c8 EF9516B6 		.ascii	"\357\225\026\266\373\340\377\242\310\316\375\326c\276"
 204      FBE0FFA2 
 204      C8CEFDD6 
 204      63BE
 205 01d6 78232D9F 		.ascii	"x#-\237i\234k\321\341(Z\336\236hk\323\341\357h9\246"
 205      699C6BD1 
 205      E1285ADE 
 205      9E686BD3 
 205      E1EF6839 
 206 01eb B861BB16 		.ascii	"\270a\273\026\232\377HG\315\032\3347\177\320\213\262"
 206      9AFF4847 
 206      CD1ADC37 
 206      7FD08BB2 
 207 01fb 24BC7DE1 		.ascii	"$\274}\341\021\327:\312\027\032P\200\356 8\301\276\275"
 207      11D73ACA 
 207      171A5080 
 207      EE2038C1 
 207      BEBD
 208 020d 68E88B38 		.ascii	"h\350\2138\376s\324\200t\250N4\223\266&\177\211<\037"
 208      FE73D480 
 208      74A84E34 
 208      93B6267F 
 208      893C1F
 209 0220 CBA7C7F1 		.ascii	"\313\247\307\361^\255\006\025\252\001\377\036\005\377"
 209      5EAD0615 
 209      AA01FF1E 
 209      05FF
 210 022e A2932800 		.ascii	"\242\223(\000\020\024\213\352\341\341\011x\010\202/"
 210      10148BEA 
 210      E1E10978 
 210      08822F
 211 023d BC688CF7 		.ascii	"\274h\214\367@\272\000\345F\247\025\032Q\025&\0232V"
 211      40BA00E5 
 211      46A7151A 
 211      51152613 
 211      3256
 212 024f F0BC1A9D 		.ascii	"\360\274\032\235\002\025j%\025@#\307\340p\017\016g\034"
 212      02156A25 
 212      154023C7 
 212      E0700F0E 
 212      671C
 213 0261 470E952B 		.ascii	"G\016\225+\307r\276O\360g\000\177\\\302\237B\257\324"
 213      C772BE4F 
ARM GAS  /tmp/ccM0WqFk.s 			page 16


 213      F067007F 
 213      5CC29F42 
 213      AFD4
 214 0273 B9515167 		.ascii	"\271QQgTx\255\021d\304\262\3408\230\271\247\302\203"
 214      5478AD11 
 214      64C4B2E0 
 214      3898B9A7 
 214      C283
 215 0285 BADE93B0 		.ascii	"\272\336\223\260\315]\365{\220\032\"\023}\251'\301\004"
 215      CD5DF57B 
 215      901A2213 
 215      7DA927C1 
 215      04
 216 0296 8F865216 		.ascii	"\217\206R\026\217\350\335\206\3359\032v\315H\210\273"
 216      8FE8DD86 
 216      DD391A76 
 216      CD4888BB 
 217 02a6 86819976 		.ascii	"\206\201\231v/\234\302d\227,6\233\364\311\222j\004,"
 217      2F9CC264 
 217      972C369B 
 217      F4C9926A 
 217      042C
 218 02b8 6AA74217 		.ascii	"j\247B\027\220^0\004\314\275\024{r\304\027\005\350\211"
 218      905E3004 
 218      CCBD147B 
 218      72C41705 
 218      E889
 219 02ca B9B65371 		.ascii	"\271\266Sq:\036\241\213P\177^2\026\340\314Xw\022Q\013"
 219      3A1EA18B 
 219      507F5E32 
 219      16E0CC58 
 219      7712510B 
 220 02de D82B178A 		.ascii	"\330+\027\212\016\314\356:\341\215w3m\312l\371\363\006"
 220      0ECCEE3A 
 220      E18D7733 
 220      6DCA6CF9 
 220      F306
 221 02f0 9CCB18C7 		.ascii	"\234\313\030\307L\323\323\231\246;V3\177\307\003\005"
 221      4CD3D399 
 221      A63B5633 
 221      7FC70305 
 222 0300 F8F9FBF9 		.ascii	"\370\371\373\371\373\373\353\375\003\250\026m\205o\203"
 222      FBFBEBFD 
 222      03A8166D 
 222      856F83
 223 030f 1697911F 		.ascii	"\026\227\221\037\252\222\264\350D~L\213\235\304\037"
 223      AA92B4E8 
 223      447E4C8B 
 223      9DC41F
 224 031e E93CFFB9 		.ascii	"\351<\377\271E\205*A\203\303D\203v\320\000\020\004\214"
 224      45852A41 
 224      83C34483 
 224      76D00010 
 224      048C
 225 0330 AE43B903 		.ascii	"\256C\271\003\371\243k@]@\335@W\220?ml\005\023\354\355"
 225      F9A36B40 
 225      5D40DD40 
ARM GAS  /tmp/ccM0WqFk.s 			page 17


 225      57903F6D 
 225      6C0513EC 
 226 0345 49CFFEB0 		.ascii	"I\317\376\260+\216?\370.\272\012J\037\201>HS\321\232"
 226      2B8E3FF8 
 226      2EBA0A4A 
 226      1F813E48 
 226      53D19A
 227 0358 1F131FFD 		.ascii	"\037\023\037\375\303Jw]U\013\3707\351\3126P\336\251"
 227      C34A775D 
 227      550BF837 
 227      E9CA3650 
 227      DEA9
 228 036a E75B57D3 		.ascii	"\347[W\323\370ir\355\350,\022{\"`\353`\271\006\240\304"
 228      F86972ED 
 228      E82C127B 
 228      2260EB60 
 228      B906A0C4 
 229 037e FBADCAD0 		.ascii	"\373\255\312\320\032\344\300\332&\332\231`\210\2266"
 229      1AE4C0DA 
 229      26DA9960 
 229      889636
 230 038d 57F02549 		.ascii	"W\360%I\256|\310.\3130*b\272CK\353\035\3321q\3061Eg"
 230      AE7CC82E 
 230      CB302A62 
 230      BA434BEB 
 230      1DDA3171 
 231 03a5 B07EE9D8 		.ascii	"\260~\351\330\334J\321\300\330\220\301pd)1\253)\204"
 231      DC4AD1C0 
 231      D890C170 
 231      642931AB 
 231      2984
 232 03b7 F0688275 		.ascii	"\360h\202uRK\037\021\253z\020}xq\"5_G\037\022\257\334"
 232      524B1F11 
 232      AB7A107D 
 232      78712235 
 232      5F471F12 
 233 03cd 600F174E 		.ascii	"`\017\027Nf<\362\246\017\211\032\275\354\341\266\261"
 233      663CF2A6 
 233      0F891ABD 
 233      ECE1B6B1 
 234 03dd AE79EC76 		.ascii	"\256y\354v\006\364\323\031\320\347\230\001w\027s\332"
 234      06F4D319 
 234      D0E79801 
 234      771773DA 
 235 03ed B4F8320B 		.ascii	"\264\3702\013\263\332\376\245\333>\220am\220a\027\267"
 235      B3DAFEA5 
 235      DB3E9061 
 235      6D906117 
 235      B7
 236 03fe E26CDE1A 		.ascii	"\342l\336\032\303/.-!\332\012\335\224\345\330\233\216"
 236      C32F2E2D 
 236      21DA0ADD 
 236      94E5D89B 
 236      8E
 237 040f 1C7B8BE6 		.ascii	"\034{\213\346\330\326\256\273m\006Q\017fE\337\275\244"
 237      D8D6AEBB 
 237      6D06510F 
ARM GAS  /tmp/ccM0WqFk.s 			page 18


 237      6645DFBD 
 237      A4
 238 0420 296FB76A 		.ascii	")o\267j\334\241j\334v\250\221\261\277c^\215{\231\032"
 238      DCA16ADC 
 238      76A891B1 
 238      BF635E8D 
 238      7B991A
 239 0433 A94B0587 		.ascii	"\251K\005\207\230\032\326\211\"\015K\363\244\001\032"
 239      981AD689 
 239      220D4BF3 
 239      A4011A
 240 0442 906930E0 		.ascii	"\220i0\340\320`\220j\020\223\370\274\306@St\323\337"
 240      D060906A 
 240      1093F8BC 
 240      C6405374 
 240      D3DF
 241 0454 D2547E30 		.ascii	"\322T~0e\277/\2351}\230\360[\373\353M\370\036\223_w"
 241      65BF2F9D 
 241      317D98F0 
 241      5BFBEB4D 
 241      F81E935F 
 242 0469 76F67BD8 		.ascii	"v\366{\330\316\312\015s\265\207X;\033\345kN\215?a\355"
 242      CECA0D73 
 242      B587583B 
 242      1BE56B4E 
 242      8D3F61ED 
 243 047d 7E48D8D8 		.ascii	"~H\330\330\227\317\357\031\360\002\303\236(\252+\365"
 243      97CFEF19 
 243      F002C39E 
 243      28AA2BF5 
 244 048d C1DB3003 		.ascii	"\301\3330\003\026\026\325z\321\206\237\023\366\341\266"
 244      1616D57A 
 244      D1869F13 
 244      F6E1B6
 245 049c BD3D1CCE 		.ascii	"\275=\034\316du9m\267|q\021+\0275=K\341\330\362C\335"
 245      6475396D 
 245      B77C7111 
 245      2B17353D 
 245      4BE1D8F2 
 246 04b2 52569FFC 		.ascii	"RV\237\374\334\223v\360\013\302\226\326T>\344p-\303"
 246      DC9376F0 
 246      0BC296D6 
 246      543EE470 
 246      2DC3
 247 04c4 0EE7B78F 		.ascii	"\016\347\267\217\372\3423\214\311\034\253\234\366\302"
 247      FAE2338C 
 247      C91CAB9C 
 247      F6C2
 248 04d2 6D8CE94F 		.ascii	"m\214\351O\235I\367\304\335\214\271\221v\377\272\036"
 248      9D49F7C4 
 248      DD8CB991 
 248      76FFBA1E 
 249 04e2 F752863B 		.ascii	"\367R\206;8\021[\356\341H\274g\322\306B\310Z1\003!\362"
 249      38115BEE 
 249      E148BC67 
 249      D2C642C8 
 249      5A310321 
ARM GAS  /tmp/ccM0WqFk.s 			page 19


 250 04f7 F88D13EF 		.ascii	"\370\215\023\357\264r\342\315?\377\244\300\033\347\252"
 250      B472E2CD 
 250      3FFFA4C0 
 250      1BE7AA
 251 0506 699FD7EE 		.ascii	"i\237\327\356\331\247<q!c\222*/dk\231M\032\252\367\205"
 251      D9A73C71 
 251      2163922A 
 251      2F646B99 
 251      4D1AAAF7 
 252 051b CC3EE6B4 		.ascii	"\314>\346\264\015\204M?\324\324\342\215\313\031\366"
 252      0D844D3F 
 252      D4D4E28D 
 252      CB19F6
 253 052a EAF4095E 		.ascii	"\352\364\011^\213\353(\303\355\2702\270\250\026\322"
 253      8BEB28C3 
 253      EDB832B8 
 253      A816D2
 254 0539 A63DF1E8 		.ascii	"\246=\361\3501C>\317{\242\347\0203\363\222\266_*$N\210"
 254      31433ECF 
 254      7BA2E710 
 254      33F392B6 
 254      5F2A244E 
 255 054e 1D51DD05 		.ascii	"\035Q\335\005P\367KY\332\354)=\232\252\301\017Yw\203"
 255      50F74B59 
 255      DAEC293D 
 255      9AAAC10F 
 255      597783
 256 0561 DDE9D35A 		.ascii	"\335\351\323Z<\315\230\270\216\256\0245~*0\366\342)"
 256      3CCD98B8 
 256      8EAE1435 
 256      7E2A30F6 
 256      E229
 257 0573 0E2F3026 		.ascii	"\016/0&\367\351\320\214\036/2&\241\245\3651\306\261"
 257      F7E9D08C 
 257      1E2F3226 
 257      A1A5F531 
 257      C6B1
 258 0585 1E94B1D7 		.ascii	"\036\224\261\327\327^\362\304[\031\223\375\354r\013"
 258      D75EF2C4 
 258      5B1993FD 
 258      EC720B
 259 0594 33EC5D9A 		.ascii	"3\354]\232\206k\355UZ\234\314\352&\2622\363\274q\252"
 259      866BED55 
 259      5A9CCCEA 
 259      26B232F3 
 259      BC71AA
 260 05a7 87D30E41 		.ascii	"\207\323\016A\317v\010]\227\246S\020\316`u\007\036\354"
 260      CF76085D 
 260      97A65310 
 260      CE607507 
 260      1EEC
 261 05b9 9C50E33D 		.ascii	"\234P\343=\214)\031\352\314\360\241\300\037\023\366"
 261      8C2919EA 
 261      CCF0A1C0 
 261      1F13F6
 262 05c8 71567FA3 		.ascii	"qV\177\243\026\347\260\272\221\027\035)\030\357g\314"
 262      16E7B0BA 
ARM GAS  /tmp/ccM0WqFk.s 			page 20


 262      91171D29 
 262      18EF67CC 
 263 05d8 E0B3C166 		.ascii	"\340\263\301f-\005\256&\354\225\007\207\257\352\360"
 263      2D05AE26 
 263      EC950787 
 263      AFEAF0
 264 05e7 0156F7AC 		.ascii	"\001V\367\2549\347\244\006\0273&\246\251\362\032\003"
 264      39E7A406 
 264      173326A6 
 264      A9F21A03 
 265 05f7 7E4AD81D 		.ascii	"~J\330\035\365\005\247|q\031\253{\312\267$\373\342\303"
 265      F505A77C 
 265      7119AB7B 
 265      CAB724FB 
 265      E2C3
 266 0609 1E4E11AB 		.ascii	"\036N\021\253g\021\233<\023\177V\217\217\260\272G\247"
 266      67119B3C 
 266      137F568F 
 266      8FB0BA47 
 266      A7
 267 061a DBF27CF1 		.ascii	"\333\362|\3611\301\230#\351\363\006\012\374\202\260"
 267      31C19823 
 267      E9F3060A 
 267      FC82B0
 268 0629 E38FC76F 		.ascii	"\343\217\307o\030p\035\253\3335\3314d\300'\0313\326"
 268      18701DAB 
 268      DB35D934 
 268      64C02719 
 268      33D6
 269 063b 38C57314 		.ascii	"8\305s\024\370\0255\364\314p\234\036\237fu\267\322\267"
 269      F81535F4 
 269      CC709C1E 
 269      9F6675B7 
 269      D2B7
 270 064d 9678E126 		.ascii	"\226x\341&\306$\236\332]\314\272\376w\302V\024d\327"
 270      C6249EDA 
 270      5DCCBAFE 
 270      77C25614 
 270      64D7
 271 065f 7AE1F3AC 		.ascii	"z\341\363\254\356a[\305\020\207[\031S}\246<\211\001"
 271      EE615BC5 
 271      10875B19 
 271      537DA63C 
 271      8901
 272 0671 FF02ECDF 		.ascii	"\377\002\354\337\214\347\246=\364B\376\364\317\317\177"
 272      8CE7A63D 
 272      F442FEF4 
 272      CFCF7F
 273 0680 F95F005D 		.ascii	"\371_\000]\231\366\325\315\276WZ\3037\305c\032J\361"
 273      99F6D5CD 
 273      BE575AC3 
 273      37C5631A 
 273      4AF1
 274 0692 1C46459C 		.ascii	"\034FE\234,\033\307q\316\313\2005\245\224dn\202\335"
 274      2C1BC771 
 274      CECB8035 
 274      A594646E 
ARM GAS  /tmp/ccM0WqFk.s 			page 21


 274      82DD
 275 06a4 E18ADDEE 		.ascii	"\341\212\335\356\212M\023\261;]\261\031\234\363J\224"
 275      8A4D13B1 
 275      3B5DB119 
 275      9CF34A94 
 276 06b4 25427729 		.ascii	"%Bw)Ceb\223El\212\262\012\222\330\207\207\034\320\027"
 276      43656293 
 276      456C8AB2 
 276      0A92D887 
 276      871CD017 
 277 06c8 C805AABC 		.ascii	"\310\005\252\274\350>\205\352g\244zN\300\223E\367\004"
 277      E83E85EA 
 277      67A47A4E 
 277      C09345F7 
 277      04
 278 06d9 17800E72 		.ascii	"\027\200\016r\376\350\020P9P\031P\011P5P%P>\320a\240"
 278      FEE81050 
 278      39501950 
 278      09503550 
 278      25503ED0 
 279 06ef 2AA02340 		.ascii	"*\240#@\265@\205@V\240\032\240b\240\002\240\003@G\201"
 279      B5408540 
 279      56A01AA0 
 279      62A002A0 
 279      03404781 
 280 0703 EA808E03 		.ascii	"\352\200\216\003U\000\225\002\035\003\252\347\244E\334"
 280      55009502 
 280      1D03AAE7 
 280      A445DC
 281 0712 BA43B430 		.ascii	"\272C\2640\335\325\3024Wo<\022M|\251h\242\014\272 B"
 281      DDD5C234 
 281      576F3C12 
 281      4D7CA968 
 281      A20CBA20 
 282 0727 7957B197 		.ascii	"yW\261\227\\v\006y\242\0069\256\320}.>\236\027\245."
 282      5C760679 
 282      A20639AE 
 282      D07D2E3E 
 282      9E17A52E 
 283 073b B92AE0BA 		.ascii	"\271*\340\272\211\260\316\211\330Ee\254$6W\324 \333"
 283      89B0CE89 
 283      D84565AC 
 283      243657D4 
 283      20DB
 284 074d 55832C57 		.ascii	"U\203,W\037\274\020\305\306*\007\260$vQ\204&\270B\267"
 284      1FBC10C5 
 284      C62A07B0 
 284      24765184 
 284      26B842B7 
 285 0761 BA409744 		.ascii	"\272@\227D\3506e\250L\203\347\"6F\331\2652l\242hY\242"
 285      E83665A8 
 285      4C83E722 
 285      3646D9B5 
 285      326CA268 
 286 0777 2B36C945 		.ascii	"+6\311E\205\355\"4U9\020$h\266\010\335\355\012\315t"
 286      85ED2234 
 286      55391024 
ARM GAS  /tmp/ccM0WqFk.s 			page 22


 286      68B608DD 
 286      ED0ACD74 
 287 078b 81EE17A1 		.ascii	"\201\356\027\241\271\312\203+Sv\237\210\335\253<\014"
 287      B9CA832B 
 287      53769F88 
 287      DDAB3C0C 
 288 079b 92D82411 		.ascii	"\222\330$\021\232\254l\227Ll\216\210\335\243\254\255"
 288      9AAC6C97 
 288      4C6C8E88 
 288      DDA3ACAD 
 289 07ab 0C9B2F62 		.ascii	"\014\233/b\363\\\261\373%\025\350fqj\033\331,\002d\371"
 289      F35CB1FB 
 289      2515E866 
 289      716A1BD9 
 289      2C0264F9 
 290 07bf 663131F6 		.ascii	"f11\366Q/r:\243\310%\301\261\217\323\013\310"
 290      512F723A 
 290      A3C825C1 
 290      B18FD30B 
 290      C8
 291 07d0 896D09BF 		.ascii	"\211m\011\277\306/iR\305O\257\247\304x ?\377\000\226"
 291      C62F6952 
 291      C54FAFA7 
 291      C478203F 
 291      FF0096
 292 07e3 24E26892 		.ascii	"$\342h\222\020\273\177\002A|JH\022\215\220$N\313&1\254"
 292      10BB7F02 
 292      417C4A48 
 292      128D9024 
 292      4ECB2631 
 293 07f8 D1E3EF54 		.ascii	"\321\343\357T\261\324\012\262Q\003\307\260\012\011\210"
 293      B1D40AB2 
 293      5103C7B0 
 293      0A0988
 294 0807 AA9E9D40 		.ascii	"\252\236\235@T?\245\244\372\213\314\341\255\2368F\303"
 294      543FA5A4 
 294      FA8BCCE1 
 294      AD9E3846 
 294      C3
 295 0818 16B7DA0B 		.ascii	"\026\267\332\0133^x\033cr\252\347\236\351p\032cZ\313"
 295      335E781B 
 295      6372AAE7 
 295      9EE9701A 
 295      635ACB
 296 082b F3FE82F7 		.ascii	"\363\376\202\367\322\262z8\267\272\026\016Y+W\322\315"
 296      D2B27A38 
 296      B7BA160E 
 296      592B57D2 
 296      CD
 297 083c 4D22EC6B 		.ascii	"M\"\354kZ8\035j\346\260$X\225\005\317\347>#\025P\364"
 297      5A381D6A 
 297      E6B02458 
 297      9505CFE7 
 297      3E231550 
 298 0851 A4BF7493 		.ascii	"\244\277t\223c\317\340\361\273*\364\341J\364\023P\363"
 298      63CFE0F1 
 298      BB2AF4E1 
ARM GAS  /tmp/ccM0WqFk.s 			page 23


 298      4AF41350 
 298      F3
 299 0862 1CD845AA 		.ascii	"\034\330E\252\340X\306\255D\3479\272\277\031\332\365"
 299      E058C6AD 
 299      44E739BA 
 299      BF19DAF5 
 300 0872 38C94327 		.ascii	"8\311C'\240\023_\207\316J\316J\324;\271\376\"(#\271"
 300      A0135F87 
 300      CE4ACE4A 
 300      D43BB9FE 
 300      222823B9 
 301 0886 BE55747D 		.ascii	"\276Ut}\317\360\316\263\010\3472{^\274\214\337\353\213"
 301      CFF0CEB3 
 301      08E7327B 
 301      5EBC8CDF 
 301      EB8B
 302 0898 0B19B3F7 		.ascii	"\013\031\263\367J_\235\032W0&\371V\351e->\246q\272\023"
 302      4A5F9D1A 
 302      573026F9 
 302      56E9652D 
 302      3EA671BA 
 303 08ad 58C1EE04 		.ascii	"X\301\356\004R\333s\316b\312.\321}S\306\360l\021r\234"
 303      52DB73CE 
 303      62CA2ED1 
 303      7D53C6F0 
 303      6C11729C 
 304 08c1 DB9D4DEB 		.ascii	"\333\235M\353\006eW\010\233\267\016P\267\223\023\016"
 304      06655708 
 304      9BB70E50 
 304      B793130E 
 305 08d1 EDDB8BD2 		.ascii	"\355\333\213\322~H\016\341]\240\346eN\334]\255\220\316"
 305      7E480EE1 
 305      5DA0E665 
 305      4EDC5DAD 
 305      90CE
 306 08e3 ECB6DEA2 		.ascii	"\354\266\336\242\337+\013\275\352N\350dB;=\331_\001"
 306      DF2B0BBD 
 306      EA4EE864 
 306      423B3DD9 
 306      5F01
 307 08f5 A1ED92D0 		.ascii	"\241\355\222\320.N&\265\340\331&e\251\327\335I=S5J\267"
 307      2E4E26B5 
 307      E0D92665 
 307      A9D7DD49 
 307      3D53354A 
 308 090a ADD740EA 		.ascii	"\255\327@\352%I\352\025I*\272Y\321{\036\343F\346\255"
 308      2549EA15 
 308      492ABA59 
 308      D17B1EE3 
 308      46E6AD
 309 091d 8E9EAC04 		.ascii	"\216\236\254\004\037\334B\031\256\347\345V?\345\376"
 309      1FDC4219 
 309      AEE7E556 
 309      3FE5FE
 310 092c FADCF467 		.ascii	"\372\334\364g\315\302\010\365B_7\224\373\032\236\276"
 310      CDC208F5 
 310      425F3794 
ARM GAS  /tmp/ccM0WqFk.s 			page 24


 310      FB1A9EBE 
 311 093c 59A2C79D 		.ascii	"Y\242\307\235\032\247\015\233\201m\330r\267\315.\250"
 311      1AA70D9B 
 311      816DD872 
 311      B7CD2EA8 
 312 094c F10DD6F5 		.ascii	"\361\015\326\365\261\035\203\011X\271\357;\356\372\316"
 312      B11D8309 
 312      58B9EF3B 
 312      EEFACE
 313 095b 81BE6F43 		.ascii	"\201\276oC\337\267\224\373\276;\331X\254\306\003\032"
 313      DFB794FB 
 313      BE3BD958 
 313      ACC6031A 
 314 096b A73DA081 		.ascii	"\247=\240\201\355\001\013\355\331\205j<\302\372>\377"
 314      ED010BED 
 314      D9856A3C 
 314      C2FA3EFF 
 315 097b B07EDA47 		.ascii	"\260~\332G\271\357!w}\357\203\276\357B\3376\345\276"
 315      B9EF2177 
 315      7DEF83BE 
 315      EF42DF36 
 315      E5BE
 316 098d 9BFB6E3D 		.ascii	"\233\373n=\326\342G\032\247m\245\201m+\217\265\014v"
 316      D6E2471A 
 316      A76DA581 
 316      6D2B8FB5 
 316      0C76
 317 099f F8E07956 		.ascii	"\370\340yV\3270\026\333\257\305K\214\231\233\034\233"
 317      D73016DB 
 317      AFC54B8C 
 317      999B1C9B 
 318 09af 42789B96 		.ascii	"Bx\233\2262\207\357\234\333\002\2154:\222i\346\310\205"
 318      3287EF9C 
 318      DB028D34 
 318      3A9269E6 
 318      C885
 319 09c1 16FA5F78 		.ascii	"\026\372_x\334v\255\253\333\203>'\217\264D\377\371\363"
 319      DC76ADAB 
 319      DB833E27 
 319      8FB444FF 
 319      F9F3
 320 09d3 F5551AA6 		.ascii	"\365U\032\246?\277\374Hr\037L\320\010&\214\203\011\023"
 320      3FBFFC48 
 320      721F4CD0 
 320      08268C83 
 320      0913
 321 09e5 62548FE4 		.ascii	"bT\217\344\323\250\236\0043\306$34R\374\365\037/8)^"
 321      D3A89E04 
 321      33C62433 
 321      3452FCF5 
 321      1F2F3829 
 322 09fa 9E4D8E74 		.ascii	"\236M\216t\321x}\000\360Q\011>\311I\007\"\205\336\247"
 322      D1787D00 
 322      F051093E 
 322      C9490722 
 322      85DEA7
 323 0a0d 147A07C9 		.ascii	"\024z\007\311\007\256\016'\213w\\g\252\330Q\353\021"
ARM GAS  /tmp/ccM0WqFk.s 			page 25


 323      07AE0E27 
 323      8B775C67 
 323      AAD851EB 
 323      11
 324 0a1e 481E9124 		.ascii	"H\036\221$?x\265\344\207\212\222Qzo\377\242'\336\311"
 324      3F78B5E4 
 324      878A9251 
 324      7A6FFFA2 
 324      27DEC9
 325 0a31 7C78BDB4 		.ascii	"|x\275\264\333\352\213\263\030\323\327\177>O\213\013"
 325      DBEA8BB3 
 325      18D3D77F 
 325      3E4F8B0B 
 326 0a41 18736277 		.ascii	"\030sbw\311\005=.a\314\271\243\015\277\304\015Z\247"
 326      C9053D2E 
 326      61CCB9A3 
 326      0DBFC40D 
 326      5AA7
 327 0a53 6DB3816E 		.ascii	"m\263\201n\233\321\263\004{\022\273\342\324\323cK\333"
 327      9BD1B304 
 327      7B12BBE2 
 327      D4D3634B 
 327      DB
 328 0a64 E480169F 		.ascii	"\344\200\026\237e\320\213)\205W5\270\2231u\017\212\366"
 328      65D08B29 
 328      855735B8 
 328      9331750F 
 328      8AF6
 329 0a76 78E01B94 		.ascii	"x\340\033\224\341j\362.d{\011\346YK!T\236\203i\363o"
 329      E16AF22E 
 329      647B09E6 
 329      594B2154 
 329      9E8369F3 
 330 0a8b 6CDA82B2 		.ascii	"l\332\202\262i\011\243\365{0\276\315\372\233\353\274"
 330      6909A3F5 
 330      7B30BECD 
 330      FA9BEBBC 
 331 0a9b 57A6C543 		.ascii	"W\246\305C\214\311<\225\233\301\224\346\331\311k }\301"
 331      8CC93C95 
 331      9BC194E6 
 331      D9C96B20 
 331      7DC1
 332 0aad 074FB0CA 		.ascii	"\007O\260\312\330\311l+\302\323\214\031\331Z\223\247"
 332      D8C96C2B 
 332      C2D38C19 
 332      D95A93A7 
 333 0abd C60B8CD9 		.ascii	"\306\013\214\331S\236\267\240\301\261\236\3548\222:"
 333      539EB7A0 
 333      C1B19EEC 
 333      38923A
 334 0acc 705C8F93 		.ascii	"p\\\217\223\031sx\362\361n\017\274\2231G&n~\204\263"
 334      197378F2 
 334      F16E0FBC 
 334      93314726 
 334      6E7E84B3 
 335 0ae0 6899CB9E 		.ascii	"h\231\313\236\035\271\204\334^{n\303\312\327\236\326"
 335      1DB984DC 
ARM GAS  /tmp/ccM0WqFk.s 			page 26


 335      5E7B6EC3 
 335      CAD79ED6 
 336 0af0 7CF0C156 		.ascii	"|\360\301V\254C\011x\371I\032z\310\273]\234\257\307"
 336      AC430978 
 336      F9491A7A 
 336      C8BB5D9C 
 336      AFC7
 337 0b02 075977FB 		.ascii	"\007Yw\373czwy\340r\306,\026no@\270\2121w\253\306&8"
 337      637A7779 
 337      E072C62C 
 337      166E6F40 
 337      B88A3177 
 338 0b1a DCC898AC 		.ascii	"\334\310\230\254\316\035\327 \2650fG\263\355\252\007"
 338      CE1DD720 
 338      B5306647 
 338      B3EDAA07 
 339 0b2a EE634C69 		.ascii	"\356cLi\377\215\213Z<\314\230<\333\354]/<\301\230\201"
 339      FF8D8B5A 
 339      3CCC983C 
 339      DBEC5D2F 
 339      3CC19881 
 340 0b3e F3B137D4 		.ascii	"\363\2617\324x\2261\331\0272g\275\361\"c\342\342\032"
 340      789631D9 
 340      173267BD 
 340      F12263E2 
 340      E21A
 341 0b50 5B3C7092 		.ascii	"[<p\222\027a\376\271d\340\361V\037\341\254\024\240\367"
 341      1761FEB9 
 341      64E0F156 
 341      1FE1AC14 
 341      A0F7
 342 0b62 F70B20BF 		.ascii	"\367\013 \277~\354\340\344\347\247\327\303O\000=G\221"
 342      7EECE0E4 
 342      E7A7D7C3 
 342      4F003D47 
 342      91
 343 0b73 87FA7784 		.ascii	"\207\372w\204C\225\236\374\327\007\320?\177+\011\354"
 343      43959EFC 
 343      D707D03F 
 343      7F2B09EC 
 344 0b83 F6A4E25F 		.ascii	"\366\244\342_\263{>\022\332\260}@\015\370\035\245\025"
 344      B37B3E12 
 344      DAB07D40 
 344      0DF81DA5 
 344      15
 345 0b94 9FEE6B52 		.ascii	"\237\356kR\351%\030\361R\032x\251\016\277\342(e/\355"
 345      E92518F1 
 345      521A78A9 
 345      0EBFE228 
 345      652FED
 346 0ba7 B1FF9149 		.ascii	"\261\377\221I.\307\260\307\004|\031v\277y\256no+\347"
 346      2EC7B0C7 
 346      047C1976 
 346      BF79AE6E 
 346      6F2BE7
 347 0bba B2796B33 		.ascii	"\262yk3B9\000\237}\245\"\274-\251\224]\355\021\245\355"
 347      4239009F 
ARM GAS  /tmp/ccM0WqFk.s 			page 27


 347      7DA522BC 
 347      2DA9945D 
 347      ED11A5ED 
 348 0bce AF51BA6D 		.ascii	"\257Q\272m\314#k5]\001\3729\246\264\2209\331F\373&\347"
 348      CC236B35 
 348      5D01FA39 
 348      A6B49039 
 348      D946FB26 
 349 0be3 D8D0D82B 		.ascii	"\330\320\330+\267M~\021\017\263\274\0220\023\322\025"
 349      B74D7E11 
 349      0FB3BC12 
 349      3013D215 
 350 0bf3 4531F65B 		.ascii	"E1\366[~GQ\001ZJ\373\001\320Y\334E\265O\034\025\256"
 350      7E475101 
 350      5A4AFB01 
 350      D059DC45 
 350      B54F1C15 
 351 0c08 4ECF0126 		.ascii	"N\317\001&\036\273\325N~\212\273\017\325S\244:\017\342"
 351      1EBBD54E 
 351      7E8ABB0F 
 351      D553A43A 
 351      0FE2
 352 0c1a 93E84836 		.ascii	"\223\350H6h\227\240\234\217\341\244\006t\014\350\020"
 352      6897A09C 
 352      8FE1A406 
 352      740CE810 
 353 0c2a 500D5013 		.ascii	"P\015P\023\320\021\240\323@Y@\347\201\316\000\025\001"
 353      D011A0D3 
 353      405940E7 
 353      81CE0015 
 353      01
 354 0c3b 15023502 		.ascii	"\025\0025\002\265\000\355\006:\012t\021\250\036\263"
 354      B500ED06 
 354      3A0A7411 
 354      A81EB3
 355 0c4a 8D1E31B4 		.ascii	"\215\0361\264\272r\354=\330\271\345B7\017$3\353\034"
 355      BA72EC3D 
 355      D8B9E542 
 355      370F2433 
 355      EB1C
 356 0c5c 66B2F148 		.ascii	"f\262\361HjDl<\310\360=\002X1V\334\012\26236=L8\220"
 356      6A446C3C 
 356      C8F03D02 
 356      583156DC 
 356      0AB23336 
 357 0c74 75AF404E 		.ascii	"u\257@N\024\311\221\315\312H:\032\245=\325\277!9\367"
 357      14C991CD 
 357      CA483A1A 
 357      A53DD5BF 
 357      2139F7
 358 0c87 386062A5 		.ascii	"8`b\245IY\206\235.\271]\366\267\325\340\262f\301}\235"
 358      4959869D 
 358      2EB95DF6 
 358      B7D5E0B2 
 358      66C17D9D 
 359 0c9b 50B66271 		.ascii	"P\266bq\177\313C\2145\0101v\000 \333]C\330\345\210\304"
 359      7FCB438C 
ARM GAS  /tmp/ccM0WqFk.s 			page 28


 359      35083176 
 359      0020DB5D 
 359      43D8E588 
 360 0cb0 57CFF71C 		.ascii	"W\317\367\034\3031\024O\"b\016\242\247\024~\307\001"
 360      C331144F 
 360      22620EA2 
 360      A7147EC7 
 360      01
 361 0cc1 7F76794C 		.ascii	"\177vyLV\267\227\236\024\244\223\361NR\226.\033x+\325"
 361      56B7979E 
 361      14A493F1 
 361      4E52962E 
 361      1B782BD5 
 362 0cd5 5C943629 		.ascii	"\\\2246)\270\230h\336\006\232\357\207A\253\222io\315"
 362      B89868DE 
 362      069AEF87 
 362      41AB9269 
 362      6FCD
 363 0ce7 A23E261B 		.ascii	"\242>&\033\3623\234\213l\327S+\370nN\230|'\301\323q"
 363      F2339C8B 
 363      6CD7532B 
 363      F86E4E98 
 363      7C27C1D3 
 364 0cfc CA938FE1 		.ascii	"\312\223\217\341\345Q\370\0042\371S\320\023=\023l%\312"
 364      E551F804 
 364      32F953D0 
 364      133D136C 
 364      25CA
 365 0d0e 5C06650E 		.ascii	"\\\006e\016\2022]\2022\362\006\213\320\200\234\026\321"
 365      82325D82 
 365      32F2068B 
 365      D0809C16 
 365      D1
 366 0d1f 12C7BA20 		.ascii	"\022\307\272 \015:\240\301\005h\220\011T\"4\222O\235"
 366      0D3AA0C1 
 366      05689009 
 366      54223492 
 366      4F9D
 367 0d31 5C2C3FC5 		.ascii	"\\,?\305\220P`C\353\016\203jA\240\004\223\367/z/\033"
 367      90506043 
 367      EB0E836A 
 367      41A00493 
 367      F72F7A2F 
 368 0d46 20AFF01E 		.ascii	" \257\360\036\304s\351\260,\236\355\212Q*;\301\315\213"
 368      C473E9B0 
 368      2C9EED8A 
 368      512A3BC1 
 368      CD8B
 369 0d58 616A570C 		.ascii	"ajW\014}\351\272\337^yh\364s\2225HL%Kq\332,\237NvX\225"
 369      7DE9BADF 
 369      5E7968F4 
 369      73923548 
 369      4C254B71 
 370 0d73 7FCF0604 		.ascii	"\177\317\006\004\216\016\250\315u\000]\317\3749\342"
 370      8E0EA8CD 
 370      75005DCF 
 370      FC39E2
ARM GAS  /tmp/ccM0WqFk.s 			page 29


 371 0d82 7C6A7285 		.ascii	"|jr\205.\273\367\2409\231\244\232t\327\220s9p\333\322"
 371      2EBBF7A0 
 371      3999A49A 
 371      74D79073 
 371      3970DBD2 
 372 0d96 0EB1AC49 		.ascii	"\016\261\254I.\214g]= K\310\212#\\\000^}\325\010\013"
 372      2E8C675D 
 372      3D204BC8 
 372      8A235C00 
 372      5E7DD508 
 373 0dab 1974F82F 		.ascii	"\031t\370/\261\340\013\222\035g\244\315D9\326\253\226"
 373      B1E00B92 
 373      1D67A4CD 
 373      4439D6AB 
 373      96
 374 0dbc C58E98F2 		.ascii	"\305\216\230\362\036\012\252\374\177\245<\341\205\326"
 374      1E0AAAFC 
 374      7FA53CE1 
 374      85D6
 375 0dca 43212B7F 		.ascii	"C!+\177\251G\031\256\236r\275\334k\244\007\370V\260"
 375      A94719AE 
 375      9E72BDDC 
 375      6BA407F8 
 375      56B0
 376 0ddc E2A5FBD5 		.ascii	"\342\245\373\325E\036\257\307\235b\372$\2637C!C\251"
 376      451EAFC7 
 376      9D62FA24 
 376      B3374321 
 376      43A9
 377 0dee A834626A 		.ascii	"\2504bj;\230\272\027\324\334\005t\026h\017\320\011\240"
 377      3B98BA17 
 377      D4DC0574 
 377      16680FD0 
 377      09A0
 378 0e00 7D40A764 		.ascii	"}@\247d\252\333\006\205\305\216\254\273\211\356\227"
 378      AADB0685 
 378      C58EACBB 
 378      89EE97
 379 0e0f 13AAF869 		.ascii	"\023\252\370i\272\330\221\243U\217\322b'%7\353\213\237"
 379      BAD891A3 
 379      558FD262 
 379      272537EB 
 379      8B9F
 380 0e21 804892D7 		.ascii	"\200H\222\327v\010\316\020\347\222\353\225\316m*\223"
 380      7608CE10 
 380      E792EB95 
 380      CE6D2A93 
 381 0e31 1C258695 		.ascii	"\034%\206\225d\336\343\304\000\333w\221iJ\002\367\254"
 381      64DEE3C4 
 381      00DB7791 
 381      694A02F7 
 381      AC
 382 0e42 72E02EBB 		.ascii	"r\340.\273%\201\341\230v\357c\305$\237\202\261b\222"
 382      2581E198 
 382      76EF63C5 
 382      249F82B1 
 382      6292
ARM GAS  /tmp/ccM0WqFk.s 			page 30


 383 0e54 970F4899 		.ascii	"\227\017H\231\323\200\234\223\326g[\347\241No\036\014"
 383      D3809C93 
 383      D6675BE7 
 383      A14E6F1E 
 383      0C
 384 0e65 22E7B201 		.ascii	"\"\347\262\001%\203\006\035\006\361\325\245=\343\262"
 384      2583061D 
 384      06F1D5A5 
 384      3DE3B2
 385 0e74 158017F2 		.ascii	"\025\200\027\362\250\333\025 iHX\001\310\276$Uy\213"
 385      A8DB1520 
 385      69485801 
 385      C8BE2455 
 385      798B
 386 0e86 24F9B594 		.ascii	"$\371\265\224\316\\2\031w*\317\\\346+\271U\245NV\265"
 386      CE5C3219 
 386      772ACF5C 
 386      E62BB955 
 386      A54E56B5 
 387 0e9a 32ABE865 		.ascii	"2\253\350e\314#z\031C\266*\316\2271to\233\254Ety_^e"
 387      CC237A19 
 387      43B62ACE 
 387      9731746F 
 387      9BAC4574 
 388 0eb2 5BD8E449 		.ascii	"[\330\344I|\257Pe\237\357\251^O&s\251bKXc\356\255\217"
 388      7CAF5065 
 388      9FEFA95E 
 388      4F2673A9 
 388      624B5863 
 389 0ec9 81EA32C5 		.ascii	"\201\3522\305jp\306ID\016c\315\313\252\255L\370\251"
 389      6A70C649 
 389      440E63CD 
 389      CBAAAD4C 
 389      F8A9
 390 0edb DFB0F948 		.ascii	"\337\260\371H\016\036/\204\365F)\033\221\027\206{\307"
 390      0E1E2F84 
 390      F546291B 
 390      9117867B 
 390      C7
 391 0eec 6A0CF8AE 		.ascii	"j\014\370\256\027{\037U\332>\254\307\023\2149Qs<\217"
 391      177B1F55 
 391      DA3EACC7 
 391      138C3951 
 391      733C8F
 392 0eff C376C68C 		.ascii	"\303v\306\214\305\024\344\031\360S\306\\\330=\361'\274"
 392      C514E419 
 392      F053C65C 
 392      D83DF127 
 392      BC
 393 0f10 C8CAD786 		.ascii	"\310\312\327\206z\212}\360V\035a<\343\026\247*\014H"
 393      7A8A7DF0 
 393      561D613C 
 393      E316A72A 
 393      0C48
 394 0f22 78C51020 		.ascii	"x\305\020 $\207\303\262\275\352u\030\215\276WD.o\253"
 394      2487C3B2 
 394      BDEA7518 
ARM GAS  /tmp/ccM0WqFk.s 			page 31


 394      8DBE5744 
 394      2E6FAB
 395 0f35 A864714E 		.ascii	"\250dqN\026\343\253\256hw\213\353=\000\214\020\300\030"
 395      16E3ABAE 
 395      68778BEB 
 395      3D008C10 
 395      C018
 396 0f47 622D48F8 		.ascii	"b-H\370\336\201\360\275\011\023\3766P/\320-\240\033"
 396      DE81F0BD 
 396      0913FE36 
 396      502FD02D 
 396      A01B
 397 0f59 40FDF204 		.ascii	"@\375\362\004\320\320!M\253\036\327\356\234\227\016"
 397      D0D0214D 
 397      AB1ED7EE 
 397      9C970E
 398 0f68 DE565AF9 		.ascii	"\336VZ\371;^\230\331\335\002V9^cmU2\271\327\224\215"
 398      3B5E98D9 
 398      DD025639 
 398      5E636D55 
 398      32B9D794 
 399 0f7d 96C06595 		.ascii	"\226\300e\225\322\342qE\331f\351j\260d\007\211\306\276"
 399      D2E27145 
 399      D966E96A 
 399      B0640789 
 399      C6BE
 400 0f8f 65434F0E 		.ascii	"eCO\016\236\351W\036\252Q\200\237\360\355\310\375("
 400      9EE9571E 
 400      AA51809F 
 400      F0EDC8FD 
 400      28
 401 0fa0 B2C71B04 		.ascii	"\262\307\033\004a\243\322V\264\017+|\310 \372o\000|"
 401      61A3D256 
 401      B40F2B7C 
 401      C820FA6F 
 401      007C
 402 0fb2 F6A6FE83 		.ascii	"\366\246\376\203\301\277}\260\267N\215\323u\354\340"
 402      C1BF7DB0 
 402      B74E8DD3 
 402      75ECE0
 403 0fc1 357B7E0A 		.ascii	"5{~\012\343=\2149|\264\251\315\033W0\246h\361t\021G"
 403      E33D8C39 
 403      7CB4A9CD 
 403      1B5730A6 
 403      68F17411 
 404 0fd6 2E08E3DE 		.ascii	".\010\343\336\370c\225\263s/\247\275\3609\332^\223V"
 404      F86395B3 
 404      732FA7BD 
 404      F039DA5E 
 404      9356
 405 0fe8 31FF1C4E 		.ascii	"1\377\034Nd~,\250\342\343`\311? D\3700$\356{\340\262"
 405      647E2CA8 
 405      E2E360C9 
 405      3F2044F8 
 405      3024EE7B 
 406 0ffe D137     		.ascii	"\3217"
 407 1000 091371C1 		.ascii	"\011\023q\301\035\022Z\0203'\301\314q0k\014h\002hD\036"
ARM GAS  /tmp/ccM0WqFk.s 			page 32


 407      1D125A10 
 407      3327C1CC 
 407      71306B0C 
 407      68026844 
 408 1015 1E8BC277 		.ascii	"\036\213\302w\016\216\217\023\234\272q\335\330\274\020"
 408      0E8E8F13 
 408      9CBA71DD 
 408      D8BC10
 409 1024 BF6338A2 		.ascii	"\277c8\242\010\225\006<\261\322\371\273\014\005\355"
 409      0895063C 
 409      B1D2F9BB 
 409      0C05ED
 410 1033 A5017F4E 		.ascii	"\245\001\177N\277y\030U\032\360\302G\217\026|\221_\200"
 410      BF791855 
 410      1AF0C247 
 410      8F167C91 
 410      5F80
 411 1045 A2915360 		.ascii	"\242\221S`\330\353\214d\221rq\346\363\004\210\224\373"
 411      D8EB8C64 
 411      917271E6 
 411      F3048894 
 411      FB
 412 1056 00BE2BED 		.ascii	"\000\276+\355\262F\035\221B\316\321\203\0233j\334\311"
 412      B2461D91 
 412      42CED183 
 412      13336ADC 
 412      C9
 413 1067 86B37031 		.ascii	"\206\263p1\277\312\023\3670\246i$\341\272\017\276\307"
 413      BFCA13F7 
 413      30A66924 
 413      E1BA0FBE 
 413      C7
 414 1078 98E6A1CB 		.ascii	"\230\346\241\313)^\344n7\356uw\273{\352+\236x\341Y\332"
 414      295EE46E 
 414      37EE7577 
 414      BB7BEA2B 
 414      9E78E159 
 415 108d 0C5FE93E 		.ascii	"\014_\351>\010\207w8P\013\203[\033\274\233\016\256\035"
 415      08877738 
 415      500B835B 
 415      1BBC9B0E 
 415      AE1D
 416 109f 26CF6350 		.ascii	"&\317cPhF\331\225\212\013\330#\001O\254\236\005\253"
 416      6846D995 
 416      8A0BD823 
 416      014FAC9E 
 416      05AB
 417 10b1 A76596DA 		.ascii	"\247e\226\332.\321\2713\243\344\312\276{\365\025\234"
 417      2ED1B933 
 417      A3E4CABE 
 417      7BF5159C 
 418 10c1 E84A17A1 		.ascii	"\350J\027\241OA\220;\2410\321\236\322M\352\023\000<"
 418      4F41903B 
 418      A130D19E 
 418      D24DEA13 
 418      003C
 419 10d3 94DC3723 		.ascii	"\224\3347#s\337R\374\345n\204\027\231\2232\273+nhq\254"
ARM GAS  /tmp/ccM0WqFk.s 			page 33


 419      73DF52FC 
 419      E56E8417 
 419      999332BB 
 419      2B6E6871 
 420 10e8 3765BA7B 		.ascii	"7e\272{\2733\021\336\301\230\301\342\333Kj\274\2372"
 420      BB3311DE 
 420      C198C1E2 
 420      DB4B6ABC 
 420      9F32
 421 10fa DCDD67AD 		.ascii	"\334\335g\255S\262K\262azI\366\002\302}A\341\026E\371"
 421      53B24BB2 
 421      617A49F6 
 421      02C27D41 
 421      E11645F9 
 422 110e 42E6B9C2 		.ascii	"B\346\271\302\205\014yk<v\364&\306\305\264\033\\U\325"
 422      850C796B 
 422      3C76F426 
 422      C6C5B41B 
 422      5C55D5
 423 1121 FF9FEE5E 		.ascii	"\377\237\356^i@0\011F\363\352\000\264$\337\363\335\271"
 423      69403009 
 423      46F3EA00 
 423      B424DFF3 
 423      DDB9
 424 1133 63176620 		.ascii	"c\027f Q\351%\250\264\350\376\274i\233[\353I\352\227"
 424      51E925A8 
 424      B4E8FEBC 
 424      699B5BEB 
 424      49EA97
 425 1146 7BFD6C37 		.ascii	"{\375l7\377\334C\310X\266\227\032\204b\325~h^2p\361"
 425      FFDC43C8 
 425      58B6971A 
 425      8462D57E 
 425      685E3270 
 426 115b 9527D218 		.ascii	"\225'\322\030\320JIC\362\036\2763%\011\341\353\314\257"
 426      D04A4943 
 426      F21EBE33 
 426      2509E1EB 
 426      CCAF
 427 116d F9A935F3 		.ascii	"\371\2515\363\354;\303(\302\236\236Ho\320\341^V\267"
 427      EC3BC328 
 427      C29E9E48 
 427      6FD0E15E 
 427      56B7
 428 117f DB5EDFE7 		.ascii	"\333^\337\347\205\207\030\363\270#\357\274\001\337\367"
 428      858718F3 
 428      B823EFBC 
 428      01DFF7
 429 118e 767A95E0 		.ascii	"vz\225\340\317^%\314oK\212\327Qv\311\361G\307\351R\302"
 429      CF5E25CC 
 429      6F4B8AD7 
 429      5176C9F1 
 429      47C7E952 
 430 11a3 CE22BDE3 		.ascii	"\316\"\275\343N\314\032\307\177/\346\310\017e\247\247"
 430      4ECC1AC7 
 430      7F2FE6C8 
 430      0F65A7A7 
ARM GAS  /tmp/ccM0WqFk.s 			page 34


 431 11b3 14D0CB5F 		.ascii	"\024\320\313_\030\203D\365J\224\244\026/`\037\322\317"
 431      188344F5 
 431      4A94A416 
 431      2F601FD2 
 431      CF
 432 11c4 1193D53A 		.ascii	"\021\223\325:\264M-Z\354/]\300\3369\336\366\322\303"
 432      B44D2D5A 
 432      EC2F5DC0 
 432      DE39DEF6 
 432      D2C3
 433 11d6 BDE41DEE 		.ascii	"\275\344\035\356$O^\330E\2772\334\016\222\267J\222\241"
 433      244F5ED8 
 433      45BF32DC 
 433      0E92B74A 
 433      92A1
 434 11e8 235174F6 		.ascii	"#Qt\366\314\315\326W(\235\346Nt\342\321YC\031\371\324"
 434      CCCDD657 
 434      289DE64E 
 434      74E2D159 
 434      4319F9D4 
 435 11fc 24156427 		.ascii	"$\025d'H\262\267K\262\321\313\333\266y5\273\216\\A\357"
 435      48B2B74B 
 435      B2D1CBDB 
 435      B67935BB 
 435      8E5C41EF 
 436 1210 575B0B6E 		.ascii	"W[\013n\261O\015m\364{\326\202\206\3163\354\303\235"
 436      B14F0D6D 
 436      F47BD682 
 436      86CE33EC 
 436      C39D
 437 1222 7FA477E0 		.ascii	"\177\244w\340\243icz\235\354*\024*d\021\270\213H\206"
 437      A369637A 
 437      9DEC2A14 
 437      2A6411B8 
 437      8B4886
 438 1235 7842196A 		.ascii	"xB\031j\032\274\017:'\312\274\337N\027\022\336\373Y"
 438      1ABC0F3A 
 438      27CABCDF 
 438      4E1712DE 
 438      FB59
 439 1247 06AA4A3A 		.ascii	"\006\252J:(\271SM\360\273\325o;Z\321[\323\344'\327\364"
 439      28B9534D 
 439      F0BBD56F 
 439      3B5AD15B 
 439      D3E427D7 
 440 125c F8291BD1 		.ascii	"\370)\033\321#=\343\275\354:\367[\262[\231{:k3 \341"
 440      233DE3BD 
 440      EC3AF75B 
 440      B25B997B 
 440      3A6B3320 
 441 1271 73082987 		.ascii	"s\010)\207f\301\024\262A\377w\211'\206!;\357U\263\020"
 441      66C114B2 
 441      41FF7789 
 441      2786213B 
 441      EF55B310 
 442 1285 DB0F5ED9 		.ascii	"\333\017^\331\247\206C\022P.P6P\016P\236Z\272J\200\354"
 442      A7864312 
ARM GAS  /tmp/ccM0WqFk.s 			page 35


 442      502E5036 
 442      500E509E 
 442      5ABA4A80 
 443 129a 35FA9B5D 		.ascii	"5\372\233]<\231\030$\235>\300\254\271\230\224\227\235"
 443      3C991824 
 443      9D3EC0AC 
 443      B9989497 
 443      9D
 444 12ab 15CA0261 		.ascii	"\025\312\002a\035 G\3629\001*\236\335\234\367\264\274"
 444      1D2047F2 
 444      39012A9E 
 444      DD9CF7B4 
 444      BC
 445 12bc B5AA8A2C 		.ascii	"\265\252\212,/d\202\304\251\031T\234\010\361j\027\251"
 445      2F6482C4 
 445      A919549C 
 445      08F16A17 
 445      A9
 446 12cd A9442A59 		.ascii	"\251D*Y\371m\202Tq\205w\336W[\367S\241$u=\303.B]^\323"
 446      F96D8254 
 446      718577DE 
 446      575BF753 
 446      A124753D 
 447 12e7 F2B6F647 		.ascii	"\362\266\366G\352&\330\334\203\207Q\246\240\201\303"
 447      EA26D8DC 
 447      838751A6 
 447      A081C3
 448 12f6 EF688FDA 		.ascii	"\357h\217\332y\306'\247\221L\013\220\345s>-\253\362"
 448      79C627A7 
 448      914C0B90 
 448      E5733E2D 
 448      ABF2
 449 1308 9946BE68 		.ascii	"\231F\276h99\334\012N~S\207\013\347\342\205\257\310"
 449      3939DC0A 
 449      4E7E5387 
 449      0BE7E285 
 449      AFC8
 450 131a 3CCA8746 		.ascii	"<\312\207FC\322>\207t\355\210\310\231}w\255\030'\350"
 450      43D23E87 
 450      74ED88C8 
 450      997D77AD 
 450      1827E8
 451 132d 69106C4D 		.ascii	"i\020lM\235\276\252\376\240\200\267\301X\225\026\353"
 451      9DBEAAFE 
 451      A080B7C1 
 451      589516EB 
 452 133d 2B62F9E6 		.ascii	"+b\371\346,P\370\263\245\317\250\210\002\026\324\242"
 452      2C50F8B3 
 452      A5CFA888 
 452      0216D4A2 
 453 134d 422AF284 		.ascii	"B*\362\204\310A\007\324\037\220WfS\261\217\234__\346"
 453      C84107D4 
 453      1F905766 
 453      53B18F9C 
 453      5F5FE6
 454 1360 ABE50787 		.ascii	"\253\345\007\207B5]\342\310/\240{\263\247\255\006'\364"
 454      42355DE2 
ARM GAS  /tmp/ccM0WqFk.s 			page 36


 454      C82FA07B 
 454      B3A7AD06 
 454      27F4
 455 1372 7DA763C6 		.ascii	"}\247c\306A\001}\220\242\035_\367\030\330\327=c\351"
 455      41017D90 
 455      A21D5FF7 
 455      18D8D73D 
 455      63E9
 456 1384 2555EC63 		.ascii	"%U\354cUoz\313\275\360\270\203}M\244#\354\302\374\305"
 456      556F7ACB 
 456      BDF0B883 
 456      7D4DA423 
 456      ECC2FCC5 
 457 1398 188DFB79 		.ascii	"\030\215\373yS\342\2307\207\330\274i\215/\353\362\221"
 457      53E29837 
 457      87D8BC69 
 457      8D2FEBF2 
 457      91
 458 13a9 E60DA2AF 		.ascii	"\346\015\242\257\200\213`\370\212\351\310\225\322iS"
 458      808B60F8 
 458      8AE9C895 
 458      D26953
 459 13b8 E298368B 		.ascii	"\342\2306\213SKm\276r\364\305W\241G22\355\030'2\377"
 459      534B6DBE 
 459      72F4C557 
 459      A1473232 
 459      ED182732 
 460 13cd 66D5CFED 		.ascii	"f\325\317\355\327\341\235\214\311\251h]\001\276\356"
 460      D7E19D8C 
 460      C9A9685D 
 460      01BEEE
 461 13dc B6DACB72 		.ascii	"\266\332\313r.\242\230t\033\210#\037!\2422\010\242r"
 461      2EA29874 
 461      1B88231F 
 461      21A23208 
 461      A272
 462 13ee 70F52DF4 		.ascii	"p\365-\364\276Ln\005q5*F\234\012URo\357K\277\232\315"
 462      BE4C6E05 
 462      71352A46 
 462      9C0A5552 
 462      6FEF4BBF 
 463 1404 BE8C0F21 		.ascii	"\276\214\017!\342\246j\254-,u\370\320\3273\323\345\317"
 463      E2A66AAC 
 463      2D2C75F8 
 463      D0D733D3 
 463      E5CF
 464 1416 D5EE5D50 		.ascii	"\325\356]P\355p\301S\366\006\345r\332\205>\275\253\013"
 464      ED70C153 
 464      F606E572 
 464      DA853EBD 
 464      AB0B
 465 1428 0E43E755 		.ascii	"\016C\347U\264\363#\324\250j\207Q\345\343\307\2538W"
 465      B4F323D4 
 465      A86A8751 
 465      E5E3C7AB 
 465      3857
 466 143a 17B845A7 		.ascii	"\027\270E\247>y\301\373\340|fu\374\320x\217\201\232"
ARM GAS  /tmp/ccM0WqFk.s 			page 37


 466      3E79C1FB 
 466      E07C6675 
 466      FCD0788F 
 466      819A
 467 144c 6D9D2AE2 		.ascii	"m\235*\342\325Y|\274mi\351=T#\330<\0106K\202\216J6\037"
 467      D5597CBC 
 467      6D69E93D 
 467      5423D83C 
 467      08364B82 
 468 1464 537FA0F2 		.ascii	"S\177\240\3624~c1\206F\204Z4\277\372\335\277\275\277"
 468      347E6331 
 468      8646845A 
 468      34BFFADD 
 468      BFBDBF
 469 1477 5EE5BF6A 		.ascii	"^\345\277jU\340\372\220\320\257C\277\374\243q\335\252"
 469      55E0FA90 
 469      D0AF43BF 
 469      FCA371DD 
 469      AA
 470 1488 D5AB3E0E 		.ascii	"\325\253>\016\214\214\0164[\002\243\315\301\201\301"
 470      8C8C0E34 
 470      5B02A3CD 
 470      C181C1
 471 1497 21DF5856 		.ascii	"!\337XV\005\253|\277\0115[6\007\205\031-\241\341&\263"
 471      05AB7CBF 
 471      09355B36 
 471      0785192D 
 471      A1E126B3 
 472 14ab D1F25670 		.ascii	"\321\362Vp\210\321\351\221\026DF\230\276\265\220\337"
 472      88D1E991 
 472      16444698 
 472      BEB590DF 
 473 14bb 28B3E91B 		.ascii	"(\263\351\033\257\350\357\242I\205\321\342\27194\302"
 473      AFE8EFA2 
 473      4985D1E2 
 473      B93934C2 
 474 14cb B26EADD1 		.ascii	"\262n\255\321\2423\032\035\305\217\0027G\233\003C#\202"
 474      A2331A1D 
 474      C58F0237 
 474      479B0343 
 474      2382
 475 14dd C3366F30 		.ascii	"\3036o0\005F\230\266\204\205~\035\030\036\024\034\022"
 475      054698B6 
 475      84857E1D 
 475      181E141C 
 475      12
 476 14ee 1A610A34 		.ascii	"\032a\0124n0m\014\332\034f1Z\276\2132E\257\012Q\371"
 476      6E306D0C 
 476      DA1C6631 
 476      5ABE8B32 
 476      45AF0A51 
 477 1503 2BA1417E 		.ascii	"+\241A~\2401\332\262\001$\002\344C7&8\032\005\207\020"
 477      A031DAB2 
 477      012402E4 
 477      43372638 
 477      1A058710 
 478 1517 7D04799E 		.ascii	"}\004y\236\240\343\006S\230%\010\012\0337G\004\033\251"
ARM GAS  /tmp/ccM0WqFk.s 			page 38


 478      A0E30653 
 478      9825080A 
 478      1B374704 
 478      1BA9
 479 1529 D6A4A421 		.ascii	"\326\244\244!\332\007\231\177\374zi\301!\033@\222.8"
 479      DA07997F 
 479      FC7A69C1 
 479      211B4092 
 479      2E38
 480 153b E4CF7FFA 		.ascii	"\344\317\177\372E\344\037M\226\177\325\263\342\037L"
 480      45E41F4D 
 480      967FD5B3 
 480      E21F4C
 481 154a D1C07883 		.ascii	"\321\300x\203{H\207\246p\243\305K,\353\315\246\240\015"
 481      7B4887A6 
 481      70A3C54B 
 481      2CEBCDA6 
 481      A00D
 482 155c DF19C342 		.ascii	"\337\031\303B\243\3016\037x,\361\276\226\020\302D\033"
 482      A3C1361F 
 482      782CF1BE 
 482      9610C244 
 482      1B
 483 156d FF67B369 		.ascii	"\377g\263i\263\211\371\327\351\221'\343\2308V\326DQ"
 483      B389F9D7 
 483      E99127E3 
 483      983856D6 
 483      4451
 484 157f 8FC30F71 		.ascii	"\217\303\017q\270\326\022e\016\2154Z\376\311\215\356"
 484      B8D61265 
 484      0E8D345A 
 484      FEC98DEE 
 485 158f 5191664B 		.ascii	"Q\221fKt\340\277\374\341\267\353\177\373m`pdxTh\230"
 485      74E0BFFC 
 485      E1B7EB7F 
 485      FB6D6070 
 485      64785468 
 486 15a4 C91C1DF8 		.ascii	"\311\034\035\370\253\365\353\301\034\207g\250\254\320"
 486      ABF5EBC1 
 486      1C8767A8 
 486      ACD0
 487 15b2 486D7064 		.ascii	"Hmpd\204\005D{\223F\020)\226`\313\267\236f\323\246 "
 487      8405447B 
 487      93461029 
 487      9660CBB7 
 487      9E66D3A6 
 488 15c7 33D8F3D1 		.ascii	"3\330\363\321\033u\020\022\034i6\201D\034\275\346\023"
 488      1B751012 
 488      1C693681 
 488      441CBDE6 
 488      13
 489 15d8 A09F017D 		.ascii	"\240\237\001}\012\364s\034\275v5\320\032\240\265@\353"
 489      0AF4731C 
 489      BD7635D0 
 489      1AA0B540 
 489      EB
 490 15e9 803E06FA 		.ascii	"\200>\006\372)\020\340\326\002n-\340\326\002n\035\340"
ARM GAS  /tmp/ccM0WqFk.s 			page 39


 490      2910E0D6 
 490      026E2DE0 
 490      D6026E1D 
 490      E0
 491 15fa D6ADE1CC 		.ascii	"\326\255\341\314\037s\346\237r\346O8\363\3178\363\247"
 491      1F73E69F 
 491      72E64F38 
 491      F3CF38F3 
 491      A7
 492 160b 9CF9E7D8 		.ascii	"\234\371\347\330\274f5\320\032.\314\274\346\315U1~\363"
 492      BC6635D0 
 492      1A2ECCBC 
 492      E6CD5531 
 492      7EF3
 493 161d B370A28E 		.ascii	"\263p\242\216y\315:\217(#\330\243%\336\333\002\201\033"
 493      79CD3A8F 
 493      2823D8A3 
 493      25DEDB02 
 493      811B
 494 162f 658C0CDB 		.ascii	"e\214\014\333`2\253\203C\202\314\304\245A\341\340\354"
 494      6032AB83 
 494      4382CCC4 
 494      A541E1E0 
 494      EC
 495 1640 684B9005 		.ascii	"hK\220\005\206AK\002\366Sp:\013](\001\234\326i-\341"
 495      86414B02 
 495      F653703A 
 495      0B5D2801 
 495      9CD6692D 
 496 1655 911B4C94 		.ascii	"\221\033L\224\337\030\026\264)Zk1\2336F\033\311h\220"
 496      DF1816B4 
 496      295A6B31 
 496      9B36461B 
 496      C96890
 497 1668 8297253A 		.ascii	"\202\227%:,4\330\004\017\274\350\360\230\302\243,\036"
 497      2C34D804 
 497      0FBCE8F0 
 497      98C2A32C 
 497      1E
 498 1679 E1D19BA0 		.ascii	"\341\321\233\240\2010\005@\244P\322\2307|\007U\236\246"
 498      81300540 
 498      A450D298 
 498      377C0755 
 498      9EA6
 499 168b 6F432DC1 		.ascii	"oC-\301 T\263\305\022\371\365\177G\275-\2148\2103\231"
 499      2054B3C5 
 499      12F9F57F 
 499      47BD2D8C 
 499      38883399 
 500 169f 4D11C1D0 		.ascii	"M\021\301\320\231\307\026\213\305\034\245'\001e\012"
 500      99C7168B 
 500      C51CA527 
 500      01650A
 501 16ae 0F8A0A01 		.ascii	"\017\212\012\001\273\264B|x\004G@PyD\033\341\027\004"
 501      BBB4427C 
 501      78044740 
 501      5079441B 
ARM GAS  /tmp/ccM0WqFk.s 			page 40


 501      E11704
 502 16c1 407D9427 		.ascii	"@}\224'\340\3027\3038j\303\031\006~#\267D\200\311\364"
 502      E0C237C3 
 502      386AC319 
 502      067E23B7 
 502      4480C9F4 
 503 16d5 29741CCE 		.ascii	")t\034\316\002h\213%\334\362m\224\267\351\033S\204%"
 503      02688B25 
 503      DCF26D94 
 503      B7E91B53 
 503      8425
 504 16e7 3C28FAAF 		.ascii	"<(\372\257Pc\332B\0128\312\270\331\340\010C\026\266"
 504      5063DA42 
 504      0A38CAB8 
 504      D9E00843 
 504      16B6
 505 16f9 BEB2C024 		.ascii	"\276\262\300$O\300\274-A\241\226\320\210M\272(#X\301"
 505      4FC0BC2D 
 505      41A196D0 
 505      884DBA28 
 505      2358C1
 506 170c 94A14578 		.ascii	"\224\241Ex`\2122E\300\014\335\004(\350\202\340u\304"
 506      608A3245 
 506      C00CDD04 
 506      28E882E0 
 506      75C4
 507 171e 3F416134 		.ascii	"?Aa4\312\340aTdd\330\337\277v\266A[\030\273\327\343"
 507      CAE06154 
 507      6464D8DF 
 507      BF76B641 
 507      5B18BBD7 
 508 1733 C06AC069 		.ascii	"\300j\300i\315\314\\\215\231\006\263\207\231\016\267"
 508      CDCC5C8D 
 508      9906B387 
 508      990EB7
 509 1742 59186E33 		.ascii	"Y\030n3\033n/x\272\331\014~\265x\230\211^\337w\312f"
 509      1B6E2F78 
 509      BAD90C7E 
 509      B5789889 
 509      5EDF77CA 
 510 1757 0E6B57B8 		.ascii	"\016kW\270\2469V\241\2034!\3447\310\030\344\211A\230"
 510      A63956A1 
 510      833421E4 
 510      37C818E4 
 510      894198
 511 176a ED1B4C5F 		.ascii	"\355\033L_o\336\304\274$\177\342\025\025\024\021\032"
 511      6FDEC4BC 
 511      247FE215 
 511      1514111A 
 512 177a 4C9C8237 		.ascii	"L\234\2027|\275I\027\036\004CO\235\370\226%\334\030"
 512      7CBD4917 
 512      1E04434F 
 512      9DF89625 
 512      DC18
 513 178c 1C04F9CC 		.ascii	"\034\004\371\314\034d\011\215\214\200\3600[\350Hj\""
 513      1C64098D 
 513      8C80F030 
ARM GAS  /tmp/ccM0WqFk.s 			page 41


 513      5BE8486A 
 513      22
 514 179d 376E844C 		.ascii	"7n\204L\022\360Z\233-\304d\316\022\256\213\266\374\025"
 514      12F05A9B 
 514      2DC464CE 
 514      12AE8BB6 
 514      FC15
 515 17af 046D8A10 		.ascii	"\004m\212\0202\356'\037\213\031\227\024\015\241\033"
 515      32EE271F 
 515      8B199714 
 515      0DA11B
 516 17be C24CC2C8 		.ascii	"\302L\302\310\301\210q\301!\236F\232\362\214F\037Ga"
 516      C18871C1 
 516      219E469A 
 516      F28C461F 
 516      4761
 517 17d0 D527EBD6 		.ascii	"\325'\353\326~,\347\326\255\371?\314\316\303\345"
 517      7E2CE7D6 
 517      ADF93FCC 
 517      CEC3E5
 518              		.text
 519              		.section	.gnu.lto_.symtab.4a8f520b7130d4d5,"",%progbits
 520 0000 5F76745F 		.ascii	"_vt_init\000\000\000\000\000\000\000\000\000\000\000"
 520      696E6974 
 520      00000000 
 520      00000000 
 520      000000
 521 0013 00AC0000 		.ascii	"\000\254\000\000\000chVTDoSetI\000\000\000\000\000\000"
 521      00636856 
 521      54446F53 
 521      65744900 
 521      00000000 
 522 0028 00000000 		.ascii	"\000\000\000\000\000\000\333\000\000\000chVTDoReset"
 522      0000DB00 
 522      00006368 
 522      5654446F 
 522      52657365 
 523 003d 49000000 		.ascii	"I\000\000\000\000\000\000\000\000\000\000\000\000\337"
 523      00000000 
 523      00000000 
 523      00DF
 524 004b 00000063 		.ascii	"\000\000\000ch\000\000\002\000\000\000\000\000\000\000"
 524      68000002 
 524      00000000 
 524      000000
 525 005a 00002202 		.ascii	"\000\000\"\002\000\000"
 525      0000
 526              		.text
 527              		.section	.gnu.lto_.opts,"",%progbits
 528 0000 272D666E 		.ascii	"'-fno-trapv' '-mcpu=cortex-m4' '-mfloat-abi=hard' '"
 528      6F2D7472 
 528      61707627 
 528      20272D6D 
 528      6370753D 
 529 0033 2D6D6670 		.ascii	"-mfpu=fpv4-sp-d16' '-mno-thumb-interwork' '-mthumb'"
 529      753D6670 
 529      76342D73 
ARM GAS  /tmp/ccM0WqFk.s 			page 42


 529      702D6431 
 529      36272027 
 530 0066 20272D67 		.ascii	" '-ggdb' '-Os' '-fomit-frame-pointer' '-falign-func"
 530      67646227 
 530      20272D4F 
 530      73272027 
 530      2D666F6D 
 531 0099 74696F6E 		.ascii	"tions=16' '-ffunction-sections' '-fdata-sections' '"
 531      733D3136 
 531      2720272D 
 531      6666756E 
 531      6374696F 
 532 00cc 2D666E6F 		.ascii	"-fno-common' '-flto' '-fsingle-precision-constant'\000"
 532      2D636F6D 
 532      6D6F6E27 
 532      20272D66 
 532      6C746F27 
 533              		.text
 534              		.comm	__gnu_lto_v1,1,1
 535              		.comm	__gnu_lto_slim,1,1
 536              		.ident	"GCC: (15:4.9.3+svn231177-1) 4.9.3 20150529 (prerelease)"
ARM GAS  /tmp/ccM0WqFk.s 			page 43


DEFINED SYMBOLS
                            *ABS*:0000000000000000 chvt.c
                            *COM*:0000000000000001 __gnu_lto_v1
                            *COM*:0000000000000001 __gnu_lto_slim

NO UNDEFINED SYMBOLS
