ARM GAS  /tmp/ccQv95I9.s 			page 1


   1              		.syntax unified
   2              		.cpu cortex-m4
   3              		.eabi_attribute 27, 1
   4              		.eabi_attribute 28, 1
   5              		.fpu fpv4-sp-d16
   6              		.eabi_attribute 20, 1
   7              		.eabi_attribute 21, 1
   8              		.eabi_attribute 23, 3
   9              		.eabi_attribute 24, 1
  10              		.eabi_attribute 25, 1
  11              		.eabi_attribute 26, 1
  12              		.eabi_attribute 30, 4
  13              		.eabi_attribute 34, 1
  14              		.eabi_attribute 18, 4
  15              		.thumb
  16              		.file	"crt1.c"
  17              		.text
  18              	.Ltext0:
  19              		.section	.gnu.lto_.profile.6c0debb3b5213024,"",%progbits
  20 0000 789C6366 		.ascii	"x\234cf```a\200\000F\0066f\000\000\203\000\022"
  20      60606061 
  20      80004606 
  20      36660000 
  20      830012
  21              		.text
  22              		.section	.gnu.lto_.jmpfuncs.6c0debb3b5213024,"",%progbits
  23 0000 789C6366 		.ascii	"x\234cf\300\016\370\2404\013\0203200100\003Y\000\002"
  23      C00EF8A0 
  23      340B1033 
  23      32303031 
  23      30300359 
  24 0016 48001C   		.ascii	"H\000\034"
  25              		.text
  26              		.section	.gnu.lto_.inline.6c0debb3b5213024,"",%progbits
  27 0000 789C6366 		.ascii	"x\234cf\300\016<\2414\013\003\0033\023#\003\023\220"
  27      C00E3CA1 
  27      340B0303 
  27      33132303 
  27      1390
  28 0012 C9B6401E 		.ascii	"\311\266@\036D10b\2100a\2100\003y\020\021\0260\311\300"
  28      44313062 
  28      88306188 
  28      30037910 
  28      111630C9 
  29 0027 000083B3 		.ascii	"\000\000\203\263\002\317"
  29      02CF
  30              		.text
  31              		.section	.gnu.lto_.pureconst.6c0debb3b5213024,"",%progbits
  32 0000 789C6366 		.ascii	"x\234cf``\340d\200\000\026\006\011F\011&\011f\023\000"
  32      6060E064 
  32      80001606 
  32      09460926 
  32      09661300 
  33 0014 02C10093 		.ascii	"\002\301\000\223"
  34              		.text
  35              		.section	.gnu.lto___core_init.6c0debb3b5213024,"",%progbits
  36 0000 789C6366 		.ascii	"x\234cf\300\004R@\\\002\304\366@\314\310\314\300\310"
ARM GAS  /tmp/ccQv95I9.s 			page 2


  36      C0045240 
  36      5C02C4F6 
  36      40CCC8CC 
  36      C0C8
  37 0012 34E11C03 		.ascii	"4\341\034\003C#\007\023##\210\301\300\310P\317\304X"
  37      43230713 
  37      232388C1 
  37      C0C850CF 
  37      C458
  38 0024 CFF892E9 		.ascii	"\317\370\222\351#\023\343\204\003\253gp\253/mhh\370"
  38      2313E384 
  38      03AB6770 
  38      AB2F6D68 
  38      68F8
  39 0036 B0E87463 		.ascii	"\260\350tc\300\001\306\237L\014\014\237\231 \3460.g"
  39      C001C69F 
  39      4C0C0C9F 
  39      9920E630 
  39      2E67
  40 0048 5467002A 		.ascii	"Tg\000*\372\330\362\367:7[\013P\221\000D\216q\005#\033"
  40      FAD8F2F7 
  40      3A375B0B 
  40      50910044 
  40      8E710523 
  41 005d 23905E2F 		.ascii	"#\220^/t\240\341\377\377\305szt\201\242O\200\030d\376"
  41      74A0E1FF 
  41      FFC5737A 
  41      7481A24F 
  41      801864FE 
  42 0071 53262610 		.ascii	"S&&\020\315|\217\221\021\244\016d\320\023&F\220\020"
  42      CD7C8F91 
  42      11A40E64 
  42      D0132646 
  42      9010
  43 0083 5081AD9E 		.ascii	"P\201\255\236\236\276sFfR\246\177p\274\261\236\201\236"
  43      9EBE7346 
  43      6652A67F 
  43      70BCB19E 
  43      819E
  44 0095 897E7EB1 		.ascii	"\211~~\261~r~nn~\236~A~QI\261\276c\220\257\263o\005"
  44      7E727E6E 
  44      6E7E9E7E 
  44      417E5149 
  44      B1BE6390 
  45 00ad 48AC2033 		.ascii	"H\254 3'\265\250X\337\335\331Y?\271\250\304P/\231\001"
  45      27B5A858 
  45      DFDDD959 
  45      3FB9A8C4 
  45      502F9901 
  46 00c1 006E693D 		.ascii	"\000ni=\027"
  46      17
  47              		.text
  48              		.section	.gnu.lto___early_init.6c0debb3b5213024,"",%progbits
  49 0000 789C6366 		.ascii	"x\234cf\300\004R@\\\014\304\366@\314\310\314\300\310"
  49      C0045240 
  49      5C0CC4F6 
  49      40CCC8CC 
ARM GAS  /tmp/ccQv95I9.s 			page 3


  49      C0C8
  50 0012 34E11C03 		.ascii	"4\341\034\003C#\007\023##\210\301\300\310P\317\304X"
  50      43230713 
  50      232388C1 
  50      C0C850CF 
  50      C458
  51 0024 CFF892E9 		.ascii	"\317\370\222\351#\023\343\204\003\253gp\253/mhh\370"
  51      2313E384 
  51      03AB6770 
  51      AB2F6D68 
  51      68F8
  52 0036 70E97C63 		.ascii	"p\351|c\300\001\306\237L\014\014\237\231 \3460.gTg\000"
  52      C001C69F 
  52      4C0C0C9F 
  52      9920E630 
  52      2E675467 
  53 004b 2AFAD8F2 		.ascii	"*\372\330\362\367:7[\013P\221\000D\216q\005#\033#\220"
  53      F73A375B 
  53      0B509100 
  53      448E7105 
  53      231B2390 
  54 005f 5E2F74A0 		.ascii	"^/t\240\341\377\377\307s$\200\202O\200\030d\374S&&\020"
  54      E1FFFFC7 
  54      73248082 
  54      4F801864 
  54      FC532626 
  55 0074 CD7C8F91 		.ascii	"\315|\217\221\021\244\014d\316\023&F\220\020P\201\255"
  55      11A40C64 
  55      CE132646 
  55      90105081 
  55      AD
  56 0085 9E9EBE73 		.ascii	"\236\236\276sFfR\246\177p\274\261\236\201\236\211~~"
  56      466652A6 
  56      7F70BCB1 
  56      9E819E89 
  56      7E7E
  57 0097 B17E727E 		.ascii	"\261~r~nn~\236~A~QI\261\276c\220\257\263o\005H\254 "
  57      6E6E7E9E 
  57      7E417E51 
  57      49B1BE63 
  57      90AFB36F 
  58 00af 3327B5A8 		.ascii	"3'\265\250X\337\335\331Y?\271\250\304P/\231\001\000"
  58      58DFDDD9 
  58      593FB9A8 
  58      C4502F99 
  58      0100
  59 00c1 47843CE9 		.ascii	"G\204<\351"
  60              		.text
  61              		.section	.gnu.lto___late_init.6c0debb3b5213024,"",%progbits
  62 0000 789C6366 		.ascii	"x\234cf\300\004R@\\\004\304\366@\314\310\314\300\310"
  62      C0045240 
  62      5C04C4F6 
  62      40CCC8CC 
  62      C0C8
  63 0012 34E11C03 		.ascii	"4\341\034\003C#\007\023##\210\301\300\310P\317\304X"
  63      43230713 
  63      232388C1 
ARM GAS  /tmp/ccQv95I9.s 			page 4


  63      C0C850CF 
  63      C458
  64 0024 CFF892E9 		.ascii	"\317\370\222\351#\023\343\204\003\253gp\253/mhh\370"
  64      2313E384 
  64      03AB6770 
  64      AB2F6D68 
  64      68F8
  65 0036 B069B344 		.ascii	"\260i\263D\253\304O&\006\206\317L\020c\030\2273\252"
  65      ABC44F26 
  65      0686CF4C 
  65      10631897 
  65      33AA
  66 0048 3300D57C 		.ascii	"3\000\325|l\371{\235\233\255\005\250F\000\"\307\270"
  66      6CF97B9D 
  66      9BAD05A8 
  66      460022C7 
  66      B8
  67 0059 82918D11 		.ascii	"\202\221\215\021H\257\027:\320\360\377\377\3429\022"
  67      48AF173A 
  67      D0F0FFFF 
  67      E23912
  68 0068 40C12740 		.ascii	"@\301'@\0142\375)\023\023\210f\276\307\310\010R\006"
  68      0C32FD29 
  68      13138866 
  68      BEC7C808 
  68      5206
  69 007a 32E70913 		.ascii	"2\347\011\023#H\010\250\300VOO\3379#3)\323?8\336X\317"
  69      234808A8 
  69      C0564F4F 
  69      DF392333 
  69      29D33F38 
  70 0091 40CF443F 		.ascii	"@\317D?\277X?9?77?O\277 \277\250\244X\3371\310\327\331"
  70      BF583F39 
  70      3F37373F 
  70      4FBF20BF 
  70      A8A458DF 
  71 00a9 B7022456 		.ascii	"\267\002$V\220\231\223ZT\254\357\356\354\254\237\\T"
  71      9099935A 
  71      54ACEFEE 
  71      ECAC9F5C 
  71      54
  72 00ba 62A897CC 		.ascii	"b\250\227\314\000\000n\216;\217"
  72      00006E8E 
  72      3B8F
  73              		.text
  74              		.section	.gnu.lto___default_exit.6c0debb3b5213024,"",%progbits
  75 0000 789C6366 		.ascii	"x\234cf\300\004&@\\\014\304\366@\314\310\312\300\310"
  75      C0042640 
  75      5C0CC4F6 
  75      40CCC8CA 
  75      C0C8
  76 0012 34E11C03 		.ascii	"4\341\034\003C#\007\023#3\210\301\310\314\310\002\021"
  76      43230713 
  76      233388C1 
  76      C8CCC802 
  76      11
  77 0023 60810838 		.ascii	"`\201\010822\32431\2630\002\011\210\376\227L\037\231"
ARM GAS  /tmp/ccQv95I9.s 			page 5


  77      3232D433 
  77      31B33002 
  77      0988FE97 
  77      4C1F99
  78 0036 18271C58 		.ascii	"\030'\034X=\203[}iCC\303\207\246\355\022\255\022?\231"
  78      3D835B7D 
  78      694343C3 
  78      87A6ED12 
  78      AD123F99 
  79 004a 18183E33 		.ascii	"\030\030>3A\0240.gTg\000\252\371\330\362\367:7[\013"
  79      4114302E 
  79      67546700 
  79      AAF9D8F2 
  79      F73A375B 
  80 005f 508D0044 		.ascii	"P\215\000D\216q\005#\033#\220^/t\240\341\377\377\307"
  80      8E710523 
  80      1B23905E 
  80      2F74A0E1 
  80      FFFFC7
  81 0072 73EF6C67 		.ascii	"s\357lg\001r\237\000\245\030\201$\023\320\356'@K\200"
  81      01729F00 
  81      A5188124 
  81      13D0EE27 
  81      404B80
  82 0085 96323E61 		.ascii	"\2262>ab\201\322\214`#m\365\364\364\23532\2232\375\203"
  82      6281D28C 
  82      60236DF5 
  82      F4F49D33 
  82      329332FD 
  83 009a E38DF50C 		.ascii	"\343\215\365\014\364L\364\363\213\365\223\363ss\363"
  83      F44CF4F3 
  83      8BF593F3 
  83      7373F3
  84 00a9 F3F40BF2 		.ascii	"\363\364\013\362\213J\212\365\035\203|\235}+@b\005\231"
  84      8B4A8AF5 
  84      1D837C9D 
  84      7D2B4062 
  84      0599
  85 00bb 39A945C5 		.ascii	"9\251E\305\372\356\316\316\372\311E%\206z\311\014\000"
  85      FAEECECE 
  85      FAC94525 
  85      867AC90C 
  85      00
  86 00cc 2C6A3FC9 		.ascii	",j?\311"
  87              		.text
  88              		.section	.gnu.lto_.symbol_nodes.6c0debb3b5213024,"",%progbits
  89 0000 789C6366 		.ascii	"x\234cf``pc\200\002\246\017\014\365\014\014\023\316"
  89      60607063 
  89      8002A60F 
  89      0CF50C0C 
  89      13CE
  90 0012 3130D4D7 		.ascii	"10\324\3273\314[\300\301\300\364\221\241\236\021E\340"
  90      33CC5BC0 
  90      C1C0F491 
  90      A19E1145 
  90      E0
  91 0023 13433D13 		.ascii	"\023C=\023\212\300g\206zf\204\000\013\003\003\000\356"
ARM GAS  /tmp/ccQv95I9.s 			page 6


  91      8AC06786 
  91      7A668400 
  91      0B030300 
  91      EE
  92 0034 7A149E   		.ascii	"z\024\236"
  93              		.text
  94              		.section	.gnu.lto_.refs.6c0debb3b5213024,"",%progbits
  95 0000 789C6366 		.ascii	"x\234cf```d\200\002\000\000=\000\005"
  95      60606064 
  95      80020000 
  95      3D0005
  96              		.text
  97              		.section	.gnu.lto_.decls.6c0debb3b5213024,"",%progbits
  98 0000 789C6366 		.ascii	"x\234cf``\270\002\304\377\201\340%#\003C\007\220\315"
  98      6060B802 
  98      C4FF81E0 
  98      25230343 
  98      0790CD
  99 0013 0AC4010C 		.ascii	"\012\304\001\014\010\300\002\304\353\200x#\020o\001"
  99      08C002C4 
  99      EB807823 
  99      106F01
 100 0022 E29D0C98 		.ascii	"\342\235\014\230\000$\317\210\244\217\021*\206\0166"
 100      0024CF88 
 100      A48F112A 
 100      860E36
 101 0031 6251B711 		.ascii	"bQ\267\021\213\272-X\324m\301\242n'\026u\330\334\367"
 101      8BBA2D58 
 101      D46DC1A2 
 101      6E271675 
 101      D8DCF7
 102 0044 9189F1F4 		.ascii	"\221\211\361\364\243\037\237y^01\362q\011\200\270\263"
 102      A31F9F79 
 102      5E3031F2 
 102      710980B8 
 102      B3
 103 0055 AE3FFDC2 		.ascii	"\256?\375\302\014\344\362p1\201\270\333~~[\317&>\265"
 103      0CE4F270 
 103      3181B8DB 
 103      7E7E5BCF 
 103      263EB5
 104 0068 01049A1B 		.ascii	"\001\004\232\033\004\230\030\003\304\030\2273J1\256"
 104      04981803 
 104      C4189733 
 104      4A31AE
 105 0077 6094029A 		.ascii	"`\224\002\232\272\222Q\034HF\263@L\2725\357\3621\016"
 105      BA92511C 
 105      4846B340 
 105      4CBA35EF 
 105      F2310E
 106 008a 66264610 		.ascii	"f&F\020{\361\214\207W\270tV\001uu4\034\370\300\210\260"
 106      7BF18C87 
 106      57B87456 
 106      01757534 
 106      1CF8C088 
 107 009f EE5673C7 		.ascii	"\356Vs\307'~fQ\260\242\326s\257?1\263010\256ad\206\310"
 107      277E6651 
ARM GAS  /tmp/ccQv95I9.s 			page 7


 107      B0A2D673 
 107      AF3F31B3 
 107      303130AE 
 108 00b7 1E5B7F63 		.ascii	"\036[\177c\036\207\302\274\206\005\013>\354\332r\223"
 108      1E87C2BC 
 108      86050B3E 
 108      ECDA7293 
 109 00c7 A761C584 		.ascii	"\247a\305\204\003\377\377\333\203-b\\\305\310\314\270"
 109      03FFFFDB 
 109      832D625C 
 109      C5C8CCB8 
 110 00d7 9A510768 		.ascii	"\232Q\007h\341ZF\026\006\020\027\342\265u\214\012@\235"
 110      E15A4616 
 110      061017E2 
 110      B5758C0A 
 110      409D
 111 00e9 87267E7A 		.ascii	"\207&~z\313\310\034\201\303\334\177\017\267_b\006\233"
 111      CBC81C81 
 111      C3DC7F0F 
 111      B75F6206 
 111      9B
 112 00fa BBE0EFA6 		.ascii	"\273\340\357\246\006\207\246\306?\377\3773\203M]\017"
 112      0687A6C6 
 112      3FFFFF33 
 112      834D5D0F 
 113 010a 377503C8 		.ascii	"7u\003\310\324\3650S7\202M\235vm\356sN\346T\034\246"
 113      D4F53053 
 113      37824D9D 
 113      766DEE73 
 113      4EE6541C 
 114 011f 5E9B7BF2 		.ascii	"^\233{\362;\304\265\013f/f\203\270\025l\350&\270\241"
 114      3BC4B50B 
 114      662F6683 
 114      B8156CE8 
 114      26B8A1
 115 0132 9B41866E 		.ascii	"\233A\206n\202\031\272\005l\350\206{}\237\330\231\013"
 115      8219BA05 
 115      6CE8867B 
 115      7D9FD899 
 115      0B
 116 0143 C186DE7C 		.ascii	"\301\206\336|\370\362\012;s\003#\2303\177\306\274\353"
 116      F8F20A3B 
 116      73032398 
 116      337FC6BC 
 116      EB
 117 0154 3C201BB6 		.ascii	"< \033\266\301l\270ws\312.N\230\235\214\333\201\206"
 117      C16CB877 
 117      73CA2E4E 
 117      989D8CDB 
 117      8186
 118 0166 01057F1C 		.ascii	"\001\005\177\034\373\321\316\012\262v\341\202\035(\326"
 118      FBD1CE0A 
 118      B276E182 
 118      1D28D6
 119 0175 6E855BBB 		.ascii	"n\205[\273\003d\355V\230\265;\031\025\030\270\343\343"
 119      0364ED56 
 119      98B53B19 
ARM GAS  /tmp/ccQv95I9.s 			page 8


 119      1518B8E3 
 119      E3
 120 0186 93F38B52 		.ascii	"\223\363\213R\3433\3632K\330\334\375B\025\234\031X\312"
 120      E333F332 
 120      4BD8DCFD 
 120      42159C19 
 120      58CA
 121 0198 5313B36D 		.ascii	"S\023\263m\365\364\364\23532\2232\375\203\343\215\365"
 121      F5F4F49D 
 121      33329332 
 121      FD83E38D 
 121      F5
 122 01a9 0CF44CF4 		.ascii	"\014\364L\364\363\213\365\223\363ss\363\363\364\013"
 122      F38BF593 
 122      F37373F3 
 122      F3F40B
 123 01b8 F28B4A8A 		.ascii	"\362\213J\212\365\035\203|\235}+@b\005\2319\251E\305"
 123      F51D837C 
 123      9D7D2B40 
 123      62059939 
 123      A945C5
 124 01cb FAEECECE 		.ascii	"\372\356\316\316\372\311E%\206z\311\014<\361\361\251"
 124      FAC94525 
 124      867AC90C 
 124      3CF1F1A9 
 125 01db 89453995 		.ascii	"\211E9\225`c\201V\344$\226@\254\340\213\217OIMK,\315"
 125      60638156 
 125      E4249640 
 125      ACE08B8F 
 125      4F494D4B 
 126 01f1 29894FAD 		.ascii	")\211O\255\310,\341\310\003\332]RZ\224\007\000r\373"
 126      C82CE1C8 
 126      03DA5D52 
 126      5A940700 
 126      72FB
 127 0203 D94D     		.ascii	"\331M"
 128              		.text
 129              		.section	.gnu.lto_.symtab.6c0debb3b5213024,"",%progbits
 130 0000 5F5F636F 		.ascii	"__core_init\000\000\001\000\000\000\000\000\000\000"
 130      72655F69 
 130      6E697400 
 130      00010000 
 130      00000000 
 131 0015 0000AE00 		.ascii	"\000\000\256\000\000\000__early_init\000\000\001\000"
 131      00005F5F 
 131      6561726C 
 131      795F696E 
 131      69740000 
 132 002b 00000000 		.ascii	"\000\000\000\000\000\000\000\000\261\000\000\000__l"
 132      00000000 
 132      B1000000 
 132      5F5F6C
 133 003a 6174655F 		.ascii	"ate_init\000\000\001\000\000\000\000\000\000\000\000"
 133      696E6974 
 133      00000100 
 133      00000000 
 133      000000
ARM GAS  /tmp/ccQv95I9.s 			page 9


 134 004d 00B40000 		.ascii	"\000\264\000\000\000__default_exit\000\000\001\000\000"
 134      005F5F64 
 134      65666175 
 134      6C745F65 
 134      78697400 
 135 0065 00000000 		.ascii	"\000\000\000\000\000\000\000\271\000\000\000"
 135      000000B9 
 135      000000
 136              		.text
 137              		.section	.gnu.lto_.opts,"",%progbits
 138 0000 272D666E 		.ascii	"'-fno-trapv' '-mcpu=cortex-m4' '-mfloat-abi=hard' '"
 138      6F2D7472 
 138      61707627 
 138      20272D6D 
 138      6370753D 
 139 0033 2D6D6670 		.ascii	"-mfpu=fpv4-sp-d16' '-mno-thumb-interwork' '-mthumb'"
 139      753D6670 
 139      76342D73 
 139      702D6431 
 139      36272027 
 140 0066 20272D67 		.ascii	" '-ggdb' '-Os' '-fomit-frame-pointer' '-falign-func"
 140      67646227 
 140      20272D4F 
 140      73272027 
 140      2D666F6D 
 141 0099 74696F6E 		.ascii	"tions=16' '-ffunction-sections' '-fdata-sections' '"
 141      733D3136 
 141      2720272D 
 141      6666756E 
 141      6374696F 
 142 00cc 2D666E6F 		.ascii	"-fno-common' '-flto' '-fsingle-precision-constant'\000"
 142      2D636F6D 
 142      6D6F6E27 
 142      20272D66 
 142      6C746F27 
 143              		.text
 144              		.comm	__gnu_lto_v1,1,1
 145              		.comm	__gnu_lto_slim,1,1
 146              		.ident	"GCC: (15:4.9.3+svn231177-1) 4.9.3 20150529 (prerelease)"
ARM GAS  /tmp/ccQv95I9.s 			page 10


DEFINED SYMBOLS
                            *ABS*:0000000000000000 crt1.c
                            *COM*:0000000000000001 __gnu_lto_v1
                            *COM*:0000000000000001 __gnu_lto_slim

NO UNDEFINED SYMBOLS
