ARM GAS  /tmp/cc5AvgRn.s 			page 1


   1              		.syntax unified
   2              		.cpu cortex-m4
   3              		.eabi_attribute 27, 1
   4              		.eabi_attribute 28, 1
   5              		.fpu fpv4-sp-d16
   6              		.eabi_attribute 20, 1
   7              		.eabi_attribute 21, 1
   8              		.eabi_attribute 23, 3
   9              		.eabi_attribute 24, 1
  10              		.eabi_attribute 25, 1
  11              		.eabi_attribute 26, 1
  12              		.eabi_attribute 30, 4
  13              		.eabi_attribute 34, 1
  14              		.eabi_attribute 18, 4
  15              		.thumb
  16              		.file	"ext.c"
  17              		.text
  18              	.Ltext0:
  19              		.section	.gnu.lto_.profile.4f3f4b1efc7644e0,"",%progbits
  20 0000 789C6366 		.ascii	"x\234cf```a\200\000F\206\024u\000\001c\000\224"
  20      60606061 
  20      80004686 
  20      14750001 
  20      630094
  21              		.text
  22              		.section	.gnu.lto_.jmpfuncs.4f3f4b1efc7644e0,"",%progbits
  23 0000 789C6DCA 		.ascii	"x\234m\3121\016\000 \010\003@\012*\217\364!\214\375"
  23      310E0020 
  23      0803400A 
  23      2A8FF421 
  23      8CFD
  24 0012 BA101D4C 		.ascii	"\272\020\035L\264\003%\227\232\3743O{\035d\250\012\030"
  24      B4032597 
  24      9AFC334F 
  24      7B1D64A8 
  24      0A18
  25 0024 098B142B 		.ascii	"\011\213\024+\331o+\007t{@\244?2j\357$/\223\005ij\007"
  25      D96F2B07 
  25      747B40A4 
  25      3F326AEF 
  25      242F9305 
  26 003b FB       		.ascii	"\373"
  27              		.text
  28              		.section	.gnu.lto_.inline.4f3f4b1efc7644e0,"",%progbits
  29 0000 789C6366 		.ascii	"x\234cf\300\016\216@iv\006\006\026\036F\006& \223m\201"
  29      C00E8E40 
  29      69760606 
  29      161E4606 
  29      2620936D 
  30 0015 3C886260 		.ascii	"<\210b`\344\002\021\014\254,@a\246\013\374\014\034\037"
  30      E402110C 
  30      AC2C4061 
  30      A60BFC0C 
  30      1C1F
  31 0027 F4C0E24C 		.ascii	"\364\300\342L\014\234\202@!\266\017z\010!n\240\312\011"
  31      0C9C8240 
  31      21B60F7A 
ARM GAS  /tmp/cc5AvgRn.s 			page 2


  31      08216EA0 
  31      CA09
  32 0039 7ECC0C1C 		.ascii	"~\314\014\034\002@\031\326\016u\006\366\016ud\031\026"
  32      024019D6 
  32      0E7506F6 
  32      0E756419 
  32      16
  33 004a 880CCB02 		.ascii	"\210\014\313\002y\270\361\314<@\331\011~\023\374X\361"
  33      79B8F1CC 
  33      3C40D909 
  33      7E13FC58 
  33      F1
  34 005b C8B13170 		.ascii	"\310\2611p\01332\002]\301\254\300\302q\300\016\242\200"
  34      0B333202 
  34      5DC1ACC0 
  34      C271C00E 
  34      A280
  35 006d F1053B0B 		.ascii	"\361\005;\013\204DQ\313\000\000\317m\026V"
  35      844451CB 
  35      0000CF6D 
  35      1656
  36              		.text
  37              		.section	.gnu.lto_.pureconst.4f3f4b1efc7644e0,"",%progbits
  38 0000 789C6366 		.ascii	"x\234cf``\340g\200\000v\006\011F)&+f+\026+V+6)\000\012"
  38      6060E067 
  38      80007606 
  38      09462926 
  38      2B662B16 
  39 001b 7E0163   		.ascii	"~\001c"
  40              		.text
  41              		.section	.gnu.lto_extInit.4f3f4b1efc7644e0,"",%progbits
  42 0000 789C6366 		.ascii	"x\234cf\300\004R@\274\020\210U\200\230\221\231\201\221"
  42      C0045240 
  42      BC108855 
  42      80989199 
  42      8191
  43 0012 69C23906 		.ascii	"i\3029\006\206F\016&FF\020\203\201\221\241\236\211\261"
  43      86460E26 
  43      46461083 
  43      8191A19E 
  43      89B1
  44 0024 9EF125D3 		.ascii	"\236\361%\323G&\306\011\007V\317\340V_\332\320\320\360"
  44      4726C609 
  44      0756CFE0 
  44      565FDAD0 
  44      D0F0
  45 0036 A1E97C63 		.ascii	"\241\351|c\300\001\306\237L\014\014\237\231 \3460.g"
  45      C001C69F 
  45      4C0C0C9F 
  45      9920E630 
  45      2E67
  46 0048 5467002A 		.ascii	"Tg\000*\372\330\362\367:7[\013P\221\000D\216q\005#\033"
  46      FAD8F2F7 
  46      3A375B0B 
  46      50910044 
  46      8E710523 
  47 005d 23905E2F 		.ascii	"#\220^/t\240\341\377\377\305\323\366\350330<\001\312"
ARM GAS  /tmp/cc5AvgRn.s 			page 3


  47      74A0E1FF 
  47      FFC5D3F6 
  47      E8333330 
  47      3C01CA
  48 0070 80CC7FCA 		.ascii	"\200\314\177\312\304\004\242\231\35706\037\370\312\013"
  48      C404A299 
  48      EF30361F 
  48      F8CA0B
  49 007f 520A3263 		.ascii	"R\0122c\336\345\276uL\265\277\033:\0328~21~f\002jg\\"
  49      DEE5BE75 
  49      4CB5BF1B 
  49      3A1A387E 
  49      32317E66 
  50 0097 C958CBF0 		.ascii	"\311X\313\360\023\250\372\036c\343\201\357\254`\225"
  50      13A8FA1E 
  50      63E381EF 
  50      AC6095
  51 00a6 0C207318 		.ascii	"\014 s\030A\372\201\246)\351\351\351;gd&e\372\007\307"
  51      41FA81A6 
  51      29E9E9E9 
  51      3B676426 
  51      65FA07C7 
  52 00ba 1BEB19E8 		.ascii	"\033\353\031\350\231\350\347\027\353g$\346\350\027\027"
  52      99E8E717 
  52      EB6724E6 
  52      E81717
  53 00c9 25EBA756 		.ascii	"%\353\247V\224\350%3\000\000;WDr"
  53      94E82533 
  53      00003B57 
  53      4472
  54              		.text
  55              		.section	.gnu.lto_extObjectInit.4f3f4b1efc7644e0,"",%progbits
  56 0000 789C8D8F 		.ascii	"x\234\215\217\313+EQ\024\306\327\267\316\271\207\272"
  56      CB2B4551 
  56      14C6D7B7 
  56      CEB987BA 
  57 0010 898C7447 		.ascii	"\211\214tGR7I\316Q\374\001J\231\032\370\003\204\024"
  57      523749CE 
  57      51FC014A 
  57      991AF803 
  57      8414
  58 0022 A5080333 		.ascii	"\245\010\0033\373z\314\014\204\201<2\220\367\363z\024"
  58      FB7ACC0C 
  58      84813C32 
  58      90F7F37A 
  58      14
  59 0033 264E264C 		.ascii	"&N&L\220\221\030\240\\\305@]\217p\006\272\326\272\212"
  59      909118A0 
  59      5CC5405D 
  59      8F7006BA 
  59      D6BA8A
  60 0046 818953A7 		.ascii	"\201\211S\247\265\327\336\337\372}\337\262\350\357\027"
  60      B5D7DEDF 
  60      FA7DDFB2 
  60      E8EF17
  61 0055 917F0444 		.ascii	"\221\177\004DERa\021x\360\204(\226\311\200\036\010\324"
  61      45526111 
ARM GAS  /tmp/cc5AvgRn.s 			page 4


  61      78F08428 
  61      96C9801E 
  61      08D4
  62 0067 CDE8C603 		.ascii	"\315\350\306\003?1\006\375\245\321p\341\2141&y\020\317"
  62      3F3106FD 
  62      A5D170E1 
  62      8C312679 
  62      10CF
  63 0079 EBCF0B98 		.ascii	"\353\317\013\230\350\205\2771\230C\241H\266R\376\205"
  63      E885BF31 
  63      9843A148 
  63      B652FE85 
  64 0089 63454172 		.ascii	"cEAr\336]}=\016\337s\300\310\327vo\350h\324\321\226"
  64      DE5D7D3D 
  64      0EDF73C0 
  64      C8D7766F 
  64      E868D4D1 
  65 009e 6D6D6F76 		.ascii	"mmov\336\206\262\242\323\306\364\370\373\033\246\302"
  65      DE86B2A2 
  65      D3C6F4F8 
  65      FB1BA6C2 
  66 00ae 0ED8C23C 		.ascii	"\016\330\302<,\341a\001\021,\"BrEXBT\345O}\237\347a"
  66      2CE16101 
  66      112C2242 
  66      72455842 
  66      54E54F7D 
  67 00c5 A74FBC73 		.ascii	"\247O\274s\276=\261\014Gb\323Z\256oR\251\333\331\201"
  67      BE3DB10C 
  67      4762D35A 
  67      AE6F52A9 
  67      DBD981
  68 00d8 4D3B24A1 		.ascii	"M;$\241UN\011\021h\372;f\255\326%z\222\353\207\261\220"
  68      554E0911 
  68      68FA3B66 
  68      ADD6257A 
  68      92EB87B1 
  69 00ed CE08EB3A 		.ascii	"\316\010\353:qz\226\251I,R\364\366\307\324c\326$\306"
  69      717A96A9 
  69      492C52F4 
  69      F6C7D463 
  69      D624C6
  70 0100 63C6F819 		.ascii	"c\306\370\031\001\333\357\314X\021{}\233x\035\276\310"
  70      01DBEFCC 
  70      58117B7D 
  70      9B781DBE 
  70      C8
  71 0111 2E290E38 		.ascii	".)\0168\204UL\3429\275-\326P\"ogc\263\275\331\212\011"
  71      84554CE2 
  71      39BD2DD6 
  71      50226F67 
  71      63B3BDD9 
  72 0127 81B02E03 		.ascii	"\201\260.\003j\223\374\265\371\027\327A<\315\325U\260"
  72      6A93FCB5 
  72      F917D741 
  72      3CCDD555 
  72      B0
  73 0138 91E6FEC4 		.ascii	"\221\346\376\304s\344jS\006\256\020\363\343UJU\367\204"
ARM GAS  /tmp/cc5AvgRn.s 			page 5


  73      73E46A53 
  73      06AE10F3 
  73      E3554A55 
  73      F784
  74 014a 68652949 		.ascii	"he)IR\340\272^eSs}suMm\231[\352\226{\255\035^S]\213"
  74      52E0BA5E 
  74      6553737D 
  74      73754D6D 
  74      995BEA96 
  75 0165 D7D1DEE0 		.ascii	"\327\321\336\3405vu\272\015dKi\373\002I/\233\307"
  75      357675BA 
  75      0D644B69 
  75      FB02492F 
  75      9BC7
  76              		.text
  77              		.section	.gnu.lto_extStart.4f3f4b1efc7644e0,"",%progbits
  78 0000 789C8D53 		.ascii	"x\234\215S\357OSg\024>\317{oo\013\325H\366\301\030\276"
  78      EF4F5367 
  78      143ECF7B 
  78      6F6F0BD5 
  78      48F6C118 
  79 0015 D0681A12 		.ascii	"\320h\032\022'\275\232\231\370\305d3$&\373@f\344\017"
  79      27BD9A99 
  79      F8C56433 
  79      2426FB40 
  79      66E40F
  80 0028 3058EBDA 		.ascii	"0X\353\332\004(i\301\350\007\342\245A]\226\250D\367"
  80      042869C1 
  80      E807E2A5 
  80      415D96A8 
  80      44F7
  81 003a 038738CD 		.ascii	"\003\2078\3154\376@q\023P\251nVEtl\323\231-3\370\003"
  81      34FE4071 
  81      1350A96E 
  81      5645746C 
  81      D3992D33 
  82 0050 3B9564C6 		.ascii	";\225d\306_ \242\334\010a\347\\\300H\205\304&\267\357"
  82      5F20A2DC 
  82      0861E75C 
  82      C04885C4 
  82      26B7EF
  83 0063 7DDFE73C 		.ascii	"}\337\347<\347<\347\274\317\325\350\335_.?\325:Q\026"
  83      E73CE7BC 
  83      CFD5E8DD 
  83      5F2E3FD5 
  83      3A5116
  84 0076 88A01154 		.ascii	"\210\240\021T\335U\242\032\217\002\344\205@\033\025"
  84      DD55A21A 
  84      8F02E485 
  84      401B15
  85 0085 36E2A1EA 		.ascii	"6\342\241\352W\250K5\325{\363\017X\226\325w\241m\316"
  85      57A84B35 
  85      D57BF30F 
  85      5896D577 
  85      A16DCE
  86 0098 A639B622 		.ascii	"\2469\266\"\032Pcip\020\371\034\322:\232\35264?\210"
  86      1A506369 
ARM GAS  /tmp/cc5AvgRn.s 			page 6


  86      7010F91C 
  86      D23A9AEA 
  86      36343F88 
  87 00ac DFDB9B5F 		.ascii	"\337\333\233_\374\341\375O\331\012>\331&w\\\2517d\253"
  87      FCE1FD4F 
  87      D90A3ED9 
  87      26775CA9 
  87      3764AB
  88 00bf 74D9A64F 		.ascii	"t\331\246O\277\3341\323\377\203e%R\311\023\326'\272"
  88      BFDC31D3 
  88      FF836525 
  88      52C913D6 
  88      27BA
  89 00d1 AD341C82 		.ascii	"\2554\034\202\306\371p\030\2718\202\\\342#B\023\374"
  89      C6F97018 
  89      B938825C 
  89      E2234213 
  89      FC
  90 00e2 1CBDF9E8 		.ascii	"\034\275\371\350\235\313\2726\337\311{\316>r]\037c>"
  90      9DCBBA36 
  90      DFC97BCE 
  90      3E725D1F 
  90      633E
  91 00f4 1C63EA38 		.ascii	"\034c\3528\232\311\324\011\307\340\227\360\376\332\221"
  91      9AC9D409 
  91      C7E097F0 
  91      FEDA91
  92 0103 1B5EA396 		.ascii	"\033^\243\226U\347\214L\010F3\014\356\227\216\177\220"
  92      55E78C4C 
  92      0846330C 
  92      EE978E7F 
  92      90
  93 0114 B24647EF 		.ascii	"\262FG\357\237\035>\245gi\220Z:\034\036=\3400\031@\257"
  93      9F1D3EA5 
  93      6769905A 
  93      3A1C1E3D 
  93      E0301940 
  94 0129 52B26AFF 		.ascii	"R\262j\377 \221#\331\006\232\254\2574m\221#\344\321"
  94      209123D9 
  94      069AACAF 
  94      346D9123 
  94      E4D1
  95 013b DFFB0E64 		.ascii	"\337\373\016d\317\333\307B\372\236\0155\314\336e\355"
  95      CFDBC742 
  95      FA9E0D35 
  95      CCDE65ED 
  96 014b 4DD471BA 		.ascii	"M\324q\272\217a+\027\216OV4>\245\0371\217\211\377n\035"
  96      8F612B17 
  96      8E4F5634 
  96      3EA51F31 
  96      8F89FF6E 
  97 0160 6C818CC2 		.ascii	"l\201\214\302\345#\374\304\350-$\356\265l\351\2557&"
  97      E523FCC4 
  97      E82D24EE 
  97      B56CE9AD 
  97      3726
  98 0172 E94DD796 		.ascii	"\351M\327\226;J\007\024&7\222\036\356z\352&\234\020"
ARM GAS  /tmp/cc5AvgRn.s 			page 7


  98      3B4A0714 
  98      2637921E 
  98      EE7AEA26 
  98      9C10
  99 0184 486540BB 		.ascii	"He@\273\267\365\270\010-\002i\031P\317\310\022\021@"
  99      B7F5B808 
  99      2D026919 
  99      50CFC812 
  99      1140
 100 0196 681554CF 		.ascii	"h\025T\317\030\016\241\015\006K<)\243\001=\005\303w"
 100      180EA10D 
 100      064B3C29 
 100      A3013D05 
 100      C377
 101 01a8 1F0FEDD4 		.ascii	"\037\017\355\324\362F\321h\325\373le\010\343\353[\257"
 101      F246D168 
 101      D5FB6C65 
 101      08E3EB5B 
 101      AF
 102 01b9 6BB2759E 		.ascii	"k\262u\236\016N!\217\344\344\273M\337\356\232\301'8"
 102      0E4E218F 
 102      E4E4BB4D 
 102      DFEE9AC1 
 102      2738
 103 01cb 0DDDE986 		.ascii	"\015\335\351\206\320\016\235\201\256-{_\352y\0115\306"
 103      D00E9D81 
 103      AE2D7B5F 
 103      EA790935 
 103      C6
 104 01dc 764BEC9F 		.ascii	"vK\354\237\217;\223Y\016;)l\234\201N7\221\370\246\275"
 104      8F3B9359 
 104      0E3B296C 
 104      9C814E37 
 104      91F8A6BD 
 105 01f0 BB6185B4 		.ascii	"\273a\205\264*5\037\\\273\356\221\341hN\366\266\241"
 105      2A351F5C 
 105      BBEE91E1 
 105      684EF6B6 
 105      A1
 106 0201 EF9FCC6C 		.ascii	"\357\237\314lDC\215e\245\334\266\362\274b\237\234\225"
 106      44438D65 
 106      A5DCB6F2 
 106      BC629F9C 
 106      95
 107 0212 228CED7E 		.ascii	"\"\214\355~\261\263{V\301\207b\200\237\321\210\347\216"
 107      B1B37B56 
 107      C1876280 
 107      9FD188E7 
 107      8E
 108 0223 17F10B0A 		.ascii	"\027\361\013\012^qw\267Q\233\262;!Y%v\317_\333\232U"
 108      5E7177B7 
 108      519BB23B 
 108      21592576 
 108      CF5FDB9A 
 109 0238 F56BEB0B 		.ascii	"\365k\353\013\313c\253\254\001\345\342\310s\250&\316"
 109      CB63ABAC 
 109      01E5E2C8 
ARM GAS  /tmp/cc5AvgRn.s 			page 8


 109      73A826CE 
 110 0248 67AB6C11 		.ascii	"g\253l\021\321\327\327\323\257\215\213x\257\252^\244"
 110      D1D7D7D3 
 110      AF8D8B78 
 110      AFAA5EA4 
 111 0258 9CAAE224 		.ascii	"\234\252\342$\234G\001c\327\322\027\267\317\020\361"
 111      9C470163 
 111      D7D217B7 
 111      CF10F1
 112 0267 5E9EC705 		.ascii	"^\236\307\005&L\370\346m\257\264\356y/\257\\t\274\362"
 112      264CF8E6 
 112      6DAFB4EE 
 112      792FAF5C 
 112      74BCF2
 113 027a 661C22B8 		.ascii	"f\034\"\270cz\257tD\307\275bdz\345\313a\366\312%\201"
 113      637AAF74 
 113      44C7BD62 
 113      647AE5CB 
 113      61F6CA25 
 114 028f DCEF5C79 		.ascii	"\334\357\\y\247\\y\206\201\256\016\262\201.K\274'\323"
 114      A75C7986 
 114      81AE0EB2 
 114      812E4BBC 
 114      27D3
 115 02a1 40834B45 		.ascii	"@\203KE\025\341\312\324\006\372\3251P\327[\006\332\377"
 115      15E1CAD4 
 115      06FAD531 
 115      50D75B06 
 115      DAFF
 116 02b3 249D3426 		.ascii	"$\2354&\274\321\341x\3437\307\033\231F\370\235\215\320"
 116      BCD1E178 
 116      E337C71B 
 116      9946F89D 
 116      8DD0
 117 02c5 839A74EF 		.ascii	"\203\232t\3573\217sc$\237 \344\323\343\230\271\201\200"
 117      338F7363 
 117      249F20E4 
 117      D3E398B9 
 117      8180
 118 02d7 59188EAC 		.ascii	"Y\030\216\254\216|V\274\352\243\300\302\300b3\0327\303"
 118      8E7C56BC 
 118      EAA3C0C2 
 118      C062331A 
 118      37C3
 119 02e9 25A5663C 		.ascii	"%\245f<\0264C\353+\003A\322y\2510\202\321\362\265\221"
 119      163443EB 
 119      2B0341D2 
 119      79A93082 
 119      D1F2B591 
 120 02fd CF5DEB4A 		.ascii	"\317]\353JJ\253B\213\246\"\305*\315\212h\2542n.[YTX"
 120      4AAB428B 
 120      A622C52A 
 120      CD8A68AC 
 120      326E2E5B 
 121 0314 B4DE0C86 		.ascii	"\264\336\014\206\203\321Xh\325\272%e\2010-\236\212\301"
 121      83D15868 
 121      D5BA2565 
ARM GAS  /tmp/cc5AvgRn.s 			page 9


 121      81302D9E 
 121      8AC1
 122 0326 79CDC2A2 		.ascii	"y\315\302\242\342O\213\315Hy\260\264jM\310t\030\301"
 122      E24F8BCD 
 122      4879B0B4 
 122      6A4DC874 
 122      18C1
 123 0338 B2E555E5 		.ascii	"\262\345U\345A&\345O\247-\032\347?\256'\353tq\014\277"
 123      4126E54F 
 123      A72D1AE7 
 123      3FAE27EB 
 123      74710CBF 
 124 034c C91A8E6F 		.ascii	"\311\032\216o\210s\\NQ\361J\337\352\222x\250\"\026Y"
 124      88735C4E 
 124      51F14ADF 
 124      EA9278A8 
 124      221659
 125 035f E0F32F24 		.ascii	"\340\363/$\025#wY\250,\032\333@\377\003]\254\352\275"
 125      15237759 
 125      A82C1ADB 
 125      40FF035D 
 125      ACEABD
 126              		.text
 127              		.section	.gnu.lto_extStop.4f3f4b1efc7644e0,"",%progbits
 128 0000 789C8D93 		.ascii	"x\234\215\223\353K\024a\024\306\317yg\234]\265H\372"
 128      EB4B1461 
 128      14C6CF79 
 128      679C5DB5 
 128      48FA
 129 0012 10E21797 		.ascii	"\020\342\027\227D\204.;F\202_\202\012!\350\203\004\372"
 129      44842E3B 
 129      46825F82 
 129      0A21E883 
 129      04FA
 130 0024 07846E0B 		.ascii	"\007\204n\013+h+\273\336\012\242qS\214\242\020M\362"
 130      2B682BBB 
 130      DE0AA271 
 130      538CA210 
 130      4DF2
 131 0036 92A6A4DD 		.ascii	"\222\246\244\335,+\263\213v\333.\232\024\225R\024f\330"
 131      2C2BB38B 
 131      76DB2E9A 
 131      14955214 
 131      66D8
 132 0048 564A461A 		.ascii	"VJF\032\232\227\234\314\354\234ICW\205\026vg\346}\316"
 132      9A979CCC 
 132      EC9C4943 
 132      57851676 
 132      67E67DCE 
 133 005c 73DEE7BC 		.ascii	"s\336\347\274\277\035\011\026~\302\350;*\001\010\004"
 133      BF1D0916 
 133      7EC2E83B 
 133      2A010804 
 134 006c 40095014 		.ascii	"@\011P\024>\007\3105\013D\276\001\204\375\002\367\343"
 134      3E07C835 
 134      0B44BE01 
 134      84FD02F7 
ARM GAS  /tmp/cc5AvgRn.s 			page 10


 134      E3
 135 007d 17312CB0 		.ascii	"\0271,\260\320[_\032\034U\247i\332\220\347Vh~\250.\000"
 135      D05B5F1A 
 135      1C55A769 
 135      DA90E756 
 135      687EA82E 
 136 0092 46C4DF36 		.ascii	"F\304\3376x\006\243\250\244i\332\333\245H\221\010t\337"
 136      7806A3A8 
 136      A469DADB 
 136      A5489108 
 136      74DF
 137 00a4 DC30FA2C 		.ascii	"\3340\372,\270_\350\002-\374\330R\324^\252\360\243\220"
 137      B85FE802 
 137      2DFCD852 
 137      D45EAAF0 
 137      A390
 138 00b6 F9D17773 		.ascii	"\371\321ws\274hy\344)M\363x\233\033\265-\262.$<\213"
 138      BC6879E4 
 138      294DF378 
 138      9B1BB52D 
 138      B22E243C 
 139 00cb 12F5C373 		.ascii	"\022\365\303s\030\206\3471\014h\011\260\036#\271|8o"
 139      1886E731 
 139      0C6809B0 
 139      1E23B97C 
 139      386F
 140 00dd EA4DB092 		.ascii	"\352M\260\222G{\207L\315n\213\027P\241\324pi\245W\233"
 140      477B874C 
 140      CD6E8B17 
 140      50A1D470 
 140      69A5579B 
 141 00f1 9EFE74F2 		.ascii	"\236\376t\362\302\035\331$\241\341\200^*\340\001\372"
 141      C21DD924 
 141      A1E1805E 
 141      2AE001FA 
 142 0101 84E0ABF4 		.ascii	"\204\340\253\364\032=!\334g\244^;&Ik\214\200__\325\324"
 142      1A3D21DC 
 142      67A45E3B 
 142      26496B8C 
 142      805F5FD5 
 143 0116 0545D450 		.ascii	"\005E\324P\204\241\376\211\212UeZ\265\247\220\032mF"
 143      84A1FE89 
 143      8A55655A 
 143      B5A7901A 
 143      6D46
 144 0128 5DC87871 		.ascii	"]\310xq~\226\231)\0330\202\214\037\216\214]E\036E\266"
 144      7E969929 
 144      1B30828C 
 144      1F8E8C5D 
 144      451E45B6 
 145 013c 005E22B5 		.ascii	"\000^\"\265\033=\037K\012\372J\225yI}y\331F\306\021"
 145      1B3D1F4B 
 145      0AFA4A95 
 145      79497D79 
 145      D946C611 
 146 0150 81F347F0 		.ascii	"\201\363G\360\365<\371f\002\274\314\222\360\223~\037"
 146      F53CF966 
ARM GAS  /tmp/cc5AvgRn.s 			page 11


 146      02BCCC92 
 146      F0937E1F 
 147 0160 EE0900BC 		.ascii	"\356\011\000\274\302\222\344'uL\305r\000\300FVe\277"
 147      C292E427 
 147      754CC572 
 147      00C04656 
 147      65BF
 148 0172 6301BC8A 		.ascii	"c\001\274\212\012El\342CA\370\214$\277\037\230(\226"
 148      0A456CE2 
 148      4341F88C 
 148      24BF1F98 
 148      2896
 149 0184 C227B052 		.ascii	"\302'\260R+\265\350\"\200\035%\335\223\271A2\235\016"
 149      2BB5E822 
 149      801D25DD 
 149      93B94132 
 149      9D0E
 150 0196 5EC370E0 		.ascii	"^\303p\340\225\362\374\343e\313h\005\257\243lL\003x"
 150      95F2FCE3 
 150      65CB6805 
 150      AFA36C4C 
 150      0378
 151 01a8 0365129E 		.ascii	"\003e\022\236\024T\217\313\341\2233n\205k;\006\332Z"
 151      14548FCB 
 151      E193336E 
 151      856B3B06 
 151      DA5A
 152 01ba 020DF74D 		.ascii	"\002\015\367Mvc3\312\360\016\363|\275\331<(WT\275<\332"
 152      766333CA 
 152      F00EF37C 
 152      BDD93C28 
 152      5754BD3C 
 153 01cf 20F64D6A 		.ascii	" \366Mj\0075\263.L#\264)`\013\356\203\037B\322\205\031"
 153      0735B32E 
 153      4C23B429 
 153      600BEE83 
 153      1F42D285 
 154 01e4 DEA267E8 		.ascii	"\336\242g\350\362\350\260\304\345\034\260\367E\247\231"
 154      F2E8B0C4 
 154      E51CB0F7 
 154      45A799
 155 01f3 4F5232A2 		.ascii	"OR2\242\\\23389\270\274\022+r5\315k\322E \231\360\026"
 155      5C9B3839 
 155      B8BC122B 
 155      7235CD6B 
 155      D2452099 
 156 0209 2722EDC4 		.ascii	"'\"\355\304hq\327\212\365ku\021\204\267\261\022\277"
 156      6871D78A 
 156      F56B7511 
 156      84B7B112 
 156      BF
 157 021a 1B7F3CBC 		.ascii	"\033\177<\274\203\353I\353,?}`\005\267\011\242\321\357"
 157      83EB49EB 
 157      2C3F7D60 
 157      05B709A2 
 157      D1EF
 158 022c 926116F7 		.ascii	"\222a\026\367\\\304MU\377\205\370\236\201\370_0\231"
ARM GAS  /tmp/cc5AvgRn.s 			page 12


 158      5CC44D55 
 158      FF85F89E 
 158      81F85F30 
 158      99
 159 023d 96BC4B23 		.ascii	"\226\274K#\256\335;\203X\361G|\350\027!\276\317\222"
 159      AEDD3B83 
 159      58F1477C 
 159      E81721BE 
 159      CF92
 160 024f 6901A907 		.ascii	"i\001\251\007L\312\217\373\3231\342\376\220\353\315"
 160      4CCA8FFB 
 160      D331E2FE 
 160      90EBCD
 161 025e FEDCC736 		.ascii	"\376\334\3076q*\300G\213so5\270\267\315\341^;\350kQ"
 161      712AC047 
 161      8B736F35 
 161      B8B7CDE1 
 161      5E3BE86B 
 162 0273 66917A0D 		.ascii	"f\221z\015\244\217\015\244\376\374\332\211_\017\346"
 162      A48F0DA4 
 162      FEFCDA89 
 162      5F0FE6
 163 0282 FA5A7F9A 		.ascii	"\372Z\177\232\015\200\300o\016\362\033C5\253\255V5\316"
 163      0D80C06F 
 163      0EF21B43 
 163      35ABAD56 
 163      35CE
 164 0294 91929CB2 		.ascii	"\221\222\234\262#q\347Fk\2645Fu\272UGR\252\352v\331"
 164      2371E746 
 164      6BB43546 
 164      75BA5547 
 164      52AAEA76 
 165 02a9 547B4E86 		.ascii	"T{N\206\325\0062]\322\003\262\222R3\355\033\026\253"
 165      D506325D 
 165      D203B292 
 165      5233ED1B 
 165      16AB
 166 02bb 7665A8E9 		.ascii	"ve\250\351NW\206[\335\232\020\037\027\237\243\332\034"
 166      4E57865B 
 166      DD9A101F 
 166      179FA3DA 
 166      1C
 167 02cc 36A7CBBE 		.ascii	"6\247\313\2763+6\315\352\200\230\305\034\324P\215\213"
 167      332B36CD 
 167      EA8098C5 
 167      1CD4508D 
 167      8B
 168 02dd 4FDC9EA8 		.ascii	"O\334\236\250\246\354\266\245f\356\262\253\206\303\226"
 168      A6ECB6A5 
 168      66EEB2AB 
 168      86C396
 169 02ec B62D73B7 		.ascii	"\266-s\267\215LQK\205r\272\351\207\366\343\353Ru$\377"
 169      8D4C514B 
 169      8572BAE9 
 169      87F6E3EB 
 169      527524FF 
 170 0300 EBEA70EF 		.ascii	"\353\352p\357qS]H|b\202%9\311mOw\245\254\263DF\203p"
ARM GAS  /tmp/cc5AvgRn.s 			page 13


 170      71535D48 
 170      7C628225 
 170      39C96D4F 
 170      77A5ACB3 
 171 0318 8129CD9E 		.ascii	"\201)\315\236\346t\355\201?\033,\271V"
 171      E674ED81 
 171      3F1B2CB9 
 171      56
 172              		.text
 173              		.section	.gnu.lto_extChannelEnable.4f3f4b1efc7644e0,"",%progbits
 174 0000 789C8D52 		.ascii	"x\234\215R\357KSQ\030~\337s\357\356\246+\220>\204\370"
 174      EF4B5351 
 174      187EDF73 
 174      EFEEA62B 
 174      903E84F8 
 175 0014 C5910C21 		.ascii	"\305\221\014!b\327J\360KP!\004}\030\201\373\003d\336"
 175      62D74AF0 
 175      4B502104 
 175      7D1881FB 
 175      0364DE
 176 0027 061BCC4D 		.ascii	"\006\033\314M6\025\375 ^\227\303\210\022\261\242Y$\332"
 176      3615FD20 
 176      5E97C388 
 176      12B1A259 
 176      24DA
 177 0039 B45F9696 		.ascii	"\264_\226\226?JW\351*\223\020\262\324(B\321\025\012"
 177      3F4A57E9 
 177      2A9310B2 
 177      D42842D1 
 177      150A
 178 004b 455ACAF2 		.ascii	"EZ\312\362\307\260e\347\\]\350T\350\302\275\347\236"
 178      C7B065E7 
 178      5C5DE854 
 178      E8C2BDE7 
 178      9E
 179 005c F33ECF7B 		.ascii	"\363>\317{\237\367y.\007[\257\024z\217p\000\211\010"
 179      9FF7792E 
 179      075BAF14 
 179      7A8F7000 
 179      8908
 180 006e 801C20A9 		.ascii	"\200\034 \251\031\002\250\320\020D\366\002\010\345\004"
 180      1902A8D0 
 180      1044F602 
 180      08E504
 181 007d CBF11B99 		.ascii	"\313\361\033\231'X\023l\361i\323\233eY\236\033\351K"
 181      2758136C 
 181      F169D39B 
 181      65599E1B 
 181      E94B
 182 008f F6264708 		.ascii	"\366&G\010@\230\254\265\301[\230N!\235\253\301O\002"
 182      4098ACB5 
 182      C15B984E 
 182      219DABC1 
 182      4F02
 183 00a1 A747A0EF 		.ascii	"\247G\240\357=\255\277\336h\277\222\010A\035\333\006"
 183      3DADBFDE 
 183      68BF9208 
ARM GAS  /tmp/cc5AvgRn.s 			page 14


 183      411DDB06 
 184 00b1 6A5FFB04 		.ascii	"j_\373\004\266%<\333\206\272\027kw\353\375\262\354\011"
 184      B6253CDB 
 184      86BA176B 
 184      77EBFDB2 
 184      EC09
 185 00c3 0EB6CBC7 		.ascii	"\016\266\313\307\370\010\341\3606r\264\037\336\301\024"
 185      F808E1F0 
 185      3672B41F 
 185      DEC114
 186 00d2 BC8B2940 		.ascii	"\274\213)@\217\000[PO\321\341\231.\013\267_i;\\5\036"
 186      8F005B50 
 186      4FD1E199 
 186      2E0BB75F 
 186      693B5C35 
 187 00e7 D5AE1167 		.ascii	"\325\256\021g\327\210<\336\213'\362\200\367Q\317\340"
 187      D7883CDE 
 187      8B27F280 
 187      F751CFE0 
 188 00f7 F395D18F 		.ascii	"\363\225\321\217Z\241\222\212N\212\306\364b+\012t\\"
 188      5AA1928A 
 188      4E8AC6F4 
 188      622B0A74 
 188      5C
 189 0108 68DB1394 		.ascii	"h\333\023\224WW\375}\347Gy5\207\354S<*<\230\24206\377"
 189      5757FD7D 
 189      E7477935 
 189      87EC533C 
 189      2A3C98A2 
 190 011f 34216CE5 		.ascii	"4!l\345>\240'\211u\013\267\310\2278\356\220\"\344\373"
 190      3EA02789 
 190      750BB7C8 
 190      9738EE90 
 190      22E4FB
 191 0132 FBC6E6C4 		.ascii	"\373\306\346\304\264F*dny\371\332\336:\271\301SC\333"
 191      B4462A64 
 191      6E79F9DA 
 191      DE3AB9C1 
 191      5343DB
 192 0145 1DC50851 		.ascii	"\035\305\010Qa\333fE\353&=\3004J\374|a\241\003\231\023"
 192      61DB6645 
 192      EB263DC0 
 192      344AFC7C 
 192      61A10399 
 193 015a 2A1DE043 		.ascii	"*\035\340CZ\035C\317\227\256\252i\237\260Io\250\351"
 193      5A1D43CF 
 193      97AEAA69 
 193      9FB0496F 
 193      A8E9
 194 016c 062A52C3 		.ascii	"\006*R\303\0047O\022\3723\370C\015\330\316J$\256T_="
 194      04374F12 
 194      FA33F843 
 194      0DD8CE4A 
 194      24AE545F 
 195 0181 A102EC60 		.ascii	"\241\002\354`%.\2564\027\315b\012\000;Y\225\217s\007"
 195      252EAE34 
 195      17CD620A 
ARM GAS  /tmp/cc5AvgRn.s 			page 15


 195      003B5995 
 195      8F7307
 196 0194 B00B05AA 		.ascii	"\260\013\005\252\361\021\363\006\341'\322\362\344\314"
 196      F111F306 
 196      E127D2F2 
 196      E4CC
 197 01a2 F2452E55 		.ascii	"\362E.U&\327e\237.B\004\306\270<\266R\221\310S{\360"
 197      26D7659F 
 197      2E4204C6 
 197      B83CB652 
 197      91C8537B 
 198 01b7 31A6023B 		.ascii	"1\246\002;\271\352\275R\267\213\236`7\362\3128\200="
 198      B9EABD52 
 198      B78B9E60 
 198      37F2CA38 
 198      803D
 199 01c9 C8D3C260 		.ascii	"\310\323\302`U\303\"\237zf\235\255f\330w3\003\201\004"
 199      55C3229F 
 199      7A669DAD 
 199      66D87733 
 199      038104
 200 01dc 851D606C 		.ascii	"\205\035`l|\202<\214\2437\324\357G6)\203\324\217V\267"
 200      7C823C8C 
 200      A337D4EF 
 200      47362983 
 200      D48F56B7 
 201 01f0 92B215F9 		.ascii	"\222\262\025\371\254\254\211\020M\230\250(\354)\226"
 201      ACAC8910 
 201      4D98A828 
 201      EC2996
 202 01ff C112E196 		.ascii	"\301\022\341\226\010M;\001bal\014\240\263\376\277\002"
 202      084D3B01 
 202      62616C0C 
 202      A0B3FEBF 
 202      02
 203 0210 78A60430 		.ascii	"x\246\00409\365vX\243\004@\217zw\016`\312\037\013@\210"
 203      39F57658 
 203      A304408F 
 203      7A770E60 
 203      CA1F0B40 
 204 0225 0FE0DC6F 		.ascii	"\017\340\334o\032@\037+\251\267\370\030d>\306\2452\264"
 204      1A401F2B 
 204      A9B7F818 
 204      643EC6A5 
 204      32B4
 205 0237 405379CE 		.ascii	"@Sy\316\360\232\370T\026\2160Y\200/\266O\345\245\222"
 205      F09AF854 
 205      168E3059 
 205      802FB64F 
 205      E5A592
 206 024a 4AFF8654 		.ascii	"J\377\206T\232fC\001!fx\257b\370+\305\360xw\007\250"
 206      9A664301 
 206      216678AF 
 206      62F82BC5 
 206      F0787707 
 207 025f BB135811 		.ascii	"\273\023X\021\362\336LP\334\005\366c#\373\241)f\237"
 207      F2DE4C50 
ARM GAS  /tmp/cc5AvgRn.s 			page 16


 207      DC05F663 
 207      23FBA129 
 207      669F
 208 0271 C120665B 		.ascii	"\301 f[my\266S\246\334\303\206\014C\246\350t\213V\263"
 208      6D79B653 
 208      A6DCC386 
 208      0C43A6E8 
 208      748B56B3 
 209 0285 5D74BB24 		.ascii	"]t\273$\321RRh\220\200\247K\201Z\262\232\035\016\213"
 209      D1525268 
 209      9080A74B 
 209      815AB29A 
 209      1D0E8B
 210 0298 5D556CB6 		.ascii	"]Ul\266\027Y\016n\307r\025\212\005NW\241[<\236c\314"
 210      17590E6E 
 210      C772158A 
 210      054E57A1 
 210      5B3C9E63 
 211 02ad 36968892 		.ascii	"6\226\210\222Ur\272,\271\305Y\371\006+dn\307\240\215"
 211      5572BA2C 
 211      B9C559F9 
 211      062B646E 
 211      C7A08D
 212 02c0 C56CA3E9 		.ascii	"\305l\243\351\244I\2649${\321i\213\2500\244\374\023"
 212      A449B439 
 212      247BD169 
 212      8BA830A4 
 212      FC13
 213 02d2 450E8992 		.ascii	"E\016\211\222\322w\022\347t\323\007\375\036[w\302\321"
 213      D27712E7 
 213      74D307FD 
 213      1E5B77C2 
 213      D1
 214 02e3 F2BFAE56 		.ascii	"\362\277\256Vw\251\233\342\222\214\246\034]\236\331"
 214      77A99BE2 
 214      928CA61C 
 214      5D9ED9
 215 02f2 6D2970D9 		.ascii	"m)p\331\016\350\364\031@\\\240\316\267\344;]\245\360"
 215      0EE8F419 
 215      405CA0CE 
 215      B7E43B5D 
 215      A5F0
 216 0304 170F69AC 		.ascii	"\027\017i\254\036"
 216      1E
 217              		.text
 218              		.section	.gnu.lto_extChannelDisable.4f3f4b1efc7644e0,"",%progbits
 219 0000 789C8D52 		.ascii	"x\234\215RmKSa\030\276\357\347\234\235MW }\010\361\213"
 219      6D4B5361 
 219      18BEEFE7 
 219      9C9D4D57 
 219      207D08F1 
 220 0015 231942C4 		.ascii	"#\031B\304\216\225\340\227\240B\010\3720\002\367\003"
 220      8E95E097 
 220      A04208FA 
 220      3002F703 
 221 0025 649E061B 		.ascii	"d\236\006\033lN6\025\375 \036\227b\004\211X\321,\022"
 221      6C4E3615 
ARM GAS  /tmp/cc5AvgRn.s 			page 17


 221      FD201E97 
 221      62048958 
 221      D12C12
 222 0038 25A59795 		.ascii	"%\245\227\225+_JW\351zQ\302\310\2627\011EW)\024-S\226"
 222      2B5F4A57 
 222      E97A51C2 
 222      C8B23709 
 222      45572914 
 223 004f 2FC3963D 		.ascii	"/\303\226=\317\321\205N\205\016\234\363\234\347\271"
 223      CFD1854E 
 223      850E9CF3 
 223      9CE7B9
 224 005e AFEB3ED7 		.ascii	"\257\353>\327}]\207\203\315W\032\275\337p\000\311\010"
 224      7D5D8783 
 224      CD571ABD 
 224      DF7000C9 
 224      08
 225 006f 801C20A9 		.ascii	"\200\034 \251\037\006\250\322\020D\366\002\010\225\004"
 225      1F06A8D2 
 225      1044F602 
 225      089504
 226 007e 2BF11B99 		.ascii	"+\361\033\231#X\037\364y\265\231m\262,\317v\274O\255"
 226      23581FF4 
 226      79B5996D 
 226      B22CCF76 
 226      BC4FAD
 227 0091 498D1280 		.ascii	"I\215\022\200\010Ym\203\3270\223B\272V\202\037\005N"
 227      08596D83 
 227      D7309342 
 227      BA56821F 
 227      054E
 228 00a3 8F40DF7B 		.ascii	"\217@\337{\333\177\275\324~%Q\202:\266\0154<\367\012"
 228      DB7FBDD4 
 228      7E255182 
 228      3AB60D34 
 228      3CF70A
 229 00b6 6C4B78B6 		.ascii	"lKx\266\015\365,4\354\324_\225eO\360E\207|\204\217\022"
 229      0DF52C34 
 229      ECD45F95 
 229      654FF045 
 229      877C848F 
 230 00cb 0EAF2347 		.ascii	"\016\257#G\373\341\015L\303\233\230\006\364\010\320"
 230      FBE10D4C 
 230      C39B9806 
 230      F408D0
 231 00da 877A8A8E 		.ascii	"\207z\212\216\204\273-\334^\245\355H\355xL\273J\234"
 231      84BB2DDC 
 231      5EA5ED48 
 231      ED784CBB 
 231      4A9C
 232 00ec 5925F278 		.ascii	"Y%\362x+\221\310\003\336F=\203\317U\307F\265B5\025\235"
 232      2B91C803 
 232      DE463D83 
 232      CF55C746 
 232      B5423515 
 233 0101 128BEBC5 		.ascii	"\022\213\353\305v\024\350\270\340\337\025\224WV\276"
 233      7614E8B8 
ARM GAS  /tmp/cc5AvgRn.s 			page 18


 233      E0DF1594 
 233      5756BE
 234 0110 F4874779 		.ascii	"\364\207Gy5\207\354S<*<\230\24206\3774!l\345>\240'\205"
 234      3587EC53 
 234      3C2A3C98 
 234      A23036FF 
 234      34216CE5 
 235 0128 758BF8E4 		.ascii	"u\213\370\344\363\034w@\021\362\375]K[rF\013\0252\273"
 235      F31C7740 
 235      11F2FD5D 
 235      4B5B7246 
 235      0B1532BB 
 236 013c B4747977 		.ascii	"\264tyw\243\334\354\251\247\355\016c\224\250\320\277"
 236      A3DCECA9 
 236      A7ED0E63 
 236      94A8D0BF 
 237 014c 51D19A49 		.ascii	"Q\321\232Iw0\203\022?\235\235\357D\346\204J\007x\227"
 237      77308312 
 237      3F9D9DEF 
 237      44E6844A 
 237      077897
 238 015f 56C7D0F3 		.ascii	"V\307\320\363\271\273v\332+l\320\033\232\362\241\"5"
 238      B9BB76DA 
 238      2B6CD01B 
 238      9AF2A122 
 238      35
 239 0170 4270E324 		.ascii	"Bp\343$\241?C3j\300\016V\"\011\245\246\272\011\025`"
 239      A13F4333 
 239      6AC00E56 
 239      2209A5A6 
 239      BA091560 
 240 0184 272B7109 		.ascii	"'+q\011\245\331X\016S\000\330\305\252|\202;\200\335"
 240      A5D9580E 
 240      5300D8C5 
 240      AA7C823B 
 240      80DD
 241 0196 28508DF7 		.ascii	"(P\215\367\2307\010?\221\226'\303K\347\270t\231\\\221"
 241      9837083F 
 241      919627C3 
 241      4BE7B874 
 241      995C91
 242 01a9 BDBA2811 		.ascii	"\275\272(\021\030\343\302\330rU2O\355\301\373\230\016"
 242      18E3C2D8 
 242      7255324F 
 242      EDC1FB98 
 242      0E
 243 01ba ECE452CD 		.ascii	"\354\344R\315\305\306\035\364\004{\220W\306\001\354"
 243      C5C61DF4 
 243      047B9057 
 243      C601EC
 244 01c9 459E1686 		.ascii	"E\236\026\206j\233\027\370\364Skl5\303\276\016\017\006"
 244      6A9B17F8 
 244      F4536B6C 
 244      35C3BE0E 
 244      0F06
 245 01db 92147680 		.ascii	"\222\024v\200\261\361\001\3620\2165\241j?\262I\031\244"
 245      B1F101F2 
ARM GAS  /tmp/cc5AvgRn.s 			page 19


 245      308E35A1 
 245      6A3FB249 
 245      19A4
 246 01ed E96D5D3B 		.ascii	"\351m];\251X\226O\313\232(\321D\210\212\302\036b\005"
 246      A958964F 
 246      CB9A28D1 
 246      44888AC2 
 246      1E6205
 247 0200 2C126E91 		.ascii	",\022n\221\320\264\223 \036\306\372\000\272\232\376"
 247      D0B49320 
 247      1EC6FA00 
 247      BA9AFE
 248 020f 2B80474A 		.ascii	"+\200GJ\000\223S\257F4J\000\364\250o\373\000Z\375\361"
 248      009353AF 
 248      46344A00 
 248      F4A86FFB 
 248      005AFDF1 
 249 0223 0084C400 		.ascii	"\000\204\304\000\316\374\246\001\364\263\222z\223\217"
 249      CEFCA601 
 249      F4B3927A 
 249      938F
 250 0231 41E66342 		.ascii	"A\346cB*\303\3634\225\307\014\257ILe\376\020\223\005"
 250      2AC3F334 
 250      95C70CAF 
 250      494C65FE 
 250      109305
 251 0244 F864EB54 		.ascii	"\370d\353T\236*\251<[\227J\353\217P@\210\033\336\247"
 251      9E2AA93C 
 251      5B974AEB 
 251      8F504088 
 251      1BDEA7
 252 0257 183EA018 		.ascii	"\030>\240\030\236\350\356 uw\002\253B\003\376$\305]"
 252      9EE8EE20 
 252      757702AB 
 252      4203FE24 
 252      C55D
 253 0269 603F36B2 		.ascii	"`?6\262\037\232b\366\030\014b\256\325V`;a\312?h\310"
 253      1F9A62F6 
 253      180C62AE 
 253      D556603B 
 253      61CA3F68 
 254 027e 32648B4E 		.ascii	"2d\213N\267h5\333E\267K\022-e\305\006\011x\272\024\251"
 254      B76835DB 
 254      45B74B12 
 254      2D65C506 
 254      0978BA14 
 255 0293 25ABB9B0 		.ascii	"%\253\271\260\320bW\225\232\355%\226\375[\261\\\305"
 255      D0625795 
 255      9AED2596 
 255      FD5BB15C 
 255      C5
 256 02a4 6291D355 		.ascii	"b\221\323U\354\026\217\346\031s\215e\242d\225\234.K"
 256      EC168FE6 
 256      19738D65 
 256      A264959C 
 256      2E4B
 257 02b6 7E698EC3 		.ascii	"~i\216\303`\205\354\255\030\264\261\230k4\0357\211\266"
ARM GAS  /tmp/cc5AvgRn.s 			page 20


 257      6085ECAD 
 257      18B4B198 
 257      6B341D37 
 257      89B6
 258 02c8 42C95E72 		.ascii	"B\311^r\322\"*\014\311q\254\244P\242\244\314\355\304"
 258      D2222A0C 
 258      C971ACA4 
 258      50A2A4CC 
 258      EDC4
 259 02da 39DDF441 		.ascii	"9\335\364A\277\307\326\355p\264\374\257\253\325]\356"
 259      BFC7D6ED 
 259      70B4FCAF 
 259      ABD55DEE 
 260 02ea A6B814A3 		.ascii	"\246\270\024\243)OW`v[\212\\\266}:}\026\020\027\250"
 260      294F5760 
 260      765B8A5C 
 260      B67D3A7D 
 260      161017A8 
 261 02fe 1D1687D3 		.ascii	"\035\026\207\323U\016\177\001\335M\254\344"
 261      550E7F01 
 261      DD4DACE4 
 262              		.text
 263              		.section	.gnu.lto_extSetChannelModeI.4f3f4b1efc7644e0,"",%progbits
 264 0000 789C7D92 		.ascii	"x\234}\222\335K\024Q\030\306\317sf\366CGS\272\311\274"
 264      DD4B1451 
 264      18C6CF73 
 264      66F64347 
 264      53BAC9BC 
 265 0014 29924529 		.ascii	")\222E)v'\322\213 \002\241\233\256\352\242? l\023\024"
 265      7627D28B 
 265      2002A19B 
 265      AEEAA23F 
 265      206C1314 
 266 0028 4425BBE8 		.ascii	"D%\273\350F<\273(\366\305\266\2547\202YD\230\245\251"
 266      463CBB28 
 266      F6C5B6AC 
 266      37825944 
 266      98A5A9
 267 003b 656AAB66 		.ascii	"ej\253fMR!\364\205\030\205f\271\204I\037\026\332\232"
 267      4D5221F4 
 267      85188566 
 267      B984491F 
 267      16DA9A
 268 004e DB14B2BD 		.ascii	"\333\024\262\275gv\023]\241\201\341\314\231y\237\367"
 268      6776135D 
 268      A181E1CC 
 268      99799FF7 
 269 005e F99DE71D 		.ascii	"\371\235\347\035\205m\274r\351\016(\214\355\247\025"
 269      856DBC72 
 269      E90E288C 
 269      EDA715
 270 006d 0A030FBE 		.ascii	"\012\003\017\276`\314\347\344\200|``u\034u\370\314\027"
 270      60CCE7E4 
 270      807C6060 
 270      751C75F8 
 270      CC17
 271 007f 39824667 		.ascii	"9\202Fg\263\226\337&\204X\010\275\313i\31019cQ\236h"
ARM GAS  /tmp/cc5AvgRn.s 			page 21


 271      B396DF26 
 271      845808BD 
 271      CB69C831 
 271      3963519E 
 272 0094 8376E453 		.ascii	"\203v\344SI_\334\230\264+.0z\036\354^z\256}\342&\307"
 272      495FDC98 
 272      B42B2E30 
 272      7A1EEC5E 
 272      7AAE7DE2 
 273 00aa 76B91D0A 		.ascii	"v\271\035\012\2155\333\345\226\253r\033\011/\2072]W"
 273      8D35DBE5 
 273      96AB721B 
 273      092F8732 
 273      5D57
 274 00bc 85F01BCF 		.ascii	"\205\360\033\317zE\261jr\005\327\241P?\334@.:\220\313"
 274      7A45B16A 
 274      7205D7A1 
 274      503FDC40 
 274      2E3A90CB 
 275 00d0 E8154327 		.ascii	"\350\025C'\\T\035\235\357/UvZm\307\033\247W4K\030\371"
 275      5C541D9D 
 275      EF2F5576 
 275      5A6DC71B 
 275      A757344B 
 276 00e6 F2782243 		.ascii	"\362x\"C\0344\271\212\233\251J\225\241\313R\276\352"
 276      1C34B98A 
 276      9BA94A95 
 276      A1CB52BE 
 276      EA
 277 00f7 3BF3364B 		.ascii	";\3636K\331cI\033\027\232\302jB\372\265m\312\222\332"
 277      D963491B 
 277      179AC26A 
 277      42FAB56D 
 277      CA92DA
 278 010a D09D2AB5 		.ascii	"\320\235*\2651\364\300%\353?D\006\3467){-\255\33158"
 278      31F4C025 
 278      EB3F4406 
 278      E637297B 
 278      2DADD935 
 279 011f 979E7745 		.ascii	"\227\236wEj\347\333\236f\2101Q\037\211\307\267\231\334"
 279      6AE7DB9E 
 279      66883151 
 279      1F89C7B7 
 279      99DC
 280 0131 8E5BEB3B 		.ascii	"\216[\353;$.\222,\326\257\274\321\354\365\224W6n#o\345"
 280      242E922C 
 280      D6AFBCD1 
 280      ECF59457 
 280      366E236F 
 281 0146 5F5CE885 		.ascii	"_\\\350\205\035\264\366l6D<\036\375\351\277\260/\314"
 281      1DB4F66C 
 281      36443C1E 
 281      FDE9BFB0 
 281      2FCC
 282 0158 65E27456 		.ascii	"e\342tV\205\000\034*$\274\015\026\007\233%\215\234\305"
 282      85001C2A 
 282      24BC0D16 
ARM GAS  /tmp/cc5AvgRn.s 			page 22


 282      079B258D 
 282      9CC5
 283 016a 47CEE5AA 		.ascii	"G\316\345\252L\301?\260\030\037M\223mb\\!\243\231\331"
 283      4CC13FB0 
 283      181F4D93 
 283      6D625C21 
 283      A399D9
 284 017d 97E34E19 		.ascii	"\227\343N\031\255b\371\366\377\272\374-\263\025-0\271"
 284      AD62F9F6 
 284      FFBAFC2D 
 284      B3152D30 
 284      B9
 285 018e 33C639EE 		.ascii	"3\3069\356H(z\177q\251i2\313\275\213\014\320\207V\374"
 285      48287A7F 
 285      71A96932 
 285      CBBD8B0C 
 285      D08756FC 
 286 01a2 B046877E 		.ascii	"\260F\207~\270\331k\370E\241\354GU\223O\036uh\005\327"
 286      B8D96BF8 
 286      45A1EC47 
 286      55934F1E 
 286      756805D7 
 287 01b6 883A1268 		.ascii	"\210:\022h\237-v\312@\2223\036@\301Z7\307:7\037\011"
 287      9F2D76CA 
 287      4092331E 
 287      40C15A37 
 287      C73A371F 
 288 01cb E20D5B4C 		.ascii	"\342\015[L\236FP\270\233\364\374>\032\370\235\345\356"
 288      9E4650B8 
 288      9BF4FC3E 
 288      1AF89DE5 
 288      EE
 289 01dc 14D9264F 		.ascii	"\024\331&OG\330rE\"\035_hd&M\357\022AaT\232\\\303 \334"
 289      47D87245 
 289      221D5F68 
 289      64264DEF 
 289      12416154 
 290 01f5 311A5BE2 		.ascii	"1\032[\342\343\360\271\320\224V\373G~\334*\2074\004"
 290      E3F0B9D0 
 290      9456FB47 
 290      7EDC2A87 
 290      3404
 291 0207 5DE2310C 		.ascii	"]\3421\014\243\226h\271\025!e*\221\030\005\262|v.\\"
 291      A39668B9 
 291      1521652A 
 291      911805B2 
 291      7C762E5C 
 292 021b 943CC02A 		.ascii	"\224<\300*\237=\225\317\231\204\273\227\002\027L\222"
 292      9F3D95CF 
 292      9984BB97 
 292      02174C92 
 293 022b A763E47F 		.ascii	"\247c\344\177\204\367W\011\361\000\372Z'\333\206$\316"
 293      84F75709 
 293      F100FA5A 
 293      27DB8624 
 293      CE
 294 023c 373A4812 		.ascii	"7:H\022#tC\232\341!5f\323h0Z^\300:\011\325_\232\010"
ARM GAS  /tmp/cc5AvgRn.s 			page 23


 294      2374439A 
 294      E1213566 
 294      D368305A 
 294      5EC03A09 
 295 0254 74733AE4 		.ascii	"ts:\344i\011\226\021\225\266\030\245\363\321\314\310"
 295      69099611 
 295      95B618A5 
 295      F3D1CCC8 
 296 0264 C7E499EC 		.ascii	"\307\344\231\354=|F\353!\253\236\311\037\001\362\007"
 296      3D7C46EB 
 296      21AB9EC9 
 296      1F01F207 
 297 0274 A0B1EDF0 		.ascii	"\240\261\355\360x\364\003e\345\307\312\017\0379Z\350"
 297      78F40365 
 297      E5C7CA0F 
 297      1F395AE8 
 298 0284 D9ED29D2 		.ascii	"\331\355)\322\253j\364\262\222\012\275\346\204W/=u\322"
 298      AB6AF4B2 
 298      920ABDE6 
 298      84572F3D 
 298      75D2
 299 0296 E3652A2D 		.ascii	"\343e*-\325\016oYIeei\205\2156\336j[U\305qo\365_/\321"
 299      D50E6F59 
 299      49656569 
 299      858D36DE 
 299      6A5B55C5 
 300 02b0 57FF     		.ascii	"W\377"
 301              		.text
 302              		.section	.gnu.lto_.symbol_nodes.4f3f4b1efc7644e0,"",%progbits
 303 0000 789C55C9 		.ascii	"x\234U\311\313\015\3020\020\204\341\3618\017\307)z\014"
 303      CB0DC230 
 303      1084E1F1 
 303      380FC729 
 303      7A0C
 304 0012 09202184 		.ascii	"\011 !\204\250\000qH=\324\000\022Mp!\030\231\303z/\243"
 304      A8007148 
 304      3DD40012 
 304      4D702118 
 304      99C37A2F 
 305 0027 FF5B0FE0 		.ascii	"\377[\017\340\215\377qu\002.w@\302\365\026\300D\271"
 305      8DFF7175 
 305      022E7740 
 305      C2F516C0 
 305      44B9
 306 0039 0A36142B 		.ascii	"\0126\024+\330R\276\202\211j*\230\251\266\202\035\325"
 306      D852BE82 
 306      896A2A98 
 306      A9B6821D 
 306      D5
 307 004a 59707BAA 		.ascii	"Yp{\252/\200\224r\037\250`\373H\015\266OT\264}\246F"
 307      2F809472 
 307      1FA860FB 
 307      480DB64F 
 307      54B47DA6 
 308 005f D31E3D96 		.ascii	"\323\036=\226\307\307y\006\314\317\274~\300\353\327"
 308      C7C77906 
 308      CCCFBC7E 
ARM GAS  /tmp/cc5AvgRn.s 			page 24


 308      C0EBD7
 309 006e 4D2CDB8E 		.ascii	"M,\333\216e\273\210%\377\361\005\370(F\024"
 309      65BB8825 
 309      FFF105F8 
 309      284614
 310              		.text
 311              		.section	.gnu.lto_.refs.4f3f4b1efc7644e0,"",%progbits
 312 0000 789C6366 		.ascii	"x\234cf```d\200\002\000\000=\000\005"
 312      60606064 
 312      80020000 
 312      3D0005
 313              		.text
 314              		.section	.gnu.lto_.decls.4f3f4b1efc7644e0,"",%progbits
 315 0000 789C9D58 		.ascii	"x\234\235X}PSW\026\317}/@\022B\264\260\243;\374S\212"
 315      7D505357 
 315      16CF7D2F 
 315      401242B4 
 315      B0A33BFC 
 316 0016 3B6CBB63 		.ascii	";l\273c\301\332\356\330\235\335i\265\326\266\354\324"
 316      C1DAEED8 
 316      9DDD69B5 
 316      D6B6ECD4 
 317 0026 8F2D76A7 		.ascii	"\217-v\2473\235\235,\306te\213\340\220\330\326\377\036"
 317      339D9D2C 
 317      C674658B 
 317      E090D8D6 
 317      FF1E
 318 0038 A0884A05 		.ascii	"\240\210J\005Q\024\250@, \"\337R\021\024\024D\001A\221"
 318      5114A840 
 318      2C2022DF 
 318      52111414 
 318      44014191 
 319 004c 2A564491 		.ascii	"*VD\221\200\237\250\010~\203\005\262\347\236\373^\362"
 319      809FA808 
 319      7E8305B2 
 319      E79EFB5E 
 319      F2
 320 005d 12137776 		.ascii	"\022\023wv3s\311\275\367\235\363;\277\363;\367\336w"
 320      3373C9BD 
 320      F79DF33B 
 320      BFF33BF7 
 320      DE77
 321 006f 03AF5028 		.ascii	"\003\257P(~\303+\0246\370\350f(\024\333\241\257\202"
 321      7EC32B14 
 321      36F8E866 
 321      2814DBA1 
 321      AF82
 322 0081 B9650AC7 		.ascii	"\271e\012\307G\013\255\024\332\023h\317\241M@\233\242"
 322      470BAD14 
 322      DA1368CF 
 322      A14D409B 
 322      A2
 323 0092 0F08D842 		.ascii	"\017\010\330B\323@\323B\323A\233\016\315\237(^\370P"
 323      D340D342 
 323      D3419B0E 
 323      CD9F285E 
 323      F850
ARM GAS  /tmp/cc5AvgRn.s 			page 25


 324 00a4 7F5EC40D 		.ascii	"\177^\304\015\200\347\305\342<'>\323\270\361\241\361"
 324      80E7C5E2 
 324      3C273ED3 
 324      B8F1A1F1 
 325 00b4 7C441F9D 		.ascii	"|D\037\235\310\343>\264[\320\352\241\015\213\3767\241"
 325      C8E33EB4 
 325      5BD0EAA1 
 325      0D8BFE37 
 325      A1
 326 00c5 F5323AE8 		.ascii	"\3652:\350\343\372y.\372\272\342P\377vh\201\340\370"
 326      E3FA792E 
 326      FABAE250 
 326      FF766881 
 326      E0F8
 327 00d7 2A61B841 		.ascii	"*a\270A\360\375H\304\347D\\\212\257\026q\202\341\371"
 327      F0FD48C4 
 327      E7445C8A 
 327      AF167182 
 327      E1F9
 328 00e9 EFA08540 		.ascii	"\357\240\205@\233-\346\035\012m\016\264\271\204q\370"
 328      9B2DE61D 
 328      0A6D0EB4 
 328      B98471F8 
 329 00f9 B34B2E54 		.ascii	"\263K.T/_7\361\345\261\245\270RnD\026w\302M\\\235\233"
 329      2F5F37F1 
 329      E5B1A5B8 
 329      526E4416 
 329      77C24D5C 
 330 010f B8F35DE2 		.ascii	"\270\363]\342\322\032i\334\304=\353\022{\010\372wD\037"
 330      D21A69DC 
 330      C43DEB12 
 330      7B08FA77 
 330      441F
 331 0121 B5E8E71A 		.ascii	"\265\350\347\032o\272\233x\237\270\326\214\374\177\361"
 331      6FBA9B78 
 331      9FB8D68C 
 331      FC7FF1
 332 0130 A89F6B3C 		.ascii	"\250\237k<\1777\361\226\272\304\243kO\347!\036\007\317"
 332      7F37F196 
 332      BAC4A36B 
 332      4FE7211E 
 332      07CF
 333 0142 96115663 		.ascii	"\226\021Vc\252\3515h\177\2438\262\370R}/\211}\225\230"
 333      AAE93568 
 333      7FA338B2 
 333      F8527D2F 
 333      897D9598 
 334 0156 270DF385 		.ascii	"'\015\363\205K\254\007\034\351\030\034{\244\275\315"
 334      4BAC071C 
 334      E9181C7B 
 334      A4BDCD
 335 0165 119D663A 		.ascii	"\021\235f:\035f_\274\361\230\207\241V\303\321a\315\370"
 335      1D665FBC 
 335      F19887A1 
 335      56C3D161 
 335      CDF8
 336 0177 D30AEF99 		.ascii	"\323\012\357\231\031\002\375$\012\3239\262l\006)\"\201"
ARM GAS  /tmp/cc5AvgRn.s 			page 26


 336      1902FD24 
 336      0AD339B2 
 336      6C062922 
 336      81
 337 0188 641F0904 		.ascii	"d\037\011\004\304b2\023\376~\251dH\231I\273/p<P\204"
 337      C4623213 
 337      FE7EA964 
 337      489949BB 
 337      2F703C50 
 338 019d 7E7EE640 		.ascii	"~~\346@\267f\366~\360J\026\032\273\210#\\uj\301m\257"
 338      B766F67E 
 338      F04A161A 
 338      BB88235C 
 338      756AC16D 
 339 01b2 A05CC152 		.ascii	"\240\\\301R9Z<zI+\354\023\032m\266\367\021\212\354'"
 339      395A3C7A 
 339      492BEC13 
 339      1A6DB6F7 
 339      118AEC27 
 340 01c6 3C2921B3 		.ascii	"<)!\263Q;\3503\361KI\020\270\035\310/\254Q#\313\371"
 340      513BE833 
 340      F14B4910 
 340      B81DC82F 
 340      AC5123CB 
 341 01db 14A52063 		.ascii	"\024\245 cg\251\027\262T\321a\327\256\254\373*\376\035"
 341      67A917B2 
 341      54D161D7 
 341      AEACFB2A 
 341      FE1D
 342 01ed 8CFC3869 		.ascii	"\214\3748i_\217/\377\036\366/>\351\356\237\306\207c"
 342      5F8F2FFF 
 342      1EF62F3E 
 342      E9EE9FC6 
 342      8763
 343 01ff BF3C65E8 		.ascii	"\277<e\350\214\222_\216\375K7\256\226\352\370\177\020"
 343      8C925F8E 
 343      FD4B37AE 
 343      96EAF87F 
 343      10
 344 0210 79C27F65 		.ascii	"y\302\177e\011\037jK(P*9\005\251\0062?\321,a\262\321"
 344      091F6A4B 
 344      28502A39 
 344      05A90632 
 344      3FD12C61 
 345 0226 72AE691A 		.ascii	"r\256i\032\235<\000\223\277\013$\007\211\222N\267Vm"
 345      9D3C0093 
 345      BF0B2407 
 345      89924EB7 
 345      566D
 346 0238 1BF0A3D3 		.ascii	"\033\360\243\323U0=+\220\324\260\351\370\275GR|\000"
 346      55303D2B 
 346      90D4B0E9 
 346      F8BD4752 
 346      7C00
 347 024a 7186069D 		.ascii	"q\206\006\235\267vd7\3618\264\321\200\334\346{\343-"
 347      B7766437 
 347      F138B4D1 
ARM GAS  /tmp/cc5AvgRn.s 			page 27


 347      80DCE67B 
 347      E32D
 348 025c 2AA20A49 		.ascii	"*\242\012I\022\204\004a4!\236\317\324)\310\354@\362"
 348      12840461 
 348      34219ECF 
 348      D429C8EC 
 348      40F2
 349 026e 0655F430 		.ascii	"\006U\3640QQ\011\310\021\022B\016\021%\251\005\255\353"
 349      515109C8 
 349      1112420E 
 349      1125A905 
 349      ADEB
 350 0280 80450128 		.ascii	"\200E\001(9\332s-o\232 (\251\221B\022J\022\226\033\353"
 350      39DA732D 
 350      6F9A2028 
 350      A9914212 
 350      4A12961B 
 351 0295 CFE952BA 		.ascii	"\317\351R\272\207%\015\200\3662d\353\026\203\212\324"
 351      87250D80 
 351      F63264EB 
 351      16838AD4 
 352 02a5 8341A5BD 		.ascii	"\203A\245\275\002\030D*\332\372\202\247\223J>\225\240"
 352      0218442A 
 352      DAFA82A7 
 352      934A3E95 
 352      A0
 353 02b6 60E7ABEF 		.ascii	"`\347\253\357'xa)\204WP\234\221\347\035\032\254E\032"
 353      27786129 
 353      8457509C 
 353      91E71D1A 
 353      AC451A
 354 02c9 2AD89F72 		.ascii	"*\330\237r`\243\216\317`\306u\345\217\317\370\242q\020"
 354      60A38ECF 
 354      60C675E5 
 354      8FCFF8A2 
 354      7110
 355 02db 1D1E4E6F 		.ascii	"\035\036No\313\364F[T\352\330\321\261\026\015\277\227"
 355      CBF4465B 
 355      54EAD8D1 
 355      B1160DBF 
 355      97
 356 02ec 99A6245B 		.ascii	"\231\246$[Oi\370\0126\2204|\215i\330\377\303x\201\032"
 356      4F69F80A 
 356      3690347C 
 356      8D69D8FF 
 356      C378811A 
 357 0300 87F4449F 		.ascii	"\207\364D\237F\363m\273)\344\353H\210\006\225y^8\370"
 357      46F36DBB 
 357      29E4EB48 
 357      88069579 
 357      5E38F8
 358 0313 49A2309F 		.ascii	"I\2420\237\234\"\032r\322\221\003\365\246\237d\252I"
 358      9C221A72 
 358      D29103F5 
 358      A69F64AA 
 358      49
 359 0324 5AA2A06E 		.ascii	"Z\242\240n\003M\216C\342\315\2208i\003%^\323\240-i\201"
ARM GAS  /tmp/cc5AvgRn.s 			page 28


 359      034D8E43 
 359      E2CD9038 
 359      6903255E 
 359      D3A02D69 
 360 0339 C9569804 		.ascii	"\311V\230\004\340\223\023G\327{\021M\210{\247\0167N"
 360      E0931347 
 360      D77B114D 
 360      887BA70E 
 360      374E
 361 034b AC381BD3 		.ascii	"\2548\033\323g\320\342\264\003\205\023\016\012\300\310"
 361      67D0E2B4 
 361      0385130E 
 361      0AC0C8
 362 035a 2EE3ADF1 		.ascii	".\343\255\361\241\"?~\013\333!\235=#\373}\3704\034p"
 362      A1223F7E 
 362      0BDB219D 
 362      3D23FB7D 
 362      F8341C70 
 363 036e 176D1397 		.ascii	"\027m\023\227\275\244d\032\206\256-K\200d\316\002\322"
 363      BDA4641A 
 363      86AE2D4B 
 363      8064CE02 
 363      D2
 364 037f 1907523B 		.ascii	"\031\007R;yi6\235n\263!\345\035\355\347\350\032U \334"
 364      7969369D 
 364      6EB321E5 
 364      1DEDE7E8 
 364      1A5520DC 
 365 0393 97287BEE 		.ascii	"\227({\356\346\023\367\224|\027\343q\343\340\221b-\177"
 365      E613F794 
 365      7C17E371 
 365      E3E09162 
 365      2D7F
 366 03a5 950DCE3D 		.ascii	"\225\015\316=\332\261\317\027\353\363\032\035\016\324"
 366      DAB1CF17 
 366      EBF31A1D 
 366      0ED4
 367 03b3 54547B6B 		.ascii	"TT{k\222\351\346g\361\340\201=\242\202tSF\344\365@r"
 367      92E9E667 
 367      F1E0813D 
 367      A2827453 
 367      46E4F540 
 368 03c8 9EC5CAA9 		.ascii	"\236\305\312\251>p\\\313\0170\250\202\370\276B\035\177"
 368      3E705CCB 
 368      0F30A882 
 368      F8BE421D 
 368      7F
 369 03d9 870D924A 		.ascii	"\207\015\222J\373Z\225\374c\034\004\3322R\2638\022\022"
 369      FB5A95FC 
 369      631C04DA 
 369      3252B338 
 369      1212
 370 03eb 1C1CE01F 		.ascii	"\034\034\340\037\034\020\020\022\000\015\372Z\355\314"
 370      1C101012 
 370      000DFA5A 
 370      EDCC
 371 03f9 10A5561B 		.ascii	"\020\245V\033\022\022\202+2/Q#\020r\233h\311\317\016"
ARM GAS  /tmp/cc5AvgRn.s 			page 29


 371      1212822B 
 371      322F5123 
 371      10729B68 
 371      C9CF0E
 372 040c 09868896 		.ascii	"\011\206\210\226I`\241&\275\371K\204\2669\344\012\361"
 372      4960A126 
 372      BDF94B84 
 372      B639E40A 
 372      F1
 373 041d 2717C066 		.ascii	"'\027\300f\220\004\220c\300\255\221\252\361:\345\367"
 373      90049063 
 373      C0AD91AA 
 373      F13AE5F7 
 374 042d 8740669A 		.ascii	"\207@f\232`\035o>\253\245\266\303\200w\021l/\203\255"
 374      601D6F3E 
 374      ABA5B6C3 
 374      8077116C 
 374      2F83AD
 375 0440 5D39B43D 		.ascii	"]9\264=N3Rl\303T-\302|\263\202\224\301\363r\372\274"
 375      4E33526C 
 375      C3542DC2 
 375      7CB38294 
 375      C1F372FA 
 376 0455 4274A0BB 		.ascii	"Bt\240\273g\004T\276I\202I/\011F\"i\350 \010AfrU\026"
 376      670454BE 
 376      4982492F 
 376      09462269 
 376      E8200841 
 377 046d 5F415949 		.ascii	"_AYI\0121\012\307\362;\221\002M\351\034 \366\377/\024"
 377      0A310AC7 
 377      F23B9102 
 377      4DE91C20 
 377      F6FF2F14 
 378 0481 AC10B65F 		.ascii	"\254\020\266_\244\360\000\3727\200B\237H\301\235\203"
 378      A4F000FA 
 378      3780429F 
 378      48C19D83 
 379 0491 C2A3358A 		.ascii	"\302\2435\212\333\006\333\235\322mrH\013\366\012\031"
 379      DB06DB9D 
 379      D26D7248 
 379      0BF60A19 
 380 04a1 9C807076 		.ascii	"\234\200pv9\257\003\312\240\2108\012\375KN\261\235\215"
 380      39AF03CA 
 380      A088380A 
 380      FD4B4EB1 
 380      9D8D
 381 04b3 152FB3B4 		.ascii	"\025/\263\264x\202U\330-)C\313\025\236\220\001x\362"
 381      788255D8 
 381      2D2943CB 
 381      159E9001 
 381      78F2
 382 04c5 8B83E1A0 		.ascii	"\213\203\341\240\304\020\345\254\025\345\244\333\355"
 382      C410E5AC 
 382      15E5A4DB 
 382      ED
 383 04d2 B45B391D 		.ascii	"\264[9\035\325\037\316?\353+d\316\301\023\356\250XL"
 383      D51FCE3F 
ARM GAS  /tmp/cc5AvgRn.s 			page 30


 383      EB2B64CE 
 383      C113EEA8 
 383      584C
 384 04e4 F1647458 		.ascii	"\361dtX\312S\261\353~\027\010z*\375f\3076$w\340\355"
 384      CA53B1EB 
 384      7E17087A 
 384      2AFD66C7 
 384      362477E0 
 385 04f9 658FDE03 		.ascii	"e\217\336\003\206\260RE\336\236\314\0242\033O\357\327"
 385      86B05245 
 385      DE9ECC14 
 385      321B4FEF 
 385      D7
 386 050a 3BF87EBD 		.ascii	";\370~\275G\224\242,\243=\2117\227\321s\356\026p\252"
 386      4794A22C 
 386      A33D8937 
 386      97D173EE 
 386      1670AA
 387 051d 70487359 		.ascii	"pHsY\222\206\356\363\373\000\333\005.\362\300\327d\352"
 387      9286EEF3 
 387      FB00DB05 
 387      2EF2C0D7 
 387      64EA
 388 052f 28E82E70 		.ascii	"(\350.pM\340\226\223\301}f\300N\243\342\347\363\343"
 388      4DE09693 
 388      C17D66C0 
 388      4EA3E2E7 
 388      F3E3
 389 0541 21248DE1 		.ascii	"!$\215\341\374\322\301\245\324\231\357\015\373t\320"
 389      FCD2C1A5 
 389      D499EF0D 
 389      FB74D0
 390 0550 ED434B29 		.ascii	"\355CK)T\261\377\205Gp\0364\234\330\272^\253\224\330"
 390      54B1FF85 
 390      47701E34 
 390      9CD8BA5E 
 390      AB94D8
 391 0563 B25369A4 		.ascii	"\262Si\244\267{\273\332\343U\343\021J\361\220\210w\215"
 391      B77BBBDA 
 391      E355E311 
 391      4AF19088 
 391      778D
 392 0575 FA8DE78B 		.ascii	"\372\215\347\213\275\371_\331\351R4|.\236\210w\212\314"
 392      BDF95FD9 
 392      E952347C 
 392      2E9E8877 
 392      8ACC
 393 0587 243E4BB0 		.ascii	"$>K\260\304\013S6x\333R/\362Xv\253x,\335*\236\340\255"
 393      C40B5336 
 393      78DB522F 
 393      F25876AB 
 393      782CDD2A 
 394 059e 62EA597A 		.ascii	"b\352Yz\215\017\322\030\266\323\310\235\270P\352\240"
 394      8D0FD218 
 394      B6D3C89D 
 394      B850EAA0 
 395 05ae F694BDD2 		.ascii	"\366\224\275\322\363kJOk=r\033Cn\317$nM\007[\233\375"
ARM GAS  /tmp/cc5AvgRn.s 			page 31


 395      F36B4A4F 
 395      6B3D721B 
 395      436ECF24 
 395      6E4D075B 
 396 05c4 F84D3C72 		.ascii	"\370M<r;~\272\364\211/r\263\224\346{\263\333\016u \343"
 396      3B7EBAF4 
 396      892F72B3 
 396      94E67BB3 
 396      DB0E7520 
 397 05d9 325AE312 		.ascii	"2Z\343\022\255\347Hk\373\263\253\311\336|:\003\330T"
 397      ADE7486B 
 397      FBB3ABC9 
 397      DE7C3A03 
 397      D854
 398 05eb 7DEB63E6 		.ascii	"}\353c\346\337c\367\247i\375*\363\377U\362\237@\377"
 398      DF63F7A7 
 398      69FD2AF3 
 398      FF55F29F 
 398      40FF
 399 05fd E18A5FDA 		.ascii	"\341\212_\332}\371l\346\337\335\234\326\243b\000\223"
 399      7DF96CE6 
 399      DFDD9CD6 
 399      A3620093 
 400 060d 7600BA10 		.ascii	"v\000\272\020'e\000\223\022\300\024\002d\331\022\347"
 400      27650093 
 400      12C01402 
 400      64D912E7 
 401 061d F125CC7F 		.ascii	"\361%\314\177l\250e\036s/)\224\273\333d\3566\311]\340"
 401      6CA8651E 
 401      732F2994 
 401      BBDB64EE 
 401      36C95DE0 
 402 0631 A87BDBF5 		.ascii	"\250{\333\365\303\0334\001\342\271d\361t\220)\234\316"
 402      C31B3401 
 402      E2B964F1 
 402      7490299C 
 402      CE
 403 0642 257A357C 		.ascii	"%z5|\3229\251\326\312We<'_\225\011\234V\264\334\333"
 403      D239A9D6 
 403      CA57653C 
 403      275F9509 
 403      9C56B4DC 
 404 0657 D795A4C1 		.ascii	"\327\225\244\301\032\301\234X\267\276\372\224\022o\373"
 404      1AC19C58 
 404      B7BEFA94 
 404      126FFB
 405 0666 8B2E91C3 		.ascii	"\213.\221\303\311\301K\247\207\275\354\305\\\317&\237"
 405      C9C14BA7 
 405      87BDECC5 
 405      5CCF269F 
 406 0676 EDECDEAB 		.ascii	"\355\354\336\253\364X\314$\216\026s\003'\026\2630\241"
 406      F458CC24 
 406      8E167303 
 406      2716B330 
 406      A1
 407 0687 B542C337 		.ascii	"\265B\30370-j\372\006r5L\214!\273\030\340@6r\0161\240"
 407      302D6AFA 
ARM GAS  /tmp/cc5AvgRn.s 			page 32


 407      0672354C 
 407      8C21BB18 
 407      E0403672 
 408 069e CFC44846 		.ascii	"\317\304HF1\356\345<m$|\027\003\230,)L\347\000\300\012"
 408      31EEE53C 
 408      6D247C17 
 408      03982C29 
 408      4CE700C0 
 409 06b3 FB6A53D1 		.ascii	"\373jS\321\202m\211i;\004\253\315\366*\273\377n\222"
 409      826D8969 
 409      3B04ABCD 
 409      F62ABBFF 
 409      6E92
 410 06c5 A16C9250 		.ascii	"\241l\222P6#\312\216\015y\337\253\371>\206R\264#-\303"
 410      3623CA8E 
 410      0D79DFAB 
 410      F93E8652 
 410      B4232DC3 
 411 06d9 1B512C39 		.ascii	"\033Q,9\205IA\262E\261E\206\260EBHA\204\376\313\275"
 411      854941B2 
 411      45B14586 
 411      B0454248 
 411      4184FECB 
 412 06ee 560D7F57 		.ascii	"V\015\177W\344\261\263;\2210\204\\g\204\357e\010\337"
 412      E4B1B33B 
 412      9130845C 
 412      6784EF65 
 412      08DF
 413 0700 4B085B11 		.ascii	"K\010[\021!\251\311v\203\360c\014\341\\Ji\025\317\020"
 413      21A9C976 
 413      83F0630C 
 413      E15C4A69 
 413      15CF10
 414 0713 F21C0874 		.ascii	"\362\034\010ta\244\312\020R%\2044D\270\231\324\223\300"
 414      61A4CA10 
 414      52258434 
 414      44B899D4 
 414      93C0
 415 0725 F3A94A44 		.ascii	"\363\251JDx\324p\374\236\310a\2373\3026\031\3026\011"
 415      78D470FC 
 415      9EC8619F 
 415      33C23619 
 415      C23609
 416 0738 211D114A 		.ascii	"!\035\021J*6l\234\346\264F\212\235\316\324\355l\215"
 416      2A366C9C 
 416      E6B4468A 
 416      9DCED4ED 
 416      6C8D
 417 074a D06FBA10 		.ascii	"\320o\272\020Kr\376\311\027a8\345\265\335\2255\323H"
 417      4B72FEC9 
 417      176138E5 
 417      B5DD9535 
 417      D348
 418 075c 4860205E 		.ascii	"H` ^\262\222\341D\313\3444d\207\010\317>\2310?\366>"
 418      B292E144 
 418      CBE43464 
 418      8708CF3E 
ARM GAS  /tmp/cc5AvgRn.s 			page 33


 418      99303FF6 
 419 0771 7D005D15 		.ascii	"}\000]\025~\343ek4]\340\177k\277Mgp!\370HAvq\201d'\207"
 419      7EE3656B 
 419      345DE07F 
 419      6BBF4D67 
 419      7021F848 
 420 078c 779FCD5B 		.ascii	"w\237\315[\252l>\236\257JY\234xUz\003\255so\357\314"
 420      AA6C3E9E 
 420      AF4A599C 
 420      78557A03 
 420      AD736FEF 
 421 07a1 56FBA789 		.ascii	"V\373\247\211o\356 \202\\\034k0\233\363\227|p@/\304"
 421      6FEE2082 
 421      5C1C6B30 
 421      9BF3977C 
 421      70402FC4 
 422 07b5 8D65E77D 		.ascii	"\215e\347}\360\"\375.\256\341|\353]\202\0275\037:L\337"
 422      F022FD2E 
 422      AEE17CEB 
 422      5D821735 
 422      1F3A4CDF 
 423 07c9 505BABC3 		.ascii	"P[\253\303\2417\336"
 423      A137DE
 424 07d0 BD0A4677 		.ascii	"\275\012Fw\372y&\223+\221\311a\334\207\023\357\226y"
 424      FA792693 
 424      2B91C961 
 424      DC8713EF 
 424      9679
 425 07e2 FBDBAF32 		.ascii	"\373\333\2572\214\315\017\220\333n\216\232\347!\233"
 425      8CCD0F90 
 425      DB6E8E9A 
 425      E7219B
 426 07f1 5CC6260F 		.ascii	"\\\306&\017\3314On\035\361s*\303#\2472X\3042X\260\014"
 426      D9344F6E 
 426      1DF1732A 
 426      C323A732 
 426      58C43258 
 427 0807 17CA7EC8 		.ascii	"\027\312~\310\323\361\245\254\354\243I\247\012\351\036"
 427      D3F1A5AC 
 427      ECA349A7 
 427      0AE91E
 428 0816 6AAC1C1D 		.ascii	"j\254\034\035\253\272\367^\351\001\2411A\230\200\323"
 428      ABBAF75E 
 428      E901A131 
 428      419880D3 
 429 0826 3A7E3DC1 		.ascii	":~=\301b\356\221U\177\217T\375\037\261\372M\331E\273"
 429      62EE9155 
 429      7F8F54FD 
 429      1FB1FA4D 
 429      D945BB
 430 0839 D4BC9501 		.ascii	"\324\274\225\001\331\246rFx\004\252\354\255\276\375"
 430      D9A67246 
 430      7804AAEC 
 430      ADBEFD
 431 0848 A6FDD4FF 		.ascii	"\246\375\324\377\000Q\362e(\371\022J\001\242\\\357~"
 431      0051F265 
 431      28F9124A 
ARM GAS  /tmp/cc5AvgRn.s 			page 34


 431      01A25CEF 
 431      7E
 432 0859 2068F874 		.ascii	" h\370t/D\351\353\274\366\204\321\251\254?8:\317\005"
 432      2F44E9EB 
 432      BCF684D1 
 432      A9AC3F38 
 432      3ACF05
 433 086c A5508652 		.ascii	"\245P\206R(\241\354E\224\344\262\312z5\036-\355\366"
 433      28A1EC45 
 433      94E4B2CA 
 433      7A351E2D 
 433      EDF6
 434 087e 8BF5644A 		.ascii	"\213\365dJw\213\257\307\223e\037\236,E\322\3112eM\025"
 434      778BAFC7 
 434      93651F9E 
 434      2C45D2C9 
 434      32654D15 
 435 0892 D47C27A3 		.ascii	"\324|'\243\261g\350R\252\206\277\302\006\303\255S\325"
 435      B167E852 
 435      AA86BFC2 
 435      06C3AD53 
 435      D5
 436 08a3 F4D422FB 		.ascii	"\364\324\"\3731$\314\\\036?xG\313D\353=d\371h[E\022"
 436      3124CC5C 
 436      1E3F7847 
 436      CB44EB3D 
 436      64F9685B 
 437 08b9 FBE14CF2 		.ascii	"\373\341L\362\032\323\224\024\230\024KLI\011\004\240"
 437      1AD39414 
 437      98144B4C 
 437      490904A0 
 438 08c9 4346B614 		.ascii	"CF\266\024\311\326\244\236\254\323\360y\336,\345\037"
 438      C9D6A49E 
 438      ACD3F079 
 438      DE2CE51F 
 439 08d9 872EFA48 		.ascii	"\207.\372H\025\250}\377\305\012\224\311\262.\223\200"
 439      15A87DFF 
 439      C50A94C9 
 439      B22E9380 
 440 08e9 CA1950EF 		.ascii	"\312\031P\357\266,-_\306\200F2\006\272\275\244\012\324"
 440      B62C2D5F 
 440      C6804632 
 440      06BABDA4 
 440      0AD4
 441 08fb 86BA6857 		.ascii	"\206\272hW!C\251\220P*\021%\267\253oH\311\3271\224\335"
 441      2143A990 
 441      502A1125 
 441      B7AB6F48 
 441      C9D73194 
 442 0910 03D5CD5A 		.ascii	"\003\325\315Z\251\002\267\377\342\202R%C\251\222P\016"
 442      A902B7FF 
 442      E2825225 
 442      43A99250 
 442      0E
 443 0921 20CAE0F6 		.ascii	" \312\340\366\007\233\2744\342\006M\376o\033\264\256"
 443      079BBC34 
 443      E2064DFE 
ARM GAS  /tmp/cc5AvgRn.s 			page 35


 443      6F1BB4AE 
 444 0931 2A6D5C87 		.ascii	"*m\\\207\033\350\023:\354i\333\365G\3340j:\232H\034"
 444      1BE8133A 
 444      EC69DBF5 
 444      47DC306A 
 444      3A9A481C 
 445 0945 7ECA7BDE 		.ascii	"~\312{\33605\322\206)g?t2\272\255[^\3300?A\254\203\270"
 445      3035D286 
 445      29673F74 
 445      32BAAD5B 
 445      5ED8303F 
 446 095d 610EE186 		.ascii	"a\016\341\206A'<*\233&\004\225\334\272\372e\3267\322"
 446      41273C2A 
 446      9B260495 
 446      DCBAFA65 
 446      D637D2
 447 0970 334679FE 		.ascii	"3Fy\376$\323\246.k\277\005\326\010\033\024\347\326\026"
 447      24D3A62E 
 447      6BBF05D6 
 447      081B14E7 
 447      D616
 448 0982 2A67ED11 		.ascii	"*g\355\021\272,\243\305WZH|\232\025\360\350\231Ij9\177"
 448      BA2CA3C5 
 448      575A487C 
 448      9A15F0E8 
 448      99496A39 
 449 0997 520742C1 		.ascii	"R\007B\301\365A\006|\230\312E\366\022XHG\270Y\000`\235"
 449      F541067C 
 449      98CA45F6 
 449      12584847 
 449      B8590060 
 450 09ac 4A13A679 		.ascii	"J\023\246y\316\262^\312r7SlGF\3720\357zH9~a4 \357z\211"
 450      CEB25ECA 
 450      7237536C 
 450      4746FA30 
 450      EF7A4839 
 451 09c7 77EBE864 		.ascii	"w\353\350d\274Vn]\3752\353\222\362\363%:\376\012K\254"
 451      BC566E5D 
 451      FD32EB92 
 451      F2F3253A 
 451      FE0A4BAC 
 452 09db E25879B9 		.ascii	"\342Xy\271\032\023\263\364\346\013\312La=}'\222\243"
 452      1A13B3F4 
 452      E60BCA4C 
 452      613D7D27 
 452      92A3
 453 09ed 625670A9 		.ascii	"bVp\251\221\001\035sd\325\210Y\375t\254\372!\373\007"
 453      91011D73 
 453      64D58859 
 453      FD74ACFA 
 453      21FB07
 454 0a00 5632BBB0 		.ascii	"V2\273\260\014><\303\376\203\365\212\374\377[Z\366\377"
 454      0C3E3CC3 
 454      FE83F58A 
 454      FCFF5B5A 
 454      F6FF
 455 0a12 ADEEC1AD 		.ascii	"\255\356\301\255{t\23658!i\320\3144H\020\316L(]+\335"
ARM GAS  /tmp/cc5AvgRn.s 			page 36


 455      7B749E35 
 455      382169D0 
 455      CC344810 
 455      CE4C285D 
 456 0a28 04121F47 		.ascii	"\004\022\037G\211ObV'\244\254\032\262{\256\370\272V"
 456      894F6256 
 456      27A4AC1A 
 456      B27BAEF8 
 456      BA56
 457 0a3a DAA3F5FD 		.ascii	"\332\243\365\375;\251\203\034\177\207i\320\261\375\256"
 457      3BA9831C 
 457      7F8769D0 
 457      B1FDAE
 458 0a49 D5876960 		.ascii	"\325\207i`\223i\320\"j\000\3672\031P\253C\2036\324\340"
 458      9369D022 
 458      6A00F732 
 458      1950AB43 
 458      8336D4E0 
 459 0a5d C0C9DC11 		.ascii	"\300\311\334\021\0365HC\264\344\341\254T\366;\336\237"
 459      1E354843 
 459      B4E4E1AC 
 459      54F63BDE 
 459      9F
 460 0a6e 0E530787 		.ascii	"\016S\007\207\256\373zN\272CJ\3728K\272\341P\335u\255"
 460      AEFB7A4E 
 460      BA434AFA 
 460      384BBAE1 
 460      50DD75AD 
 461 0a82 6BD2A720 		.ascii	"k\322\247 z;F?\215it\330\227\367\343\341]/$\355\321"
 461      7A3B463F 
 461      8D6974D8 
 461      97F7E3E1 
 461      5D2F24ED 
 462 0a97 FA8AB529 		.ascii	"\372\212\265)\215\347\307X\322\345'23|Y\322e\205\216"
 462      8DE7C758 
 462      D2E52732 
 462      337C59D2 
 462      65858E
 463 0aaa A4CF8849 		.ascii	"\244\317\210I\303mR\006\324\351H\372,&\235\331\234\275"
 463      C36D5206 
 463      D4E948FA 
 463      2C269DD9 
 463      9CBD
 464 0abc 89777A09 		.ascii	"\211wz\011]u\372\025\323%\276\204\272\360%\264\363\340"
 464      5D75FA15 
 464      D325BE84 
 464      BAF025B4 
 464      F3E0
 465 0ace EE7C2F7F 		.ascii	"\356|/\177\331\357uz\271t\377{\235\374\214/\271#\326"
 465      D9EF757A 
 465      B974FF7B 
 465      9DFC8C2F 
 465      B923D6
 466 0ae1 8795EC95 		.ascii	"\207\225\354\225\233\211l\263:v\235a/\331\000\\\360"
 466      9B896CB3 
 466      3A769D61 
 466      2FD9005C 
ARM GAS  /tmp/cc5AvgRn.s 			page 37


 466      F0
 467 0af2 3937635E 		.ascii	"97c^\362\277\021I\323v\246\351\206\212\366~\316U\323"
 467      F2BF1149 
 467      D376A6E9 
 467      868AF67E 
 467      CE55D3
 468 0b05 7390DC79 		.ascii	"s\220\334yL\356\002\252\324m?\004\236]\233\364q\325"
 468      4CEE02AA 
 468      D46D3F04 
 468      9E5D9BF4 
 468      71D5
 469 0b17 D4A375EB 		.ascii	"\324\243u\353T\323\200\017\237\344\303\376s\326\362"
 469      54D3800F 
 469      9FE4C3FE 
 469      73D6F2
 470 0b26 F002C734 		.ascii	"\360\002\3074\275/\323\364\027QS\270\224\312\200.:4"
 470      BD2FD3F4 
 470      175153B8 
 470      94CA802E 
 470      3A34
 471 0b38 EDE16629 		.ascii	"\355\341f)|\214\337\231\303c\242\314\336\037/\371<h"
 471      7C8CDF99 
 471      C363A2CC 
 471      DE1F2FF9 
 471      3C68
 472 0b4a A1223834 		.ascii	"\241\"844l\341\252\250\025QK#\364o\207\316\011}',\326"
 472      346CE1AA 
 472      A815514B 
 472      23F46F87 
 472      CE097D27 
 473 0b60 14B62A32 		.ascii	"\024\266*2:\314\024g\010\003\323P\203B\275\350\213\345"
 473      3ACC1467 
 473      0803D350 
 473      8342BDE8 
 473      8BE5
 474 0b72 1FC6457D 		.ascii	"\037\306E}c\214\323\300\204\311\034i6\352\315\032\230"
 474      638CD3C0 
 474      84C91C69 
 474      36EACD1A 
 474      98
 475 0b83 D47FBE24 		.ascii	"\324\177\276$|I\370r\025\355F,_\272\014\347\026,\\\036"
 475      7C49F872 
 475      15ED462C 
 475      5FBA0CE7 
 475      162C5C1E 
 476 0b97 FEF74521 		.ascii	"\376\367E!\236`\243b\014\321kW\032\021z\225\302\013"
 476      9E60A362 
 476      0CD16B57 
 476      1A117A95 
 476      C20B
 477 0ba9 D1A683DF 		.ascii	"\321\246\203\337\302U\22111\306\350\205\2611_E\375K"
 477      C2559131 
 477      31C6E885 
 477      B1315F45 
 477      FD4B
 478 0bbb B5362AC6 		.ascii	"\2656*\306\374\366\\\210\242\327K\3357\303\326\232\342"
 478      FCF65C88 
ARM GAS  /tmp/cc5AvgRn.s 			page 38


 478      A2D74BDD 
 478      37C3D69A 
 478      E2
 479 0bcc ECEE31C6 		.ascii	"\354\3561\306o\243\243V\204\255\2164\254\212\2121\206"
 479      6FA3A356 
 479      84AD8E34 
 479      AC8A8A31 
 479      86
 480 0bdd E9571ABF 		.ascii	"\351W\032\277\212\\\033m\326\233\327\2551\232\0008\330"
 480      8A5C1B6D 
 480      D69BD7AD 
 480      319A0038 
 480      D8
 481 0bee 9DB5699D 		.ascii	"\235\265i\235)Lo2\257\004D0Q\256\216]i\324\032\277["
 481      294C6F32 
 481      AF044430 
 481      51AE8E5D 
 481      69D41ABF 
 482 0c03 6360A1F5 		.ascii	"c`\241\365\346\271\236H\257\211\2153\233\302\"\226/"
 482      E6B99E48 
 482      AF898D33 
 482      9BC22296 
 482      2F
 483 0c14 7E7B6ED8 		.ascii	"~{n\330\247\237~H\311\353\243\243W\002\210\037t\015"
 483      A79F7E48 
 483      C9EBA3A3 
 483      5702881F 
 483      740D
 484 0c26 91D1D12B 		.ascii	"\221\321\321+\"\015_\353\315\234a\205JD3Q\325X6\336"
 484      220D5FEB 
 484      CD9C6185 
 484      4A443351 
 484      D55836DE 
 485 0c3a 06FCA2A6 		.ascii	"\006\374\242\246KW\374\333h@\371U0\2120G\306\231}\260"
 485      4B57FCDB 
 485      6840F955 
 485      308A3047 
 485      C6997DB0 
 486 0c4e 13BB663A 		.ascii	"\023\273f:|\213\",\212\211\\\021m|\3051\361a\224\211"
 486      7C8B222C 
 486      8A895C11 
 486      6D7CC531 
 486      F1619489 
 487 0c62 CEF85353 		.ascii	"\316\370SS\2434\271\030\350\207kE*\372(\300\364\223"
 487      A334B918 
 487      E8876B45 
 487      2AFA28C0 
 487      F493
 488 0c74 06260AAC 		.ascii	"\006&\012\254u\214b\327\314\220\006R\262F\2141\323u"
 488      758C62D7 
 488      CC900652 
 488      B2468C31 
 488      D375
 489 0c86 7A258BA4 		.ascii	"z%\213\244\204q\234o\254)2:b\235\351\323X\303\327\277"
 489      84719C6F 
 489      AC29323A 
 489      629DE9D3 
ARM GAS  /tmp/cc5AvgRn.s 			page 39


 489      58C3D7BF 
 490 0c9a F7240DB5 		.ascii	"\367$\015\265\011\2133\3437\350\2416\254z\231\007\030"
 490      098B33E3 
 490      37E8A136 
 490      AC7A9907 
 490      18
 491 0cab 4A3531AC 		.ascii	"J51\254\202rP\017*\256>\032<\336\362\340\301\324_\360"
 491      8272500F 
 491      2AAE3E1A 
 491      3CDEF2E0 
 491      C1D45FF0 
 492 0cbf D9E2858B 		.ascii	"\331\342\205\213\277\0037Cl\234Q\377\315\274\325T}\275"
 492      BF033743 
 492      6C9C51FF 
 492      CDBCD554 
 492      7DBD
 493 0cd1 DE6434EB 		.ascii	"\336d4\353?X\020\261h\331g\341~\221\321\337F\2563\201"
 493      3F5810B1 
 493      68D967E1 
 493      7E91D1DF 
 493      46AE3381 
 494 0ce5 14D1B026 		.ascii	"\024\321\260&\336q\207\006\351\206-\\\034\021\036\341"
 494      DE718706 
 494      E9862D5C 
 494      1C111EE1 
 495 0cf5 A041D10C 		.ascii	"\240A\321\014\253?Z\033c\240\200b\312\237\307PB\276"
 495      AB3F5A1B 
 495      63A08062 
 495      CA9FC750 
 495      42BE
 496 0d07 988CD847 		.ascii	"\230\214\330G\232k\261\257\322\353\277\002{\275\336"
 496      9A6BB1AF 
 496      D2EBBF02 
 496      7BBDDE
 497 0d16 4FEA84CE 		.ascii	"O\352\204\316{k\316\273\362\321[s\235F\363\344\243\271"
 497      7B6BCEBB 
 497      F2D15B73 
 497      9D46F3E4 
 497      A3B9
 498 0d28 4ECFE6FE 		.ascii	"N\317\346\376\351?\364\206\002\234"
 498      E93FF486 
 498      029C
 499              		.text
 500              		.section	.gnu.lto_.symtab.4f3f4b1efc7644e0,"",%progbits
 501 0000 65787449 		.ascii	"extInit\000\000\000\000\000\000\000\000\000\000\000"
 501      6E697400 
 501      00000000 
 501      00000000 
 501      0000
 502 0012 00AC0000 		.ascii	"\000\254\000\000\000extObjectInit\000\000\000\000\000"
 502      00657874 
 502      4F626A65 
 502      6374496E 
 502      69740000 
 503 0029 00000000 		.ascii	"\000\000\000\000\000\000\000\365\000\000\000extStar"
 503      000000F5 
 503      00000065 
ARM GAS  /tmp/cc5AvgRn.s 			page 40


 503      78745374 
 503      6172
 504 003b 74000000 		.ascii	"t\000\000\000\000\000\000\000\000\000\000\000\000\372"
 504      00000000 
 504      00000000 
 504      00FA
 505 0049 00000065 		.ascii	"\000\000\000extStop\000\000\000\000\000\000\000\000"
 505      78745374 
 505      6F700000 
 505      00000000 
 505      0000
 506 005b 00000000 		.ascii	"\000\000\000\000\374\000\000\000extChannelEnable\000"
 506      FC000000 
 506      65787443 
 506      68616E6E 
 506      656C456E 
 507 0074 00000000 		.ascii	"\000\000\000\000\000\000\000\000\000\000\000\376\000"
 507      00000000 
 507      000000FE 
 507      00
 508 0081 00006578 		.ascii	"\000\000extChannelDisable\000\000\000\000\000\000\000"
 508      74436861 
 508      6E6E656C 
 508      44697361 
 508      626C6500 
 509 009b 00000000 		.ascii	"\000\000\000\000\000\000\001\000\000extSetChannelMo"
 509      00000100 
 509      00657874 
 509      53657443 
 509      68616E6E 
 510 00b3 64654900 		.ascii	"deI\000\000\000\000\000\000\000\000\000\000\000\000"
 510      00000000 
 510      00000000 
 510      000000
 511 00c2 08010000 		.ascii	"\010\001\000\000ext_lld_init\000\000\002\000\000\000"
 511      6578745F 
 511      6C6C645F 
 511      696E6974 
 511      00000200 
 512 00d8 00000000 		.ascii	"\000\000\000\000\000\000\012\001\000\000ext_lld_sta"
 512      00000A01 
 512      00006578 
 512      745F6C6C 
 512      645F7374 
 513 00ed 72740000 		.ascii	"rt\000\000\002\000\000\000\000\000\000\000\000\000\014"
 513      02000000 
 513      00000000 
 513      00000C
 514 00fc 01000065 		.ascii	"\001\000\000ext_lld_stop\000\000\002\000\000\000\000"
 514      78745F6C 
 514      6C645F73 
 514      746F7000 
 514      00020000 
 515 0112 00000000 		.ascii	"\000\000\000\000\000\016\001\000\000ext_lld_channel"
 515      000E0100 
 515      00657874 
 515      5F6C6C64 
ARM GAS  /tmp/cc5AvgRn.s 			page 41


 515      5F636861 
 516 012a 5F656E61 		.ascii	"_enable\000\000\002\000\000\000\000\000\000\000\000"
 516      626C6500 
 516      00020000 
 516      00000000 
 516      0000
 517 013c 00100100 		.ascii	"\000\020\001\000\000ext_lld_channel_disable\000\000"
 517      00657874 
 517      5F6C6C64 
 517      5F636861 
 517      6E6E656C 
 518 015a 02000000 		.ascii	"\002\000\000\000\000\000\000\000\000\000\022\001\000"
 518      00000000 
 518      00001201 
 518      00
 519 0167 00       		.ascii	"\000"
 520              		.text
 521              		.section	.gnu.lto_.opts,"",%progbits
 522 0000 272D666E 		.ascii	"'-fno-trapv' '-mcpu=cortex-m4' '-mfloat-abi=hard' '"
 522      6F2D7472 
 522      61707627 
 522      20272D6D 
 522      6370753D 
 523 0033 2D6D6670 		.ascii	"-mfpu=fpv4-sp-d16' '-mno-thumb-interwork' '-mthumb'"
 523      753D6670 
 523      76342D73 
 523      702D6431 
 523      36272027 
 524 0066 20272D67 		.ascii	" '-ggdb' '-Os' '-fomit-frame-pointer' '-falign-func"
 524      67646227 
 524      20272D4F 
 524      73272027 
 524      2D666F6D 
 525 0099 74696F6E 		.ascii	"tions=16' '-ffunction-sections' '-fdata-sections' '"
 525      733D3136 
 525      2720272D 
 525      6666756E 
 525      6374696F 
 526 00cc 2D666E6F 		.ascii	"-fno-common' '-flto' '-fsingle-precision-constant'\000"
 526      2D636F6D 
 526      6D6F6E27 
 526      20272D66 
 526      6C746F27 
 527              		.text
 528              		.comm	__gnu_lto_v1,1,1
 529              		.comm	__gnu_lto_slim,1,1
 530              		.ident	"GCC: (15:4.9.3+svn231177-1) 4.9.3 20150529 (prerelease)"
ARM GAS  /tmp/cc5AvgRn.s 			page 42


DEFINED SYMBOLS
                            *ABS*:0000000000000000 ext.c
                            *COM*:0000000000000001 __gnu_lto_v1
                            *COM*:0000000000000001 __gnu_lto_slim

NO UNDEFINED SYMBOLS
