ARM GAS  /tmp/ccQhhXRS.s 			page 1


   1              		.syntax unified
   2              		.cpu cortex-m4
   3              		.eabi_attribute 27, 1
   4              		.eabi_attribute 28, 1
   5              		.fpu fpv4-sp-d16
   6              		.eabi_attribute 20, 1
   7              		.eabi_attribute 21, 1
   8              		.eabi_attribute 23, 3
   9              		.eabi_attribute 24, 1
  10              		.eabi_attribute 25, 1
  11              		.eabi_attribute 26, 1
  12              		.eabi_attribute 30, 4
  13              		.eabi_attribute 34, 1
  14              		.eabi_attribute 18, 4
  15              		.thumb
  16              		.file	"ext_lld.c"
  17              		.text
  18              	.Ltext0:
  19              		.section	.gnu.lto_.profile.6792927616cdc288,"",%progbits
  20 0000 789C6366 		.ascii	"x\234cf```c\200\000F\206\317\214\333\031\001\005\340"
  20      60606063 
  20      80004686 
  20      CF8CDB19 
  20      0105E0
  21 0013 01B7     		.ascii	"\001\267"
  22              		.text
  23              		.section	.gnu.lto_.jmpfuncs.6792927616cdc288,"",%progbits
  24 0000 789C6D8C 		.ascii	"x\234m\2141\012\2000\024C\223|-\336\320\243t*\277\243"
  24      310A8030 
  24      1443937C 
  24      2DDED0A3 
  24      742ABFA3 
  25 0014 9347E8EA 		.ascii	"\223G\350\352\346e<\211\243\210`+\272\231\345\221\300"
  25      E6653C89 
  25      A388602B 
  25      BA99E591 
  25      C0
  26 0025 8BE13FE3 		.ascii	"\213\341?\343\313\000\222N\221\202\323\"\001\001\324"
  26      CB00924E 
  26      9182D322 
  26      0101D4
  27 0034 2E966D5E 		.ascii	".\226m^\225\316<\345\341\020\256:\203\013\023\272f\240"
  27      95CE3CE5 
  27      E110AE3A 
  27      830B13BA 
  27      66A0
  28 0046 AF8AB987 		.ascii	"\257\212\271\207Vd\3619\373\010\334\336\266\016\305"
  28      5664F139 
  28      FB08DCDE 
  28      B60EC5
  29              		.text
  30              		.section	.gnu.lto_.inline.6792927616cdc288,"",%progbits
  31 0000 789C6D50 		.ascii	"x\234mP\261J\003A\020}\263\273w9r\011\267\006E8\204"
  31      B14A0341 
  31      107DB3BB 
  31      77397209 
  31      B7064538 
ARM GAS  /tmp/ccQhhXRS.s 			page 2


  32 0015 BB2EE047 		.ascii	"\273.\340G\034W\244\316_D\3147\330\0106\351<,\255Ri"
  32      1C57A4CE 
  32      5F44CC37 
  32      D80836E9 
  32      3C2CAD52 
  33 002a CC15B116 		.ascii	"\314\025\261\026\213`\024\204\030\304?\260\260H\251"
  33      8B601484 
  33      18C43FB0 
  33      B048A9
  34 0039 901476CE 		.ascii	"\220\024v\316\336n\024\202[\314\333\235\331y\363\336"
  34      DE6E1482 
  34      5BCCDB9D 
  34      D979F3DE 
  35 0049 48FC7F1E 		.ascii	"H\374\177\036\311\242\017\264v\210\300O\031\027s\202"
  35      C9A20FB4 
  35      7688C04F 
  35      19177382 
  36 0059 3F4C04D4 		.ascii	"?L\004\3240Q\246J\330o\221\244\336\227\240\347\373\311"
  36      3051A64A 
  36      D86F91A4 
  36      DE97A0E7 
  36      FBC9
  37 006b 457329BE 		.ascii	"Es)\276\005%\240k\212AG\026\270\3233D\256O#^\235\004"
  37      0525A06B 
  37      8A414716 
  37      B8D33344 
  37      AE4F235E 
  38 0081 F05F0E74 		.ascii	"\360_\016t`(D\010\005*\272\002^\223 6?m\205\007(\204"
  38      60284408 
  38      052ABA02 
  38      5E932036 
  38      3F6D8507 
  39 0097 21491CF3 		.ascii	"!I\034\363\210\327\367\331y\303\214\020\0024\242X\002"
  39      88D7F7D9 
  39      79C38C10 
  39      0234A258 
  39      02
  40 00a8 7D870409 		.ascii	"}\207\004\011\025L3\333L\313\232f\276A[W\"\353L\302"
  40      154C33DB 
  40      4CCB9A66 
  40      BE415B57 
  40      22EB4CC2 
  41 00bc 1AD63824 		.ascii	"\032\3268$\277\322:y\232?\370\225\326\010tc\265V\320"
  41      BFD23A79 
  41      9A3FF895 
  41      D6087463 
  41      B556D0
  42 00cf DB566E88 		.ascii	"\333Vn\210\323h#\212\007\344\250\017\3329+^\311SR\302"
  42      D368238A 
  42      07E4A80F 
  42      DA392B5E 
  42      C95352C2 
  43 00e3 21F43473 		.ascii	"!\3644s\271\324\345Rt>J\216\351]\226\2476\245]I\243"
  43      B9D4E552 
  43      743E4A8E 
  43      E95D96A7 
  43      36A55D49 
ARM GAS  /tmp/ccQhhXRS.s 			page 3


  44 00f8 F35972DC 		.ascii	"\363Yr\334e&\2430\347-\357\335z\316\345\333\345\325"
  44      6526A330 
  44      E72DEFDD 
  44      7ACEE5DB 
  44      E5D5
  45 010a 5954B9E4 		.ascii	"YT\271\344\255\217\235\313\361\237\313hV&\250-Fb\333"
  45      AD8F9DCB 
  45      F19FCB68 
  45      5626A82D 
  45      4662DB
  46 011d A76CF0FE 		.ascii	"\247l\360\376\026\252\350\376^\254s\374\000\021rO\247"
  46      16AAE8FE 
  46      5EAC73FC 
  46      0011724F 
  46      A7
  47              		.text
  48              		.section	.gnu.lto_.pureconst.6792927616cdc288,"",%progbits
  49 0000 789C6366 		.ascii	"x\234cf``\340e\200\0006\006)F)&\011\026)V)6I\000\005"
  49      6060E065 
  49      80003606 
  49      29462926 
  49      09162956 
  50 0019 AE00C2   		.ascii	"\256\000\302"
  51              		.text
  52              		.section	.gnu.lto_ext_lld_channel_disable.part.0.6792927616cdc288,"",%progbits
  53 0000 789CA593 		.ascii	"x\234\245\223OHTQ\024\306\357\271\367\315\233\031\237"
  53      4F485451 
  53      14C6EFB9 
  53      F7CD9B19 
  53      9F
  54 0011 63160436 		.ascii	"c\026\0046\253@E\0279/\264\226AQ\213\026V\013\335\213"
  54      AB404517 
  54      392FB496 
  54      41518B16 
  54      560BDD8B 
  55 0025 99A030A8 		.ascii	"\231\2400\250\244\213v\336\321)\213 \306\011\3020\027"
  55      A48B76DE 
  55      D1298B20 
  55      C609C230 
  55      17
  56 0036 116539A5 		.ascii	"\021e9\245ijj\377&\023\011Rc \014E\324\205eA\213\314"
  56      696A6AFF 
  56      26130952 
  56      63200C45 
  56      D4856541 
  57 004c 6A9C48A6 		.ascii	"j\234H\246s\356\233\234\244\3250\003s\356\275\337}\347"
  57      73EE9B9C 
  57      A4D53003 
  57      73EEBDDF 
  57      7DE7
  58 005e 77BE7BDE 		.ascii	"w\276{\336}\202\375\377\333\207\377\022\033cGp\004\033"
  58      7D82FDFF 
  58      DB87FF12 
  58      1B634770 
  58      041B
  59 0070 032D3083 		.ascii	"\003-0\203\023\015\270\0329\010\032}\016\001@\023\006"
  59      130DB81A 
ARM GAS  /tmp/ccQhhXRS.s 			page 4


  59      39081A7D 
  59      0E014013 
  59      06
  60 0081 AC59E302 		.ascii	"\254Y\343\002\232\3413_\343\020\010\207:\214\202\333"
  60      9AE1335F 
  60      E3100887 
  60      3A8C82DB 
  61 0091 52CAAFC1 		.ascii	"R\312\257\301\265\234\36391\316\330:\267\300\320\015"
  61      B59CF339 
  61      31CED83A 
  61      B7C0D00D 
  62 00a1 05F8C8FA 		.ascii	"\005\370\310\372\227\241jq\020\030NG{\277O\033\237x"
  62      97A16A71 
  62      10184E47 
  62      7BBF4F1B 
  62      9F78
  63 00b3 8CC35E5A 		.ascii	"\214\303^Z\216\005_w\350\264\344\032-#m\013\233F\376"
  63      8E055F77 
  63      E8B4E41A 
  63      2D236D0B 
  63      9B46FE
  64 00c6 2D295BC2 		.ascii	"-)[\302\277\007\344a-\206e\356\202@\034\334\0037\364"
  64      BF07E461 
  64      2D8665EE 
  64      82401CDC 
  64      0337F4
  65 00d9 809BA1C4 		.ascii	"\200\233\241\304 \004\371\364\370`<<\247\213C\012|\271"
  65      2004F9F4 
  65      F8603C3C 
  65      A78B430A 
  65      7CB9
  66 00eb 7D39BA23 		.ascii	"}9\272#\367&\245^k\225y\322\267\021\217\333c\\\203\373"
  66      F726A55E 
  66      6B9579D2 
  66      B7118FDB 
  66      635C83FB 
  67 00ff DBF3AD1F 		.ascii	"\333\363\255\037&\254\3717\337\033\272\037}g\303\003"
  67      26ACF937 
  67      DF1BBA1F 
  67      7D67C303 
  68 010f C8B53C43 		.ascii	"\310\265<C/\350\200\003)}\273\244\214\307W\373\012v"
  68      2FE88003 
  68      297DBBA4 
  68      8CC757FB 
  68      0A76
  69 0121 0356B571 		.ascii	"\003V\265q\240\262\002\247\272F\301FA\247\035;\005\007"
  69      A0B202A7 
  69      BA46C146 
  69      41A71D3B 
  69      0507
  70 0133 0527850C 		.ascii	"\005'\205\014\012\006\205L\012.\012Y\024\030[\301\032"
  70      0A06854C 
  70      0A2E0A59 
  70      14185BC1 
  70      1A
  71 0144 D4C20F78 		.ascii	"\324\302\017x\\\034\305,\264\354$/s\223\023=F\341\035"
  71      5C1CC52C 
ARM GAS  /tmp/ccQhhXRS.s 			page 5


  71      B4EC242F 
  71      7393133D 
  71      46E11D
  72 0157 F422AF07 		.ascii	"\364\"\257\007\360\324Z\302&\364A!n/\217\374\014\272"
  72      F0D45AC2 
  72      26F44121 
  72      6E2F8FFC 
  72      0CBA
  73 0169 545B962F 		.ascii	"T[\226/u\317f\312\343[\347\202\177\372\2421x\210}Af"
  73      75CF66CA 
  73      E35BE782 
  73      7FFAA231 
  73      78887D41 
  74 017e 3623FF94 		.ascii	"6#\377\224\314\250\026W\265\346a|\270\177\352\252\215"
  74      CCA81657 
  74      B5E6617C 
  74      B87FEAAA 
  74      8D
  75 018f 8E18C5E3 		.ascii	"\216\030\305\343s\350|s\243\303A\315\267\313\213~\251"
  75      73E87C73 
  75      A3C341CD 
  75      B7CB8B7E 
  75      A9
  76 01a0 5EC0D2CA 		.ascii	"^\300\322\312\333\210%\251\036\255.\016M\273\272\240"
  76      DB8825A9 
  76      1EAD2E0E 
  76      4DBBBAA0 
  77 01b0 D317908E 		.ascii	"\323\027\220\216\030w@?\026\033\240&\342\336\225w\223"
  77      1877403F 
  77      161BA026 
  77      E2DE9577 
  77      93
  78 01c1 3FF4A290 		.ascii	"?\364\242\220\364\373p\313\011\217\240\013\276\251\327"
  78      F4FB70CB 
  78      098FA00B 
  78      BEA9D7
  79 01d0 0E8350C4 		.ascii	"\016\203P\304\346\241e\261mBX\305D\024=\314C\353\202"
  79      E6A165B1 
  79      6D4258C5 
  79      44143DCC 
  79      43EB82
  80 01e3 6EAD35C8 		.ascii	"n\2555\310s\243J\017\375\272\260\302-\321\206\272\225"
  80      73A34A0F 
  80      FDBAB0C2 
  80      2DD186BA 
  80      95
  81 01f4 36955048 		.ascii	"6\225PH\244\264\215D\232\035m\243\212\322x\020HJ\315"
  81      A4B48D44 
  81      9A1D6DA3 
  81      8AD27810 
  81      484ACD
  82 0207 E150D2E1 		.ascii	"\341P\322\3410\024!\216@\303\221\251\204IGj\264\307"
  82      3014218E 
  82      40C391A9 
  82      8449476A 
  82      B4C7
  83 0219 8A06441B 		.ascii	"\212\006D\033Q\347\335\262\351DV\0326G\223\3401\262"
ARM GAS  /tmp/ccQhhXRS.s 			page 6


  83      51E7DDB2 
  83      E944561A 
  83      364793E0 
  83      31B2
  84 022b E95436DB 		.ascii	"\351T6\333\247\02363R\243=Q4u\265\237n\267i +\015\233"
  84      A7133633 
  84      52A33D51 
  84      3475B59F 
  84      6EB76920 
  85 0242 CF92E0E7 		.ascii	"\317\222\340\347d\323\260\272\371\327ffj\264\027\212"
  85      64D3B0BA 
  85      F9D76666 
  85      6AB4178A 
  86 0252 268816DE 		.ascii	"&\210\026\336n\323\205\2544l\276L\202\307\311\246\313"
  86      6ED385AC 
  86      346CBE4C 
  86      82C7C9A6 
  86      CB
  87 0263 BA621F47 		.ascii	"\272b\037G\313-|\226u\353Re\207\367\020\374\225\202"
  87      CB2D7C96 
  87      75EB5265 
  87      87F710FC 
  87      9582
  88 0275 D3C70A13 		.ascii	"\323\307\012\023\004\317R\237\233P\237\333\"\370\302"
  88      04CF529F 
  88      9B509FDB 
  88      22F8C2
  89 0284 4B27094A 		.ascii	"K'\011J7\016/9\251\330\256b\217\307<ZS{\272\366TYE\211"
  89      370E2F39 
  89      A9D8AE62 
  89      8FC73C5A 
  89      537BBAF6 
  90 029c 67BFE780 		.ascii	"g\277\347\200Y\337h\326Tz\315\206\372\263M\215fY\371"
  90      59DF68D6 
  90      547ACD86 
  90      FAB34D8D 
  90      6659F9
  91 02af 899262B3 		.ascii	"\211\222b\263\264\364\230Y}\256\251\302\353=\343\251"
  91      B4F49859 
  91      7DAEA9C2 
  91      EB3DE3A9 
  92 02bf 62F6AA9A 		.ascii	"b\366\252\232\312\272\272j\257\206R\303\037o\335\322"
  92      CABABA6A 
  92      AF8652C3 
  92      1F6FDDD2 
  93 02cf 63       		.ascii	"c"
  94              		.text
  95              		.section	.gnu.lto_ext_lld_channel_disable.6792927616cdc288,"",%progbits
  96 0000 789C9D54 		.ascii	"x\234\235TML\023Q\020~\363v\273]\272@\201@\3709 \007"
  96      4D4C1351 
  96      107EF376 
  96      BB5DBA40 
  96      8140F839 
  97 0016 895CE81A 		.ascii	"\211\\\350\032\320\213\361\200\321#\352\001\356\004"
  97      D08BF180 
  97      D123EA01 
  97      EE04
ARM GAS  /tmp/ccQhhXRS.s 			page 7


  98 0024 B109240D 		.ascii	"\261\011$\015\020\341\340\205\260\205\012\234\014\026"
  98      10E1E085 
  98      B0850A9C 
  98      0C16
  99 0032 0F248017 		.ascii	"\017$\200\027\243  \025\344\237\252\005\221\220(\032"
  99      A3202015 
  99      E49FAA05 
  99      9190281A 
 100 0042 62D14008 		.ascii	"b\321@\010\220X\014&\036D\014P\205\340\314nIEb\"l\322"
 100      90580C26 
 100      1E440C50 
 100      85E0CC6E 
 100      49456222 
 101 0058 79EFCD7E 		.ascii	"y\357\315~\363\3157\323y+\260\303\317y\374\331M\214"
 101      F3CD37D3 
 101      792BB0C3 
 101      CF79FCD9 
 101      4D8C
 102 006a 5DC01524 		.ascii	"]\300\025$\006\274\361-cN\231s\301\233\3124\213\350"
 102      06BCF12D 
 102      634E9973 
 102      C19BCA34 
 102      8BE8
 103 007c 57991629 		.ascii	"W\231\026)\200\211\334 \032\253S6\001\320\206\001\253"
 103      8089DC20 
 103      1AAB5336 
 103      01D08601 
 103      AB
 104 008d E6826882 		.ascii	"\346\202h\202j\370\302\32794\372\272\232\225S\0174M"
 104      6AF8C2D7 
 104      3934FABA 
 104      9A95530F 
 104      344D
 105 009f FBE65E4F 		.ascii	"\373\346^O\272\225\024\344\214mp#\021\264\303)\204\364"
 105      BA9514E4 
 105      8C6D7023 
 105      11B4C329 
 105      84F4
 106 00b1 EFF9E625 		.ascii	"\357\371\346%\341,0\334\217\364\374\230Q\326x\220C\032"
 106      E12C30DC 
 106      8FF4FC98 
 106      51D67890 
 106      431A
 107 00c3 1D47DDD3 		.ascii	"\035G\335\323\315\022\035\271H\307\225\341MwT\372}M"
 107      CD121DB9 
 107      48C795E1 
 107      4D7754FA 
 107      7D4D
 108 00d5 ABF1CDF7 		.ascii	"\253\361\315\367i9b\220\013\320\001\002\362\301#H\201"
 108      69396290 
 108      0BD00102 
 108      F2C12348 
 108      81
 109 00e6 4E4861E8 		.ascii	"NHa\350b\320\005\351\210\336\370:`\027\316\351\264\263"
 109      62D005E9 
 109      88DEF83A 
 109      6017CEE9 
ARM GAS  /tmp/ccQhhXRS.s 			page 8


 109      B4B3
 110 00f8 F58BBB8A 		.ascii	"\365\213\273\212\021\270c\004\212\320\375w\240\310\340"
 110      11B86304 
 110      8AD0FD77 
 110      A0C8E0
 111 0107 31A4137C 		.ascii	"1\244\023|\335\265\373Q\221\\(:\306\020\013= \001\256"
 111      DDB5FB51 
 111      915C283A 
 111      C6100B3D 
 111      2001AE
 112 011a 9E389FB6 		.ascii	"\2368\237\266\267\367ij|9\032\222\001(\021\007\212\222"
 112      B7F7696A 
 112      7C391A92 
 112      01281107 
 112      8A92
 113 012c 30DE6426 		.ascii	"0\336d&#\243\221\"\310X\310(\344\213$\023M\306J&\226"
 113      23A39122 
 113      C858C828 
 113      E48B2413 
 113      4DC64A26 
 114 0141 4C1C9978 		.ascii	"L\034\231x2\011d\022\3110\026\300l\324\306U\316i\025"
 114      32096412 
 114      C93016C0 
 114      6CD4C655 
 114      CE6915
 115 0154 E6C03553 		.ascii	"\346\3005S;\326*\221\200-N\015\235\366z\334Q\324\022"
 115      3BD62A91 
 115      802D4E0D 
 115      9DF67ADC 
 115      51D412
 116 0167 F104030F 		.ascii	"\361\004\003\017\012\247g\025\253\366\246\012\037\240"
 116      0AA76715 
 116      ABF6A60A 
 116      1FA0
 117 0175 26869008 		.ascii	"&\206\220\010\233\237\232\354T2\036b\011+\236\366@\216"
 117      9B9F9AEC 
 117      54321E62 
 117      092B9EF6 
 117      408E
 118 0187 4C7D0975 		.ascii	"L}\011u\375\011dlq`\213\340\322\301T\360\275\367\267"
 118      FD09646C 
 118      71608BE0 
 118      D2C154F0 
 118      BDF7B7
 119 019a 7B78D52F 		.ascii	"{x\325/\255AC\240y\003\3372\350\205*\206)\203\\\326"
 119      AD4143A0 
 119      7903DF32 
 119      E8852A86 
 119      29835CD6 
 120 01ae 1388CCAF 		.ascii	"\023\210\314\257\012\01301\330\353o2\031r(O\313\353"
 120      0A0B3031 
 120      D8EB6F32 
 120      1972284F 
 120      CBEB
 121 01c0 D66699E4 		.ascii	"\326f\231\344Dh\015.M\377\227\226\003\357f\015\027\243"
 121      44680D2E 
 121      4DFF9796 
ARM GAS  /tmp/ccQhhXRS.s 			page 9


 121      03EF660D 
 121      17A3
 122 01d2 E35AF766 		.ascii	"\343Z\367f\207\324\006-\020\344\026\350\303n?%\321\370"
 122      87D4062D 
 122      10E416E8 
 122      C36E3F25 
 122      D1F8
 123 01e4 627B68BB 		.ascii	"b{h\273\311\232\331\245\271\234\230T\201~h\203\357\372"
 123      C99AD9A5 
 123      B99C9854 
 123      817E6883 
 123      EFFA
 124 01f6 64C00064 		.ascii	"d\300\000d\262\005\250\275[\267#\030\231\314\177\216"
 124      B205A8BD 
 124      5BB72318 
 124      99CC7F8E 
 125 0206 86298DC1 		.ascii	"\206)\215\301 \244\2406\004\325,\325O\206@2\342(l1\324"
 125      20A4A036 
 125      04D52CD5 
 125      4F864032 
 125      E2286C31 
 126 021b AD083889 		.ascii	"\255\0108\211 \231@?\353\002\334pZ\320o\204\275\011"
 126      2099403F 
 126      EB02DC70 
 126      5AD06F84 
 126      BD09
 127 022d 79147452 		.ascii	"y\024tR\330v(,\022\013C/\272&\334\020\352\346\377\326"
 127      D876282C 
 127      120B432F 
 127      BA26DC10 
 127      EAE6FFD6 
 128 0241 3014AE61 		.ascii	"0\024\256a\0302\221\213X\006g\375!\205\321G\240\032"
 128      1832918B 
 128      580667FD 
 128      2185D147 
 128      A01A
 129 0253 D1A968E8 		.ascii	"\321\251h\350`\324h\307\276@+\022\035W\340X\230\325"
 129      60D468C7 
 129      BE402B12 
 129      1D57E058 
 129      98D5
 130 0265 4B02ADBA 		.ascii	"K\002\255\272\300;s!\201\261G\240z\246S\351\267\343"
 130      C03B7321 
 130      81B147A0 
 130      7AA653E9 
 130      B7E3
 131 0277 F9418171 		.ascii	"\371A\201qHt\\\201/\302\254>\022\030gtp_`\374\021\250"
 131      48745C81 
 131      2FC2AC3E 
 131      12186774 
 131      705F60FC 
 132 028d C6752A1A 		.ascii	"\306u*\032{\2308(0\001\211\216+\360e\230u\222\004&\030"
 132      7B983828 
 132      3001898E 
 132      2BF06598 
 132      75920426 
 133 02a2 D3F47934 		.ascii	"\323\364y4\337\340N4\006\3540\261S\323|\311\377$\007"
ARM GAS  /tmp/ccQhhXRS.s 			page 10


 133      DFE04E34 
 133      06EC30B1 
 133      53D37CC9 
 133      FF2407
 134 02b5 E27EA573 		.ascii	"\342~\245s\213\304=E\334\211\372\3153\351_\202%p\372"
 134      8BC43D45 
 134      DC89FACD 
 134      33E95F82 
 134      2570FA
 135 02c8 96AFE817 		.ascii	"\226\257\350\027\226\321w\002\310\213}\312\262\331\324"
 135      96D17702 
 135      C88B7DCA 
 135      B2D9D4
 136 02d7 8BC525D7 		.ascii	"\213\305%\327J\256\346\025d\333N\333\316\250e\025jq"
 136      4AAEE615 
 136      64DB4EDB 
 136      CEA86515 
 136      6A71
 137 02e9 A1432D2F 		.ascii	"\241C-/\273QY\241\346\345_\316\316Rss/\251\366\233\225"
 137      BB5159A1 
 137      E6E55FCE 
 137      CE527373 
 137      2FA9F69B 
 138 02fe 050EC775 		.ascii	"\005\016\307u[\021\023q[n.*.,-\265;~\003Y\325\344r"
 138      5B111371 
 138      5B6E2E2A 
 138      2E2C2DB5 
 138      3B7E0359 
 139              		.text
 140              		.section	.gnu.lto_ext_lld_init.6792927616cdc288,"",%progbits
 141 0000 789C6366 		.ascii	"x\234cf\300\004R@\374\037\210M\200\230\221\231\201\221"
 141      C0045240 
 141      FC1F884D 
 141      80989199 
 141      8191
 142 0012 69C23906 		.ascii	"i\3029\006\206F\016&FF\020\203\201\221\241\236\211\261"
 142      86460E26 
 142      46461083 
 142      8191A19E 
 142      89B1
 143 0024 9EF125D3 		.ascii	"\236\361%\323G&\306\011\007V\317\340V_\332\320\320\360"
 143      4726C609 
 143      0756CFE0 
 143      565FDAD0 
 143      D0F0
 144 0036 61D24689 		.ascii	"a\322F\211V\211\237L\014\014\237\231 \3060.gTg\000\252"
 144      56899F4C 
 144      0C0C9F99 
 144      20C6302E 
 144      67546700 
 145 004b F9D8F2F7 		.ascii	"\371\330\362\367:7[\013P\215\000D\216q\005#\033#\220"
 145      3A375B0B 
 145      508D0044 
 145      8E710523 
 145      1B2390
 146 005e 5E2F74A0 		.ascii	"^/t\240\341\377\377\307s\356ldaf`x\002\224\002\231\377"
 146      E1FFFFC7 
ARM GAS  /tmp/ccQhhXRS.s 			page 11


 146      73EE6C64 
 146      61666078 
 146      02940299 
 147 0073 94890944 		.ascii	"\224\211\011D3\337al90\363\030#H1\310\224y\227\373\326"
 147      33DF616C 
 147      3930F318 
 147      234831C8 
 147      947997FB 
 148 0088 31D5FE6E 		.ascii	"1\325\376n\350h\340\370\311\304\370\231\011h\000\343"
 148      E868E0F8 
 148      C9C4F899 
 148      096800E3 
 149 0098 4AC65A0C 		.ascii	"J\306Z\014)\246\277 +\200\242\367\237\234\277\310\361"
 149      29A6BF20 
 149      2B80A2F7 
 149      9F9CBFC8 
 149      F1
 150 00a9 82092802 		.ascii	"\202\011(\002\346\256hl\231\3038\227qvc\003H\0253\343"
 150      E6AE686C 
 150      99C33897 
 150      71766303 
 150      481533E3 
 151 00bd 2AC65AC6 		.ascii	"*\306Z\306\325\214R`\271\273O~\205\003\365\203t3\256"
 151      D58C5260 
 151      B9BB4F7E 
 151      8503F583 
 151      7433AE
 152 00d0 012A02DB 		.ascii	"\001*\002\333\311\270\226\261\366'\023\013\303=\306"
 152      C9B896B1 
 152      F627130B 
 152      C33DC6
 153 00df C603B3DD 		.ascii	"\306\003\263\335\300B\014 W2\202\\\0074\323HOO\3379"
 153      C0420C20 
 153      5732825C 
 153      0734D348 
 153      4F4FDF39 
 154 00f3 233329D3 		.ascii	"#3)\323?8\336X\317@\317D?\277X?#1G\277 \277\250\244"
 154      3F38DE58 
 154      CF40CF44 
 154      3FBF583F 
 154      233147BF 
 155 010b 583F38C4 		.ascii	"X?8\304\327\330H\337\307\307E?\265\242$>''E/\231\001"
 155      D7D848DF 
 155      C7C7453F 
 155      B5A2243E 
 155      2727452F 
 156 0121 0052726C 		.ascii	"\000Rrl["
 156      5B
 157              		.text
 158              		.section	.gnu.lto_ext_lld_stop.6792927616cdc288,"",%progbits
 159 0000 789C9D92 		.ascii	"x\234\235\222OHTQ\024\306\317\271\367\372\034g\224\211"
 159      4F485451 
 159      14C6CFB9 
 159      F7FA1C67 
 159      9489
 160 0012 5632AB36 		.ascii	"V2\2536\342\"f^h-\332DP\320\306ha{\351\037(\014(\351"
 160      E222665E 
ARM GAS  /tmp/ccQhhXRS.s 			page 12


 160      682DDA44 
 160      50D0C668 
 160      617BE91F 
 161 002a A28D78D5 		.ascii	"\242\215x\325\011\\\225\350f@\247\026RYc\3438\351\350"
 161      095C95E8 
 161      6640A716 
 161      525963E3 
 161      38E9E8
 162 003d 68C6A3C0 		.ascii	"h\306\243\300\242(\021\2112\242\\h\030h\314\244\350"
 162      A2281189 
 162      32A25C68 
 162      1868CCA4 
 162      E8
 163 004e 3CA2A673 		.ascii	"<\242\246s\256\246A\253\274\360\270\367\034\316\371"
 163      AEA641AB 
 163      BCF0B8F7 
 163      1CCEF9
 164 005d 9DEFBBF7 		.ascii	"\235\357\273\367I\370wU\323gI\200\343\264c\021\240\350"
 164      49F87755 
 164      D3674980 
 164      E3B46311 
 164      A0E8
 165 006f 7E03D0EE 		.ascii	"~\003\320\356\021B\316\370A{\325\313\023\240K%\252\355"
 165      1142CEF8 
 165      417BD5CB 
 165      13A04B25 
 165      AAED
 166 0081 B442E403 		.ascii	"\264B\344\003 \264\011\251\260\015\277\212\234\300n"
 166      20B409A9 
 166      B00DBF8A 
 166      9CC06E
 167 0090 271EF555 		.ascii	"'\036\365U\336\321ZgS\231\362\353\345\256\000X\027\333"
 167      DED15A67 
 167      5399F2EB 
 167      E5AE0058 
 167      17DB
 168 00a2 7CBC8795 		.ascii	"|\274\207\225T2Zp\026,y\014\201\316\231\304\306k\337"
 168      54325A70 
 168      162C790C 
 168      81CE99C4 
 168      C66BDF
 169 00b5 8A70051E 		.ascii	"\212p\005\036\342p\262\347E\324\342P(\016\027'6{\312"
 169      E270B2E7 
 169      45D4E250 
 169      280E1727 
 169      367BCA
 170 00c8 2A06B4EE 		.ascii	"*\006\264\356p\236\244\364I\345\012\211\203(\211\207"
 170      709EA4F4 
 170      49E50A89 
 170      83288987 
 171 00d8 F731800F 		.ascii	"\3671\200\0170\000\224\002\214c\005\227\347\"?\337\371"
 171      30009402 
 171      8C630597 
 171      E7223FDF 
 171      F9
 172 00e9 AC08CD3E 		.ascii	"\254\010\315>\260=\023\207\320B\332\207\017:\272P\030"
 172      B03D1387 
ARM GAS  /tmp/ccQhhXRS.s 			page 13


 172      D042DA87 
 172      0F3ABA50 
 172      18
 173 00fa B8BB3AA5 		.ascii	"\270\273:\245\274\022\271\\Q\243\002X\242*6\261,\004"
 173      BC12B95C 
 173      51A30258 
 173      A22A36B1 
 173      2C04
 174 010c EFF20376 		.ascii	"\357\362\003v\244s_F$7n\011E\314\317K\263s\036VD\367"
 174      A4735F46 
 174      24376E09 
 174      45CCCF4B 
 174      B3731E56 
 175 0122 42E158FE 		.ascii	"B\341X\376\366ZY\014\373\320\025E[\244\346!I\340|\377"
 175      F65A590C 
 175      FBD01545 
 175      5BA4E621 
 175      49E07CFF 
 176 0136 46EF823F 		.ascii	"F\357\202?x\330\025\026&0\206\337\215c\034\306 \274"
 176      78D81516 
 176      263086DF 
 176      8D631CC6 
 176      20BC
 177 0148 C5C8FBCE 		.ascii	"\305\310\373\316\300\036pv\361\331\315R\006Z\344\"\311"
 177      C01E7076 
 177      F1D9CD52 
 177      065AE422 
 177      C9
 178 0159 EDC0F325 		.ascii	"\355\300\363%\314\370\345G\354tb\317\005\0273\364\326"
 178      CCF8E547 
 178      EC7462CF 
 178      051733F4 
 178      D6
 179 016a FC8D8468 		.ascii	"\374\215\204h\375\241\273\264\307\025\305\353\202\254"
 179      FDA1BBB4 
 179      C715C5EB 
 179      82AC
 180 0178 E008B692 		.ascii	"\340\010\266\222t\217\351Q;\232\237f\223\253sF35\365"
 180      748FE951 
 180      3B9A9F66 
 180      93AB7346 
 180      3335F5
 181 018b BDEA8F1A 		.ascii	"\275\352\217\032\301%\272+\242\3155\356z(1ZW\2066\007"
 181      C125BA2B 
 181      A2CD35EE 
 181      7A28315A 
 181      57863607 
 182 019f 2DF2D0AE 		.ascii	"-\362\320\256\265S\354\012/\246\350.\037\355\030\311"
 182      B553EC0A 
 182      2FA6E82E 
 182      1FED18C9 
 183 01af 8FE77BFD 		.ascii	"\217\347{\375\301\270\216\220C\037\216\032/|\2058\206"
 183      C1B88E90 
 183      431F8E1A 
 183      2F7C8538 
 183      86
 184 01c0 C1BF513E 		.ascii	"\301\277Q>J\245\251\207\247g\367\246\377\007{\334\260"
ARM GAS  /tmp/ccQhhXRS.s 			page 14


 184      4AA5A987 
 184      A767F7A6 
 184      FF077BDC 
 184      B0
 185 01d1 CD334D60 		.ascii	"\3153M`p\027\226\\\333\017,c`\222a\223F\350\257\316"
 185      7017965C 
 185      DB0F2C63 
 185      60926193 
 185      46E8AFCE 
 186 01e5 F9341AA1 		.ascii	"\3714\032\241\005Z~\300\251?\374o\373\341?6|\305\374"
 186      055A7EC0 
 186      A93FFC6F 
 186      FBE13F36 
 186      7CC5FC
 187 01f8 6912CBB0 		.ascii	"i\022\313\260O\330\356L\2371o\005\374'!\277\006\331"
 187      4FD8EE4C 
 187      9F316F05 
 187      FC2721BF 
 187      06D9
 188 020a A90A85EC 		.ascii	"\251\012\205\354S\365\015\027\033\316\325\326U\207\216"
 188      53F50D17 
 188      1BCED5D6 
 188      55878E
 189 0219 848EDA8D 		.ascii	"\204\216\332\215\315v\375\205\260\335\324x\265\245\331"
 189      CD76FD85 
 189      B0DDD478 
 189      B5A5D9
 190 0228 AE3D7FB6 		.ascii	"\256=\177\266\272\312\256\2519m_\271\326R\027\016_\016"
 190      BACAAEA9 
 190      396D5FB9 
 190      D652170E 
 190      5F0E
 191 023a 5D0245C7 		.ascii	"]\002E\307\246\337\272W)\272"
 191      A6DFBA57 
 191      29BA
 192              		.text
 193              		.section	.gnu.lto_ext_lld_channel_enable.6792927616cdc288,"",%progbits
 194 0000 789C9D58 		.ascii	"x\234\235Xit\024U\032\255W\335\351\356\244\273\323\331"
 194      69741455 
 194      1AAD57DD 
 194      E9EEA4BB 
 194      D3D9
 195 0012 C309CA72 		.ascii	"\303\011\312r \206\003$\255l\203\010\007DPF\340 \202"
 195      20860324 
 195      AD6C8308 
 195      07445046 
 195      E02082
 196 0025 A22272C2 		.ascii	"\242\"r\302\" !\310\242\214\312\201\312B':\200\030\300"
 196      222021C8 
 196      A28CCA81 
 196      CA42273A 
 196      8018C0
 197 0038 41201301 		.ascii	"A \023\001\027F6\301\020\004QB\004aX\302\240\254\032"
 197      174636C1 
 197      10045142 
 197      046158C2 
 197      A0AC1A
ARM GAS  /tmp/ccQhhXRS.s 			page 15


 198 004b 42D40451 		.ascii	"B\324\004Q!l\001\322\010d\276\373^UWu\0338v\363\343"
 198      216C01D2 
 198      0864BEFB 
 198      5E555775 
 198      1B3876F3 
 199 0060 F2EABEAF 		.ascii	"\362\352\276\257\276\367-\367\275zi\223\364\347\177"
 199      BEF72DF7 
 199      BD7A6993 
 199      F4E77F
 200 006f F14C9266 		.ascii	"\361L\222f%I\322@\032\263&\022\223\027\224KR\226M\226"
 200      2549D240 
 200      1AB32612 
 200      9317944B 
 200      52964D96 
 201 0083 4DF92992 		.ascii	"M\371)\222\022a\006:L\314,h\263\034\306\351HN\207\311"
 201      1261063A 
 201      4CCC2C68 
 201      B31CC6E9 
 201      484E87C9 
 202 0097 16FE64E5 		.ascii	"\026\376d\345O\026f\023FVm`\223\303\371|\004\237\017"
 202      4F166613 
 202      46566D60 
 202      93C3F97C 
 202      049F0F
 203 00aa 67764147 		.ascii	"gvAGh\003\273\354(.\223\310\300Ya'\003\007K\024\274"
 203      6803BBEC 
 203      282E93C8 
 203      C0596127 
 203      03074B14 
 204 00bf 531B44CA 		.ascii	"S\033D\312.\356 \212;p\261hAGi\203h9\206\317\307\362"
 204      2EEE208A 
 204      3B70B168 
 204      41476983 
 204      683986CF 
 205 00d5 F9181627 		.ascii	"\371\030\026'\350Xm\020'\307\027\366\240\371\204+Q4"
 205      E8586D10 
 205      27C717F6 
 205      A0F9842B 
 205      5134
 206 00e7 1FAFB94D 		.ascii	"\037\257\271M\320\006\211\214a 1i\266l2\207Y\254\266"
 206      D006898C 
 206      61203169 
 206      B66C3287 
 206      59ACB6
 207 00fa F008BBC3 		.ascii	"\360\010\273\303\031\351\212\212\216\211\215\213OHd"
 207      19E98A8A 
 207      8E898D8B 
 207      4F4864
 208 0109 B3D9AFF2 		.ascii	"\263\331\257\362%\231-(]\263\304\236\362\241\242(\027"
 208      25992D28 
 208      5DB3C49E 
 208      F2A1A228 
 208      17
 209 011a B3773499 		.ascii	"\263w4\231\323\304+K\322\025YT\220}\314R\310\244\270"
 209      D3C42B4B 
 209      D2155954 
 209      907DCC52 
ARM GAS  /tmp/ccQhhXRS.s 			page 16


 209      C8A4B8
 210 012d A1F4A4C5 		.ascii	"\241\364\244\305\324\231I4\336\272\276\356\240\375\254"
 210      D4994934 
 210      DEBABEEE 
 210      A0FDAC
 211 013c EC95590B 		.ascii	"\354\225Y\013<n+\330\273\304\202G\331\214\307\252\317"
 211      3C6E2BD8 
 211      BBC48247 
 211      D98CC7AA 
 211      CF
 212 014d AF153893 		.ascii	"\257\0258\223W)Jv\351\211MJ/\263W6\261\325\314D\376"
 212      57294A76 
 212      E9894D4A 
 212      2FB35736 
 212      B1D5CC44 
 213 0162 D87F5812 		.ascii	"\330\177X\022\373\204%IDIl\015K&\353+\3476\2175u\343"
 213      FB842549 
 213      44496C0D 
 213      4B26EB2B 
 213      E7368F35 
 214 0178 6E0FE755 		.ascii	"n\017\347U\334\262\213\027\377\020/\232\331\332\300"
 214      DCB28B17 
 214      FF102F9A 
 214      D9DAC0
 215 0187 17CD125B 		.ascii	"\027\315\022[\307\222a~)\367\326q\273%\227\202\216\022"
 215      C792617E 
 215      29F7D671 
 215      BB259782 
 215      8E12
 216 0199 C1B2F5CC 		.ascii	"\301\262\365\314B\3556\321\334\221\023?{\314\246\336"
 216      42ED36D1 
 216      DC91133F 
 216      7BCCA6DE 
 217 01a9 DCEDE2DB 		.ascii	"\334\355\342\333\336\257\302[\255 \267U7\277\336\343"
 217      DEAFC25B 
 217      AD20B755 
 217      37BFDEE3 
 218 01b9 50F62AB9 		.ascii	"P\366*\271U\015\015\315\275r\030\333\340\357]M\370S"
 218      550D0DCD 
 218      BD7218DB 
 218      E0EF5D4D 
 218      F853
 219 01cb D68A5E5B 		.ascii	"\326\212^[YQs\335d\352\303]\\\235\277s\236\203\273x"
 219      595173DD 
 219      64EAC35D 
 219      5C9DBF73 
 219      9E83BB78 
 220 01df FFD62A8B 		.ascii	"\377\326*\213\301\301\306F\035l\342\016N]\3372\327i"
 220      C1C1C646 
 220      1D6CE20E 
 220      4E5DDF32 
 220      D769
 221 01f1 FA3B77F0 		.ascii	"\372;w\360\333w\273s\"\204\203\333~\016>k\324A1k\265"
 221      DB77BB73 
 221      228483DB 
 221      7E0E3E6B 
 221      D441316B 
ARM GAS  /tmp/ccQhhXRS.s 			page 17


 222 0206 21A65469 		.ascii	"!\246Tih\370\354\346\316\215\367_H~\213Y\031\322\016"
 222      68F8ECE6 
 222      CE8DF75F 
 222      487E8B59 
 222      19D20E
 223 0219 E7C14550 		.ascii	"\347\301EP\031,v\200\203\300\352\004D\002\\|\351(\206"
 223      192C7680 
 223      83C0EA04 
 223      44025C7C 
 223      E92886
 224 022c D2461361 		.ascii	"\322F\023a\213\201Q, \016\020\317='`\230\010h\002@Q"
 224      8B81512C 
 224      200E10CF 
 224      3D276098 
 224      08680240 
 225 0241 6D4D31BA 		.ascii	"mM1\272\007p/\240\031\2745\007\264\300cK@+@kp\311\200"
 225      07702FA0 
 225      19BC3507 
 225      B4C0634B 
 225      402B406B 
 226 0258 FB0029E0 		.ascii	"\373\000)\340\332\000\332\002\332\001\332c\"\025\220"
 226      DA00DA02 
 226      DA01DA63 
 226      221590
 227 0267 864737E0 		.ascii	"\206G7\340\001@\007p\035\001\235\000\235\301u\001t%"
 227      01400770 
 227      1D019D00 
 227      9DC17501 
 227      7425
 228 0279 087F10A3 		.ascii	"\010\177\020\243n\230x\010\320\035\217=\000=\001\275"
 228      6E987808 
 228      D01D8F3D 
 228      003D01BD 
 229 0289 C03D8C51 		.ascii	"\300=\214Qo@\037@_p\217\002\036\303c?\300\343\200\376"
 229      6F401F40 
 229      5F708F02 
 229      1EC3633F 
 229      C0E380FE 
 230 029d E0066034 		.ascii	"\340\006`4\0200\010\011>\201\321`\300\223\200!\200\241"
 230      10300809 
 230      3E81D160 
 230      C0938021 
 230      80A1
 231 02af B07B0AF0 		.ascii	"\260{\012\3604\036\207\001\236\005<\007\030\216\211"
 231      341E8701 
 231      9E053C07 
 231      188E89
 232 02be E7012300 		.ascii	"\347\001#\000/\200\033\011H\007\214\002\214\006\214"
 232      2F801B09 
 232      48078C02 
 232      8C068C
 233 02cd C1EC58C0 		.ascii	"\301\354X\300\213x\034\007\230\000x\0110\021\023\031"
 233      8B781C07 
 233      98007809 
 233      30111319 
 234 02dd 8049804C 		.ascii	"\200I\200Lp\223\001S\220\364T\214\246\001\246c\366\025"
 234      70930153 
ARM GAS  /tmp/ccQhhXRS.s 			page 18


 234      90F4548C 
 234      A601A663 
 234      F615
 235 02ef C0AB789C 		.ascii	"\300\253x\234\001x\015\360:\27070\232\011\230\005\230"
 235      01780DF0 
 235      3AB83730 
 235      9A099805 
 235      98
 236 0300 0D501866 		.ascii	"\015P\030f\2628f\003-9\034\347p\364p>\217\217\3639J"
 236      B2386603 
 236      2D391CE7 
 236      70F4703E 
 236      8F8FF339 
 237 0315 52356D12 		.ascii	"R5m\022\234\0075\262\214\377MGY\356\301\234\013o[\260"
 237      9C0735B2 
 237      8CFF4D47 
 237      59EEC19C 
 237      0B6F5BB0 
 238 0329 6FAECB56 		.ascii	"o\256\313V\222\351\206\335\373\313\370N6\223\2246\253"
 238      92E986DD 
 238      FBCBF84E 
 238      36939436 
 238      AB
 239 033a 7AACA1CD 		.ascii	"z\254\241\315\232\237b\372\236\345Tz\316\024u\367\337"
 239      9A9F62FA 
 239      9EE5547A 
 239      CE1475F7 
 239      DF
 240 034b 79D02344 		.ascii	"y\320#D\007a\361\015H\352-\201\273p\341q\351\361\232"
 240      0761F10D 
 240      48EA2D81 
 240      BB70E171 
 240      E9F19A
 241 035e 3A133C5A 		.ascii	":\023<ZI\345[\310\3431&\303\000\357\221\221D^\353=\265"
 241      49E55BC8 
 241      E33126C3 
 241      00EF9191 
 241      445EEB3D 
 242 0373 459F32F1 		.ascii	"E\2372\361V\204xk\376\372\017\256\270\360\226\205\316"
 242      5684786B 
 242      FEFA0FAE 
 242      B8F09685 
 242      CE
 243 0384 89CFE92D 		.ascii	"\211\317\351-2{\327s.L\030\331\311\316x\354X\350L\330"
 243      327BD773 
 243      2E4C18D9 
 243      C9CE78EC 
 243      58E84CD8 
 244 0398 CA8DB22B 		.ascii	"\312\215\262+\363*L\302\310Avx\255\302\"\236\235\364"
 244      F32A4CC2 
 244      C8417678 
 244      ADC2229E 
 244      9DF4
 245 03aa C689AAEC 		.ascii	"\306\211\252\354}\374\334\302N\331\306\222\310\012/"
 245      7DFCDCC2 
 245      4ED9C692 
 245      C80A2F
ARM GAS  /tmp/ccQhhXRS.s 			page 19


 246 03b9 DDF09C93 		.ascii	"\335\360\234\223\205Q$\331\0117uj@.\"}1oB\314.\030\224"
 246      855124D9 
 246      0937756A 
 246      402E227D 
 246      316F42CC 
 247 03d0 6C6CD868 		.ascii	"ll\330h\025\026\321\344\370t\365\241\303686I\330\355"
 247      1516D1E4 
 247      F874F5A1 
 247      C3363836 
 247      49D8ED
 248 03e3 9BEB8BCE 		.ascii	"\233\353\213\316;\013\3312\346EBQ\354\013T\222\370\345"
 248      3B0BD932 
 248      E6454251 
 248      EC0B5492 
 248      F8E5
 249 03f5 750B4FBA 		.ascii	"u\013O\272R\333\221\034\331vV\310.\363\023\226}\311"
 249      52DB911C 
 249      D97656C8 
 249      2EF31396 
 249      7DC9
 250 0407 52B9CB15 		.ascii	"R\271\313\025\177\023\016c\214\016m~\016\263\024\245"
 250      7F130E63 
 250      8C0E6D7E 
 250      0EB314A5 
 251 0417 B4BF1705 		.ascii	"\264\277\027\005\210f_\251Nk\313\346\337p\245\256Q\242"
 251      88665FA9 
 251      4E6BCBE6 
 251      DF70A5AE 
 251      51A2
 252 0429 BCB283ED 		.ascii	"\274\262\203\355\340n\351\020\304LV\301\227\247\303"
 252      E06EE910 
 252      C44C56C1 
 252      97A7C3
 253 0438 DDEB9405 		.ascii	"\335\353\224\005J\351\010\257\354d\245,\225\312+\211"
 253      4AE908AF 
 253      EC64A52C 
 253      95CA2B89 
 254 0448 C9E3FBE6 		.ascii	"\311\343\373\346\375`\243\327h2\323+G\262\235\314}Y"
 254      FD60A3D7 
 254      6832D32B 
 254      47B29DCC 
 254      7D59
 255 045a E6A76819 		.ascii	"\346\247h\031\217\207\332R\255f\030+b:\370^Uq$\257\367"
 255      8F87DA52 
 255      AD66182B 
 255      623AF85E 
 255      557124AF 
 256 046f 4526B1AF 		.ascii	"E&\261\257EW*=\267\213J\324Z\305\221\251\261/V\352\313"
 256      45572A3D 
 256      B78B4AD4 
 256      5AC591A9 
 256      B12F56EA 
 257 0484 2E6156E1 		.ascii	".aV\341\271V\324]X\305sC\207\257\250\305(j<\031\225"
 257      B956D45D 
 257      58C57343 
 257      87AFA8C5 
 257      286A3C19 
ARM GAS  /tmp/ccQhhXRS.s 			page 20


 258 0499 6DBBF44D 		.ascii	"m\273\364M\266]\030%\340\334\256XS\356\200\037\227\242"
 258      B65D1825 
 258      E0DCAE58 
 258      53EE801F 
 258      97A2
 259 04ab E42AFCD3 		.ascii	"\344*\374\323\342+\213\213\347P0\367T\261\254\226\245"
 259      E22B8B8B 
 259      E75030F7 
 259      54B1AC96 
 259      A5
 260 04bc 9F970ABD 		.ascii	"\237\227\012\275\233\216\321o\324\272T\275\271\356\247"
 260      9B8ED16F 
 260      D4BA54BD 
 260      B9EEA7
 261 04cb 484A3097 		.ascii	"HJ0\227\272\020\315\366\360\302\230D\356\213\013w\324"
 261      BA10CDF6 
 261      F0C29844 
 261      EE8B0B77 
 261      D4
 262 04dc 86516172 		.ascii	"\206Qar\263J\237\361\3121l/\012\023\316\233\361_\346"
 262      B34A9FF1 
 262      CA316C2F 
 262      0A13CE9B 
 262      F15FE6
 263 04ef 569357C5 		.ascii	"V\223W\305\226H\301\210\246\347\324y\252U15\341<\017"
 263      9648C188 
 263      A6E7D479 
 263      AA553135 
 263      E13C0F
 264 0502 BAE0C744 		.ascii	"\272\340\307Dp\001\3214\275{4\373\356\020M;D\263_\217"
 264      7001D134 
 264      BD7B34FB 
 264      EE104D3B 
 264      44B35F8F 
 265 0516 E60073D3 		.ascii	"\346\000s\323b|\017\232\365-\373\373\"\303\226\335\273"
 265      627C0F9A 
 265      F52DFBFB 
 265      22C396DD 
 265      BB
 266 0527 7D438193 		.ascii	"}C\201\223o\331\346\022;\350\333\262ab\313f\227\\*\377"
 266      6FD9E612 
 266      3BE8DBB2 
 266      6162CB66 
 266      975C2AFF 
 267 053b D624AC93 		.ascii	"\326$\254\223\376\2322\313ue\036\322\224\331^xh\032"
 267      FE9A32CB 
 267      75651ED2 
 267      94D95E78 
 267      681A
 268 054d 20C5542E 		.ascii	" \305T.\305\244\306\245\370\277;H\261'\244x\370\016"
 268      C5A4C6A5 
 268      F8BF3B48 
 268      B127A478 
 268      F80E
 269 055f 527C0652 		.ascii	"R|\006R\374\326'\305\3574)\326\205\211\010\356\021A"
 269      FCD627C5 
 269      EF3429D6 
ARM GAS  /tmp/ccQhhXRS.s 			page 21


 269      858908EE 
 269      1141
 270 0571 EC293CBB 		.ascii	"\354)<\273\311\314\245HJ<B\253S]N\346\214Rm\260\336"
 270      C9CCA548 
 270      4A3C42AB 
 270      535D4EE6 
 270      8C526DB0 
 271 0586 475FCCB5 		.ascii	"G_\314\265r\003\362r\324W\025\213\264+\226\252RV\262"
 271      7203F272 
 271      D457158B 
 271      B42B96AA 
 271      5256B2
 272 0599 F1D04AD5 		.ascii	"\361\320J\325\343\275d\275l\377\362%\\V\261J~\240\322"
 272      E3BD64BD 
 272      6CFFF225 
 272      5C56B14A 
 272      7EA0D2
 273 05ac 62798867 		.ascii	"by\210g\327^[m\021u\213c\307\250\257\307\325\224\353"
 273      D75E5B6D 
 273      11758B63 
 273      C7A8AFC7 
 273      D594EB
 274 05bf B7D42F44 		.ascii	"\267\324/D\312\271Y6\364\356\004O\332\214\330O\212\342"
 274      CAB95936 
 274      F4EE044F 
 274      DA8CD84F 
 274      8AE2
 275 05d1 55E6ED52 		.ascii	"U\346\355R\353\337\014\031\213\023\211?7g\255\351\004"
 275      EBDF0C19 
 275      8B13893F 
 275      3767ADE9 
 275      04
 276 05e2 6A268C8E 		.ascii	"j&\214\216\310\202lA<\327\232j\324\222\"$\226+\215\201"
 276      C8826C41 
 276      3CD79A6A 
 276      D4922224 
 276      962B8D81 
 277 05f6 0A2298EF 		.ascii	"\012\"\230\357\365`~@\275[\362\032X\265\032\274\243"
 277      F5607E40 
 277      BD5BF21A 
 277      58B51ABC 
 277      A3
 278 0607 ADD92A08 		.ascii	"\255\331*\010\237\025\272\317SZ\202\007\324\004[\007"
 278      9F15BACF 
 278      535A8207 
 278      D4045B07 
 279 0617 2498CC13 		.ascii	"$\230\314\023l\355;b9y\037\361\376)\247\020\311\273"
 279      6CED3B62 
 279      39791FF1 
 279      FE29A710 
 279      C9BB
 280 0629 ACBED686 		.ascii	"\254\276\326\206\"\"6\244\224+\365\360N#\3456<e\233"
 280      222236A4 
 280      942BF5F0 
 280      4E23E536 
 280      3C659B
 281 063c FAFDAAF7 		.ascii	"\372\375\252\367\224\177\262\235\211U\332\012%\371\276"
ARM GAS  /tmp/ccQhhXRS.s 			page 22


 281      947FB29D 
 281      8955DA0A 
 281      25F9BE
 282 064b 4F16FA3E 		.ascii	"O\026\372>U\005(\251\255A:\341>\351\034\325\244\323"
 282      550528A9 
 282      AD413AE1 
 282      3EE91CD5 
 282      A4D3
 283 065d 2E88C07E 		.ascii	".\210\300~\344\201\205!\260\237\002\205\321>\240n\251"
 283      E4818521 
 283      B09F0285 
 283      D13EA06E 
 283      A9
 284 066e BC6EEDFD 		.ascii	"\274n\355\375\253\224F\274Q\030t0\264#6\244*\375\254"
 284      AB9446BC 
 284      51187430 
 284      B42336A4 
 284      2AFDAC
 285 0681 07538D2A 		.ascii	"\007S\215*\271y\206\021>a\034S\327| \010\2375\272\317"
 285      B9798611 
 285      3E611C53 
 285      D77C2008 
 285      9F35BACF 
 286 0695 3381C2E8 		.ascii	"3\201\302\350\020\220`G\236`\007\177at\"\336?\345\316"
 286      10906047 
 286      9E60077F 
 286      617422DE 
 286      3FE5CE
 287 06a8 441A85D1 		.ascii	"D\032\205\321\205\"\"6\244\224\177\321\303;\213\224"
 287      85222236 
 287      A4947FD1 
 287      C33B8B94 
 288 06b8 BBF094ED 		.ascii	"\273\360\224\355\276S\3628}y\370\"]\2039\343~\275\333"
 288      BE53F238 
 288      7D79F822 
 288      5D8339E3 
 288      7EBDDB
 289 06cb 19F7DB9D 		.ascii	"\031\367\333\235\317\270x\366;\3168\013\3029G\3252\212"
 289      CFB878F6 
 289      3BCE380B 
 289      C23947D5 
 289      328A
 290 06dd AEABF1F4 		.ascii	"\256\253\361\364I \203\363>\015:\244\245-\205\006+\012"
 290      492083F3 
 290      3E0D3AA4 
 290      A52D8506 
 290      2B0A
 291 06ef 540DF609 		.ascii	"T\015\366\011\242\006\265<ZD\304.h-\272\251\326\272"
 291      A206B53C 
 291      5A44C42E 
 291      682DBAA9 
 291      D6BA
 292 0701 6F408B1E 		.ascii	"o@\213\036\345-\352\253\366Q5z\214x\243\006\373\321"
 292      E52DEAAB 
 292      F651357A 
 292      8C78A306 
 292      FBD1
ARM GAS  /tmp/ccQhhXRS.s 			page 23


 293 0713 FAC486D4 		.ascii	"\372\304\206\324\220\213z0\227P\250~\360Rr\270B]\352"
 293      908B7A30 
 293      9750A87E 
 293      F05272B8 
 293      425DEA
 294 0726 F1205C5D 		.ascii	"\361 \\]\346\256lpuE\344u\303S\255\372\351/B6$1\200"
 294      E6AE6C70 
 294      7545E475 
 294      C353ADFA 
 294      E92F4236 
 295 073d 48A3AA06 		.ascii	"H\243\252\006\322b\304\206\224D\235\276\362U$1\220\267"
 295      D262C486 
 295      94449DBE 
 295      F2552431 
 295      90B7
 296 074f C929D586 		.ascii	"\311)\325\206\211\215T\251\256\371`\020>\257\351>\257"
 296      898D54A9 
 296      AEF96010 
 296      3EAFE93E 
 296      AF
 297 0760 0776A95B 		.ascii	"\007v\251[@\227\036\342]\352\346\237`w\342\215]\352"
 297      40971EE2 
 297      5DEAE69F 
 297      6077E28D 
 297      5DEA
 298 0772 41EB131B 		.ascii	"A\353\023\033R\202\365z0^$\330CtI\313\253g\020\256n"
 298      5282F57A 
 298      305E24D8 
 298      437449CB 
 298      AB6710AE 
 299 0787 E80DFF23 		.ascii	"\350\015\377#\260K\275D\310\206$\036&\322\330\245\336"
 299      B04BBD44 
 299      C886241E 
 299      26D2D8A5 
 299      DE
 300 0798 B418B121 		.ascii	"\264\030\261!%qS_\371\026\222\350\315\273\024\351\333"
 300      2571535F 
 300      F91692E8 
 300      CDBB14E9 
 300      DB
 301 07a9 FB35DA0D 		.ascii	"\3735\332\015i\320_\273!\335\326oH\015\0017\244'\032"
 301      69D05FBB 
 301      21DDD66F 
 301      480D0137 
 301      A4271A
 302 07bc 3D3D0635 		.ascii	"==\0065~z(\362]N\217,\371.7\244lY\273!"
 302      7E7A28F2 
 302      5D4E8F2C 
 302      F92E37A4 
 302      6C59BB21 
 303 07d0 E5C80137 		.ascii	"\345\310\0017\244\301\024\304\237\256D\203\015\0372"
 303      A4C114C4 
 303      9FAE4483 
 303      0D1F32
 304 07df 97EF4376 		.ascii	"\227\357Cvf\223\372\316\223A\0243\227\007\215\353)\233"
 304      6693FACE 
 304      93411433 
ARM GAS  /tmp/ccQhhXRS.s 			page 24


 304      97078DEB 
 304      299B
 305 07f1 23D65EE4 		.ascii	"#\326^\344\331e\026~\206\030\177\033\262\264\220\230"
 305      D965167E 
 305      86187F1B 
 305      B2B49098 
 306 0801 474E128A 		.ascii	"GN\022\2125|\014\206\222\235Q\303Oq\015\017U\377zS\333"
 306      357C0C86 
 306      929D51C3 
 306      4F710D0F 
 306      55FF7A53 
 307 0816 FF34F146 		.ascii	"\3774\361F\015\017\243 \211\015\251\375yz\304\371(\352"
 307      0D0FA320 
 307      890DA9FD 
 307      797AC4F9 
 307      28EA
 308 0828 305E8628 		.ascii	"0^\206(\337\327\356\027u\315g\203\360\371\246\356\363"
 308      DFD7EE17 
 308      75CD6783 
 308      F0F9A6EE 
 308      F3
 309 0839 2DAD0A07 		.ascii	"-\255\012\007\324*<\347\227\366\0215\355\3414aL\373"
 309      D42A3CE7 
 309      97F61135 
 309      EDE13461 
 309      4CFB
 310 084b 799EF670 		.ascii	"y\236\366p\261\017\352\324\020F\020\357_\210\027\210"
 310      B10FEAD4 
 310      104610EF 
 310      5F881788 
 311 085b 34EE8391 		.ascii	"4\356\203\221\024'\261!\025\342\237z\320sQ\210\221\274"
 311      1427B121 
 311      15E29F7A 
 311      D0735188 
 311      91BC
 312 086d 10D1BECB 		.ascii	"\020\321\276\313\321\355\265\332\345(\035\"\012\274"
 312      D1EDB5DA 
 312      E5281D22 
 312      0ABC
 313 087b 0DA51B44 		.ascii	"\015\245\033D\024\343\023\3219MD\243\202\210d\036\217"
 313      14E313D1 
 313      394D44A3 
 313      8288641E 
 313      8F
 314 088c 240291CC 		.ascii	"$\002\221\314\017\024\321\350FU3\206&\214\345\033\313"
 314      0F14D1E8 
 314      46553386 
 314      268CE51B 
 314      CB
 315 089d CB37C6BF 		.ascii	"\3137\306\277X/\022oT\3158\212\212\330\220\212\365\266"
 315      582F126F 
 315      54CD388A 
 315      8AD8908A 
 315      F5B6
 316 08af 1EE20214 		.ascii	"\036\342\002\024k\034\317;\326\247\232\363\352\232\023"
 316      6B1CCF3B 
 316      D6A79AF3 
ARM GAS  /tmp/ccQhhXRS.s 			page 25


 316      EA9A13
 317 08be 82F0F98E 		.ascii	"\202\360\371\216\356\263 P5/5\252\232\2114aL;\203\247"
 317      EEB32050 
 317      352F35AA 
 317      9A893461 
 317      4C3B83A7 
 318 08d2 3DD15F35 		.ascii	"=\321_5\223\210\367/D&\221F\325L\2468\211\015\251\020"
 318      9388F72F 
 318      44269146 
 318      D54CA638 
 318      890DA910 
 319 08e6 0BF5A017 		.ascii	"\013\365\240\027\241\020\223y!\342|\247g\255vs\232\022"
 319      A1109379 
 319      21E27CA7 
 319      67AD7673 
 319      9A12
 320 08f8 CCD9B7F8 		.ascii	"\314\331\267\370ng\337\273w>\373\342\331\277d\355\346"
 320      6E67DFBB 
 320      773EFBE2 
 320      D9BF64ED 
 320      E6
 321 0909 B444F6BF 		.ascii	"\264D\366\2779M1\\\225\342\245\362fB\240\027\264\353"
 321      394D315C 
 321      95E2A5F2 
 321      6642A017 
 321      B4EB
 322 091b FAD42092 		.ascii	"\372\324 \222~\217\207g\307*K\265N\335T{2\315\257S\332"
 322      7E8F8767 
 322      C72A4BB5 
 322      4EDD547B 
 322      32CDAF53 
 323 0930 257E3A4D 		.ascii	"%~:M\030;\365\012\357\324t\377\033\355\253\304\033\005"
 323      183BF50A 
 323      EFD474FF 
 323      1BEDABC4 
 323      1B05
 324 0942 3A83A222 		.ascii	":\203\242\"6\244\276,\323C\\\216z\315\020\237\346\013"
 324      36A4BE2C 
 324      D3435C8E 
 324      7ACD109F 
 324      E60B
 325 0954 EA52AF05 		.ascii	"\352R\257\005\341\252\220\273r\300\325\277\345T\377"
 325      E1AA90BB 
 325      72C0D5BF 
 325      E554FF
 326 0963 6BF9EB22 		.ascii	"k\371\353\"dC\022o\020i\024\327LZ\214\330\220\222(\322"
 326      6443126F 
 326      106914D7 
 326      4C5A8CD8 
 326      909228D2 
 327 0977 577E1F49 		.ascii	"W~\037I\314\344\315K\220\266\332\304.\273\252\2569+"
 327      CCE4CD4B 
 327      90B6DAC4 
 327      2EBBAAAE 
 327      392B
 328 0989 089F2B74 		.ascii	"\010\237+t\237+\003{7\273\321\336)\214f\214\315\313"
 328      9F2B037B 
ARM GAS  /tmp/ccQhhXRS.s 			page 26


 328      37BBD1DE 
 328      298C668C 
 328      CDCB
 329 099b 62BC7B0A 		.ascii	"b\274{\012\363\317<\233a\312\330\300\034bfa\"\244\354"
 329      F3CF3C9B 
 329      61CAD8C0 
 329      1C626661 
 329      22A4EC
 330 09ae 57E9917E 		.ascii	"W\351\221~\200\354s\230\350\241\226\365\034\026\204"
 330      80EC7398 
 330      E8A196F5 
 330      1C1684
 331 09bd B30F753D 		.ascii	"\263\017u=|\024\330D\217\026\270!\231<\006\336\330\310"
 331      7C14D844 
 331      8F16B821 
 331      993C06DE 
 331      D8C8
 332 09cf 7C862531 		.ascii	"|\206%1\023R6\037\353\001\254F6\371\21473\221\377pU"
 332      1352361F 
 332      EB01AC46 
 332      36F98C37 
 332      3391FF70 
 333 09e4 C9B24A4F 		.ascii	"\311\262JO\367\027?\020\343\227h\006\226n0\035\322\322"
 333      F7173F10 
 333      E3976806 
 333      966E301D 
 333      D2D2
 334 09f6 DC8F8C9F 		.ascii	"\334\217\214\2370j\302\240!#;\246\335\237\326\311=y"
 334      306AC2A0 
 334      21233BA6 
 334      DD9FD6C9 
 334      3D79
 335 0a08 9A7B7C7A 		.ascii	"\232{|z\206\373\345\311S\247Os\017\031:\260c\007\367"
 335      86FBE5C9 
 335      53A74F73 
 335      0F193AB0 
 335      6307F7
 336 0a1b 80017DDC 		.ascii	"\200\001}\334c\3771}dF\306\230\264\321\222\231\206/"
 336      63FF317D 
 336      6446C698 
 336      B4D19299 
 336      862F
 337 0a2d 5B478F4F 		.ascii	"[G\217O\317\314\034\233\3012\315\223\322\247M4\303\374"
 337      CFCC1C9B 
 337      C132CD93 
 337      D2A74D34 
 337      C3FC
 338 0a3f FFCF093F 		.ascii	"\377\317\011?\335"
 338      DD
 339              		.text
 340              		.section	.gnu.lto_ext_lld_start.6792927616cdc288,"",%progbits
 341 0000 789C8D53 		.ascii	"x\234\215S[hTW\024=k\337\231\373\2348\243_\222\037\333"
 341      5B685457 
 341      143D6BDF 
 341      99FB9C38 
 341      A35F921F 
 342 0015 4AC887CC 		.ascii	"J\310\207\314\334\242\365\247\245((~\024K?\354\277\324"
ARM GAS  /tmp/ccQhhXRS.s 			page 27


 342      DCA2F5A7 
 342      A528287E 
 342      144B3FEC 
 342      BFD4
 343 0027 07241050 		.ascii	"\007$\020P\324\217\376\210g2\211\265P%F?D\215\"\245"
 343      D48FFE88 
 343      673289B5 
 343      5025463F 
 343      448D22A5 
 344 003b D6364DD2 		.ascii	"\3266M\322$\306\367\343\332\212\212\305J\264\232\246"
 344      24C6F7E3 
 344      DA8A8AC5 
 344      4AB49AA6 
 345 004b 11134425 		.ascii	"\021\023D%\375\2504\217\032\257\"\343\336\347\216/l"
 345      FDA8348F 
 345      1AAF22E3 
 345      DEE78E2F 
 345      6C
 346 005c A19799F3 		.ascii	"\241\227\231\363\330g\357u\326\332{\037K\275\3715\363"
 346      D867EF75 
 346      D6DA7B1F 
 346      4BBDF935 
 346      F3
 347 006d FFC39452 		.ascii	"\377\303\224R\037\360\214\214\002\265\374\252T\321%"
 347      1FF08C8C 
 347      02B5FCAA 
 347      54D125
 348 007c B2867CA5 		.ascii	"\262\206|\245}\257\357g\245t\306\202\227\330=\004\262"
 348      7DAFEF67 
 348      A574C682 
 348      97D83D04 
 348      B2
 349 008d 409AEC2D 		.ascii	"@\232\354-\265|\356\310\230\261\341&\307\316\363\205"
 349      B57CEEC8 
 349      98B1E126 
 349      C7CEF385 
 350 009d 9BF89D73 		.ascii	"\233\370\235s\003J\217\377\302\020\276\277\217\330\323"
 350      034A8FFF 
 350      C210BEBF 
 350      8FD8D3
 351 00ac 07C4AEA0 		.ascii	"\007\304\256\2406\221\345\245m\307\015|l\242@\341\035"
 351      3691E5A5 
 351      6DC70D7C 
 351      6CA240E1 
 351      1D
 352 00bd F9F1F727 		.ascii	"\371\361\367'\215\021Z\242\366]A\3557Z\353\277\357\364"
 352      8D115AA2 
 352      F65D41ED 
 352      375AEBBF 
 352      EFF4
 353 00cf CE6C9E19 		.ascii	"\316l\236\031\223R\023\2240\306\267\250e\227\303\345"
 353      93521394 
 353      30C6B7A8 
 353      6597C3E5 
 354 00df 68D0B6E6 		.ascii	"h\320\266\346C\361\372x\347\344\225`\224b\302[\262="
 354      43F1FA78 
 354      E7E49560 
ARM GAS  /tmp/ccQhhXRS.s 			page 28


 354      9462C25B 
 354      B23D
 355 00f1 D17A6997 		.ascii	"\321zi\227-[J\311v\344\330\303\326\252\232\257\265n"
 355      2D5B4AC9 
 355      76E4D8C3 
 355      D6AA9AAF 
 355      B56E
 356 0103 8CCEF6E8 		.ascii	"\214\316\366\350\205\251\230,\034\202\305x\370\016\325"
 356      85A9982C 
 356      1C82C578 
 356      F80ED5
 357 0112 F81ED58A 		.ascii	"\370\036\325\212M\012\355\250\021\367\311/\272\206\034"
 357      4D0AEDA8 
 357      11F7C92F 
 357      BA861C
 358 0121 EB7D03FC 		.ascii	"\353}\003\374d{\307Hv\366\001\016\035\331_\272\230\321"
 358      647BC748 
 358      76F6010E 
 358      1DD95FBA 
 358      98D1
 359 0133 9774D348 		.ascii	"\227t\323H\271<+\246\024~x\035!\3718d\254\351\351@`"
 359      B93C2BA6 
 359      147E781D 
 359      21F93864 
 359      ACE9E940 
 360 0148 3731F51C 		.ascii	"71\365\034:0;\241\215N\330\340I,]3\"].\367^\355\377"
 360      3A303BA1 
 360      8D4ED8E0 
 360      492C5D33 
 360      225D2EF7 
 361 015f 72CE1ECA 		.ascii	"r\316\036\312A\211\215\314hC88\314&\355\363`\007<8\031"
 361      41898DCC 
 361      68433838 
 361      CC26EDF3 
 361      60073C38 
 362 0174 19B2E65C 		.ascii	"\031\262\346\\\251\273\014\306y\274G\304\223\365\007"
 362      A9BB0CC6 
 362      79BC47C4 
 362      93F507
 363 0183 1A8F8CFD 		.ascii	"\032\217\214\375\326m\011\372\0249|\371\360\335\253"
 363      D66D09FA 
 363      14397CF9 
 363      F0DDAB
 364 0192 FDAE28B7 		.ascii	"\375\256(\267\014\227\276G\373\377\252j\303\036\304"
 364      0C97BE47 
 364      FBFFAA6A 
 364      C31EC4
 365 01a1 E44E918D 		.ascii	"\344N\221\215.!\312\366\275\223;\006\263\37191y\370"
 365      2E21CAF6 
 365      BD933B06 
 365      B3F93931 
 365      79F8
 366 01b3 116D1837 		.ascii	"\021m\0307\231E7\362\352\006\232~/U\277\004\354\337"
 366      994537F2 
 366      EA069A7E 
 366      2F55BF04 
 366      ECDF
ARM GAS  /tmp/ccQhhXRS.s 			page 29


 367 01c5 7DB09415 		.ascii	"}\260\224\025@\217\211\366Tt\336c\370Z\353\026J\321"
 367      408F89F6 
 367      5474DE63 
 367      F85AEB16 
 367      4AD1
 368 01d7 8D0B24BE 		.ascii	"\215\013$\276\202\271\357\372\266N\332\370Do\321nL\376"
 368      82B9EFFA 
 368      B64EDAF8 
 368      446FD16E 
 368      4CFE
 369 01e9 0489DC5E 		.ascii	"\004\211\334^ld\366\201\011\361\204\261\272\017)o\361"
 369      6C64F681 
 369      09F184B1 
 369      BA0F296F 
 369      F1
 370 01fa E0C9AF1C 		.ascii	"\340\311\257\034A\345\306\303aT[\267\372\352d&qL+n\030"
 370      41E5C6C3 
 370      61545BB7 
 370      FAEA6426 
 370      714C2B6E 
 371 020f A3AD7BA0 		.ascii	"\243\255{\240\277\242\315\377?bl\364\0311\0201GX\214"
 371      BFA2CDFF 
 371      3F626CF4 
 371      19311031 
 371      47588C
 372 0222 601CA849 		.ascii	"`\034\250I\020\202W\263c\277\226\235\242\326Q>\246\014"
 372      108257B3 
 372      63BF969D 
 372      A2D6513E 
 372      A60C
 373 0234 5F83A315 		.ascii	"_\203\243\025\320\007?m{\234\315\267\353\\LU8f`)\251"
 373      D0073F6D 
 373      7B9CCDB7 
 373      EB5C4C55 
 373      38666029 
 374 0249 6FB1F5F4 		.ascii	"o\261\365\364\260\027v\350\026\035-\210i\032\216#?e"
 374      B01776E8 
 374      161D2D88 
 374      691A8E23 
 374      3F65
 375 025b AE94C381 		.ascii	"\256\224\303\201\313[\207\\\016\343\303\217b\312\342"
 375      CB5B875C 
 375      0EE3C38F 
 375      62CAE2
 376 026a 04C271A9 		.ascii	"\004\302q\251\205\302I\303\247\364h\363\371tB(\223p"
 376      85C249C3 
 376      A7F468F3 
 376      F9744228 
 376      9370
 377 027c 7AD1AB4E 		.ascii	"z\321\253NJ\341\024\337\316\025\030,\255\250\370\274"
 377      4AE114DF 
 377      CE15182C 
 377      ADA8F8BC 
 378 028c 9A2B8751 		.ascii	"\232+\207QN\277\250\200\255\342\032.As4|\301\372\327"
 378      4EBFA880 
 378      ADE21A2E 
 378      4173347C 
ARM GAS  /tmp/ccQhhXRS.s 			page 30


 378      C1FAD7
 379 029f 12E42684 		.ascii	"\022\344&\2041\316p\0118[L1\246\351&\322y\0369n\377"
 379      31CE7009 
 379      385B4C31 
 379      A6E926D2 
 379      791E396E 
 380 02b4 572033C6 		.ascii	"W 3\306\3317\002\335JaJ\255\233\037\354\336\213\204"
 380      D93702DD 
 380      4A614AAD 
 380      9B1FECDE 
 380      8B84
 381 02c6 62961D18 		.ascii	"b\226\035\030\341b\333hO\312T\224\373$b\2267a:C\332"
 381      E162DB68 
 381      4FCA5494 
 381      FB246296 
 381      37613A43 
 382 02db 969D4C7C 		.ascii	"\226\235L|\240\370\351\343&\032s*1C\304^)MK\220\004"
 382      A0F8E9E3 
 382      261A732A 
 382      3143C45E 
 382      294D4B90 
 383 02f0 E6DAC4CE 		.ascii	"\346\332\304\316C\346!\247\336V8\227\210\275\017L\021"
 383      43E621A7 
 383      DE563897 
 383      88BD0F4C 
 383      11
 384 0301 F71FC3B8 		.ascii	"\367\037\303\270\243\036\343\370\322I\267Q\214\376Y"
 384      A31EE3F8 
 384      D249B751 
 384      8CFE59
 385 0310 62042879 		.ascii	"b\004(y\027`#\353\235[(\204\213\352\352W\324\177\262"
 385      176023EB 
 385      9D5B2884 
 385      8BEAEA57 
 385      D47FB2
 386 0323 6CF9BCC2 		.ascii	"l\371\274\302\273\205\367\3025\353\303\272\317\032\302"
 386      BB85F7C2 
 386      35EBC3BA 
 386      CF1AC2
 387 0332 B56BD66D 		.ascii	"\265k\326mX\037.\373\364\343ys\303\245K\027\207\253"
 387      581F2EFB 
 387      F4E37973 
 387      C3A54B17 
 387      87AB
 388 0344 3FDFB0BC 		.ascii	"?\337\260\274\241aUa\245J\361r-\352\237\001\030\010"
 388      A1615561 
 388      A54AF172 
 388      2DEA9F01 
 388      1808
 389 0356 8A02     		.ascii	"\212\002"
 390              		.text
 391              		.section	.gnu.lto_.symbol_nodes.6792927616cdc288,"",%progbits
 392 0000 789C55CB 		.ascii	"x\234U\313=\016\3020\014\206\341\317\237\2334\335\031"
 392      3D0EC230 
 392      0C86E1CF 
 392      9F9B34DD 
 392      19
ARM GAS  /tmp/ccQhhXRS.s 			page 31


 393 0011 3906F773 		.ascii	"9\006\367s\370+\214\254\014 \2508D\007&\016\000#k\205"
 393      F82B8CAC 
 393      0C20A838 
 393      4407260E 
 393      00236B85 
 394 0025 7A0E2088 		.ascii	"z\016 \210\016\251'\277\217l\005\360\3000\334\322\200"
 394      0EA927BF 
 394      8F6C05F0 
 394      C030DCD2 
 394      80
 395 0036 DD1D3093 		.ascii	"\335\0350\223C\023\300\025M\006\300\361\224 \322\230"
 395      4313C015 
 395      4D06C0F1 
 395      9420D298 
 396 0046 83FB08CE 		.ascii	"\203\373\010\316\351\213\013\232\216.\227\264b\004s"
 396      E98B0B9A 
 396      8E2E97B4 
 396      620473
 397 0055 9ACB41D6 		.ascii	"\232\313A\3264\377\007\304\230zC+\363\256i!k\025\340"
 397      34FF07C4 
 397      987A432B 
 397      F3AE6921 
 397      6B15E0
 398 0068 D5CE9425 		.ascii	"\325\316\224%.\335[\264\010\350\257S\365\025\372n\242"
 398      2EDD5BB4 
 398      08E8AF53 
 398      F515FA6E 
 398      A2
 399 0079 DEA1A99F 		.ascii	"\336\241\251\237\373J\275\340\366[\360\005\032\0308"
 399      FB4ABDE0 
 399      F65BF005 
 399      1A1838
 400 0088 67       		.ascii	"g"
 401              		.text
 402              		.section	.gnu.lto_.refs.6792927616cdc288,"",%progbits
 403 0000 789C6366 		.ascii	"x\234cf```c\200\000F&&fF\006\000\000\277\000\023"
 403      60606063 
 403      80004626 
 403      26664606 
 403      0000BF00 
 404              		.text
 405              		.section	.gnu.lto_.decls.6792927616cdc288,"",%progbits
 406 0000 789CAD58 		.ascii	"x\234\255X{PT\327\031\277\347\236\335eY\027\260\320"
 406      7B5054D7 
 406      19BFE79E 
 406      DD655917 
 406      B0D0
 407 0012 910CD3A6 		.ascii	"\221\014\323\246\212\355\216\311$,B\372\370\243\323"
 407      8AED8EC9 
 407      242C42FA 
 407      F8A3D3
 408 0021 9A419290 		.ascii	"\232A\222\220F\343\000I\333\311\037;\010k%%ham\315\364"
 408      46E30049 
 408      DBC91F3B 
 408      086B2525 
 408      68616DCD 
 409 0036 9FCB9B10 		.ascii	"\237\313\233\020\202\206*\002\212.\202\021\344)\010"
ARM GAS  /tmp/ccQhhXRS.s 			page 32


 409      82862A02 
 409      8A2E8211 
 409      E42908
 410 0045 F8165079 		.ascii	"\370\026Py\010\"U\"\304hv\005_\301\007\030\021AD\372"
 410      08225522 
 410      C4687605 
 410      5FC10718 
 410      114144FA 
 411 0059 9D73EEDD 		.ascii	"\235s\356\335\275\273\356\232d\246w\374\330s\356\375"
 411      BDBBEE9A 
 411      64A677FC 
 411      D873EEFD 
 412 0069 7DBFEF77 		.ascii	"}\277\357w\276s\276s\317\025s\0347\037s\334\034\\\345"
 412      BE73BE73 
 412      CF15731C 
 412      371F73DC 
 412      1C5CE5
 413 007c 3FE5B857 		.ascii	"?\345\270W\241\355\001\367V\201A\223\273\015\326\013"
 413      A1ED01F7 
 413      56814193 
 413      BB0DD60B 
 414 008c D6C2B1CB 		.ascii	"\326\302\261\313\023\354;\260\011\260G`3`\263`s`\010"
 414      13EC3BB0 
 414      09B04760 
 414      3360B360 
 414      736008
 415 009f 810F9812 		.ascii	"\201\017\230\022\014\376q\036\210s\270\210\237F\344"
 415      0CFE711E 
 415      8873B888 
 415      9F46E4
 416 00ae F606D38A 		.ascii	"\366\006\323\212\334$\306\"\260\267\301\226\202O0\330"
 416      DC24C622 
 416      B0B7C196 
 416      824F30D8 
 417 00be 3CC243EE 		.ascii	"<\302C\356\303\257\016l1\330\022\260\227\300x\231\006"
 417      C3AF0E6C 
 417      31D812B0 
 417      97C07899 
 417      06
 418 00cf E76B42E4 		.ascii	"\347kB\344\225\307\220\306 \305\010\001\216q\027\261"
 418      95C790C6 
 418      20C50801 
 418      8E7117B1 
 419 00df 7E05BFAF 		.ascii	"~\005\277\257\202\005\202\275\014\366\0131\326\204\030"
 419      820582BD 
 419      0CF60B31 
 419      D68418
 420 00ee CFF922E3 		.ascii	"\317\371\"\343W\212\261B\021\213s\015lZ|\316\213\030"
 420      578AB142 
 420      118B730D 
 420      6C5A7CCE 
 420      8B18
 421 0100 E4261F33 		.ascii	"\344&\0373n\2646\211<$\347\257\201\317C\027ZG8\226\227"
 421      6EB43689 
 421      3C24E7AF 
 421      81CF4317 
 421      5A473896 
ARM GAS  /tmp/ccQhhXRS.s 			page 33


 422 0115 45624E24 		.ascii	"EbN$\255\204\023;\305!\027\231#\1777y9-\313\315(\330"
 422      AD84133B 
 422      C5211799 
 422      237F3779 
 422      392DCBCD 
 423 012b 0D31BE15 		.ascii	"\0151\276\025\3547\300\365k\260\337\202\275\003\366"
 423      EC37C0F5 
 423      6BB0DF82 
 423      BD03F6
 424 013a 27B0D745 		.ascii	"'\260\327E\035\222\246\025`+\301\274\000?\010v\021l"
 424      1D92A615 
 424      602BC1BC 
 424      003F0876 
 424      116C
 425 014c 186CB96C 		.ascii	"\030l\271l\336.\311\346R\312\257\224o$\352s\276\310"
 425      DE2EC9E6 
 425      52CAAF94 
 425      6F24EA73 
 425      BEC8
 426 015e 9AF275A1 		.ascii	"\232\362u\241\371-1G\243\242n\347\\9\353&\343\271\011"
 426      F92D3147 
 426      A3A26EE7 
 426      5C39EB26 
 426      E3B909
 427 0171 A610F326 		.ascii	"\246\020\363&\327\250\020\343\2205K4\270ZS\367y\324"
 427      D7A810E3 
 427      90354B34 
 427      B85A53F7 
 427      79D4
 428 0183 50B6A7D9 		.ascii	"P\266\247\331\363\026\217\2745\313H\267|kA\265\022\272"
 428      F3168FBC 
 428      35CB48B7 
 428      7C6B41B5 
 428      12BA
 429 0195 5A8D9A74 		.ascii	"Z\215\232t\373\267\025\335Sc\036\221vY\341\325\001\315"
 429      FBB715DD 
 429      53631E91 
 429      7659E1D5 
 429      01CD
 430 01a7 2BFB0441 		.ascii	"+\373\004A\310\026Z\255\310N1\221Y14\017\373Q\320\340"
 430      C8165AAD 
 430      C84E3191 
 430      5931340F 
 430      FB51D0E0 
 431 01bb C3018B0F 		.ascii	"\303\001\213\017~\221\266ks\277=\253\300/\321\366W\327"
 431      7E91B66B 
 431      73BF3DAB 
 431      C02FD1F6 
 431      57D7
 432 01cd BFA9F6C6 		.ascii	"\277\251\366\306!\264]<x}\002C\214\2675<\351\266t\245"
 432      21B45D3C 
 432      787D0243 
 432      8CB7353C 
 432      E9B674A5 
 433 01e1 962B143C 		.ascii	"\226+\024<\207j\021Fu(\200r\266\232\317\267\371\220"
 433      876A1146 
 433      75288072 
ARM GAS  /tmp/ccQhhXRS.s 			page 34


 433      B69ACFB7 
 433      F990
 434 01f3 9B3570F3 		.ascii	"\2335p\363\227\001\250\036)\310\355\316\375\237_\365"
 434      9701A81E 
 434      29C8EDCE 
 434      FD9F5FF5 
 435 0203 22B7ABE1 		.ascii	"\"\267\253\341\366\342\000\264\237\335N\371\342H\256"
 435      F6E200B4 
 435      9FDD4EF9 
 435      E248AE
 436 0212 07302ED0 		.ascii	"\0070.\320P\347\274\236\3426L\273s$ \237sg\272C\215"
 436      50E7BC9E 
 436      E2364CBB 
 436      7324209F 
 436      7367BA43 
 437 0227 D4BA4C41 		.ascii	"\324\272LAH\025\306SSp\2417\207^\011@/A,\324\204\324"
 437      4815C653 
 437      5370A137 
 437      875E0940 
 437      2F412CD4 
 438 023d 681F7A05 		.ascii	"h\037z\0055#\035j@\012\324\210\002\320\001PQ\016\003"
 438      35231D6A 
 438      400AD488 
 438      02D00150 
 438      510E03
 439 0250 1D9F7DFA 		.ascii	"\035\237}\372\261 (\010\206# y\346\370)KI\277\3025+"
 439      B1202808 
 439      86232079 
 439      E6F8294B 
 439      49BFC235 
 440 0265 3A0864CF 		.ascii	":\010d\317#\266~\032\253F-\000\250\202q0b\032DJiz\371"
 440      23B67E1A 
 440      AB462D00 
 440      A8827130 
 440      621A444A 
 441 027c E4AC02C7 		.ascii	"\344\254\002\307\321t]h\274\227\252\2443$\374\204\246"
 441      D1745D68 
 441      BC97AAA4 
 441      3324FC84 
 441      A6
 442 028d 66EC718F 		.ascii	"f\354q\217\206N\321f\232?KnC\2267\376\220b\017\325N"
 442      864ED166 
 442      9A3F4B6E 
 442      439637FE 
 442      90620FD5 
 443 02a2 9C9D47B1 		.ascii	"\234\235G\261\013I\367p~W\241\212Bi\232N\034\237\352"
 443      0B49F770 
 443      7E57A18A 
 443      42699A4E 
 443      1C9FEA
 444 02b5 D0E07F53 		.ascii	"\320\340\177Sdn\266\265[\203\323\021\222\347o\021\313"
 444      646EB6B5 
 444      5B83D311 
 444      92E76F11 
 444      CB
 445 02c6 9F65FB74 		.ascii	"\237e\373t\271'\355\222\315\323\207\014\266\353\206"
 445      B927ED92 
ARM GAS  /tmp/ccQhhXRS.s 			page 35


 445      CDD3870C 
 445      B6EB86
 446 02d5 50E68D74 		.ascii	"P\346\215t\032\232\225]{\206\337J\023\226\241SH\203"
 446      1A9A955D 
 446      7B86DF4A 
 446      1396A153 
 446      4883
 447 02e7 5AED0320 		.ascii	"Z\355\003 \336\344\312&\011\331\234&xvAB\216\301\250"
 447      DEE4CA26 
 447      09D99C26 
 447      78764142 
 447      8EC1A8
 448 02fa 8FC3A8D1 		.ascii	"\217\303\250\321IH\303\"\015\305\2426\270\331\0167\201"
 448      4948C322 
 448      0DC5A236 
 448      B8D90E37 
 448      81
 449 030b F8F493E3 		.ascii	"\370\364\223\343\351J\244\321\271v\352p\341\304&&#\177"
 449      E94AA4D1 
 449      B976EA70 
 449      E1C42626 
 449      237F
 450 031d 019999D3 		.ascii	"\001\231\231\323 \341\204]\002(\262\345\360\346\364"
 450      20E1845D 
 450      0228B2E5 
 450      F0E6F4
 451 032c B77BBDB0 		.ascii	"\267{\275\260\225\215\260gx\352\201\226&f\276|\011j"
 451      958DB067 
 451      78EA8196 
 451      2666BE7C 
 451      096A
 452 033e D912EC1B 		.ascii	"\331\022\354\033\032\333\347\201\257S(?8\367\344k\245"
 452      1ADBE781 
 452      AF53283F 
 452      38F7E46B 
 452      A5
 453 034f 34D4D19B 		.ascii	"4\324\321\233#\253Ra\250\275\020\347\214=\316i\364\334"
 453      23AB5261 
 453      A8BD10E7 
 453      8C3DCE69 
 453      F4DC
 454 0361 B1F6B81C 		.ascii	"\261\366\270\034+\252\3559s\236\254^\216\322}@\347d"
 454      2BAAED39 
 454      739EAC5E 
 454      8ED27D40 
 454      E764
 455 0373 67CEA93B 		.ascii	"g\316\251;\012\274\207\225\330\365\246#\225Z\334\310"
 455      0ABC8795 
 455      D8F5A623 
 455      955ADCC8 
 456 0383 3AE71F6C 		.ascii	":\347\037l\251\230G5.\"\335\253\315u\215*\015\304\023"
 456      A9984735 
 456      2E22DDAB 
 456      CD758D2A 
 456      0DC413
 457 0396 C478F0C0 		.ascii	"\304x\360\300\026\221C\377%\212\320\222\000\324\317"
 457      169143FF 
ARM GAS  /tmp/ccQhhXRS.s 			page 36


 457      258AD092 
 457      00D4CF
 458 03a5 62953436 		.ascii	"b\22546\264kq3\243*O\271\262\307\033\237`\235\314\352"
 458      B46B7133 
 458      A32A4FB9 
 458      B2C71B9F 
 458      609DCCEA 
 459 03b9 2B9D0ADC 		.ascii	"+\235\012\334M;\001s[7\025\361H\027\030\350\347\033"
 459      4D3B0173 
 459      5B3715F1 
 459      481718E8 
 459      E71B
 460 03cb E8E7A7F3 		.ascii	"\350\347\247\363\003\203\266V\353\257Sh\265:\235\216"
 460      0383B656 
 460      EBAF5368 
 460      B53A9D8E 
 461 03db 2ED65D69 		.ascii	".\326]i\032\001\241\353H\213\372\354)\270\201\264,\005"
 461      1A01A1EB 
 461      488BFAEC 
 461      29B881B4 
 461      2C05
 462 03ed 6602B954 		.ascii	"f\002\271T\266R\350\012F_!_t\0360\026\344\207\016\203"
 462      B652E80A 
 462      465F215F 
 462      741E3016 
 462      E4870E83 
 463 0401 B623241B 		.ascii	"\266#$\033K\210\276\227\003\0304\325:}\362\234\226`"
 463      4B88BE97 
 463      031834D5 
 463      3A7DF29C 
 463      9660
 464 0413 47816F00 		.ascii	"G\201o\000\260C\200\265e\216b\217\221\021q\237\323\241"
 464      B04380B5 
 464      658E628F 
 464      9111719F 
 464      D3A1
 465 0425 9A856526 		.ascii	"\232\205e&\016\355\205\347\025\344y\245\350@\012\353"
 465      0EED85E7 
 465      15E479A5 
 465      E8400AEB 
 466 0435 0E647904 		.ascii	"\016dy\004\005\242A\024H\205l\246\016\202\260\320\204"
 466      05A24114 
 466      48856CA6 
 466      0E82B0D0 
 466      84
 467 0446 BE96C5E7 		.ascii	"\276\226\305\347\210*)CL\302\211\262>*\201\014\351\034"
 467      882A2943 
 467      4CC289B2 
 467      3E2A810C 
 467      E91C
 468 0458 305EFE31 		.ascii	"0^\3761\022\256@\330\313\242\204{\320\036\006\011\227"
 468      12AE40D8 
 468      CBA2847B 
 468      D01E0609 
 468      97
 469 0469 4409AE1C 		.ascii	"D\011\256\0348\267h\232\334.\330\011\210\334\243\366"
 469      38B7689A 
ARM GAS  /tmp/ccQhhXRS.s 			page 37


 469      DC2ED809 
 469      88DCA3F6 
 470 0479 D4029E93 		.ascii	"\324\002\236\223\321\011\224\316\226\316\253\300b\021"
 470      D10994CE 
 470      96CEABC0 
 470      6211
 471 0487 19EF42FB 		.ascii	"\031\357B\373\242ClG0\367<\244\331\035-gC\022\205\346"
 471      A2436C47 
 471      30F73CA4 
 471      D91D2D67 
 471      431285E6 
 472 049b CB18A16F 		.ascii	"\313\030\241o\340\311\005\273B\213\244\220\246\363\240"
 472      E0C905BB 
 472      428BA490 
 472      A6F3A0
 473 04aa 984E528C 		.ascii	"\230NR\214\235.\323i\237\375\273e\347\346\011\205\301"
 473      9D2ED369 
 473      9FFDBB65 
 473      E7E60985 
 473      C1
 474 04bb 74F33B24 		.ascii	"t\363;$N\246\270i\332\221\362\241\330\362~\013\004\272"
 474      4EA6B869 
 474      DA91F2A1 
 474      D8F27E0B 
 474      04BA
 475 04cd 9BFA1C7B 		.ascii	"\233\372\034{\031\242\233\310\337\036\375K\000\302J"
 475      19A29BC8 
 475      DF1EFD4B 
 475      00C24A
 476 04dc 1575BB83 		.ascii	"\025u\273\203q2\314V\022[H\023\346\363h\325\002\324"
 476      7132CC56 
 476      125B4813 
 476      E6F368D5 
 476      02D4
 477 04ee 05886E8A 		.ascii	"\005\210n\212\000<\374\375\026)\304\264\214\317\326"
 477      003CFCFD 
 477      1629C4B4 
 477      8CCFD6
 478 04fd 67FE9C6C 		.ascii	"g\376\234lA\327@S\245=5CRjH\235\337\006\332\263\340"
 478      41D74053 
 478      A53D3543 
 478      526A489D 
 478      DF06DAB3 
 479 0512 220F6C95 		.ascii	"\"\017l\225e\207#U\340<\200k\016\200\333\014\300v\243"
 479      65872355 
 479      E03C806B 
 479      0E80DB0C 
 479      C076A3
 480 0525 BD8F97A5 		.ascii	"\275\217\227\245\300nDb8\276\217\350R\352+SA\235Z\\"
 480      C06E4462 
 480      38BE8FE8 
 480      52EA2B53 
 480      419D5A5C 
 481 0539 3E3457C3 		.ascii	">4W\303,^~\346\021\241w\2633\215^n\260\250\374\335\245"
 481      2C5E7EE6 
 481      11A177B3 
 481      338D5E6E 
ARM GAS  /tmp/ccQhhXRS.s 			page 38


 481      B0A8FCDD 
 482 054e 639CA663 		.ascii	"c\234\246c\214\246\003\300Y\225}'\347\341~\266\303\244"
 482      8CA603C0 
 482      59957D27 
 482      E7E17EB6 
 482      C3A4
 483 0560 171C9851 		.ascii	"\027\034\230Q.\334)\264\326\217[\252\206\227\026m6\247"
 483      2EDC29B4 
 483      D68F5BAA 
 483      8697166D 
 483      36A7
 484 0572 084FE7E6 		.ascii	"\010O\347\346\220\300\0237t\337\226,\216\264\231\216"
 484      90C01337 
 484      74DF962C 
 484      8EB4998E 
 485 0582 EFD042F0 		.ascii	"\357\320B\360\274\2219\224\212\361nLi\272{z\343\200"
 485      BC913994 
 485      8AF16E4C 
 485      69BA7B7A 
 485      E380
 486 0594 C55A2F14 		.ascii	"\305Z/\024\011f$\300\253\010\010\310\264=\220\021<\220"
 486      096624C0 
 486      AB0808C8 
 486      B43D9011 
 486      3C90
 487 05a6 08262841 		.ascii	"\010&(A\363\364d\235{\321\017\251\350\017D\315wJ&\341"
 487      F3F4649D 
 487      7BD10FA9 
 487      E80F44CD 
 487      774A26E1 
 488 05ba ED759805 		.ascii	"\355u\230\005k.h\310PA4s\275\371\2232U\205\320:7\367"
 488      6B2E68C8 
 488      50413473 
 488      BDF99332 
 488      5585D03A 
 489 05d0 47824793 		.ascii	"G\202G\223\262`\223R\260G4\330\261Sy\351Z\2054\317,"
 489      B2609352 
 489      B04734D8 
 489      B15379E9 
 489      5A8534CF 
 490 05e5 6B639706 		.ascii	"kc\227\006\376\343\351V\3004\0250%e\315\362\365%\253"
 490      FEE3E956 
 490      C0341530 
 490      2565CDF2 
 490      F525AB
 491 05f8 06773205 		.ascii	"\006w2\005C\351%\367\025LA\217M\0018\240\3072\005\217"
 491      43E925F7 
 491      154C418F 
 491      4D0138A0 
 491      C732058F 
 492 060c 25053354 		.ascii	"%\0053TAf\333\334u\204\007\030\301\356\274\272/\325"
 492      4166DBDC 
 492      75840718 
 492      C1EEBCBA 
 492      2FD5
 493 061e 3461E629 		.ascii	"4a\346)\033\001\311\327\023\031\301\023\211`\226\022"
 493      1B01C9D7 
ARM GAS  /tmp/ccQhhXRS.s 			page 39


 493      1319C113 
 493      89609612 
 494 062e 6CC9D8F5 		.ascii	"l\311\330\365\231'\276-\346\2405k\213\250`\247\203\202"
 494      9927BE2D 
 494      E6A0356B 
 494      8BA860A7 
 494      8382
 495 0640 A73282A7 		.ascii	"\2472\202\247\022\301\034%8\232u\241R\205\247\031\301"
 495      12C11C25 
 495      389A75A1 
 495      5285A719 
 495      C1
 496 0651 859A43D9 		.ascii	"\205\232C\331d\342\255P\035;r\264EB)\233x:p\230~;\013"
 496      64E2AD50 
 496      1D3B72B4 
 496      4542299B 
 496      783A7098 
 497 0668 B4194B0A 		.ascii	"\264\031K\012OXN\3359sO\213\263\024\224%u\244\351\232"
 497      4F584EDD 
 497      39734F8B 
 497      B3149425 
 497      75A4E99A 
 498 067c 82B2D477 		.ascii	"\202\262\324w\355\267.\220\261\220\371H\225\261\244"
 498      EDB72E90 
 498      B190F948 
 498      95B1A4
 499 068b 4A2C6994 		.ascii	"J,i\224e\364ja\276\022_a,c\243'v0-\346s{2\027\312f4"
 499      65F46A61 
 499      BE125F61 
 499      2C63A327 
 499      76302DE6 
 500 06a6 5DC6902E 		.ascii	"]\306\220.1dP\206\341\226\346I\025~\310\030:\323\272"
 500      31645086 
 500      E196E649 
 500      157EC818 
 500      3AD3BA
 501 06b9 CFA3C5A5 		.ascii	"\317\243\305\245\202\325<n\351\271\350\225\"\230S\005"
 501      82D53C6E 
 501      E9B9E895 
 501      22985305 
 502 06c9 8190D00A 		.ascii	"\201\220\320\012\315d,\262m>\223q\241,~1x\367\026\334"
 502      CD642CB2 
 502      6D3E9371 
 502      A12C7E31 
 502      78F716DC 
 503 06dd 7A8B1E38 		.ascii	"z\213\0368Z1=b\265\326\\\360\240o\363\337\3217\375P"
 503      5A313D62 
 503      B5D65CF0 
 503      A06FF3DF 
 503      D137FD50 
 504 06f1 FB900ACF 		.ascii	"\373\220\012\317\260@w\333\3137\2227{\332\017;\000\201"
 504      B04077DB 
 504      CB379237 
 504      7BDA0F3B 
 504      0081
 505 0703 47514BA6 		.ascii	"GQK\246?\316VR\357\231\301Y\263'\316e\2353)w\233\275"
 505      3FCE5652 
ARM GAS  /tmp/ccQhhXRS.s 			page 40


 505      EF99C159 
 505      B327CE65 
 505      9D332977 
 506 0719 F066D6E9 		.ascii	"\360f\326\351\272_7\353\205\267\262\316\335\314\251"
 506      BA5F37EB 
 506      85B7B2CE 
 506      DDCCA9
 507 0728 112F5CAC 		.ascii	"\021/\\\254t8\016i\305\343\320\275\232b\036\233\331"
 507      74380E69 
 507      C5E3D0BD 
 507      9A621E9B 
 507      D9
 508 0739 B33EA170 		.ascii	"\263>\241p\2637.c\235\242G\275\035>\024\370\002\351"
 508      B3372E63 
 508      9DA247BD 
 508      1D3E14F8 
 508      02E9
 509 074b DEA8E928 		.ascii	"\336\250\351(\363\3065\354\331\361\346\311!-nQ:\234"
 509      F3C635EC 
 509      D9F1E6C9 
 509      212D6E51 
 509      3A9C
 510 075d 3CB5ECE4 		.ascii	"<\265\354\344\371\331\261\232a\204\217\262g\265On\365"
 510      F9D9B19A 
 510      61848FB2 
 510      67B54F6E 
 510      F5
 511 076e 7AE336D6 		.ascii	"z\3436\326\251\030\356\313\367\242\300%\244{{\367\310"
 511      A918EECB 
 511      F7A2C025 
 511      A47B7BF7 
 511      C8
 512 077f 3615EE64 		.ascii	"6\025\356d\317\216]\271\222\201\360Y\326\261<\262\264"
 512      CF8E5DB9 
 512      9281F059 
 512      D6B13CB2 
 512      B4
 513 0790 B38C05D3 		.ascii	"\263\214\005\323\343P~\345\200\012\017\320g\363/\226"
 513      E3507EE5 
 513      800A0FD0 
 513      67F32F96 
 514 07a0 6EC9C328 		.ascii	"n\311\303(P~\371\005\352\314Bz\332\370\301\226\352\327"
 514      507EF905 
 514      EACC427A 
 514      DAF8C196 
 514      EAD7
 515 07b2 2A1B84D6 		.ascii	"*\033\204\326t\214>\3455h'LS5/{\037\225\360\366\367"
 515      748C3EE5 
 515      3568274C 
 515      53352F7B 
 515      1F95F0F6 
 516 07c7 3B7130E7 		.ascii	";q0\347\324\250\340\335E"
 516      D4A8E0DD 
 516      45
 517 07d0 B03B5C63 		.ascii	"\260;\\c_\266A\357UI\320\\g\350\022Gd\266\215\264\310"
 517      5FB641EF 
 517      5549D05C 
ARM GAS  /tmp/ccQhhXRS.s 			page 41


 517      67E81247 
 517      64B68DB4 
 518 07e5 1959EC44 		.ascii	"\031Y\354D:e#\315s\206\262ue\207>\266A7;C?wb}j\203\026"
 518      3A6523CD 
 518      7386B275 
 518      65873EB6 
 518      41373B43 
 519 0800 3843B739 		.ascii	"8C\2679A\307l\320\317\\\216J\312\225\220j\236\245P\362"
 519      41C76CD0 
 519      CF5C8E4A 
 519      CA95906A 
 519      9EA550F2 
 520 0814 9EDFEA0C 		.ascii	"\236\337\352\014\335\342\234\327i\033\355&\327\343\222"
 520      DDE29CD7 
 520      691BED26 
 520      D7E392
 521 0823 61676CD8 		.ascii	"agl\330|\327\003\223a?\261\245v\273\353\324\312\364"
 521      7CD70393 
 521      613FB1A5 
 521      76BBEBD4 
 521      CAF4
 522 0835 3EB1E9FD 		.ascii	">\261\351\375\217k\275\317\0347\262\371\000\364\011"
 522      8F6BBDCF 
 522      1C37B2F9 
 522      00F409
 523 0844 7D44D0A4 		.ascii	"}D\320\244\300ky\035*\345\003\321\027`e`\025`\345`\225"
 523      C06B791D 
 523      2AE503D1 
 523      17606560 
 523      1560E560 
 524 0859 6055607B 		.ascii	"`U`{\301\366\200\325\200\355\006\333\007f\006\333\305"
 524      C1F680D5 
 524      80ED06DB 
 524      076606DB 
 524      C5
 525 086a 078A4724 		.ascii	"\007\212G$\020=g\033`\241\353\351`\242\351k\374N\025"
 525      103D671B 
 525      60A1EBE9 
 525      60A2E96B 
 525      FC4E15
 526 087d 798D03E6 		.ascii	"y\215\003\346\331o\316\362M\305\371\036H\347Gq\271+"
 526      D96FCEF2 
 526      4DC5F91E 
 526      48E74771 
 526      B92B
 527 088f D4A81E98 		.ascii	"\324\250\036\230rl\373\031u\242\227\253!\241:\030\311"
 527      726CFB19 
 527      75A297AB 
 527      21A13A18 
 527      C9
 528 08a0 FF6B54A4 		.ascii	"\377kT\244Z\253:\032\324Z\371\311\245\236\227\237\\"
 528      5AAB3A1A 
 528      D45AF9C9 
 528      A59E979F 
 528      5C
 529 08b1 F6F3F4E4 		.ascii	"\366\363\364\344B~\3116\325\226q\026;\240\307\035N`"
 529      427EC936 
ARM GAS  /tmp/ccQhhXRS.s 			page 42


 529      D5967116 
 529      3BA0C71D 
 529      4E60
 530 08c3 0D22BA81 		.ascii	"\015\"\272\201\242O\316\346\215y9\240\247\035\320\215"
 530      A24FCEE6 
 530      8D7939A0 
 530      A71DD08D 
 531 08d3 22BA91A2 		.ascii	"\"\272\221\242\253\3522\262|\034\320\017\035\320\007"
 531      ABEA32B2 
 531      7C1CD00F 
 531      1DD007
 532 08e2 44F4018A 		.ascii	"D\364\001\212\356\272v8C\343'\036\325\315\356\316\366"
 532      EEBA7638 
 532      43E3271E 
 532      D5CDEECE 
 532      F6
 533 08f3 9CC3511D 		.ascii	"\234\303Q\035\334\012\232v\224)}e\037\031M\274\273\217"
 533      DC0A9A76 
 533      94297D65 
 533      1F194DBC 
 533      BB8F
 534 0905 0CD4CCFB 		.ascii	"\014\324\314\373\202\307vs\3776\255F\374D\314\376\376"
 534      82C77673 
 534      FF36AD46 
 534      FC44CCFE 
 534      FE
 535 0916 8D1DB5F0 		.ascii	"\215\035\265\360\032p;2\325\274\327\233\276:\254t#l"
 535      1A703B32 
 535      D5BCD79B 
 535      BE3AAC74 
 535      236C
 536 0928 387AEB21 		.ascii	"8z\353!\333\203\177F\367\340\361C\245\012\234\255b\377"
 536      DB837F46 
 536      F7E0F143 
 536      A50A9CAD 
 536      62FF
 537 093a AFD2D3DE 		.ascii	"\257\322\323\336\257\302\333X\347\360\375O'\324\270"
 537      AFC2DB58 
 537      E7F0FD4F 
 537      27D4B8
 538 0949 8475B61E 		.ascii	"\204u\266\036\335\221\317\376cG\240\375\274\332\362"
 538      DD91CFFE 
 538      6347A0FD 
 538      BCDAF2
 539 0958 078C85BE 		.ascii	"\007\214\205\276\217*J/\367b\367\237\223'x\361s\362"
 539      8F2A4A2F 
 539      F762F79F 
 539      932778F1 
 539      73F2
 540 096a 38CF3E27 		.ascii	"8\317>'o\367\357\363\221\017\236\324\3241XX\254<[y_"
 540      6FF7EFF3 
 540      910F9ED4 
 540      D4315858 
 540      AC3C5B79 
 541 097f C989A0B7 		.ascii	"\311\211\240\267}Y1\356!G\223\205\357\026}\241vz\\\215"
 541      7D5931EE 
 541      21479385 
ARM GAS  /tmp/ccQhhXRS.s 			page 43


 541      EF167DA1 
 541      767A5C8D 
 542 0993 4B99ECEE 		.ascii	"K\231\354\356\362\355\323\336\270\202vT9M\273:}\310"
 542      F2EDD3DE 
 542      B8827654 
 542      394DBB3A 
 542      7DC8
 543 09a5 360F5FA5 		.ascii	"6\017_\245PF)\326\355uo\223\017\2156\336\027\265\303"
 543      504629D6 
 543      ED756F93 
 543      0F8D36DE 
 543      17B5C3
 544 09b8 AAEF24EB 		.ascii	"\252\357$\353M\244}f\263,\252\223J\356\210\004u\263"
 544      4DA47D66 
 544      B32CAA93 
 544      4AEE8804 
 544      75B3
 545 09ca 5917DB90 		.ascii	"Y\027\333\220G]\"\345\037\203\254\244\016B\320Ct,\235"
 545      475D22E5 
 545      1F83ACA4 
 545      0E42D043 
 545      742C9D
 546 09dd 623D7541 		.ascii	"b=uA=\235\206\372\350\000;\005\326\315\313\276\3616"
 546      3D9D86FA 
 546      E8003B05 
 546      D6CDCBBE 
 546      F136
 547 09ef D5918AEE 		.ascii	"\325\221\212\356|\246\242It\353\216\2723\364\353\211"
 547      7CA6A249 
 547      74EB8EBA 
 547      33F4EB89 
 548 09ff C43FE91C 		.ascii	"\304?\351\034_\266KA\371\037.\020\372x\251\374K\326"
 548      5FB64B41 
 548      F91F2E10 
 548      FA78A9FC 
 548      4BD6
 549 0a11 A9510F59 		.ascii	"\251Q\017Y\202\366\362\357tU\376\222Vt\006$~\237\\R"
 549      82F6F2EF 
 549      7455FE92 
 549      56740624 
 549      7E9F5C52 
 550 0a25 D6C5B569 		.ascii	"\326\305\265i\274C1\3658\224u\257XL\275\254\254\007"
 550      BC4331F5 
 550      389475AF 
 550      584CBDAC 
 550      AC07
 551 0a37 DBB33412 		.ascii	"\333\2634\022:\373y\037V\350,\253\325\221[\177p\213"
 551      3AFB791F 
 551      56E82CAB 
 551      D5915B7F 
 551      708B
 552 0a49 77FA5E43 		.ascii	"w\372^C}\020\3133\374/\321\313\223\342\377iLR\275\271"
 552      7D10CB33 
 552      FC2FD1CB 
 552      93E2FF69 
 552      4C52BDB9 
 553 0a5d F2BD8561 		.ascii	"\362\275\205a\234\306\270\321\224l\2121\031\015&\015"
ARM GAS  /tmp/ccQhhXRS.s 			page 44


 553      9CC6B8D1 
 553      946C8A31 
 553      190D260D 
 554 0a6d 3C33BCB7 		.ascii	"<3\274\2672beD\264\2324\243\242\337]E\357\275\036\026"
 554      32626544 
 554      B49A34A3 
 554      A2DF5D45 
 554      EFBD1E16 
 555 0a81 1DF17EB8 		.ascii	"\035\361~\270.(H\037\2666~u\374\273Q\206\320\240\340"
 555      2E28481F 
 555      B6367E75 
 555      FCBB5186 
 555      D0A0E0
 556 0a94 A0D7F4EB 		.ascii	"\240\327\364\353\222\365kc\022\364\361\211\261\011\033"
 556      92F56B63 
 556      12F4F189 
 556      B1091B
 557 0aa3 E28C7A60 		.ascii	"\342\214z`\012Z\313))\333|\360\013[\033\223\230hL\010"
 557      0A5ACB29 
 557      29DB7CF0 
 557      0B5B1B93 
 557      98684C08 
 558 0ab7 5B97B826 		.ascii	"[\227\270&\376o\352\015\361\211\246\320\020\210b0H\315"
 558      FE6FEA0D 
 558      F189A6D0 
 558      10886230 
 558      48CD
 559 0ac9 57F51B92 		.ascii	"W\365\033\222\223l\356\211\306\177%\304\257\326\177"
 559      936CEE89 
 559      C67F25C4 
 559      AFD67F
 560 0ad8 1413BB36 		.ascii	"\024\023\2736>\321\2507\304\031\327\304lH0\031L\037"
 560      3ED1A837 
 560      C419D7C4 
 560      6C483019 
 560      4C1F
 561 0aea AF372603 		.ascii	"\2577&\003q\240+t\362\307\311zC\262)\016\030\001\242"
 561      71A02B74 
 561      F2C7C97A 
 561      43B2290E 
 561      1801A2
 562 0afd F8685D9C 		.ascii	"\370h]\234Qk\334\270>\226\2056\230B\334\211^\277.\311"
 562      516BDCB8 
 562      3E968536 
 562      9842DC89 
 562      5EBF2EC9 
 563 0b11 94AC8F8A 		.ascii	"\224\254\217\212^\021\032\242\177\347\235\345D\274!"
 563      5E111AA2 
 563      7FE79DE5 
 563      44BC21
 564 0b20 21210E48 		.ascii	"!!\016H\274\240\031\033\223\220\260:&\366\357\006\023"
 564      BCA0191B 
 564      9390B03A 
 564      26F6EF06 
 564      13
 565 0b31 1FBB5A2D 		.ascii	"\037\273Z-\262%\223\344\261\321\250b\351\317\213\242"
 565      B22593E4 
ARM GAS  /tmp/ccQhhXRS.s 			page 45


 565      B1D1A862 
 565      E9CF8BA2 
 566 0b41 97418A17 		.ascii	"\227A\212\027\027\237\034\263:\301\030\264>&\311\024"
 566      179F1CB3 
 566      3AC118B4 
 566      3E26C914 
 567 0b51 14FCA383 		.ascii	"\024\374\243\203\307r\376n\030\265\322\375\370\304x"
 567      C772FE6E 
 567      18B5D2FD 
 567      F8C478
 568 0b60 93AD936C 		.ascii	"\223\255\223lZ\267~\201\263\2071\2218x\3311\240\205"
 568      5AB77E81 
 568      B3873191 
 568      3878D931 
 568      A085
 569 0b72 F4DE5DFD 		.ascii	"\364\336]\375\2411\326\024\001\376/H\317\3407\336\020"
 569      A131D614 
 569      01FE2F48 
 569      CFE037DE 
 569      10
 570 0b83 9FF40F29 		.ascii	"\237\364\017)\312\357\177\210`\372\367\215\320\215\033"
 570      CAEF7F88 
 570      60FAF78D 
 570      D08D1B
 571 0b92 F5364DC9 		.ascii	"\3656M\311I\2207\377gX\231\022%YrK\265\3607\302\020"
 571      499037FF 
 571      67589912 
 571      2559724B 
 571      B5F037C2 
 572 0ba7 0D73B9DC 		.ascii	"\015s\271\334\270\006G\254\210\304\341+\"\025\221\321"
 572      B80647AC 
 572      88C4E12B 
 572      221591D1 
 573 0bb7 51918A37 		.ascii	"Q\221\2127\340\2172\352\317\021\341\221\374\252H\317"
 573      E08F32EA 
 573      CF11E191 
 573      FCAA48CF 
 574 0bc7 C8F0A8F0 		.ascii	"\310\360\250\360\310\367\303\227/\265\265B\024\000\017"
 574      C8F7C397 
 574      2FB5B542 
 574      14000F
 575 0bd6 51003E44 		.ascii	"Q\000>DI\034B\224\304#DE]B\360\252\310\020\275+\335"
 575      491C4294 
 575      C4234445 
 575      5D42F0AA 
 575      C810BD2B 
 576 0beb 20431FB6 		.ascii	" C\037\266\"*\"\012\024\353\223M\037\205\206\254\011"
 576      222A220A 
 576      14EB934D 
 576      1F8586AC 
 576      09
 577 0bfc 0D0EDD18 		.ascii	"\015\016\335\030\013R\275\243\376\032\025\366\306\233"
 577      0B52BDA3 
 577      FE1A15F6 
 577      C69B
 578 0c0a 921C25B4 		.ascii	"\222\034%\264#\227\342\310\260H\025Q\031\026Io\204\374"
 578      2397E2C8 
ARM GAS  /tmp/ccQhhXRS.s 			page 46


 578      B0481551 
 578      1916496F 
 578      84FC
 579 0c1c 0F2BB12A 		.ascii	"\017+\261*l"
 579      6C
 580              		.text
 581              		.section	.gnu.lto_.symtab.6792927616cdc288,"",%progbits
 582 0000 6578745F 		.ascii	"ext_lld_channel_disable\000\000\000\000\000\000\000"
 582      6C6C645F 
 582      6368616E 
 582      6E656C5F 
 582      64697361 
 583 001e 00000000 		.ascii	"\000\000\000\000\000\364\000\000\000ext_lld_init\000"
 583      00F40000 
 583      00657874 
 583      5F6C6C64 
 583      5F696E69 
 584 0034 00000000 		.ascii	"\000\000\000\000\000\000\000\000\000\000\000\367\000"
 584      00000000 
 584      000000F7 
 584      00
 585 0041 00004558 		.ascii	"\000\000EXTD1\000\000\000\000\000\000\000\000\000\000"
 585      54443100 
 585      00000000 
 585      00000000 
 585      00
 586 0052 00000701 		.ascii	"\000\000\007\001\000\000ext_lld_stop\000\000\000\000"
 586      00006578 
 586      745F6C6C 
 586      645F7374 
 586      6F700000 
 587 0068 00000000 		.ascii	"\000\000\000\000\000\000\000\000\373\000\000\000ext"
 587      00000000 
 587      FB000000 
 587      657874
 588 0077 5F6C6C64 		.ascii	"_lld_channel_enable\000\000\000\000\000\000\000\000"
 588      5F636861 
 588      6E6E656C 
 588      5F656E61 
 588      626C6500 
 589 0092 00000000 		.ascii	"\000\000\000\000\375\000\000\000ext_lld_start\000\000"
 589      FD000000 
 589      6578745F 
 589      6C6C645F 
 589      73746172 
 590 00a9 00000000 		.ascii	"\000\000\000\000\000\000\000\000\000\000\377\000\000"
 590      00000000 
 590      0000FF00 
 590      00
 591 00b6 00657874 		.ascii	"\000extObjectInit\000\000\002\000\000\000\000\000\000"
 591      4F626A65 
 591      6374496E 
 591      69740000 
 591      02000000 
 592 00cd 00000001 		.ascii	"\000\000\000\001\001\000\000ext_lld_exti_irq_disabl"
 592      01000065 
 592      78745F6C 
ARM GAS  /tmp/ccQhhXRS.s 			page 47


 592      6C645F65 
 592      7874695F 
 593 00eb 65000002 		.ascii	"e\000\000\002\000\000\000\000\000\000\000\000\000\003"
 593      00000000 
 593      00000000 
 593      0003
 594 00f9 01000065 		.ascii	"\001\000\000ext_lld_exti_irq_enable\000\000\002\000"
 594      78745F6C 
 594      6C645F65 
 594      7874695F 
 594      6972715F 
 595 0117 00000000 		.ascii	"\000\000\000\000\000\000\000\000\005\001\000\000"
 595      00000000 
 595      05010000 
 596              		.text
 597              		.section	.gnu.lto_.opts,"",%progbits
 598 0000 272D666E 		.ascii	"'-fno-trapv' '-mcpu=cortex-m4' '-mfloat-abi=hard' '"
 598      6F2D7472 
 598      61707627 
 598      20272D6D 
 598      6370753D 
 599 0033 2D6D6670 		.ascii	"-mfpu=fpv4-sp-d16' '-mno-thumb-interwork' '-mthumb'"
 599      753D6670 
 599      76342D73 
 599      702D6431 
 599      36272027 
 600 0066 20272D67 		.ascii	" '-ggdb' '-Os' '-fomit-frame-pointer' '-falign-func"
 600      67646227 
 600      20272D4F 
 600      73272027 
 600      2D666F6D 
 601 0099 74696F6E 		.ascii	"tions=16' '-ffunction-sections' '-fdata-sections' '"
 601      733D3136 
 601      2720272D 
 601      6666756E 
 601      6374696F 
 602 00cc 2D666E6F 		.ascii	"-fno-common' '-flto' '-fsingle-precision-constant'\000"
 602      2D636F6D 
 602      6D6F6E27 
 602      20272D66 
 602      6C746F27 
 603              		.text
 604              		.comm	__gnu_lto_v1,1,1
 605              		.comm	__gnu_lto_slim,1,1
 606              		.ident	"GCC: (15:4.9.3+svn231177-1) 4.9.3 20150529 (prerelease)"
ARM GAS  /tmp/ccQhhXRS.s 			page 48


DEFINED SYMBOLS
                            *ABS*:0000000000000000 ext_lld.c
                            *COM*:0000000000000001 __gnu_lto_v1
                            *COM*:0000000000000001 __gnu_lto_slim

NO UNDEFINED SYMBOLS
