ARM GAS  /tmp/cctHdBoa.s 			page 1


   1              		.syntax unified
   2              		.cpu cortex-m4
   3              		.eabi_attribute 27, 1
   4              		.eabi_attribute 28, 1
   5              		.fpu fpv4-sp-d16
   6              		.eabi_attribute 20, 1
   7              		.eabi_attribute 21, 1
   8              		.eabi_attribute 23, 3
   9              		.eabi_attribute 24, 1
  10              		.eabi_attribute 25, 1
  11              		.eabi_attribute 26, 1
  12              		.eabi_attribute 30, 4
  13              		.eabi_attribute 34, 1
  14              		.eabi_attribute 18, 4
  15              		.thumb
  16              		.file	"hal.c"
  17              		.text
  18              	.Ltext0:
  19              		.section	.gnu.lto_.profile.46a612b86100218a,"",%progbits
  20 0000 789C6366 		.ascii	"x\234cf```a\200\000F\206Xn\000\0019\000q"
  20      60606061 
  20      80004686 
  20      586E0001 
  20      390071
  21              		.text
  22              		.section	.gnu.lto_.jmpfuncs.46a612b86100218a,"",%progbits
  23 0000 789C6366 		.ascii	"x\234cf\300\016\264\2404#B\210\221\351#\023\343\264"
  23      C00EB4A0 
  23      34234288 
  23      91E92313 
  23      E3B4
  24 0012 FE2B3B98 		.ascii	"\376+;\230k\1777\314h\340\370\311\304\360\227\011$\276"
  24      6B7F37CC 
  24      68E0F8C9 
  24      C4F09709 
  24      24BE
  25 0024 9CB11648 		.ascii	"\234\261\026H\001\000\302\372\012\022"
  25      0100C2FA 
  25      0A12
  26              		.text
  27              		.section	.gnu.lto_.inline.46a612b86100218a,"",%progbits
  28 0000 789C6366 		.ascii	"x\234cf\300\016\234\2414#\003\003\357] \311\004d\263"
  28      C00E9CA1 
  28      34230303 
  28      EF5D20C9 
  28      0464B3
  29 0013 2D906702 		.ascii	"-\220g\002\213q\021$\230\270AZ\301L\006\000\203\316"
  29      8B711124 
  29      98B8415A 
  29      C14C0600 
  29      83CE
  30 0025 0262     		.ascii	"\002b"
  31              		.text
  32              		.section	.gnu.lto_.pureconst.46a612b86100218a,"",%progbits
  33 0000 789C6366 		.ascii	"x\234cf```f\200\000F\006\011\000\000x\000 "
  33      60606066 
  33      80004606 
ARM GAS  /tmp/cctHdBoa.s 			page 2


  33      09000078 
  33      0020
  34              		.text
  35              		.section	.gnu.lto_halInit.46a612b86100218a,"",%progbits
  36 0000 789C75D1 		.ascii	"x\234u\321AK\002A\024\007\360\371\317\352\272\265\004"
  36      414B0241 
  36      1407F0F9 
  36      CFEABAB5 
  36      04
  37 0011 D1293C46 		.ascii	"\321)<F\340m7\250o\320\255KB\037 \312\213B\020\344Y"
  37      E06D37A8 
  37      6FD0AD4B 
  37      421F20CA 
  37      8B4210E4 
  38 0026 5CD343A7 		.ascii	"\\\323C\247\224\020Y\210\352\020\221fiY\221D\207\375"
  38      94105988 
  38      EA109166 
  38      69599144 
  38      87FD
  39 0038 04491875 		.ascii	"\004I\030u\221\272\030\324-\361\264\204\331\2335b!w"
  39      91BA18D4 
  39      2DF1B484 
  39      D99B3562 
  39      2177
  40 004a 6179BBF3 		.ascii	"ay\273\363\377\315\233\007#\261\377O\220\3360gl\232"
  40      FFCD9B07 
  40      23B1FF4F 
  40      90DE3067 
  40      6C9A
  41 005c 2A24069E 		.ascii	"*$\006\236\273g,\245p@|0\260$G\022\037\274\303\221\263"
  41      BB672CA5 
  41      70407C30 
  41      B0244712 
  41      1FBCC391 
  42 0071 CAA61A3A 		.ascii	"\312\246\032:2\014\343s\263\221\012[\260i_\227\017\372"
  42      320CE373 
  42      B3910A5B 
  42      B0695F97 
  42      0FFA
  43 0083 E0182146 		.ascii	"\340\030!F\250\223\351=\253r\206\320\370 C\0212\250"
  43      A893E93D 
  43      AB7286D0 
  43      F8204311 
  43      32A8
  44 0095 56272CA3 		.ascii	"V',\243\337?,\3345}*cm\212\304\001o\234\213*\265\220"
  44      DF3F2CDC 
  44      357D2A63 
  44      6D8AC401 
  44      6F9C8B2A 
  45 00ab B67A63C2 		.ascii	"\266zc\302\212&\373\315\355\012O|\031[\206bst9\355G"
  45      8A26FBCD 
  45      ED0A4F7C 
  45      195B8662 
  45      737439ED 
  46 00c0 09096693 		.ascii	"\011\011f\223n!c\355\310C\245\324\245\234\341\204$E"
  46      6E2163ED 
  46      C843A5D4 
ARM GAS  /tmp/cctHdBoa.s 			page 3


  46      A59CE184 
  46      2445
  47 00d2 85EC635D 		.ascii	"\205\354c]\242\310\024\221\257'f\241\325\327v\343Ay"
  47      A2C81491 
  47      AF2766A1 
  47      D5D776E3 
  47      4179
  48 00e4 E7B4E2FC 		.ascii	"\347\264\342\374\226\262\371:\366\260\233\312\011\345"
  48      96B2F93A 
  48      F6B09BCA 
  48      09E5
  49 00f2 4719099C 		.ascii	"G\031\011\234\"\350d\007\355\242\251R\203I\3028#\345"
  49      22E86407 
  49      EDA2A952 
  49      8349C238 
  49      23E5
  50 0104 1C8A0A12 		.ascii	"\034\212\012\0226\227\231\230\330\034>\007M,\321\034"
  50      36979998 
  50      D81C3E07 
  50      4D2CD11C 
  51 0114 D5BF89D3 		.ascii	"\325\277\211\323\326\255\247\2449p\356\222O\236\322"
  51      D6ADA7A4 
  51      3970EE92 
  51      4F9ED2
  52 0123 4FF2C225 		.ascii	"O\362\302%\277=\245L\262\346\222\371\200\227\014\220"
  52      BF3DA54C 
  52      B2E692F9 
  52      80970C90 
  53 0133 BC74CB51 		.ascii	"\274t\313Q/\251\220\274r\311\232\247\034!y\375+_\220"
  53      2FA990BC 
  53      72C99AA7 
  53      1C2179FD 
  53      2B5F90
  54 0146 B26E161C 		.ascii	"\262n\026\034\311\304\255C\3346]\305\224\246\351\363"
  54      C9C4AD43 
  54      DC365DC5 
  54      94A6E9F3 
  55 0156 D1D86A6C 		.ascii	"\321\330jlqiyV\233\321\346\364\365\270\036]Y\323\343"
  55      71697956 
  55      9BD1E6F4 
  55      F5B81E5D 
  55      59D3E3
  56 0169 1B1151B5 		.ascii	"\033\021Q\265\010\373\001\3375\331\310"
  56      08FB01DF 
  56      35D9C8
  57              		.text
  58              		.section	.gnu.lto_.symbol_nodes.46a612b86100218a,"",%progbits
  59 0000 789C4DC8 		.ascii	"x\234M\310\271\021\302@\020D\321\277\263:VXd@\250-@"
  59      B911C240 
  59      1044D1BF 
  59      B33A5658 
  59      6440A82D 
  60 0015 08F08880 		.ascii	"\010\360\210\200\302P(\262\211\001U\311\304\"\000\256"
  60      C25028B2 
  60      890155C9 
  60      C42200AE 
  61 0025 0563DAF9 		.ascii	"\005c\332\371\365:\002\017\376\263W\020\234\256 q\276"
ARM GAS  /tmp/cctHdBoa.s 			page 4


  61      F53A020F 
  61      FEB35710 
  61      9CAE2071 
  61      BE
  62 0036 24CA8DB1 		.ascii	"$\312\215\261\024\341h\012\277\237\266M\204\203\311"
  62      14E1680A 
  62      BF9FB64D 
  62      8483C9
  63 0045 BCF7A6E8 		.ascii	"\274\367\246\350\335\233\012\357\235\251\364\356L\225"
  63      DD9B0AEF 
  63      9DA9F4EE 
  63      4C95
  64 0053 F7D6547B 		.ascii	"\367\326T{\257M\311\27355\316\221\005\303\355\031\""
  64      AF4DC9BB 
  64      3535CE91 
  64      05C3ED19 
  64      22
  65 0064 0D636E62 		.ascii	"\015cnb\316\255\351\246o+\206\334\2221\267`\316\215"
  65      CEADE9A6 
  65      6F2B86DC 
  65      9231B760 
  65      CE8D
  66 0076 74FD7D15 		.ascii	"t\375}\0251\206Oy\003\012\337A|"
  66      31864F79 
  66      030ADF41 
  66      7C
  67              		.text
  68              		.section	.gnu.lto_.refs.46a612b86100218a,"",%progbits
  69 0000 789C6366 		.ascii	"x\234cf```c\200\000F\006&F&\006\000\000\261\000\020"
  69      60606063 
  69      80004606 
  69      26462606 
  69      0000B100 
  70              		.text
  71              		.section	.gnu.lto_.decls.46a612b86100218a,"",%progbits
  72 0000 789C9595 		.ascii	"x\234\225\225kP\023W\024\307\367\346\206\004\"DG:\325"
  72      6B501357 
  72      14C7F7E6 
  72      86042244 
  72      473AD5
  73 0013 719C6AE9 		.ascii	"q\234j\351\224>\306\262\035\355\007\373\251\017\254"
  73      943EC6B2 
  73      1DED07FB 
  73      A90FAC
  74 0022 8E335699 		.ascii	"\2163V\231\261\235~\350\2074\222(\231A\222IB\253\337"
  74      B19D7EE8 
  74      87349228 
  74      99419249 
  74      42ABDF
  75 0035 16B18A95 		.ascii	"\026\261\212\225j\3605\200V\242\"PAQ\301\007\022\021"
  75      6AF03580 
  75      56A22250 
  75      4151C107 
  75      1211
  76 0047 5F883CDA 		.ascii	"_\210<\332Z\013Z\352#\242\274\344\025\020\004|@\317"
  76      5A0B5AEA 
  76      23A2BCE4 
ARM GAS  /tmp/cctHdBoa.s 			page 5


  76      1510047C 
  76      40CF
  77 0059 BD7737D9 		.ascii	"\275w7\331\354@\245;\234\354\236\275\377\363;\347\336"
  77      EC40A53B 
  77      9CEC9EBD 
  77      FFF33BE7 
  77      DE
  78 006a 7BEE8239 		.ascii	"{\356\2029\216\363\200\215\301\325\244\343\270{*\216"
  78      8EF3808D 
  78      C1D5A4E3 
  78      B87B2A8E 
  79 007a 833F2E0E 		.ascii	"\203?.\016\014\2015s\354\202!\256\015\254\003\254\023"
  79      0C813573 
  79      EC8221AE 
  79      0DAC03AC 
  79      13
  80 008b AC1BAC17 		.ascii	"\254\033\254\027\254\017\354\011\330 \330\010\330s1"
  80      AC0FEC09 
  80      D820D808 
  80      D87331
  81 009a EE25177C 		.ascii	"\356%\027|\221X\255\310\035\005k!9E\376\003\260!E\236"
  81      9158ADC8 
  81      1D056B21 
  81      3945FE03 
  81      B021459E 
  82 00ae E7226F50 		.ascii	"\347\"oP\344\367\211\371\272\305\374\035\023\344\351"
  82      E4F789F9 
  82      BAC5FC1D 
  82      13E4E9
  83 00bd 53214F6F 		.ascii	"S!Oo\372\215\320v\025\322\353*u\304\317\255ue!\360\303"
  83      FA8DD076 
  83      15D2EB2A 
  83      75C4CFAD 
  83      756521F0 
  84 00d2 750588F8 		.ascii	"u\005\210\370\2072\037\374\245\233wD\020\2044\241rZ"
  84      87321FFC 
  84      A59B7744 
  84      108434A1 
  84      725A
  85 00e4 20AE7CF8 		.ascii	" \256|\370t\276\236\306y\251\356\244\247}p*\215\233"
  85      74BE9EC6 
  85      79A9EEA4 
  85      A77D702A 
  85      8D9B
  86 00f6 4DDCFB15 		.ascii	"M\334\373\025\345\255\032\034F\207\312\216\015\324O"
  86      E5AD1A1C 
  86      4687CA8E 
  86      0DD44F
  87 0105 A1D2B9C4 		.ascii	"\241\322\271\304=\267\243:SC\225j\342^\250\030\256\322"
  87      3DB7A33A 
  87      5343956A 
  87      E25EA818 
  87      AED2
  88 0117 E1D95499 		.ascii	"\341\331T\231\236\346\275\256\303o\323\347\224\274\362"
  88      9EE6BDAE 
  88      C36FD3E7 
  88      94BCF2
ARM GAS  /tmp/cctHdBoa.s 			page 6


  89 0126 742DC8DE 		.ascii	"t-\310\336\324\321|\367\367\216\344\206Q\227,\376Tx"
  89      D4D17CF7 
  89      F78EE486 
  89      51972CFE 
  89      5478
  90 0138 A5AA6E15 		.ascii	"\245\252n\025\016\351Q\264.\027\212\363\265\357\250"
  90      0EE951B4 
  90      2E178AF3 
  90      B5EFA8
  91 0147 9A2D086A 		.ascii	"\232-\010jT\212t\3508\302\350W4\217L\232D\223+M\020"
  91      548A74E8 
  91      38C2E857 
  91      348F4C9A 
  91      44932B4D 
  92 015c 3608AE54 		.ascii	"6\010\256T!\254Z\317\241\243h\026:\206fq\250\004E\203"
  92      21AC5ACF 
  92      A1A36816 
  92      3A866671 
  92      A8044583 
  93 0170 826AD109 		.ascii	"\202j\321\011xy\022^\002\370\352\213\212\215!H\027="
  93      7879125E 
  93      02F8EA8B 
  93      8A8D2148 
  93      173D
  94 0182 7ED0E971 		.ascii	"~\320\351q\202h\011\025\251;^'%\234\202\022\212\003"
  94      82680915 
  94      A93B5E27 
  94      259C8212 
  94      8A03
  95 0194 254045FE 		.ascii	"%@E\376U{Q\223]\026\216S\020\235a\216k\337`\010\336"
  95      557B5193 
  95      5D168E53 
  95      109D618E 
  95      6BDF6008 
  96 01a9 CC9C4303 		.ascii	"\314\234C\003\177\364\205\342m\314\311\335\275\247("
  96      7FF485E2 
  96      6DCCC9DD 
  96      BDA728
  97 01b8 842E5128 		.ascii	"\204.Q(q\017\026\227}\203\367\260\241Rw\3215\214\367"
  97      710F1697 
  97      7D83F7B0 
  97      A15277D1 
  97      358CF7
  98 01cb 31A7B679 		.ascii	"1\247\266y\370I8\325M#\356\245\356\302\255z\354fc\005"
  98      F84938D5 
  98      4D23EEA5 
  98      EEC2AD7A 
  98      EC666305 
  99 01df 877F6EC3 		.ascii	"\207\177n\303\3700s\262\206\352\252\330\356\314\004"
  99      F83073B2 
  99      86EAAAD8 
  99      EECC04
 100 01ee 376CCBC5 		.ascii	"7l\313\305\215\255\341(\212]\221\321n\230\247\257\351"
 100      8DADE128 
 100      8A5D91D1 
 100      6E98A7AF 
 100      E9
ARM GAS  /tmp/cctHdBoa.s 			page 7


 101 01ff F0C3A53B 		.ascii	"\360\303\245;S\205\334\231\264\376\263P\1775\212\014"
 101      5385DC99 
 101      B4FEB350 
 101      7F358A0C 
 102 020f CCFADD59 		.ascii	"\314\372\335Y\034]\003\230\007\221\273\367\346k\252"
 102      1C5D0398 
 102      0791BBF7 
 102      E66BAA
 103 021e 3FA4528F 		.ascii	"?\244R\217Rz\236\250\320\373~\351V\277\364\314\270\324"
 103      527A9EA8 
 103      D0FB7EE9 
 103      56BFF4CC 
 103      B8D4
 104 0230 8032CBAF 		.ascii	"\2002\313\257,W*\317!E\001\277\370\265\025\343\027 "
 104      2C572ACF 
 104      214501BF 
 104      F8B515E3 
 104      1720
 105 0242 D36EF76B 		.ascii	"\323n\367k\313\306\347\006J\310\361K/(\245\225\001i"
 105      CBC6E706 
 105      4AC8F14B 
 105      2F28A595 
 105      0169
 106 0254 06ECB7E0 		.ascii	"\006\354\267\340\022\204O\235\034:\002\343\205t\210"
 106      12844F9D 
 106      1C3A02E3 
 106      857488
 107 0263 A861D3D1 		.ascii	"\250a\323\321u\350\220\313(\012]\004\253\002\273\002"
 107      75E890CB 
 107      280A5D04 
 107      AB02BB02 
 108 0273 7609EC2A 		.ascii	"v\011\354*\3305\024E\233\201t\214wK\276F@$\214\023\233"
 108      D8351445 
 108      9B81748C 
 108      774BBE46 
 108      40248C13 
 109 0288 C57FBE54 		.ascii	"\305\177\276T\351\365{\322#Pd\364x\231P-$\370\337\311"
 109      E9F57BD2 
 109      235064F4 
 109      7899502D 
 109      24F8DFC9 
 110 029c 0AD684A2 		.ascii	"\012\326\204\242\032\010*\012\264&\311,\265f\303\313"
 110      1A082A0A 
 110      B426C92C 
 110      B566C3CB 
 111 02ac FA37F023 		.ascii	"\3727\360#\326.\336\227\256\322\020\334\311\234]5\031"
 111      D62EDE97 
 111      AED210DC 
 111      C99C5D35 
 111      19
 112 02bd DFE17EF6 		.ascii	"\337\341~\366\234Ry\364\246\226\366\321B\342\026\025"
 112      9C5279F4 
 112      A696F6D1 
 112      42E21615 
 113 02cd B9F668F1 		.ascii	"\271\366h\361\010\033k\253\350\022Tt,\216\270\035\027"
 113      081B6BAB 
 113      E8125474 
ARM GAS  /tmp/cctHdBoa.s 			page 8


 113      2C8EB81D 
 113      17
 114 02de 3A3C53B0 		.ascii	":<S\260\240b\255\276\355\344\010;\3636\342v_z\232\246"
 114      A062ADBE 
 114      EDE4083B 
 114      F336E276 
 114      5F7A9AA6 
 115 02f2 C59BD958 		.ascii	"\305\233\331X\351\205\222~\326\304i\304\017u\037\034"
 115      E985927E 
 115      D6C469C4 
 115      0F751F1C 
 116 0302 F4AA5124 		.ascii	"\364\252Q$k\316\240\371\347\303\374\013\350J7\212\223"
 116      6BCEA0F9 
 116      E7C3FC0B 
 116      E84A378A 
 116      93
 117 0313 BF0B93BF 		.ascii	"\277\013\223\277\005\023m\002\273\015v\007\354o\260"
 117      05136D02 
 117      BB0D7607 
 117      EC6FB0
 118 0322 7FC489BB 		.ascii	"\177\304\211\273\311\304=\371\313\005\330S2\367:\230"
 118      C9C43DF9 
 118      CB05D853 
 118      32F73A98 
 119 0332 3B89F5AF 		.ascii	";\211\365\257dP\003\012\356\272wD\341oJ\341\357(XyG"
 119      6450030A 
 119      EEBA7744 
 119      E16F4AE1 
 119      EF285879 
 120 0347 52FEA954 		.ascii	"R\376\251T\336T(\253%e\275RY\031\334\247\202\273]\222"
 120      DE5428AB 
 120      2565BD52 
 120      5919DCA7 
 120      82BB5D92 
 121 035b FEA59436 		.ascii	"\376\245\2246(\245\267%\351\037J\351\015\231\224n|\031"
 121      28A5B725 
 121      E91F4AE9 
 121      0D99946E 
 121      7C19
 122 036d EDB2C671 		.ascii	"\355\262\306q\272\014\035\030(:\243\305\333\350F\250"
 122      BA0C1D18 
 122      283AA3C5 
 122      DBE846A8 
 123 037d 2E6FABF1 		.ascii	".o\253\361\350\025-'-9\362\302JOv\325i\326Qh\267\373"
 123      E8152D27 
 123      2D39F2C2 
 123      4A4F76D5 
 123      69D65168 
 124 0393 10702FD0 		.ascii	"\020p/\320n\215\362v+\315KA\221b*\367D\251\270\377\314"
 124      6E8DF276 
 124      2BCD4B41 
 124      91622AF7 
 124      44A9B8FF 
 125 03a8 0398A19E 		.ascii	"\003\230\241\236\201L}\370O\201\0175z ;\262\034jF\341"
 125      814C7DF8 
 125      4F810F35 
 125      7A203BB2 
ARM GAS  /tmp/cctHdBoa.s 			page 9


 125      1C6A46E1 
 126 03bc 4449EEB2 		.ascii	"DI\356\262\357\245\236}/\263o\265\014`\332y*\342\236"
 126      EFA59E7D 
 126      2FB36FB5 
 126      0C60DA79 
 126      2AE29E
 127 03cf 1E795AAC 		.ascii	"\036yZ\254\231\261\233\224$\244\012\323T(\356u\364\020"
 127      99B19B94 
 127      24A40AD3 
 127      5428EE75 
 127      F410
 128 03e1 488F28A9 		.ascii	"H\217(\251\005\315\200\337o\325,ose~\333T\234\311:\370"
 128      05CD80DF 
 128      6FD52C6F 
 128      73657EDB 
 128      549CC93A 
 129 03f6 58631E3F 		.ascii	"Xc\036?w\277\340>\356\253\336\262\037g\011\356\024a"
 129      77BFE03E 
 129      EEABDEB2 
 129      1F6709EE 
 129      1461
 130 0408 746C0CD1 		.ascii	"tl\014\321\030\324\352\237?G\236i\341\250\015\315\205"
 130      18D4EA9F 
 130      3F479E69 
 130      E1A80DCD 
 130      85
 131 0419 38F7998D 		.ascii	"8\367\231\215\375j|\231A\376\316\310\270\241\001\212"
 131      FD6A7C99 
 131      41FECEC8 
 131      B8A1018A 
 132 0429 57F065D7 		.ascii	"W\360e\327v~\232\221\352\332%x\307\306\3460J\273\214"
 132      767E9A91 
 132      EADA2578 
 132      C7C6E630 
 132      4ABB8C
 133 043c D22E513A 		.ascii	"\322.Q:(\345H\316\366\006-\3661\212\257u\360\030\242"
 133      28E548CE 
 133      F6062DF6 
 133      318AAF75 
 133      F018A2
 134 044f 94E3CF0A 		.ascii	"\224\343\317\012\237\353\263\204\003\362Z\036\313(\217"
 134      9FEBB384 
 134      03F25A1E 
 134      CB288F
 135 045e 254A27A5 		.ascii	"%J'\245x\032\323\274Z\274\025S\312\357U77D0\312\221"
 135      781AD3BC 
 135      5ABC1553 
 135      CAEF5537 
 135      374430CA 
 136 0473 FA7C9582 		.ascii	"\372|\225\202\322%\243tI\224nJ9\271\363D\211\026{\030"
 136      D225A374 
 136      49946E4A 
 136      39B9F344 
 136      89167B18 
 137 0487 253D3DA7 		.ascii	"%==\247I\244\244\367\026+)=2J\217D\351\245\224K\336"
 137      49A4A4F7 
 137      162B293D 
ARM GAS  /tmp/cctHdBoa.s 			page 10


 137      324A8F44 
 137      E9A5944B 
 138 049c DCDB11B8 		.ascii	"\334\333\021\270\223Q\272\272\256\\\015e\224\316\336"
 138      9351BABA 
 138      AE5C0D65 
 138      94CEDE
 139 04ab 3CA4A0F8 		.ascii	"<\244\240\370d\024\237D\351\243\224\314M\373\032T8["
 139      64149F44 
 139      E9A394CC 
 139      4DFB1A54 
 139      385B
 140 04bd 4D29FF3C 		.ascii	"M)\377<\254;/RjN\224\276\246\240\364\313(\375\022\345"
 140      AC3B2F52 
 140      6A4E94BE 
 140      A6A0F4CB 
 140      28FD12E5 
 141 04d1 09A5649D 		.ascii	"\011\245d\235j>\212\360uF\251H\273\223-R~-9;GA\031\220"
 141      6A3E8AF0 
 141      7546A948 
 141      BB932D52 
 141      7E2D393B 
 142 04e9 510624CA 		.ascii	"Q\006$\312 \245\364\234/\331\031\242V\261F$MD\276\245"
 142      20A5F49C 
 142      2FD919A2 
 142      56B14624 
 142      4D44BEA5 
 143 04fd A99B5223 		.ascii	"\251\233R#&l\267!\332nO\221\324o\005\267\312\265x\230"
 143      266CB721 
 143      DA6E4F91 
 143      D46F05B7 
 143      CAB57898 
 144 0511 9591BDEB 		.ascii	"\225\221\275\353\351!5+\243\251\245\027\313\312\200"
 144      E921352B 
 144      A3A9A517 
 144      CBCA80
 145 0520 28342C2B 		.ascii	"(4,+cX*c\204\226\261\335\325\015\377\2027\205PJy\303"
 145      63582A63 
 145      8496B1DD 
 145      D50DFF82 
 145      3785504A 
 146 0536 DD5AD670 		.ascii	"\335Z\326p\307\013O\235]\261#\270\341\236\311(\317$"
 146      C70B4F9D 
 146      5DB123B8 
 146      E19EC928 
 146      CF24
 147 0548 CA734AB9 		.ascii	"\312sJ\271\325\366(\007\343:F\351\254\035\336\245z\353"
 147      D5F62807 
 147      E33A46E9 
 147      AC1DDEA5 
 147      7AEB
 148 055a 80E0137C 		.ascii	"\200\340\023|MW{bw\012.8\375\276\261O\346\320\203\370"
 148      4D577B62 
 148      770A2E38 
 148      FDBEB14F 
 148      E6D083F8 
 149 056e 8251645F 		.ascii	"\202Qd_\356\027\214\205^\242\267 \272\260\370\307\315"
 149      EE178C85 
ARM GAS  /tmp/cctHdBoa.s 			page 11


 149      5EA2B720 
 149      BAB0F8C7 
 149      CD
 150 057f 53838E2F 		.ascii	"S\203\216/\311\0358\276\243\342\361\035\245\3077\265"
 150      C91D38BE 
 150      A3E2F11D 
 150      A5C737B5 
 151 058f E54C6F44 		.ascii	"\345LoD\220z(H=&\252\311]\263d\371\327sc\271\351\016"
 151      907A2848 
 151      3D26AAC9 
 151      5DB364F9 
 151      D77363B9 
 152 05a5 E7DA05F3 		.ascii	"\347\332\005\363\015kl\026\253\301av&\333\014\316\320"
 152      0D6B6C16 
 152      ABC16176 
 152      26DB0CCE 
 152      D0
 153 05b6 644B9213 		.ascii	"dK\222\023\3369u\006\203\364\370\001\237\354\260\363"
 153      DE397506 
 153      83F4F801 
 153      9FECB0F3 
 154 05c6 96A4F8C4 		.ascii	"\226\244\370\304d\223\231O2\377\220hY\305\2575\306'"
 154      6493994F 
 154      32FF9068 
 154      59C5AF35 
 154      C627
 155 05d8 5892CCBC 		.ascii	"X\222\314\274\301d^mLNt\032\234\353mfGL\002\0275\236"
 155      C1645E6D 
 155      4C4E741A 
 155      9CEB6D66 
 155      474C0217 
 156 05ee DAB1DEC1 		.ascii	"\332\261\336\301\033\034N\023\020A\022\262\326j2\333"
 156      1B1C4E13 
 156      104112B2 
 156      D66A32DB 
 157 05fe 35561262 		.ascii	"5V\022b\327Z\0356\263\331d\017\261%\333Lvl5\331\325"
 157      D75A1D36 
 157      B3D9640F 
 157      B125DB4C 
 157      766C35D9 
 158 0613 C6D5F644 		.ascii	"\306\325\366D\362\223\360qL\014\037\233`YeY\261\322"
 158      F293F071 
 158      4C0C1F9B 
 158      60596559 
 158      B1D2
 159 0625 B020E6C3 		.ascii	"\260 \346\303\230\217x\253\203O0&\3626\253\335\351\340"
 159      988F78AB 
 159      834F3026 
 159      F236ABDD 
 159      E9E0
 160 0637 577EF5E5 		.ascii	"W~\365\345\202\371\374\262e\213\370%qKW|?\237\267\031"
 160      82F9FCB2 
 160      658BF825 
 160      714B577C 
 160      3F9FB719 
 161 064b 130D8989 		.ascii	"\023\015\211\211&H\241\211\373l\221\321i\324\304}\316"
 161      2648A189 
ARM GAS  /tmp/cctHdBoa.s 			page 12


 161      FB6C91D1 
 161      69D4C47D 
 161      CE
 162 065c 6EB1ECB6 		.ascii	"n\261\354\266\210\335\276`\267\305\344\026\026\367\331"
 162      88DDBE60 
 162      B7C5E416 
 162      16F7D9
 163 066b B2586BD2 		.ascii	"\262Xk\322j\313\032-\220\227&Y\234Q\023eu\330\343\311"
 163      6ACB1A2D 
 163      90972659 
 163      9C511365 
 163      75D8E3C9 
 164 067f 3D269ED3 		.ascii	"=&\236\3238\234D\371\366DJi\372\0162\335\260UV\243\335"
 164      389C44F9 
 164      F6444A69 
 164      FA0E32DD 
 164      B05556A3 
 165 0694 44F4D362 		.ascii	"D\364\323bx\372\314~I\231\016\372\376\275Wr\314v\013"
 165      78FACC7E 
 165      49990EFA 
 165      FEBD5772 
 165      CC760B
 166 06a7 244EE0B4 		.ascii	"$N\340\264\266\037\326\222\210\350WE\200\216\310-\363"
 166      B61FD692 
 166      88E85745 
 166      808EC82D 
 166      F3
 167 06b8 E3272507 		.ascii	"\343'%\007\035\221\233\3279'%\007\035\221\033M\223\243"
 167      1D919BD7 
 167      39272507 
 167      1D911B4D 
 167      93A3
 168 06ca 830EE411 		.ascii	"\203\016\344\021\006q\177\014\026\010\012O\2209\013"
 168      06717F0C 
 168      16080A4F 
 168      90390B
 169 06d9 27B3D1F4 		.ascii	"'\263\321\364w\361\202u\353\370\004\377>O'H\251\005"
 169      77F18275 
 169      EBF804FF 
 169      3E4F2748 
 169      A905
 170 06eb E3E936FE 		.ascii	"\343\3516\376\013\375\275Uk"
 170      0BFDBD55 
 170      6B
 171              		.text
 172              		.section	.gnu.lto_.symtab.46a612b86100218a,"",%progbits
 173 0000 68616C49 		.ascii	"halInit\000\000\000\000\000\000\000\000\000\000\000"
 173      6E697400 
 173      00000000 
 173      00000000 
 173      0000
 174 0012 00E70000 		.ascii	"\000\347\000\000\000pal_default_config\000\000\002\000"
 174      0070616C 
 174      5F646566 
 174      61756C74 
 174      5F636F6E 
 175 002d 00000000 		.ascii	"\000\000\000\000\000\000\000\000\375\000\000\000stI"
ARM GAS  /tmp/cctHdBoa.s 			page 13


 175      00000000 
 175      FD000000 
 175      737449
 176 003c 6E697400 		.ascii	"nit\000\000\002\000\000\000\000\000\000\000\000\000"
 176      00020000 
 176      00000000 
 176      000000
 177 004b E9000000 		.ascii	"\351\000\000\000boardInit\000\000\002\000\000\000\000"
 177      626F6172 
 177      64496E69 
 177      74000002 
 177      00000000 
 178 005f 00000000 		.ascii	"\000\000\000\000\000\353\000\000\000sdInit\000\000\002"
 178      00EB0000 
 178      00736449 
 178      6E697400 
 178      0002
 179 0071 00000000 		.ascii	"\000\000\000\000\000\000\000\000\000\355\000\000\000"
 179      00000000 
 179      00ED0000 
 179      00
 180 007e 70776D49 		.ascii	"pwmInit\000\000\002\000\000\000\000\000\000\000\000"
 180      6E697400 
 180      00020000 
 180      00000000 
 180      0000
 181 0090 00EF0000 		.ascii	"\000\357\000\000\000i2cInit\000\000\002\000\000\000"
 181      00693263 
 181      496E6974 
 181      00000200 
 181      0000
 182 00a2 00000000 		.ascii	"\000\000\000\000\000\000\361\000\000\000extInit\000"
 182      0000F100 
 182      00006578 
 182      74496E69 
 182      7400
 183 00b4 00020000 		.ascii	"\000\002\000\000\000\000\000\000\000\000\000\363\000"
 183      00000000 
 183      000000F3 
 183      00
 184 00c1 00006164 		.ascii	"\000\000adcInit\000\000\002\000\000\000\000\000\000"
 184      63496E69 
 184      74000002 
 184      00000000 
 184      0000
 185 00d3 000000F5 		.ascii	"\000\000\000\365\000\000\000_pal_lld_init\000\000\002"
 185      0000005F 
 185      70616C5F 
 185      6C6C645F 
 185      696E6974 
 186 00ea 00000000 		.ascii	"\000\000\000\000\000\000\000\000\000\371\000\000\000"
 186      00000000 
 186      00F90000 
 186      00
 187 00f7 68616C5F 		.ascii	"hal_lld_init\000\000\002\000\000\000\000\000\000\000"
 187      6C6C645F 
 187      696E6974 
ARM GAS  /tmp/cctHdBoa.s 			page 14


 187      00000200 
 187      00000000 
 188 010d 0000FB00 		.ascii	"\000\000\373\000\000\000"
 188      0000
 189              		.text
 190              		.section	.gnu.lto_.opts,"",%progbits
 191 0000 272D666E 		.ascii	"'-fno-trapv' '-mcpu=cortex-m4' '-mfloat-abi=hard' '"
 191      6F2D7472 
 191      61707627 
 191      20272D6D 
 191      6370753D 
 192 0033 2D6D6670 		.ascii	"-mfpu=fpv4-sp-d16' '-mno-thumb-interwork' '-mthumb'"
 192      753D6670 
 192      76342D73 
 192      702D6431 
 192      36272027 
 193 0066 20272D67 		.ascii	" '-ggdb' '-Os' '-fomit-frame-pointer' '-falign-func"
 193      67646227 
 193      20272D4F 
 193      73272027 
 193      2D666F6D 
 194 0099 74696F6E 		.ascii	"tions=16' '-ffunction-sections' '-fdata-sections' '"
 194      733D3136 
 194      2720272D 
 194      6666756E 
 194      6374696F 
 195 00cc 2D666E6F 		.ascii	"-fno-common' '-flto' '-fsingle-precision-constant'\000"
 195      2D636F6D 
 195      6D6F6E27 
 195      20272D66 
 195      6C746F27 
 196              		.text
 197              		.comm	__gnu_lto_v1,1,1
 198              		.comm	__gnu_lto_slim,1,1
 199              		.ident	"GCC: (15:4.9.3+svn231177-1) 4.9.3 20150529 (prerelease)"
ARM GAS  /tmp/cctHdBoa.s 			page 15


DEFINED SYMBOLS
                            *ABS*:0000000000000000 hal.c
                            *COM*:0000000000000001 __gnu_lto_v1
                            *COM*:0000000000000001 __gnu_lto_slim

NO UNDEFINED SYMBOLS
