ARM GAS  /tmp/cclj5I1O.s 			page 1


   1              		.syntax unified
   2              		.cpu cortex-m4
   3              		.eabi_attribute 27, 1
   4              		.eabi_attribute 28, 1
   5              		.fpu fpv4-sp-d16
   6              		.eabi_attribute 20, 1
   7              		.eabi_attribute 21, 1
   8              		.eabi_attribute 23, 3
   9              		.eabi_attribute 24, 1
  10              		.eabi_attribute 25, 1
  11              		.eabi_attribute 26, 1
  12              		.eabi_attribute 30, 4
  13              		.eabi_attribute 34, 1
  14              		.eabi_attribute 18, 4
  15              		.thumb
  16              		.file	"hal_lld.c"
  17              		.text
  18              	.Ltext0:
  19              		.section	.gnu.lto_.profile.97527c7ed51903c7,"",%progbits
  20 0000 789C6366 		.ascii	"x\234cf```a\200\000F\206\322\004\000\001\276\000\336"
  20      60606061 
  20      80004686 
  20      D2040001 
  20      BE00DE
  21              		.text
  22              		.section	.gnu.lto_.jmpfuncs.97527c7ed51903c7,"",%progbits
  23 0000 789C6366 		.ascii	"x\234cf\300\016x\24143\0203\202\030L@\014\000\001\375"
  23      C00E78A1 
  23      34331033 
  23      82184C40 
  23      0C0001FD 
  24 0014 0017     		.ascii	"\000\027"
  25              		.text
  26              		.section	.gnu.lto_.inline.97527c7ed51903c7,"",%progbits
  27 0000 789C6366 		.ascii	"x\234cf\300\016<\24143\003\203\230\020#\003\223\332"
  27      C00E3CA1 
  27      34330383 
  27      98102303 
  27      93DA
  28 0012 89DF8C0C 		.ascii	"\211\337\214\014l\013\344\231@\202\214\014\342\032@"
  28      6C0BE499 
  28      40828C0C 
  28      E21A40
  29 0021 31950533 		.ascii	"1\225\0053\231\020b\\0\202\211\301r5\023P:g\303l\025"
  29      9910625C 
  29      308289C1 
  29      72351350 
  29      3A67C36C 
  30 0036 B8340300 		.ascii	"\2704\003\000e\207\0118"
  30      65870938 
  31              		.text
  32              		.section	.gnu.lto_.pureconst.97527c7ed51903c7,"",%progbits
  33 0000 789C6366 		.ascii	"x\234cf```g\200\000f\006)F)&)\000\001\274\000_"
  33      60606067 
  33      80006606 
  33      29462926 
  33      290001BC 
ARM GAS  /tmp/cclj5I1O.s 			page 2


  34              		.text
  35              		.section	.gnu.lto_hal_lld_backup_domain_init.97527c7ed51903c7,"",%progbits
  36 0000 789C9D53 		.ascii	"x\234\235SMHTQ\024>\347\276\237\031\235Q\264\010\304"
  36      4D485451 
  36      143EE7BE 
  36      9F199D51 
  36      B408C4
  37 0013 A096AE66 		.ascii	"\240\226\256f^d\013i\321\246pU\264\260\275\364\263P"
  37      5E640B69 
  37      D1A67055 
  37      B4B0BDF4 
  37      B350
  38 0025 108C6CE1 		.ascii	"\020\214l\341\316;9EA\231\005E\024\202\021\232\2466"
  38      CE3B3945 
  38      41990545 
  38      1482119A 
  38      A636
  39 0037 6AA5F993 		.ascii	"j\245\371\223NV\026\021\205\245Y.\372s\204\334\275\251"
  39      4E561611 
  39      85A5592E 
  39      FA7384DC 
  39      BDA9
  40 0049 A426103B 		.ascii	"\244&\020;\347\336\321\227\006\241\016\314\271o\316"
  40      E7DED197 
  40      06A10ECC 
  40      B96FCE
  41 0058 3DF37DDF 		.ascii	"=\363}\337\371\316y\006\374\373\331K\337i\023`'\235"
  41      F9CE7906 
  41      FCFBD94B 
  41      DF691360 
  41      279D
  42 006a E80314F5 		.ascii	"\350\003\024\365/\001\"~!\214\306\"\220\231\246\273"
  42      2F01227E 
  42      218CC622 
  42      9099A6BB 
  43 007a 0964D040 		.ascii	"\011d\320@S\247Ma\215;\224\266\007\267P\332B[\247mD"
  43      53A74D61 
  43      8D3B94B6 
  43      07B750DA 
  43      425BA76D 
  44 008f 7E00841A 		.ascii	"~\000\204\032a\230\226\21558+\222\002\353\343mW\002"
  44      6198968D 
  44      35382B92 
  44      02EBE36D 
  44      5702
  45 00a1 054D524A 		.ascii	"\005MRJ\367K\207\357d^J\000|\027\232\030ob\001PM2:?"
  45      F74B87EF 
  45      645E4A00 
  45      7C179A18 
  45      6F620150 
  46 00b9 19B0A354 		.ascii	"\031\260\243T\223\243\357\260\005m\2443\266!.\027\026"
  46      93A3EFB0 
  46      056DA433 
  46      B6212E17 
  46      16
  47 00ca 6EC4DA7B 		.ascii	"n\304\332{\315\215&\244\004Z\034|\034\374\034\002\034"
  47      CD8D26A4 
ARM GAS  /tmp/cclj5I1O.s 			page 3


  47      045A1C7C 
  47      1CFC1C02 
  47      1C
  48 00db 821CB238 		.ascii	"\202\034\2628ds\310\341\220\313\001 A`\254jF\010>\215"
  48      6473C8E1 
  48      90CB0120 
  48      4160AC6A 
  48      46083E8D 
  49 00ef 291CE949 		.ascii	")\034\351I\016nf\370\237\302$\346\332\327o\366|\025"
  49      0E6E66F8 
  49      9FC224E6 
  49      DAD76FF6 
  49      7C15
  50 0101 2921E4A7 		.ascii	")!\344\247\2104Y\313\307\304\2531\277J\001\377\234\354"
  50      883459CB 
  50      C7C4AB31 
  50      BF4A01FF 
  50      9CEC
  51 0113 3FF3D96E 		.ascii	"?\363\331n\300k\230\022\006\266b>\336\302|u\321})1\221"
  51      C06B9812 
  51      06B6623E 
  51      DEC27C75 
  51      D17D2931 
  52 0128 196A93D1 		.ascii	"\031j\223\321\210?%Ll\303\006\374\246\332\302v\014\301"
  52      883F254C 
  52      6CC306FC 
  52      A6DAC276 
  52      0CC1
  53 013a 14D6FEB0 		.ascii	"\024\326\376\2605\215\245\231\006^\264\306\004\343\242"
  53      358DA599 
  53      065EB4C6 
  53      04E3A2
  54 0149 14801D84 		.ascii	"\024\200\035\204Bb.\"\327\254\201\346\266G\023\303\020"
  54      42622E22 
  54      D7AC81E6 
  54      B64713C3 
  54      10
  55 015a 81334ACF 		.ascii	"\2013J\317\205]\232\312G\177x\376\254\251/\203y,\331"
  55      855D9ACA 
  55      477F78FE 
  55      ACA92F83 
  55      792CD9
  56 016d 787A454B 		.ascii	"xzEK\226\202<\321|\275\337\257\271l\354$\256\2564\327"
  56      96823CD1 
  56      7CBDDFAF 
  56      B96CEC24 
  56      AEAE34D7 
  57 0181 F4EFAB33 		.ascii	"\364\357\2533\001\346B\246\352VT<\005\274\243;\372u"
  57      01E642A6 
  57      EA56543C 
  57      05BCA33B 
  57      FA75
  58 0193 6A5C6822 		.ascii	"j\\h\"\277\346\032\235\035\252\013\352\236l\300\273"
  58      BFE61A9D 
  58      1DAA0BEA 
  58      9E6CC0BB 
  59 01a3 043381D1 		.ascii	"\0043\201\321\367\265\371\351\"\2528\357\216\235\313"
ARM GAS  /tmp/cclj5I1O.s 			page 4


  59      F7B5F9E9 
  59      22AA38EF 
  59      8E9DCB
  60 01b2 D01526E0 		.ascii	"\320\025&\340=&\002\036\207\001\215E<\015\267sxk\332"
  60      3D26021E 
  60      87018D45 
  60      3C0DB773 
  60      786BDA
  61 01c5 82455911 		.ascii	"\202EY\021)\343y\377\227\326\343I\353\305\020]_\236"
  61      29E379FF 
  61      97D6E349 
  61      EBC5105D 
  61      5F9E
  62 01d7 6B69B535 		.ascii	"ki\2655\015\363\334\327\356\272\356z\300\373<\360~\005"
  62      0DF3DCD7 
  62      EEBAEE7A 
  62      C0FB3CF0 
  62      7E05
  63 01e9 BE641FBD 		.ascii	"\276d\037\275\"8\240Z\230\241\347\305}\352\232\3502"
  63      2238A05A 
  63      98A1E7C5 
  63      7DEA9AE8 
  63      32
  64 01fa 74C381D5 		.ascii	"t\303\201\325\233;\350\221<XinP#\315\277\251s\003\351"
  64      9B3BE891 
  64      3C58696E 
  64      5023CDBF 
  64      A97303E9 
  65 020e 9E686386 		.ascii	"\236hc\206\264\273\357\026\335\015RI\244y\340\254O\225"
  65      B4BBEF16 
  65      DD0D5249 
  65      A479E0AC 
  65      4F95
  66 0220 10CEF092 		.ascii	"\020\316\360\222\271\026\214;Z\332\333dZZ\326\252\244"
  66      B9168C3B 
  66      5ADADB64 
  66      5A5AD6AA 
  66      A4
  67 0231 E91D8B7B 		.ascii	"\351\035\213{\332\036._\345l\002RC\374{uW\013;\342\301"
  67      DA1E2E5F 
  67      E56C0252 
  67      43FC7B75 
  67      570B3BE2 
  68 0246 3EE2D5CD 		.ascii	">\342\325\315V\253;6\211\032;g\015P\217=\250'\313\025"
  68      56AB3B36 
  68      891A3B67 
  68      0D508F3D 
  68      A827CB15 
  69 025a E61290B2 		.ascii	"\346\022\220\262j=\012G=\330\247\2540W\271i\253I\177"
  69      6A3D0A47 
  69      3DD8A7AC 
  69      3057B969 
  69      AB497F
  70 026d C0487CAE 		.ascii	"\300H|\256\230\001\331\343\004UQ\226^\304\242p\330\331"
  70      9801D9E3 
  70      04555196 
  70      5EC4A270 
ARM GAS  /tmp/cclj5I1O.s 			page 5


  70      D8D9
  71 027f 5D567EA8 		.ascii	"]V~\250|\177Iiax[x\207SY\345\224\035\254p\216V\036;"
  71      7C7F4969 
  71      61785B78 
  71      875359E5 
  71      941DAC70 
  72 0297 5EE5941C 		.ascii	"^\345\224\034\330W\270]\307\342\302\352j\276)\255\250"
  72      D857B85D 
  72      C7E2C2EA 
  72      6ABE29AD 
  72      A8
  73 02a8 38123E0C 		.ascii	"8\022>\014\177\000\210\360\273\215"
  73      7F0088F0 
  73      BB8D
  74              		.text
  75              		.section	.gnu.lto_hal_lld_init.97527c7ed51903c7,"",%progbits
  76 0000 789C9D94 		.ascii	"x\234\235\224Kh\023Q\024\206\357\271\231IF&hb\203\224"
  76      4B681351 
  76      1486EFB9 
  76      99494626 
  76      68628394 
  77 0014 ACDC7595 		.ascii	"\254\334u\225D\215\013q+\270\020\304E\335\027\037\213"
  77      448D0B71 
  77      2BB810C4 
  77      45DD171F 
  77      8B
  78 0025 16022DD6 		.ascii	"\026\002-\326E7\2457m\204\012\"5P\020k|\200\365\025"
  78      4537A537 
  78      6D840A22 
  78      3550106B 
  78      7C80F515 
  79 0039 9BDA5AA3 		.ascii	"\233\332Z\243i}\304Z\373\322\246\006\027\212\324*\246"
  79      697DC45A 
  79      FBD2A606 
  79      178AD42A 
  79      A6
  80 004a 8176D31A 		.ascii	"\201v\323\032\033\220\361A\274\347\336\224\261\025\301"
  80      1B90F141 
  80      BCE7DE94 
  80      B115C1
  81 0059 C940CE4C 		.ascii	"\311@\316Lf\316|\377\377\237;36\362\367\346\345\277"
  81      66CE7CFF 
  81      FF9F3B33 
  81      36F2F7E6 
  81      E5BF
  82 006b 159590BD 		.ascii	"\025\225\220\275|\0176\002\264+CHX\243\000x@\200\264"
  82      7C0F3602 
  82      B42B4348 
  82      58A30078 
  82      4080B4
  83 007e 51688325 		.ascii	"Qh\203%Z\240\320\225\216\237\327kz\031c_\242#\325\247"
  83      5AA0D095 
  83      8E9FD76B 
  83      7A19635F 
  83      A223D5A7 
  84 0092 AA0D4AC8 		.ascii	"\252\015J\310*\225\030\270\0015\204\367\024\"\277\336"
  84      2A9518B8 
ARM GAS  /tmp/cclj5I1O.s 			page 6


  84      013584F7 
  84      1422BFDE 
  85 00a2 EAF608EF 		.ascii	"\352\366\010\357q\311kp\023\354\300\367\375[\323\254"
  85      71C96B70 
  85      13ECC0F7 
  85      FD5BD3AC 
  86 00b2 54CA5DFC 		.ascii	"T\312]\374\231U\266QbPP\261hXt,N,.,n,UX<X\010Y\340\034"
  86      9955B651 
  86      625050B1 
  86      6858742C 
  86      4E2C2E2C 
  87 00d0 3493A714 		.ascii	"4\223\247\024\367\266\3670\232\034X\336\211\344o\024"
  87      F7B6F730 
  87      9A1C58DE 
  87      89E46F14 
  88 00e0 8D4D4FF6 		.ascii	"\215MO\366\2466-R\203Rv\245\223)\350\343\343\302lV\023"
  88      A6362D52 
  88      835276A5 
  88      9329E8E3 
  88      E3C26C56 
  89 00f5 A708FE6D 		.ascii	"\247\010\376m\277~uX\213A\017\030\324\006\267\300\013"
  89      BF7E7558 
  89      8B410F18 
  89      D406B7C0 
  89      0B
  90 0106 B7C12B2E 		.ascii	"\267\301+.\344\276_\310\353\2768\213\2045\203*\020\207"
  90      E4BE5FC8 
  90      EBBE388B 
  90      8435832A 
  90      1087
  91 0118 187C1591 		.ascii	"\030|\025\221\340\016\370\010WjB\031\013\204>\223\220"
  91      E00EF808 
  91      576A4219 
  91      0B843E93 
  91      90
  92 0129 001F3AE9 		.ascii	"\000\037:\3511\256\011sP\342\333\026\002\375\374FK`"
  92      31AE0973 
  92      50E2DB16 
  92      02FDFC46 
  92      4B60
  93 013b 40EE5D93 		.ascii	"@\356]\223; \271k\011\025~jP2\223\331e\220cQ-X\276'"
  93      3B20B96B 
  93      09157E6A 
  93      503293D9 
  93      65906351 
  94 0153 D0B84830 		.ascii	"\320\270H0TY\350\373&!\011\276\012\023>0!\0179d-\322"
  94      5459E8FB 
  94      262109BE 
  94      0A133E30 
  94      210F3964 
  95 0169 B9957224 		.ascii	"\271\225r$\315\202\241\224`\211\347o\270\262H#&\341"
  95      CD82A194 
  95      6089E76F 
  95      B8B24823 
  95      26E1
  96 017b 51C5911E 		.ascii	"Q\305\221\036\233\220'\177D\312\026\313\221t\013\206"
  96      9B90277F 
ARM GAS  /tmp/cclj5I1O.s 			page 7


  96      44CA16CB 
  96      91740B86 
  97 018b 9E0A960D 		.ascii	"\236\012\226\015Yi\021\251\243h\227\024\247\004M\265"
  97      596911A9 
  97      A3689714 
  97      A7044DB5 
  98 019b E7F2BA78 		.ascii	"\347\362\272x\320\370\333\307\200\3003)\027\005\213"
  98      D0F8DBC7 
  98      80C03329 
  98      17058B
  99 01aa D1474DA5 		.ascii	"\321GM\245\347\340\343|2\007\035\351w\016\304`\373\245"
  99      E7E0E37C 
  99      32071DE9 
  99      770EC460 
  99      FBA5
 100 01bc 376713B4 		.ascii	"7g\023\264\365\007\353d\274]]\305%\2031h\345/\253]t"
 100      F507EB64 
 100      BC5D5DC5 
 100      25833168 
 100      E52FAB5D 
 101 01d1 CEFFB393 		.ascii	"\316\377\263\223O\002^\224;\305 \306\250\214\340\262"
 101      4F025E94 
 101      3BC520C6 
 101      A88CE0B2 
 102 01e1 606F5CD8 		.ascii	"`o\\\330S\320\336\304\372A\270%h\"\2668\250\210A\360"
 102      53D0DEC4 
 102      FA41B825 
 102      6822B638 
 102      A88841F0 
 103 01f5 214C5638 		.ascii	"!LV8\204)Se\032\207\340\026\206\013\343QUjU\361[\272"
 103      84295365 
 103      1A87E016 
 103      860BE351 
 103      556A55F1 
 104 020b E7E21927 		.ascii	"\347\342\031'\0129\030\213l\370\3568\0044z\346\303\020"
 104      0A39188B 
 104      6CF8EE38 
 104      04347AE6 
 104      C310
 105 021d 956A1ABC 		.ascii	"\225j\032\274\344j\257\312j\237N\367}\336l\252\315\010"
 105      E46AAFCA 
 105      6A9F4EF7 
 105      7DDE6CAA 
 105      CD08
 106 022f 3515D532 		.ascii	"5\025\3252\3533y\244T*Q\234\221\213\273\235\300\354"
 106      EB3379A4 
 106      542A519C 
 106      918BBB9D 
 106      C0EC
 107 0241 864CFFAB 		.ascii	"\206L\377\253\362\332T\311b&\017\231\207p\372\362\001"
 107      F2DA54C9 
 107      62260F99 
 107      8770FAF2 
 107      01
 108 0252 B15C043F 		.ascii	"\261\\\004?\264\200\037X\276J{\374\376\300\276\372\206"
 108      B4801F58 
 108      BE4A7BFC 
ARM GAS  /tmp/cclj5I1O.s 			page 8


 108      FEC0BEFA 
 108      86
 109 0263 A30D876A 		.ascii	"\243\015\207j\353\202\376\035\376\335\201\306\346@\375"
 109      EB82FE1D 
 109      FEDD81C6 
 109      E640FD
 110 0272 9150A0A9 		.ascii	"\221P\240\251\361\304\311\346@\355\341\203\301]\262"
 110      F1C4C9E6 
 110      40EDE183 
 110      C15DB2
 111 0281 EE0FB6B4 		.ascii	"\356\017\266\264\340\225\272P\350\270\377\030\371\015"
 111      E095BA50 
 111      E8B8FF18 
 111      F90D
 112 028f 27B90AF0 		.ascii	"'\271\012\360"
 113              		.text
 114              		.section	.gnu.lto_stm32_clock_init.97527c7ed51903c7,"",%progbits
 115 0000 789C9D56 		.ascii	"x\234\235V]L\\E\030\235o\366\356\356\335\377e\027(\201"
 115      5D4C5C45 
 115      189D6FF6 
 115      EEEEDDFF 
 115      65172881 
 116 0014 879292D2 		.ascii	"\207\222\222\322B\004\032\361\301\370\266\232\370\246"
 116      42041AF1 
 116      C1F8B69A 
 116      F8A6
 117 0022 3ED4F7C6 		.ascii	">\324\367\306\237\2306!\251\261>\364\255w\201\242$$"
 117      9F983621 
 117      A9B13EF4 
 117      AD7781A2 
 117      2424
 118 0034 363536A6 		.ascii	"656\246\206F\023[ii-\240\242\264\376 m\001k\001\241"
 118      8646135B 
 118      69692DA0 
 118      A2B4FE20 
 118      6D016B01 
 119 0049 A5145450 		.ascii	"\245\024TP`\025\354\017\273@\241k\304u\276\231\271;"
 119      6015EC0F 
 119      BB40A16B 
 119      C475BE99 
 119      B93B
 120 005b CB9298DD 		.ascii	"\313\222\230\335\345\341\334e\276\311\2313\347;3\367"
 120      E5E1DC65 
 120      BEC99933 
 120      E73B33F7 
 121 006b 5AC8D6BF 		.ascii	"Z\310\326\277B \244\315M\310S\3547\024\020\240\307\206"
 121      4220A4CD 
 121      4DC853EC 
 121      371410A0 
 121      C786
 122 007d 0909EB14 		.ascii	"\011\011\353\024,\342\207\205\346\267\014\020b8\265"
 122      2CE28785 
 122      E6B70C10 
 122      6238B5
 123 008c 463B31DC 		.ascii	"F;1\334\371b<\244\201U\324\2554(\3526^\017\212\361\220"
 123      F9623CA4 
 123      8155D4AD 
ARM GAS  /tmp/cclj5I1O.s 			page 9


 123      3428EA36 
 123      5E0F8AF1 
 124 00a1 0DECA26E 		.ascii	"\015\354\242n\247\001Q\327y= \306C:8D\335A\363D\335"
 124      A70151D7 
 124      793D20C6 
 124      433A3844 
 124      DD41F344 
 125 00b6 C9EB7962 		.ascii	"\311\353yb<\344\004\227\250\273\250_\324\335\274\356"
 125      3CE40497 
 125      A8BBA85F 
 125      D4DDBCEE 
 126 00c6 17E32137 		.ascii	"\027\343!7xD\335C}\242\356\345u\237\030\017y\001\360"
 126      7844DD43 
 126      7DA2EEE5 
 126      759F180F 
 126      7901F0
 127 00d9 49801CA1 		.ascii	"I\200\034\241\226|\315\032\264\331\003\272#\317\351"
 127      967CCD1A 
 127      B4D903BA 
 127      23CFE9
 128 00e8 F2BB3D3E 		.ascii	"\362\273=>/\034\261[\304\366\255\342a\027\017\207x\270"
 128      2F1CB15B 
 128      C4F6ADE2 
 128      61170F87 
 128      78B8
 129 00fa C4C3231E 		.ascii	"\304\303#\036\2134F\341Xo\373\373\256]\247\015\303\210"
 129      8B3446E1 
 129      586FFBFB 
 129      AE5DA70D 
 129      C388
 130 010c D68F171D 		.ascii	"\326\217\027\035-\212SBV\250\230\000\237\300.\302\346"
 130      2D8A5342 
 130      56A89800 
 130      9FC02EC2 
 130      E6
 131 011d C41A3726 		.ascii	"\304\0327&\\\266F6\307/j\320\0066f/\271\030\3505\022"
 131      5CB64636 
 131      C72F6AD0 
 131      0636662F 
 131      B918E835 
 132 0132 89B9532D 		.ascii	"\211\271S-\353\332c\224\304\231\267\010V\004\033\202"
 132      EBDA6394 
 132      C499B708 
 132      56041B82 
 133 0142 1D414770 		.ascii	"\035AGp\"\270\021<\010^\004\037B\000!\210P\200P\210"
 133      22B8113C 
 133      085E041F 
 133      42002188 
 133      50805088 
 134 0156 B00DA108 		.ascii	"\260\015\241\010\241\030\241\004a;B)\302\016\2042\204"
 134      A118A104 
 134      613B4229 
 134      C20E8432 
 134      84
 135 0167 9D08E508 		.ascii	"\235\010\345\010\273\021*\020*\021\010\231g2\231o\021"
 135      BB112A10 
 135      2A110899 
ARM GAS  /tmp/cclj5I1O.s 			page 10


 135      6732996F 
 135      11
 136 0178 4AD9C332 		.ascii	"J\331\3032\005}\335\261\333]\026\324\275Nq\333\327\007"
 136      057DDDB1 
 136      DB5D16D4 
 136      BD4E71DB 
 136      D707
 137 018a 4FF73816 		.ascii	"O\3678\026h\234R\343\303\267\015\015w93?2\252\363!\202"
 137      689C52E3 
 137      C3B70D0D 
 137      7739333F 
 137      32AAF321 
 138 019f FFD69FF9 		.ascii	"\377\326\237\371\350\222\336\012\037@\234Z\340,\024"
 138      E892DE0A 
 138      1F409C5A 
 138      E02C14
 139 01ae C339A606 		.ascii	"\3039\246\006\013s\177\237\214\270\252\332\215\306\260"
 139      0B737F9F 
 139      8CB8AADA 
 139      8DC6B0
 140 01bd 1EA71AB4 		.ascii	"\036\247\032\264C+,s\303\340<T\221)hX\265\211u,b\251"
 140      432B2C73 
 140      C3E03C54 
 140      91296858 
 140      B589752C 
 141 01d3 81D6852E 		.ascii	"\201\326\205.\015y\001\010\\`$L\315q\300)Y\254\362\251"
 141      0D790108 
 141      5C60244C 
 141      CD71C029 
 141      59ACF2A9 
 142 01e7 5AE52254 		.ascii	"Z\345\"T1n\366+\302\220e\201\357\256sbY\356\316\232"
 142      316EF62B 
 142      C2906581 
 142      EFAE7362 
 142      59EECE9A 
 143 01fb 112B2069 		.ascii	"\021+ i\207\"\355\024\322\0375\315SA#\231NNDV-\\<%\320"
 143      8722ED14 
 143      D21F35CD 
 143      53412399 
 143      4E4E4456 
 144 0214 C558C6A1 		.ascii	"\305X\306\241\361N\303kr\016\233\020>s\271\305\316'"
 144      F14EC36B 
 144      720E9B10 
 144      3E73B9C5 
 144      CE27
 145 0226 3096CF70 		.ascii	"0\226\317p\031\202\356\347\023\026^\210P\315\264\277"
 145      1982EEE7 
 145      13165E88 
 145      50CDB4BF 
 146 0236 737A4C0A 		.ascii	"szL\012\264g\261\355\317\271B\214\032|!\025JsuA\024"
 146      B467B1ED 
 146      CFB9428C 
 146      1A7C2115 
 146      4A737541 
 147 024b 19AE6FF6 		.ascii	"\031\256o\366\360\345\377I$\022>\002\3359\032\374\245"
 147      F0E5FF49 
 147      24123E02 
ARM GAS  /tmp/cclj5I1O.s 			page 11


 147      DD391AFC 
 147      A5
 148 025c 5AE92B34 		.ascii	"Z\351+4XG\226\356\321ii\2073\013\252\036Eu\211\213\316"
 148      584796EE 
 148      D1696987 
 148      330BAA1E 
 148      4575898B 
 149 0271 5ECD6545 		.ascii	"^\315eE\3615\252q\362v[U\273gf\245\233\356\314\333\375"
 149      F135AA71 
 149      F2765B55 
 149      BB6766A5 
 149      9BEECCDB 
 150 0286 8D22FDD6 		.ascii	"\215\"\375\326l\367=\271?\217`Z?\032mvr;\335\004\276"
 150      6CF73DB9 
 150      3F8F605A 
 150      3F1A6D76 
 150      723BDD04 
 151 029b 13ED9E34 		.ascii	"\023\355\2364\333\355I\351oP\366\327\226\354o\304<^"
 151      DBED49E9 
 151      6F50F6D7 
 151      96EC6FC4 
 151      3C5E
 152 02ad DE2CF6D9 		.ascii	"\336,\366\331\253\022\370\375\346\376\372\004Q\327F"
 152      AB12F8FD 
 152      E6FEFA04 
 152      51D746
 153 02bc C7BB2E2E 		.ascii	"\307\273..(\316NO_\216\315\275\242\226\271\212v\372"
 153      28CE4E4F 
 153      5F8ECDBD 
 153      A296B98A 
 153      76FA
 154 02ce 90251A8D 		.ascii	"\220%\032\215\210H\246\020\205\015\243\327\366\377."
 154      8848A610 
 154      850DA3D7 
 154      F6FF2E
 155 02dd 5E532EF6 		.ascii	"^S.\366CU\352\275\241\261\241\001\241\260\273\363\201"
 155      4355EABD 
 155      A1B1A101 
 155      A1B0BBF3 
 155      81
 156 02ee 6947200B 		.ascii	"iG \013\235\203J\347\017\233\357\222\240 :\361\260\355"
 156      9D834AE7 
 156      0F9BEF92 
 156      A0203AF1 
 156      B0ED
 157 0300 AC8DDB61 		.ascii	"\254\215\333a\260K\013\256\347\350\307\217j\235\033"
 157      B04B0BAE 
 157      E7E8C78F 
 157      6A9D1B
 158 030f E84790C7 		.ascii	"\350G\220\307\313\256\342\265d\336&\005\231\307kH\221"
 158      CBAEE2B5 
 158      64DE2605 
 158      99C76B48 
 158      91
 159 0320 0EA7DF26 		.ascii	"\016\247\337&\205\202\351\324\243\013\365\232\224\257"
 159      8582E9D4 
 159      A30BF59A 
ARM GAS  /tmp/cclj5I1O.s 			page 12


 159      94AF
 160 032e 131849BB 		.ascii	"\023\030I\273O\012S\002\026\220\001\323\223\001[\353"
 160      4F0A5302 
 160      169001D3 
 160      93015BEB 
 161 033e 939AB665 		.ascii	"\223\232\266e\261\323\237\270(\376\316\032\335\354h"
 161      B1D39FB8 
 161      28FECE1A 
 161      DDEC68
 162 034d 1123CAF9 		.ascii	"\021#\312\371:\036S\2647\321\300\"n\240#i`l\315<\237"
 162      3A1E53B4 
 162      37D1C022 
 162      6EA02369 
 162      606CCD3C 
 163 0362 C5991B78 		.ascii	"\305\231\033xK\221\216\247\033X\302\230\266\334\277"
 163      4B918EA7 
 163      1B58C298 
 163      B6DCBF
 164 0371 25297EE5 		.ascii	"%)~\345I\277\234\322\257h\307\306l\016\351\276\255\322"
 164      49BF9CD2 
 164      AF68C7C6 
 164      6C0EE9BE 
 164      ADD2
 165 0383 3DC1D3BD 		.ascii	"=\301\323\2758}\343\232\225\247\333\030\274\312\336"
 165      387DE39A 
 165      95A7DB18 
 165      BCCADE
 166 0392 01778463 		.ascii	"\001w\204c\321\350\277\271\320Orz|y\301\024\247\277"
 166      D1E8BFB9 
 166      D04F727A 
 166      7C79C114 
 166      A7BF
 167 03a4 7FEEAD1E 		.ascii	"\177\356\255\036A\037~\232\300\317\222\274#\221\013"
 167      411F7E9A 
 167      C0CF92BC 
 167      23910B
 168 03b3 F92F9C5C 		.ascii	"\371/\234\\C\362_9\371\354;\015S\374%\257\355!0m\236"
 168      43F25F39 
 168      F9EC3B0D 
 168      53FC25AF 
 168      ED21306D 
 169 03c8 CCFE9BB2 		.ascii	"\314\376\233\2625\333\263h\370\214\012\367o\233sT*\210"
 169      35DBB368 
 169      F88C0AF7 
 169      6F9B7354 
 169      2A88
 170 03da 8EF74CB6 		.ascii	"\216\367L\2668e\2641\333\277\347\230\254Y\265\320\034"
 170      3865B431 
 170      DBBFE798 
 170      AC59B5D0 
 170      1C
 171 03eb 26AB9427 		.ascii	"&\253\224'\313\245\222\325\277\"\345\357\310<Y\363\212"
 171      CBA592D5 
 171      BF22E5EF 
 171      C83C59F3 
 171      8A
 172 03fc 34929EAC 		.ascii	"4\222\236\2542\301\3244\262\260h1\365\373\011\374\221"
ARM GAS  /tmp/cclj5I1O.s 			page 13


 172      32C1D434 
 172      B2B06831 
 172      F5FB09FC 
 172      91
 173 040d 96B5B294 		.ascii	"\226\265\262\224\254\371e\326\334\311\254\015\315\231"
 173      ACF965D6 
 173      DCC9AC0D 
 173      CD99
 174 041b FDDA68EE 		.ascii	"\375\332h\356o\342G\334j\364\246\177XY\271\264\201\261"
 174      6FE247DC 
 174      6AF4A67F 
 174      5859B9B4 
 174      81B1
 175 042d BB9D5ED9 		.ascii	"\273\235^\331Q\366\271i\203?\231\356\005\251{\271\241"
 175      51F6B969 
 175      833F99EE 
 175      05A97BB9 
 175      A1
 176 043e 6B0392BA 		.ascii	"k\003\222\272\027\271n\374\224\205\277xG\227\214\305"
 176      17B96EFC 
 176      9485BF78 
 176      47978CC5 
 177 044e 211FEF68 		.ascii	"!\037\357h\036\201\273\262\243\261\021\263\243;\263"
 177      1E81BBB2 
 177      A3B111B3 
 177      A33BB3
 178 045d 30FA9E4A 		.ascii	"0\372\236J\372\375\315\035-gD\374\254\345\322\277\007"
 178      FAFDCD1D 
 178      2D6744FC 
 178      ACE5D2BF 
 178      07
 179 046e 8A7609FB 		.ascii	"\212v\011\373W\316\373\347QW\353\2559)vw\346\375\213"
 179      57CEFBE7 
 179      5157EBAD 
 179      39297677 
 179      E6FD8B
 180 0481 2AD258FA 		.ascii	"*\322X\372\233\273\2021myUW0\212\217\337;q\236\037-"
 180      9BBB8231 
 180      6D795557 
 180      308A8FDF 
 180      3B719E1F 
 181 0496 F6050ECB 		.ascii	"\366\005\016\313\311\346\371d\363\274\311\213u\302T"
 181      C9E6F964 
 181      F3BCC98B 
 181      75C254
 182 04a5 5499C53E 		.ascii	"T\231\305>W\324a[\315\361#\347\241\242XC\253*\3114\204"
 182      57D4615B 
 182      CDF123E7 
 182      A1A25843 
 182      AB2AC934 
 183 04ba 7B63CF23 		.ascii	"{c\317#\215\320\012L#\213\355\223\325\3255\317\354?"
 183      8DD00A4C 
 183      238BED93 
 183      D5D535CF 
 183      EC3F
 184 04cc F0F28117 		.ascii	"\360\362\201\027\366\356\253\255\336S\375D\315\301C"
 184      F6EEABAD 
ARM GAS  /tmp/cclj5I1O.s 			page 14


 184      DE53FD44 
 184      CDC143
 185 04db 35FB5FAA 		.ascii	"5\373_\252\253y\375\340\033o\036\252\331\373\342s\265"
 185      AB79FDE0 
 185      1B6F1EAA 
 185      D9FBE273 
 185      B5
 186 04ec 8F0B7CB6 		.ascii	"\217\013|\266\366\360a\254\354\253\253{\265\372\025"
 186      F6F061AC 
 186      ECABAB7B 
 186      B5FA15
 187 04fb F21F26EA 		.ascii	"\362\037&\352j8"
 187      6A38
 188              		.text
 189              		.section	.gnu.lto_.symbol_nodes.97527c7ed51903c7,"",%progbits
 190 0000 789C4D8B 		.ascii	"x\234M\213\301\015@@\020E\337\314\220\354A\017:\323"
 190      C10D4040 
 190      1045DFCC 
 190      90EC410F 
 190      3AD3
 191 0012 CA2C0E1C 		.ascii	"\312,\016\0345@\226Z\234U\242\0076A\342]~\362~\236\001"
 191      3540965A 
 191      9C55A207 
 191      3641E25D 
 191      7EF27E9E 
 192 0027 0D2F1AD5 		.ascii	"\015/\032\325a:\300\2359\215\025\332\252\313g\226\024"
 192      613AC09D 
 192      398D15DA 
 192      AACB6796 
 192      14
 193 0038 D04E5DFF 		.ascii	"\320N]\377\242\274\2045g\322\253\333s\020c\300\004\266"
 193      A2BC8435 
 193      67D2ABDB 
 193      731063C0 
 193      04B6
 194 004a E1AC4D0A 		.ascii	"\341\254M\012\366\274\334\322`\031\214"
 194      F6BCDCD2 
 194      60198C
 195              		.text
 196              		.section	.gnu.lto_.refs.97527c7ed51903c7,"",%progbits
 197 0000 789C6366 		.ascii	"x\234cf```d\200\002\000\000=\000\005"
 197      60606064 
 197      80020000 
 197      3D0005
 198              		.text
 199              		.section	.gnu.lto_.decls.97527c7ed51903c7,"",%progbits
 200 0000 789CAD56 		.ascii	"x\234\255V{PT\327\031\277\347\236eY\026d\035\231\232"
 200      7B5054D7 
 200      19BFE79E 
 200      65591664 
 200      1D999A
 201 0013 D4E93484 		.ascii	"\324\3514\204t\230L&eU\362G\333\231N\305\025\243M\023"
 201      74984C26 
 201      6555F247 
 201      DB994EC5 
 201      15A34D13 
 202 0027 995D9A34 		.ascii	"\231]\2324\323\351\354 \340\270\015\017G\226\251N\377"
ARM GAS  /tmp/cclj5I1O.s 			page 15


 202      D3E9EC20 
 202      E0B80D0F 
 202      4796A94E 
 202      FF
 203 0038 B9B03E40 		.ascii	"\271\260>@\215 \202\341\265<\024\005\221\247\026\254"
 203      8D2082E1 
 203      B53C1405 
 203      91A716AC 
 204 0048 8F20A2F2 		.ascii	"\217 \242\362\026\021c\020c\302**\030P\027\304\307&"
 204      16116310 
 204      63C22A2A 
 204      185017C4 
 204      C726
 205 005a C4ED77CE 		.ascii	"\304\355w\316\331\335\273{\275\261\217\351\235\371\355"
 205      D9DDBB7B 
 205      BDB18FE9 
 205      9DF9ED
 206 0069 BDDF3DBF 		.ascii	"\275\337=\277\357w\276\373\235\357|g1\307q\313\020\307"
 206      EF77BEFB 
 206      9DEF7C67 
 206      31C771CB 
 206      10C7
 207 007b 39E1FAAD 		.ascii	"9\341\372\255\206\343~\315s\234\002\336\305p\342E\354"
 207      86E37ECD 
 207      739C02DE 
 207      C570E245 
 207      EC
 208 008c 3A4003A0 		.ascii	":@\003\240\011p\024\000.\\;\347{\021\216\277\313\367"
 208      09701400 
 208      2E5C3BE7 
 208      7B118EBF 
 208      CBF7
 209 009e 75C04540 		.ascii	"u\300E@\037\340<`\006`\007\200<\327\005\230pi\324q/"
 209      1FE03C60 
 209      06600780 
 209      3CD70598 
 209      7069D471 
 210 00b3 5E649E00 		.ascii	"^d\236\000/\035\267/\321y\0048L\346\001g%\001<O\002"
 210      2F1DB72F 
 210      D1790438 
 210      4CE60167 
 210      25013C4F 
 211 00c8 C6017701 		.ascii	"\306\001w\001S\200\207\034\023\307.\255:W\314\322\253"
 211      5380871C 
 211      13C72EAD 
 211      3A57CCD2 
 211      AB
 212 00d9 4912AFF7 		.ascii	"I\022\257\367<\241\340\377s\227\376M\300-\300\035\300"
 212      3CA1E0FF 
 212      7397FE4D 
 212      C02DC01D 
 212      C0
 213 00ea 18E03EE0 		.ascii	"\030\340>\340\247\210\305\337$\243;\315\243\276[\317"
 213      A788C5DF 
 213      24A33BCD 
 213      A3BE5BCF 
 214 00fa 1E054DF0 		.ascii	"\036\005M\360(X=\237\230\305\303wf1\230Aj\236\230\255"
ARM GAS  /tmp/cclj5I1O.s 			page 16


 214      28583D9F 
 214      98C5C377 
 214      66319841 
 214      6A9E98AD 
 215 010e 8E278DCA 		.ascii	"\216'\215\312W\012\004rY\204\371<\212Y\210\252\321\""
 215      570A0472 
 215      5984F93C 
 215      8A5988AA 
 215      D122
 216 0120 54831681 		.ascii	"T\203\026\201\352a\364\012\374\376Y\301\224\312\217"
 216      EA61F40A 
 216      FCFE59C1 
 216      94CA8F
 217 012f F64E2A30 		.ascii	"\366N*0\217\310\363\201\302\233_\250\337\256\005\257"
 217      8FC8F381 
 217      C29B5FA8 
 217      DFAE05AF 
 218 013f 2CA17D02 		.ascii	",\241}\002\213\323\235,\273:\251\012-\023\332\233\354"
 218      8BD39D2C 
 218      BB3AA90A 
 218      2D13DA9B 
 218      EC
 219 0150 FD37D28B 		.ascii	"\3757\322\213\204\212\014\341\271\323\211\250\026\252"
 219      848A0CE1 
 219      B9D389A8 
 219      16AA
 220 015e 45181D41 		.ascii	"E\030\035Ao\323\244\3003\365Au(\024\374rr\357\037G\370"
 220      6FD3A4C0 
 220      33F54175 
 220      2814FC72 
 220      72EF1F47 
 221 0173 2F547C30 		.ascii	"/T|0\277\341\254\0064*\232l#\347\022\3333\2059\247\023"
 221      BFE1AC06 
 221      342A9A6C 
 221      23E712DB 
 221      338539A7 
 222 0188 33857A2F 		.ascii	"3\205z/\205z\267B\003U\250\256\376\262\336\017\377\225"
 222      857AB742 
 222      0355A8AE 
 222      FEB2DE0F 
 222      FF95
 223 019a 2AE4767D 		.ascii	"*\344v}7\303\024*j\016*k\204v\247\363w\324\277\321\313"
 223      37C3142A 
 223      6A0E2A6B 
 223      8476A7F3 
 223      77D4BFD1 
 224 01af BFD1EDDF 		.ascii	"\277\321\355\337D\375\307/\3770\026\214\377N\375\247"
 224      44FDC72F 
 224      FF30168C 
 224      FF4EFDA7 
 225 01bf 67ADA3FE 		.ascii	"g\255\243\376\340o\023\354;/\034\322\355\261\344\346"
 225      E06F13EC 
 225      3B2F1CD2 
 225      EDB1E4E6 
 226 01cf 0B36A7F3 		.ascii	"\0136\247\3635\026D\263\227H\263[\344(\0259\3210{1\220"
 226      351644B3 
 226      9748B35B 
ARM GAS  /tmp/cclj5I1O.s 			page 17


 226      E4281539 
 226      D1307B31 
 227 01e4 663B9466 		.ascii	"f;\224f#\257\273PI\263\255 \346\231\266g\235j\334\206"
 227      23AFBB50 
 227      49B3AD20 
 227      E699B667 
 227      9D6ADC86 
 228 01f8 E81CBBB2 		.ascii	"\350\034\273\262l=j\334\305\214\214C\247v\371\003\361"
 228      6C3D6ADC 
 228      C58C8C43 
 228      A776F903 
 228      F1
 229 0209 7535CDE2 		.ascii	"u5\315\342h\211\243*\200\232d7h\340\025\337}W8\020\214"
 229      6889A32A 
 229      809A6437 
 229      68E015DF 
 229      7D573810 
 230 021e C2D55590 		.ascii	"\302\325U\220s{m\365\255U\026a\031:\211\324\250\325"
 230      737B6DF5 
 230      AD551661 
 230      193A89D4 
 230      A8D5
 231 0230 130DF526 		.ascii	"\023\015\365&W\226 d\012\271\026!\240;\230C\307`9\377"
 231      57962064 
 231      0AB91621 
 231      A03B9843 
 231      C76039FF 
 232 0244 01CB894E 		.ascii	"\001\313\211N\240p`P.:\016/\377\011/A\370\302\\\333"
 232      A0706050 
 232      2E3A0E2F 
 232      FF092F41 
 232      F8C25CDB 
 233 0258 163FA40E 		.ascii	"\026?\244\016\227w:-\343DC\310\312\316[(\010\012t\012"
 233      97773A2D 
 233      E34443C8 
 233      CACE5B28 
 233      080A740A 
 234 026c 42681143 		.ascii	"Bh\021C\200\210<\265pg\352\310\220\032\037`\025\323"
 234      80883CB5 
 234      7067EAC8 
 234      901A1F60 
 234      15D3
 235 027e 397B2A5B 		.ascii	"9{*[\371\3321\336*\250\350\340\234\275\257\201\207O"
 235      F9DA31DE 
 235      2AA8E8E0 
 235      9CBDAF81 
 235      874F
 236 0290 047FE1DA 		.ascii	"\004\177\341\332\364B\362j\346q\315v\365\033\225B\305"
 236      F442F26A 
 236      E671CD76 
 236      F51B9542 
 236      C5
 237 02a1 7E7B7F99 		.ascii	"~{\177\231\011j'S\020\310\302\3219>gsx\"\343\350\233"
 237      096A2753 
 237      10C8C2D1 
 237      393E6773 
 237      7822E3E8 
ARM GAS  /tmp/cclj5I1O.s 			page 18


 238 02b6 36046B72 		.ascii	"6\004kr\206\004\332\216\336\000\211\243\007\016\266"
 238      8604DA8E 
 238      DE0089A3 
 238      070EB6
 239 02c5 06D0FC2F 		.ascii	"\006\320\374/#\212U\005\373\352\374h\376U\304\234:W"
 239      238A5505 
 239      FBEAFC68 
 239      FE55C49C 
 239      3A57
 240 02d7 E4C0B887 		.ascii	"\344\300\270\207\005t\277\243j\223:\213\224\375\177"
 240      0574BFA3 
 240      6A933A8B 
 240      94FD7F
 241 02e6 F4D1E091 		.ascii	"\364\321\340\221985\246\301W\231\373\231\316\201\375"
 241      393835A6 
 241      C15799FB 
 241      99CE81FD 
 242 02f6 01F81A35 		.ascii	"\001\370\0325\024\316\271\214\241@\024\026\026\022^"
 242      14CEB98C 
 242      A1401416 
 242      16125E
 243 0305 216CB1D8 		.ascii	"!l\261\330O\037\371\376\275<\213P\365*:\017\221_\200"
 243      4F1FF9FE 
 243      BD3C8B50 
 243      F52A3A0F 
 243      915F80
 244 0318 387B5088 		.ascii	"8{P\210(\377&\211\376-\370\341\010\273\342A\243\262"
 244      28FF2689 
 244      FE2DF8E1 
 244      08BBE241 
 244      A3B2
 245 032a 7B316576 		.ascii	"{1ev\3122\217\221\257\345\366\220-\232[!,3s\350,\214"
 245      CA328F91 
 245      AFE5F690 
 245      2D9A5B21 
 245      2C3373E8 
 246 0340 77D01C10 		.ascii	"w\320\034\0206\311J/D\334\205\302P7\012\243\331'Kd\233"
 246      36C94A2F 
 246      44DC85C2 
 246      50370AA3 
 246      D9274B64 
 247 0355 6C540A88 		.ascii	"lT\012\210P8w\271\272\227\206\277[\354\330\255F!\341"
 247      503877B9 
 247      BA9786BF 
 247      5BECD8AD 
 247      4621E1
 248 0368 72AAA81F 		.ascii	"r\252\250\037\304^*\3740U\205\372\200pN\\w2\213{\335"
 248      C45E2AFC 
 248      305585FA 
 248      80704E5C 
 248      77328B7B 
 249 037d C7CE0ED5 		.ascii	"\307\316\016\325)\203v\210\365D\311\342\302]DAt\313"
 249      29837688 
 249      F544C9E2 
 249      C25D4441 
 249      74CB
 250 038f C01DD8FD 		.ascii	"\300\035\330\375EUU\254AU`\342\355l\035\276\211\350"
ARM GAS  /tmp/cclj5I1O.s 			page 19


 250      455555AC 
 250      415560E2 
 250      ED6C1DBE 
 250      89E8
 251 03a1 9ABD431B 		.ascii	"\232\275C\033\326\300p\266\037\336\205i\322\205\234"
 251      D6C070B6 
 251      1FDE8569 
 251      D2859C
 252 03b0 F12D1817 		.ascii	"\361-\030\0272#;\3172\256\302Vf\\\251\311\315R\341J"
 252      32233BCF 
 252      32AEC256 
 252      665CA9C9 
 252      CD52E14A 
 253 03c4 663806C6 		.ascii	"f8\006\306[0\256e\206\273\001\006\261\006\330\2223^"
 253      5B30AE65 
 253      86BB0106 
 253      B106D892 
 253      335E
 254 03d6 AEC0C7D8 		.ascii	"\256\300\307\330\330\205\341m\367\224\370$3\212\236"
 254      D885E16D 
 254      F794F824 
 254      338A9E
 255 03e5 F6776A28 		.ascii	"\366wj(\361Ub\216To\337\253\302\035ll\317\301\374m<"
 255      F155628E 
 255      546FDFAB 
 255      C21D6C6C 
 255      CFC1FC6D 
 256 03fa EE65867B 		.ascii	"\356e\206{\223\007\261M\376\370qN&\217/\261\261\232"
 256      9307B14D 
 256      FEF8714E 
 256      268F2FB1 
 256      B19A
 257 040c 5B0379F3 		.ascii	"[\003y\363\350\330\233\304\354\251*q\004\343a6\366d"
 257      E8D89BC4 
 257      ECA92A71 
 257      04E36136 
 257      F664
 258 041e FC523BC2 		.ascii	"\374R;\302_3c\364\351h\207?%.\006S\343\230\274=\024"
 258      5F3363F4 
 258      E968873F 
 258      252E0653 
 258      E398BC3D 
 259 0433 0015C4AE 		.ascii	"\000\025\304\256\020\362\023\036F\312\303\366\274\261"
 259      10F2131E 
 259      46CAC3F6 
 259      BCB1
 260 0441 37487015 		.ascii	"7Hp\025\010)\245{/)%\247\247\224.\3132Y)QjQsB\373\026"
 260      0829A57B 
 260      2F2925A7 
 260      A7942ECB 
 260      32592951 
 261 045b 4CB9DF48 		.ascii	"L\271\337H\271_#\011y\247H\376RJ\276*%\347\210\344N"
 261      B95F2309 
 261      79A748FE 
 261      524ABE2A 
 261      25E788E4 
 262 0470 29F92B29 		.ascii	")\371+)9[$_\221\222;\244\344\035\"\371\013\3710\304"
ARM GAS  /tmp/cclj5I1O.s 			page 20


 262      395B245F 
 262      91923BA4 
 262      E41D22F9 
 262      0BF930C4 
 263 0484 54EC16B9 		.ascii	"T\354\026\271\327\345\243xK\334V\002\335\000\0030~\211"
 263      D7E5A378 
 263      4BDC5602 
 263      DD000330 
 263      7E89
 264 0496 0EDD7355 		.ascii	"\016\335sU\377\003\250\376\233P\375\267\000\337\002"
 264      FF03A8FE 
 264      9B50FDB7 
 264      00DF02
 265 04a5 EE02C601 		.ascii	"\356\002\306\001\267\001\017\001S\200\011\300\035\300"
 265      B7010F01 
 265      538009C0 
 265      1DC0
 266 04b3 24600C70 		.ascii	"$`\014p\337\265Sh\024Yb\024C\362\237'F\\(ro\310\257"
 266      DFB55368 
 266      14596214 
 266      43F29F27 
 266      465C2872 
 267 04ca 88C8FD54 		.ascii	"\210\310\375T\344\216H\271\327\244i+\026\311\243R\262"
 267      E48E48B9 
 267      D7A4692B 
 267      16C9A352 
 267      B2
 268 04db 4D14A65B 		.ascii	"M\024\246[{\216\366\214{/\364\014Z\212\273\232\253\020"
 268      7B8EF68C 
 268      7B2FF40C 
 268      5A8ABB9A 
 268      AB10
 269 04ed B4E50E44 		.ascii	"\264\345\016D\265\206\345'\246Z\320b\366_?w\034{Z\214"
 269      B586E527 
 269      A65AD062 
 269      F65F3F77 
 269      1C7B5A8C 
 270 0501 6F86D134 		.ascii	"o\206\3214$\366\377\221d\032sIs\020\304l\007\271A\261"
 270      24F6FF91 
 270      641A7349 
 270      7310C46C 
 270      07B941B1 
 271 0515 21DDF36A 		.ascii	"!\335\363jH\316\312\241\017}\372\221\335\247\037\315"
 271      48CECAA1 
 271      0F7DFA91 
 271      DDA71FCD 
 272 0525 B8FAD10C 		.ascii	"\270\372\321\014\355GG\032\267n\327\370\260\311\231"
 272      ED47471A 
 272      B76ED7F8 
 272      B0C999
 273 0534 2FB21FB9 		.ascii	"/\262\037\271\330\217(\373\324\263\326\352`\332\275"
 273      D88F28FB 
 273      D4B3D6EA 
 273      60DABD
 274 0543 6C745B1F 		.ascii	"lt[\037==\361\2305\221\237\021\363\256\375D\245\002"
 274      3D3DF198 
 274      35919F11 
ARM GAS  /tmp/cclj5I1O.s 			page 21


 274      F3AEFD44 
 274      A502
 275 0555 8FB12D3F 		.ascii	"\217\261-?\322\3271\250\3043\31489\275sV\205\2371\243"
 275      D2D731A8 
 275      C433CC38 
 275      39BD7356 
 275      859F31A3 
 276 0569 E074691E 		.ascii	"\340ti\036;\266\004j\357n\250z\304ThK\254\251\274\321"
 276      3BB6046A 
 276      EF6EA87A 
 276      C454684B 
 276      ACA9BCD1 
 277 057d 8FC95925 		.ascii	"\217\311Y%\270C\012R{E\364=9sa\203\243\357\3309e\235"
 277      B8430A52 
 277      7B45F43D 
 277      39736183 
 277      A3EFD839 
 278 0593 1CACD52C 		.ascii	"\034\254\325,\310u\345=\324L\317O\007\320\331\036\231"
 278      C875E53D 
 278      D44CCF4F 
 278      07D0D91E 
 278      99
 279 05a4 430BDC4E 		.ascii	"C\013\334N\204\375\331\325\032\273\2777\373\374\313"
 279      84FDD9D5 
 279      1ABBBF37 
 279      FBFCCB
 280 05b3 D8571A1C 		.ascii	"\330W\032\034v\025\236\243a+w\264\224wiH\323\012\241"
 280      76159EA3 
 280      612B77B4 
 280      94776948 
 280      D30AA1
 281 05c6 BD2AC356 		.ascii	"\275*\303V\322\370{\322\252~@\013\320sX\212L>\304\243"
 281      D2F87BD2 
 281      AA7E400B 
 281      D073588A 
 281      4C3EC4A3 
 282 05da F442B917 		.ascii	"\364B\271\027yz\325S\027\365\307\272Z\261\207\371L\226"
 282      797AD553 
 282      17F5C7BA 
 282      5AB187F9 
 282      4C96
 283 05ec E97D40B2 		.ascii	"\351}@\262:\233\205\361\307t>\302&Ef\341\303\221\300"
 283      3A9B85F1 
 283      C7743EC2 
 283      264566E1 
 283      C391C0
 284 05ff 87A10C80 		.ascii	"\207\241\014\200\023\012h\013\357U@9\264\350\201*W\364"
 284      130A680B 
 284      EF554039 
 284      B4E8812A 
 284      57F4
 285 0611 A55EFDF7 		.ascii	"\245^\375\367\033\351\374\276%\177r\2370\300\243\360"
 285      1BE9FCBE 
 285      257F729F 
 285      30C0A3F0 
 286 0621 102A6A85 		.ascii	"\020*j\205Cr\033p\237\2105If\240\227\\\254h+\204\370"
 286      43721B70 
ARM GAS  /tmp/cclj5I1O.s 			page 22


 286      9F883549 
 286      66A0975C 
 286      AC682B84 
 287 0636 EFC28515 		.ascii	"\357\302\205\025\370\274\270\301\302\373\324\3476\336"
 287      F8BCB8C1 
 287      C2FBD4E7 
 287      36DE
 288 0644 BB9AB7F3 		.ascii	"\273\232\267\363\254>\341N\376v]\274|\033\261\323\225"
 288      AC3EE14E 
 288      FE765DBC 
 288      7C1BB1D3 
 288      95
 289 0655 FEE1AF1C 		.ascii	"\376\341\257\034\353\355cg\327/\350_\232\366\255Oxl"
 289      EBED6367 
 289      D72FE85F 
 289      9AF6AD4F 
 289      786C
 290 0667 51D0AA9B 		.ascii	"Q\320\252\233\330]h\231\207\3670\243\243{oc .`\306H"
 290      D85D6899 
 290      87F730A3 
 290      A37B6F63 
 290      202E60C6 
 291 067c EFB7D54A 		.ascii	"\357\267\325J\\\314\214C\371O\2635x?3l\245\003q\370"
 291      5CCC8C43 
 291      F94FB335 
 291      783F336C 
 291      A50371F8 
 292 0690 207B7ED0 		.ascii	" {~\320\366\340y\000\256a\306\\\236c\230\307\315\314"
 292      F6E07900 
 292      AE61C65C 
 292      9E6398C7 
 292      CDCC
 293 06a2 68E9B92E 		.ascii	"h\351\271.\250p\0135\002\307\354#\347\375<G]xX\010M"
 293      A8700B35 
 293      02C7EC23 
 293      E7FD3C47 
 293      5D785808 
 294 06b7 B3B55E4C 		.ascii	"\263\265^L\363.\036#\353\217,3\255\210\303\365\356\212"
 294      F32E1E23 
 294      EB8F2C33 
 294      AD88C3F5 
 294      EE8A
 295 06c9 C891525F 		.ascii	"\310\221R_8\216\312=\334\335R\256\357\001#dV\324R.\331"
 295      388ECA3D 
 295      DCDD52AE 
 295      EF012364 
 295      56D4522E 
 296 06de 2EB952EE 		.ascii	".\271R\3565I\371\326yd\363\244\324\257$\3242\017\365"
 296      3549F9D6 
 296      7964F3A4 
 296      D4AF24D4 
 296      320FF5
 297 06f1 53F90844 		.ascii	"S\371\010Dj\251\207\272S6\007\"\363\210\207\271G>T\366"
 297      6AA987BA 
 297      53360722 
 297      F38887B9 
 297      473E54F6 
ARM GAS  /tmp/cclj5I1O.s 			page 23


 298 0705 59B4148B 		.ascii	"Y\264\024\213\353I}[\345\353\273\246\336\367\377\205"
 298      EB497D5B 
 298      E5EBBBA6 
 298      DEF7FF85 
 299 0715 4C365F38 		.ascii	"L6_8)\263\370E(\233'CVW\301\226@\301\026A\261\356\005"
 299      29B3F845 
 299      289B2743 
 299      5657C196 
 299      40C11641 
 300 072c 14020A00 		.ascii	"\024\002\012\000\245\200|\300>@1\3403O\021\363\225\003"
 300      A5807CC0 
 300      3E4031E0 
 300      334F11F3 
 300      9503
 301 073e FD796AC9 		.ascii	"\375yj\311\341\340\026E\345\240\365\277\350\322omHV"
 301      E1E01645 
 301      E5A0F5BF 
 301      E8D26F6D 
 301      4856
 302 0750 A13270DE 		.ascii	"\2412p\336\301{\266\235\225\027\217\202\326\351\333"
 302      C17BB69D 
 302      95178F82 
 302      D6E9DB
 303 075f 3BFC7C76 		.ascii	";\374|vO\231\317\356\251p\355\036r_\264>.\311\230\224"
 303      4F99CFEE 
 303      A970ED1E 
 303      725FB43E 
 303      2EC99894 
 304 0773 94605C1B 		.ascii	"\224`\\\033\027\377I\372\006cBjr\234)\305hJ1\231\225"
 304      17FF49FA 
 304      0663426A 
 304      729C29C5 
 304      684A3199 
 305 0788 EF7EF0C7 		.ascii	"\357~\360\307P\035\367\253\210\010\255n\275i\255i\215"
 305      501DF7AB 
 305      8808AD6E 
 305      BD69AD69 
 305      8D
 306 0799 C11819B1 		.ascii	"\301\030\031\2618\342\035mj\232\026\274\264\033R7\232"
 306      38E21D6D 
 306      6A9A16BC 
 306      B41B5237 
 306      9A
 307 07aa D3B486D8 		.ascii	"\323\264\206\330\367#\227\262\337\225\221\2336i]z\021"
 307      F72397B2 
 307      DF95919B 
 307      36695D7A 
 307      11
 308 07bb F15C905B 		.ascii	"\361\\\220[\232\210\315O3'G.5\306'\245\306\177B_\370"
 308      9A88CD4F 
 308      3327472E 
 308      35C627A5 
 308      C67F425F 
 309 07d0 2724C7AD 		.ascii	"'$\307\255\206\373o\376;y&\003\276\021\3539U\272)\305"
 309      86FB6FFE 
 309      3B792603 
 309      BE11EB39 
ARM GAS  /tmp/cclj5I1O.s 			page 24


 309      55BA29C5 
 310 07e4 0C96596D 		.ascii	"\014\226Ym4\272\037\177\251MO\333\2505\245\304'\245"
 310      34BA1F7F 
 310      A94D4FDB 
 310      A835A5C4 
 310      27A5
 311 07f6 27246A53 		.ascii	"'$jS\022\377\226dZ\253M\216\213_oJI\324\032\023\022"
 311      12FF9664 
 311      5AAB4D8E 
 311      8B5F6F4A 
 311      49D41A13 
 312 080b D7C5A527 		.ascii	"\327\305\245'\231\215\346\315\033\022\323@!L\216\235"
 312      998DE6CD 
 312      1B12D340 
 312      214C8E9D 
 313 081b B6394D6B 		.ascii	"\2669MkL3'\200\"P4\206\315i\346\304d]\352\306D\035\011"
 313      4C332780 
 313      22503486 
 313      CD69E6C4 
 313      645DEAC6 
 314 0832 FE271109 		.ascii	"\376'\021\011q\346\270\010\311\333\300\230\217\364\306"
 314      71E6B808 
 314      C9DBC098 
 314      8FF4C6
 315 0841 58505D91 		.ascii	"XP]\221\270\216\327\351\261\316\240\327\312}X\342&\263"
 315      B88ED7E9 
 315      B1CEA0D7 
 315      CA7D58E2 
 315      26B3
 316 0853 56F7BE61 		.ascii	"V\367\276a\265\001>\211}\313\272\310\305\221\233\342"
 316      B5013E89 
 316      7DCBBAC8 
 316      C5919BE2 
 317 0863 61A240BD 		.ascii	"a\242@\275N\347\226P\350V\276\013\"\253\365\252\250"
 317      4EE79650 
 317      E856BE0B 
 317      22ABF5AA 
 317      A8
 318 0874 98E54BF5 		.ascii	"\230\345K\365\206X\372\260\204<(\243V-\217\376@\357"
 318      8658FAB0 
 318      843C28A3 
 318      562D8FFE 
 318      40EF
 319 0886 4F065CF7 		.ascii	"O\006\\\367%pW,_\241\003c\325r\302\361#\356K\351od\260"
 319      2570572C 
 319      5FA10363 
 319      D572C2F1 
 319      23EE4BE9 
 320 089d E163033C 		.ascii	"\341c\003<\270\225\351\313%X\257\323+\243\377\024\273"
 320      B895E9CB 
 320      2558AFD3 
 320      2BA3FF14 
 320      BB
 321 08ae 5AA79FB7 		.ascii	"Z\247\237\267\362\017Q\206U\356a\034\245\323+\336\213"
 321      F20F5186 
 321      55EE611C 
 321      A5D32BDE 
ARM GAS  /tmp/cclj5I1O.s 			page 25


 321      8B
 322 08bf FE58EFBF 		.ascii	"\376X\357\277&&\226\334y\203\236\217\322\253\364\321"
 322      262696DC 
 322      79839E8F 
 322      D2ABF4D1 
 323 08cf 8668FD87 		.ascii	"\206h\375\207\321+\360\232\345z\305G\372\030\375\277"
 323      D12BF09A 
 323      E57AC547 
 323      FA18FDBF 
 324 08df 005AE529 		.ascii	"\000Z\345)\214"
 324      8C
 325              		.text
 326              		.section	.gnu.lto_.symtab.97527c7ed51903c7,"",%progbits
 327 0000 68616C5F 		.ascii	"hal_lld_init\000\000\000\000\000\000\000\000\000\000"
 327      6C6C645F 
 327      696E6974 
 327      00000000 
 327      00000000 
 328 0016 0000AE00 		.ascii	"\000\000\256\000\000\000stm32_clock_init\000\000\000"
 328      00007374 
 328      6D33325F 
 328      636C6F63 
 328      6B5F696E 
 329 002f 00000000 		.ascii	"\000\000\000\000\000\000\000\000\000\260\000\000\000"
 329      00000000 
 329      00B00000 
 329      00
 330 003c 53797374 		.ascii	"SystemCoreClock\000\000\000\000\000\000\000\000\000"
 330      656D436F 
 330      7265436C 
 330      6F636B00 
 330      00000000 
 331 0054 000000C0 		.ascii	"\000\000\000\300\000\000\000dmaInit\000\000\002\000"
 331      00000064 
 331      6D61496E 
 331      69740000 
 331      0200
 332 0066 00000000 		.ascii	"\000\000\000\000\000\000\000\000\262\000\000\000"
 332      00000000 
 332      B2000000 
 333              		.text
 334              		.section	.gnu.lto_.opts,"",%progbits
 335 0000 272D666E 		.ascii	"'-fno-trapv' '-mcpu=cortex-m4' '-mfloat-abi=hard' '"
 335      6F2D7472 
 335      61707627 
 335      20272D6D 
 335      6370753D 
 336 0033 2D6D6670 		.ascii	"-mfpu=fpv4-sp-d16' '-mno-thumb-interwork' '-mthumb'"
 336      753D6670 
 336      76342D73 
 336      702D6431 
 336      36272027 
 337 0066 20272D67 		.ascii	" '-ggdb' '-Os' '-fomit-frame-pointer' '-falign-func"
 337      67646227 
 337      20272D4F 
 337      73272027 
 337      2D666F6D 
ARM GAS  /tmp/cclj5I1O.s 			page 26


 338 0099 74696F6E 		.ascii	"tions=16' '-ffunction-sections' '-fdata-sections' '"
 338      733D3136 
 338      2720272D 
 338      6666756E 
 338      6374696F 
 339 00cc 2D666E6F 		.ascii	"-fno-common' '-flto' '-fsingle-precision-constant'\000"
 339      2D636F6D 
 339      6D6F6E27 
 339      20272D66 
 339      6C746F27 
 340              		.text
 341              		.comm	__gnu_lto_v1,1,1
 342              		.comm	__gnu_lto_slim,1,1
 343              		.ident	"GCC: (15:4.9.3+svn231177-1) 4.9.3 20150529 (prerelease)"
ARM GAS  /tmp/cclj5I1O.s 			page 27


DEFINED SYMBOLS
                            *ABS*:0000000000000000 hal_lld.c
                            *COM*:0000000000000001 __gnu_lto_v1
                            *COM*:0000000000000001 __gnu_lto_slim

NO UNDEFINED SYMBOLS
