ARM GAS  /tmp/ccQ8b4rh.s 			page 1


   1              		.syntax unified
   2              		.cpu cortex-m4
   3              		.eabi_attribute 27, 1
   4              		.eabi_attribute 28, 1
   5              		.fpu fpv4-sp-d16
   6              		.eabi_attribute 20, 1
   7              		.eabi_attribute 21, 1
   8              		.eabi_attribute 23, 3
   9              		.eabi_attribute 24, 1
  10              		.eabi_attribute 25, 1
  11              		.eabi_attribute 26, 1
  12              		.eabi_attribute 30, 4
  13              		.eabi_attribute 34, 1
  14              		.eabi_attribute 18, 4
  15              		.thumb
  16              		.file	"memstreams.c"
  17              		.text
  18              	.Ltext0:
  19              		.section	.gnu.lto_.profile.a2e0c415e5713ce9,"",%progbits
  20 0000 789C6366 		.ascii	"x\234cf```a\200\000F\206\000K\000\001M\000\222"
  20      60606061 
  20      80004686 
  20      004B0001 
  20      4D0092
  21              		.text
  22              		.section	.gnu.lto_.jmpfuncs.a2e0c415e5713ce9,"",%progbits
  23 0000 789C6366 		.ascii	"x\234cf\300\016\354\2414+\003\023##s}=#\020\32431\003"
  23      C00EECA1 
  23      342B0313 
  23      2323737D 
  23      3D2310D4 
  24 0017 49F67AC6 		.ascii	"I\366z\306zf\346rFF\260<3\\\010\310\206\010\262\260"
  24      7A66E672 
  24      4646B03C 
  24      335C08C8 
  24      8608B2B0 
  25 002b 8014F3D7 		.ascii	"\200\024\363\327\003\001\003\000\323a\007\002"
  25      03010300 
  25      D3610702 
  26              		.text
  27              		.section	.gnu.lto_.inline.a2e0c415e5713ce9,"",%progbits
  28 0000 789C6366 		.ascii	"x\234cf\300\016\212\031!4+\003\003/\017#3\003#\003\263"
  28      C00E8A19 
  28      21342B03 
  28      032F0F23 
  28      33032303 
  29 0015 03884800 		.ascii	"\003\210H\000\021\012\\l\023\364\0308.\350110\276`g"
  29      110A5C6C 
  29      13F41838 
  29      2EE83131 
  29      30BE6067 
  30 0029 81902082 		.ascii	"\201\220 \202\003\314\344``Y \317\303\300x\203]\200"
  30      03CCE460 
  30      605920CF 
  30      C3C07883 
  30      5D80
  31 003b 094C3230 		.ascii	"\011L20m\340\227\000\231\306\310\300\303\0151\014lN"
ARM GAS  /tmp/ccQ8b4rh.s 			page 2


  31      6DE09700 
  31      99C6C8C0 
  31      C30D310C 
  31      6C4E
  32 004d 0323C434 		.ascii	"\003#\3044\346\016q\006\366\037jXLc\236!\216\3334&\006"
  32      E60E7106 
  32      F61F6A58 
  32      4C639E21 
  32      8EDB3426 
  33 0062 41494616 		.ascii	"AIF\026$\323\230\030\301v0+p\003\2650p|\300\351>\246"
  33      24D39818 
  33      C176302B 
  33      7003B530 
  33      707CC0E9 
  34 0078 0BFC3C20 		.ascii	"\013\374< ce@\\\005\260\240\002HP\003d,\013/\003\003"
  34      6365405C 
  34      05B0A002 
  34      48500364 
  34      2C0B2F03 
  35 008d F3043F10 		.ascii	"\363\004?\020d\206\333\000\361<\325-`a\340`gd`b\355"
  35      6486DB00 
  35      F13CD52D 
  35      6061E060 
  35      67646062 
  36 00a2 5067E05E 		.ascii	"Pg\340^\341\306\004\016r\000\014\0123\273"
  36      E1C6040E 
  36      72000C0A 
  36      33BB
  37              		.text
  38              		.section	.gnu.lto_.pureconst.a2e0c415e5713ce9,"",%progbits
  39 0000 789C6366 		.ascii	"x\234cf``\340f\200\000V\006)F)&)f)\026)\000\004\026"
  39      6060E066 
  39      80005606 
  39      29462926 
  39      29662916 
  40 0018 00A0     		.ascii	"\000\240"
  41              		.text
  42              		.section	.gnu.lto_put.a2e0c415e5713ce9,"",%progbits
  43 0000 789C8D53 		.ascii	"x\234\215S\335KSa\030\177\177\357{\266\263\265\371A"
  43      DD4B5361 
  43      187F7FEF 
  43      7BB6B3B5 
  43      F941
  44 0012 08C12E2A 		.ascii	"\010\301.*\020\2210\267\"!\202.\204\376\200.\372\003"
  44      109130B7 
  44      2221822E 
  44      84FE802E 
  44      FA03
  45 0024 424370E0 		.ascii	"BCp\340HZ\027\335y\246\303\220ndZiff\222Y\2466\227\246"
  45      485A17DD 
  45      79A6C390 
  45      6E645A69 
  45      66669259 
  46 003c F6B5A04C 		.ascii	"\366\265\240Lb\245^T\366A\031\230Y\0245\023\326.j=\317"
  46      62A55E54 
  46      F6411998 
  46      59143513 
ARM GAS  /tmp/ccQ8b4rh.s 			page 3


  46      D62E6A3D 
  47 0051 3903952E 		.ascii	"9\003\225.\362\300\336\217\347\274\277\257\347\274S"
  47      F2C0DE8F 
  47      E7BCBFAF 
  47      E7BC53
  48 0060 E2DFA78C 		.ascii	"\342\337\247\214~\323J\210\3754\303& \233\237\011\021"
  48      7ED34A88 
  48      FD34C326 
  48      209B9F09 
  48      11
  49 0071 7248A975 		.ascii	"rH\251uA\030\233T2!\204\341V\320\254\272\006\360B@\324"
  49      41189B54 
  49      322184E1 
  49      56D0ACBA 
  49      06F04240 
  50 0086 49A5A10E 		.ascii	"I\245\241\016\237eRb|p\345\251kI\246\245\330.h;\021"
  50      9F655262 
  50      7C70E5A9 
  50      6B49A6A5 
  50      D82E683B 
  51 009b 996AB3F3 		.ascii	"\231j\263\363\026\032o\3374g\276\344\026_6\014\343\307"
  51      161A6FDF 
  51      3467BEE4 
  51      165F360C 
  51      E3C7
  52 00ad A5E889F6 		.ascii	"\245\350\211\366\326\213\364F\212\237R\340\012<\350"
  52      D68BF446 
  52      8A9F52E0 
  52      0A3CE8
  53 00bc 8387F9AE 		.ascii	"\203\207\371\256\242\230\216F\346:tU\006F}_\236\211"
  53      A2988E46 
  53      E63A7455 
  53      06467D5F 
  53      9E89
  54 00ce C9A21EC3 		.ascii	"\311\242\036\303\250\217\217\015\033\345ZZ*\\\203Z\013"
  54      A88F8F0D 
  54      1BE55A5A 
  54      2A5C835A 
  54      0B
  55 00df A392403F 		.ascii	"\243\222@?\212\350\364\205\245\267cP{M\344\314LS+,d"
  55      8AE8F485 
  55      A5B76350 
  55      7B4DE4CC 
  55      4C532B2C 
  56 00f4 62D02847 		.ascii	"b\320(GZj\270n!wz\260\203q\232\300\000\212\370p\372"
  56      5A6AB86E 
  56      21777AB0 
  56      83719AC0 
  56      008AF870 
  57 0109 E1A7936E 		.ascii	"\341\247\223n\265\317\0046\236\356m\261\025v\023p\376"
  57      B5CF0436 
  57      9EEE6DB1 
  57      15761370 
  57      FE
  58 011a 54CF13B7 		.ascii	"T\317\023\2671e\204\3473\231mii\303\340ze\353!H2\374"
  58      316584E7 
  58      33996D69 
ARM GAS  /tmp/ccQ8b4rh.s 			page 4


  58      69C3E07A 
  58      65EB2148 
  59 0130 FBA5CB1E 		.ascii	"\373\245\313\036\246l\371\030B!\247\24207`\007\315C"
  59      A66CF918 
  59      4221A7A2 
  59      30376007 
  59      CD43
  60 0142 9BE34626 		.ascii	"\233\343F&\023{\224l*i\227\271 ]\312\300\206m\264\264"
  60      137B946C 
  60      2A6997B9 
  60      205DCAC0 
  60      866DB4B4 
  61 0156 DB79D069 		.ascii	"\333y\320i\320\035<8\301\226\\\\t\363 \304\002qq\263"
  61      D01D3C38 
  61      C1965C5C 
  61      74F320C4 
  61      027171B3 
  62 016a 3F52B768 		.ascii	"?R\267hV/P\037?;Y`\262\223V\212\322\277F\375hr\262["
  62      562F501F 
  62      3F3B5960 
  62      B293568A 
  62      D2BF46FD 
  63 0182 712D256D 		.ascii	"q-%md\350\375\302\364\254\203{o3\375\215\374\352\372"
  63      64E8FDC2 
  63      F4AC837B 
  63      6F33FD8D 
  63      FCEAFA
  64 0195 96D3890E 		.ascii	"\226\323\211\016j\202\203\000\210\262y\252\237_iy\225"
  64      6A828300 
  64      88B279AA 
  64      9F5F6979 
  64      95
  65 01a6 575A9296 		.ascii	"WZ\222\226N\014\243\023\313l[ \206R\223\262{\213Eh\337"
  65      4E0CA313 
  65      CB6C5B20 
  65      865293B2 
  65      7B8B4568 
  66 01bb 18C34D93 		.ascii	"\030\303M\223\201\023c\204\030\236#<\327\340\311ZJq"
  66      81136384 
  66      189E233C 
  66      D7E0C95A 
  66      4A71
  67 01cd 12C12194 		.ascii	"\022\301!\224\240\273\244L\307\217CY\307\372F\004t\214"
  67      A0BBA44C 
  67      C78F4359 
  67      C7FA4604 
  67      748C
  68 01df 9A02666B 		.ascii	"\232\002fko\231\026\033\332\032\023\322\242 \214\316"
  68      6F99161B 
  68      DA1A13D2 
  68      A2208CCE 
  69 01ef 22447CE6 		.ascii	"\"D|\346\303V\256\255\355\202\276\256\013!\303\210+"
  69      C356AEAD 
  69      ED82BEAE 
  69      0B21C388 
  69      2B
  70 0200 FAFA84C2 		.ascii	"\372\372\204\302\030\313`\234\230S\322i\246\216&\036"
ARM GAS  /tmp/ccQ8b4rh.s 			page 5


  70      18CB609C 
  70      9853D269 
  70      A68E261E 
  71 0210 646DB9FE 		.ascii	"dm\271\376k\253\237\276\270\203\263O\254f\277mY\213"
  71      6BAB9FBE 
  71      B883B34F 
  71      AC66BF6D 
  71      598B
  72 0222 D82D12B7 		.ascii	"\330-\022\267\3053{\256\267!\217\2558!p\207HH*\202\254"
  72      C5337BAE 
  72      B7218FAD 
  72      38217087 
  72      48482A82 
  73 0237 CF0D8ADC 		.ascii	"\317\015\212\334]\025\271\207R\2426\033\252\231\267"
  73      5D15B987 
  73      52A2361B 
  73      AA99B7
  74 0246 E21D42F9 		.ascii	"\342\035B\371\"\305/\027\001\202.\366\015\364\346\260"
  74      22C52F17 
  74      01822EF6 
  74      0DF4E6B0 
  75 0256 9EFC93C9 		.ascii	"\236\374\223\311>\3647\275\017\217\374\032-X\333\032"
  75      3EF437BD 
  75      0F8FFC1A 
  75      2D58DB1A 
  76 0266 6A27E2F0 		.ascii	"j'\342\360\250\36317]50\031\225v{\275\276\003\325\376"
  76      A8F33137 
  76      5D353019 
  76      95767BBD 
  76      BE03D5FE 
  77 027a 4AFFC143 		.ascii	"J\377\301C\207\367xwy\313|G\203\276\352\212\032_\215"
  77      87F77877 
  77      79CB7C47 
  77      83BEEA8A 
  77      1A5F8D
  78 028d BFD2173C 		.ascii	"\277\322\027<~\254\252\"\020\364\005\252\002\331\245"
  78      7EACAA22 
  78      10F405AA 
  78      02D9A5
  79 029c F78890FE 		.ascii	"\367\210\220\376ZT\252@\260\366/:}f\020"
  79      5A54AA40 
  79      B0F62F3A 
  79      7D6610
  80              		.text
  81              		.section	.gnu.lto_get.a2e0c415e5713ce9,"",%progbits
  82 0000 789C8D53 		.ascii	"x\234\215S\335KSa\030\177\177\3579\333\331\334L\011"
  82      DD4B5361 
  82      187F7FEF 
  82      39DBD9DC 
  82      4C09
  83 0012 E9623705 		.ascii	"\351b7\005\"\022\351V$H\020\021\364\007t\321\037\020"
  83      2212E956 
  83      24481011 
  83      F40774D1 
  83      1F10
  84 0024 1A820347 		.ascii	"\032\202\003G\322\272\350\316W\035\012]\204\314\004"
  84      D2BAE8CE 
ARM GAS  /tmp/ccQ8b4rh.s 			page 6


  84      571D0A5D 
  84      84CC04
  85 0033 9B5F8965 		.ascii	"\233_\211e\226\251\351\234\251%\314\010\2210K\310\262"
  85      96A9E99C 
  85      A925CC08 
  85      91304BC8 
  85      B2
  86 0044 0FCC48CD 		.ascii	"\017\314H\315\242(M\262]\324z\236sV)]\344\201\363~<"
  86      A2284DB2 
  86      5DD47A9E 
  86      7356295D 
  86      E481F37E 
  87 0059 7B7F1FCF 		.ascii	"{\177\037\317\357\274\323\304\277O\001\275\335\232\020"
  87      EFBCD3C4 
  87      BF4F01BD 
  87      DD9A10
  88 0068 8769864D 		.ascii	"\207i\206M@\326M\013Q\351\220Ro\203Pi\332\352\224\020"
  88      40D64D0B 
  88      51E99052 
  88      6F835069 
  88      DAEA9410 
  89 007c CAAD41B7 		.ascii	"\312\255A\267\352:\300\013\001Q!5\035\025x/W%Fz\327"
  89      EA3AC00B 
  89      01512135 
  89      1D15782F 
  89      5725467A 
  90 0091 1FBA5664 		.ascii	"\037\272VdB\212=\202\266\243\341\311F;o\241\363\366"
  90      428A3D82 
  90      B6A3E1C9 
  90      463B6FA1 
  90      F3F6
  91 00a3 655DF2C3 		.ascii	"e]\362\303\216\334\253J\251/\367\242\347.]\274L\277"
  91      8EDCAB4A 
  91      A92FF7A2 
  91      E72E5DBC 
  91      4CBF
  92 00b5 48F1550A 		.ascii	"H\361U\012\\\203\007]\3600\337u\344\322\321\360\\\223"
  92      5C83075D 
  92      F030DF75 
  92      E4D2D1F0 
  92      5C93
  93 00c7 A1158051 		.ascii	"\241\025\200Q\237\327\036GeN\207RU\361\341\001uTOH\015"
  93      9FD71E47 
  93      654E8752 
  93      55F1E101 
  93      75544F48 
  94 00dc 37A06D86 		.ascii	"7\240m\206QI\240\0339|\274u\345\3250\264B\023z\345\302"
  94      5149A01B 
  94      397CBC75 
  94      E5D530B4 
  94      42137AE5 
  95 00f1 6083CC6E 		.ascii	"`\203\314n'\350B\313\333\011\227jT\241\205drwB\352\270"
  95      27E842CB 
  95      DB09976A 
  95      54A18564 
  95      727742EA 
  96 0106 6931E479 		.ascii	"i1\344y\260\327\223J\200\000\211\373\357j\335\332!\023"
ARM GAS  /tmp/ccQ8b4rh.s 			page 7


  96      B0D7934A 
  96      800089FB 
  96      EF6ADDDA 
  96      2113
  97 0118 5CD3D059 		.ascii	"\\\323\320Yo\263\300\255\035\017\334j\3627\330\206\336"
  97      6FB3C0AD 
  97      1D0FDC6A 
  97      F237D886 
  97      DE
  98 0129 ADF27FE0 		.ascii	"\255\362\177\340\253\241\037\317\\\366\0205\230\211"
  98      ABA11FCF 
  98      5CF61035 
  98      9889
  99 0137 1E64A30F 		.ascii	"\036d\243\017\331\334\036uu\013v\320\304\325\276\235"
  99      D9DC1E75 
  99      750B76D0 
  99      C4D5BE9D 
 100 0147 71954C46 		.ascii	"q\225LF\247\307k\013#2\035d\236\032b\3676Z\332\355<"
 100      A7C76B0B 
 100      23321D64 
 100      9E1A62F7 
 100      365ADAED 
 101 015c 1834180E 		.ascii	"\0304\030\016\036\234\202!i\\t\363I!\026\351\345\344"
 101      1E9C8221 
 101      695C74F3 
 101      492116E9 
 101      E5E4
 102 016e 976843B3 		.ascii	"\227hC\263\366\024U\361\261\211,S\201\3646(\212\027"
 102      F61455F1 
 102      B1892C53 
 102      81F43628 
 102      8A17
 103 0180 A81AEA7F 		.ascii	"\250\032\352\177\322\256qmC\332\310\330\353\305G3\016"
 103      D2AE716D 
 103      43DAC8D8 
 103      EBC54733 
 103      0E
 104 0191 FE1036D3 		.ascii	"\376\0206\323g\354{\333\247\364\0264!!\035\004@?7A\365"
 104      67EC7BDB 
 104      A7F41634 
 104      21211D04 
 104      403F3741 
 105 01a6 E6F5FAE7 		.ascii	"\346\365\372\347\031\371\373\022\322\211\001\264`\215"
 105      19F9FB12 
 105      D28901B4 
 105      608D
 106 01b4 AD0B4491 		.ascii	"\255\013D\221oR\276\331e\021\332\267\3070h2\200\031"
 106      6F52BED9 
 106      6511DAB7 
 106      C7306832 
 106      8019
 107 01c6 62C4308B 		.ascii	"b\3040\213\320\\\265'e\211H\314\314\226\310-],\315t"
 107      D05CB527 
 107      658948CC 
 107      CC96C82D 
 107      5D2CCD74 
 108 01da 3C3B9E72 		.ascii	"<;\236rllG\300\300\220)`\306{\333\264X\335X\363QZ\024"
ARM GAS  /tmp/ccQ8b4rh.s 			page 8


 108      6C6C47C0 
 108      C0902960 
 108      C67BDBB4 
 108      58DD58F3 
 109 01f1 84315884 		.ascii	"\2041X\204\210\277\235\317\263j\316\315A\030[\202\250"
 109      88BF9DCF 
 109      B36ACECD 
 109      41185B82 
 109      A8
 110 0202 542A6ED0 		.ascii	"T*n\320\265  \206Y\011#D.([\3452\223\355\341d\235\254"
 110      B5202086 
 110      59092344 
 110      2E285BE5 
 110      3293EDE1 
 111 0219 11AE998F 		.ascii	"\021\256\231\217\034\261\010\323\254,f\"\235\325\031"
 111      1CB108D3 
 111      AC2C6622 
 111      9DD519
 112 0228 CCE984C0 		.ascii	"\314\351\204\300(\241I4\014>\362\337>\272\351\2528\030"
 112      28A14934 
 112      0C3EF2DF 
 112      3EBAE9AA 
 112      3818
 113 023a 78E76F58 		.ascii	"x\347oXw\221O\324L2_\273\034\261[RnV\347\274t\363\243"
 113      77914FD4 
 113      4C325FBB 
 113      1CB15B52 
 113      6E56E7BC 
 114 0251 CFA33253 		.ascii	"\317\2432Sl\360\371e\200\330\226\273z:\323\331\202\374"
 114      6CF0F965 
 114      80D896BB 
 114      7A3AD3D9 
 114      82FC
 115 0263 994C3DF4 		.ascii	"\231L=\364\227\034\203G6\307\262\010\255M\305\334ts"
 115      971C8347 
 115      36C7B208 
 115      AD4DC5DC 
 115      7473
 116 0275 C0600AEC 		.ascii	"\300`\012\354\200\327\353;V\352/\366\037?q\362\240w"
 116      80D7EB3B 
 116      56EA2FF6 
 116      1F3F71F2 
 116      A077
 117 0287 BFB7C077 		.ascii	"\277\267\300w:\350+-*\363\225\371\213}\301\263gJ\212"
 117      3AE82B2D 
 117      2AF395F9 
 117      8B7DC1B3 
 117      674A8A
 118 029a 02415FA0 		.ascii	"\002A_\240$\220ZzO\011\351/G\261\026\010\226\377\002"
 118      24905A7A 
 118      4F09E92F 
 118      47B11608 
 118      96FF02
 119 02ad 729E59CD 		.ascii	"r\236Y\315"
 120              		.text
 121              		.section	.gnu.lto_reads.a2e0c415e5713ce9,"",%progbits
 122 0000 789C8D52 		.ascii	"x\234\215R[KTQ\024\336k\357s\316\234\031g\320z\350a"
ARM GAS  /tmp/ccQ8b4rh.s 			page 9


 122      5B4B5451 
 122      14DE6BEF 
 122      73CE9C19 
 122      67D07AE8 
 123 0015 E8462212 		.ascii	"\350F\"\022\341\234B!\210\240\240\227\336z\350\007\204"
 123      E19C4221 
 123      88A0A097 
 123      DE7AE807 
 123      84
 124 0026 96E08053 		.ascii	"\226\340\200S\322\364*\036\307i\362)b,\0300\273\020"
 124      D2F42A1E 
 124      C769F229 
 124      622C1830 
 124      BB10
 125 0038 76B3C6D4 		.ascii	"v\263\306\324\264\324\321\346A\252\207\356\231N\021"
 125      B4D4D1E6 
 125      41AA87EE 
 125      994E11
 126 0047 95A45D88 		.ascii	"\225\244]\210\362\012\323!jZko\313\262\207<p\366e\355"
 126      F20AD321 
 126      6A5A6B6F 
 126      CBB2873C 
 126      70F665ED 
 127 005b F57DEBFB 		.ascii	"\365}\353\373\326\336\202\375\373\225\342\237\023\214"
 127      D6DE82FD 
 127      FB95E29F 
 127      138C
 128 0069 6DC31974 		.ascii	"m\303\031t\006\374\330\003\306\352M\316\305\260\305"
 128      06FCD803 
 128      C6EA4DCE 
 128      C5B0C5
 129 0078 6C8F965A 		.ascii	"l\217\226Z\315l\257\000M\2055\000Z0`u\\hP\007\037\371"
 129      CD6CAF00 
 129      4D853500 
 129      5A306075 
 129      5C685007 
 130 008e 3487DEE4 		.ascii	"4\207\336\344\334\375\274\017\334\341l-\303m_\374n\302"
 130      DCFDBC0F 
 130      DCE16C2D 
 130      C36D5FFC 
 130      6EC2
 131 00a0 A02D68B4 		.ascii	"\240-h\264\035\035I\214\272\213[m;2\025\231\274\343"
 131      1D1D498C 
 131      BA8B5B6D 
 131      3B321599 
 131      BCE3
 132 00b2 3DBCD3E1 		.ascii	"=\274\323\341\234\315r\006\027\300\017\027\301Ot\227"
 132      9CCD7206 
 132      17C00F17 
 132      C14F7497 
 133 00c2 A01833E3 		.ascii	"\240\0303\343\231f\227(\003\002M\316<\352\342E\347\020"
 133      99669728 
 133      03024DCE 
 133      3CEAE245 
 133      E710
 134 00d4 94EEEFB4 		.ascii	"\224\356\357\264\267k\016\027p\031\304\2370\0141h\203"
 134      B76B0E17 
ARM GAS  /tmp/ccQ8b4rh.s 			page 10


 134      7019C49F 
 134      300C3168 
 134      83
 135 00e5 22CC4EA6 		.ascii	"\"\314N\246\242S\206\330,\221c\321\306\214W!3\012\251"
 135      A25386D8 
 135      2C9163D1 
 135      C68C5721 
 135      330AA9
 136 00f8 C195C548 		.ascii	"\301\225\305H\215\301U\211\034\316\274\215ib\213Dv\017"
 136      8DC15589 
 136      1CCEBC8D 
 136      69628B44 
 136      760F
 137 010a 246FE72B 		.ascii	"$o\347+\344'\205D\346\305H\334\264C\021\245;C\357\217"
 137      E4278544 
 137      E6C548DC 
 137      B44311A5 
 137      3B43EF8F 
 138 011e 78C55609 		.ascii	"x\305V\011\215\2358\337\244\027\236E\350\033\347\311"
 138      8D9D38DF 
 138      A4179E45 
 138      E81BE7C9 
 139 012e BE74F48C 		.ascii	"\276t\364\214\375#\227\003\207\353p\355o\002\365!b:"
 139      FD239703 
 139      87EB70ED 
 139      6F02F521 
 139      623A
 140 0140 FA7D34CF 		.ascii	"\372}4\317\210\332\266]\000\035PH\015\301>t\202\001"
 140      88DAB65D 
 140      001D5048 
 140      0DC13E74 
 140      8201
 141 0152 38B72F4F 		.ascii	"8\267/O\333\271\\W\352Kb\335\262|\220\0259\220W\015"
 141      DBB95C57 
 141      EA4B62DD 
 141      B27C9015 
 141      3990570D 
 142 0166 15183A0D 		.ascii	"\025\030:\015\006\015.\240#\223\014\271qpy\200ly\351"
 142      060D2EA0 
 142      23930CB9 
 142      71707980 
 142      6C79E9
 143 0179 C8470363 		.ascii	"\310G\003c\343HK76\201\302q\026#\020I\317\266\202,\204"
 143      E3484B37 
 143      3681C271 
 143      16231049 
 143      CFB6822C 
 144 018e 65B3187E 		.ascii	"e\263\030~\001\221\236\351\001?\205\262\\Ci\257\307"
 144      01919EE9 
 144      013F85B2 
 144      5C4369AF 
 144      C7
 145 019f 1F3E36E9 		.ascii	"\037>6\351\376t\251\264\373\353\351\317\276\026hF;&"
 145      FE74A9B4 
 145      FBEBE9CF 
 145      BE166846 
 145      3B26
ARM GAS  /tmp/ccQ8b4rh.s 			page 11


 146 01b1 E64317D9 		.ascii	"\346C\027\331\300\370\311\271\246\347\371%\033\250K"
 146      C0F8C9B9 
 146      A6E7F925 
 146      1BA84B
 147 01c0 D7A10566 		.ascii	"\327\241\005f\310\000\203n(\221\214c+\024\241\2764\206"
 147      C800836E 
 147      28918C63 
 147      2B14A1BE 
 147      3486
 148 01d2 1EC940DE 		.ascii	"\036\311@\336\341\206dh8\036\033\342\212\202d!\021{"
 148      E1866468 
 148      381E1BE2 
 148      8A826421 
 148      117B
 149 01e4 06D17B0D 		.ascii	"\006\321{\015\376\3371\227l\345\004\276\202aK\372rV"
 149      FEDF3197 
 149      6CE504BE 
 149      82614BFA 
 149      7256
 150 01f6 495BD891 		.ascii	"I[\330\221,Y\307#\355\227\347\002\246\302\240\334\016"
 150      2C59C723 
 150      ED97E702 
 150      A6C2A0DC 
 150      0E
 151 0207 AE572CE6 		.ascii	"\256W,\346R\304ipS\212\223\027\324\253\304%b+\025\203"
 151      52C46970 
 151      538A9317 
 151      D4ABC425 
 151      622B1583 
 152 021b 3B4B289D 		.ascii	";K(\235\275\304\302\030 \340\251\247G\223\274\366\233"
 152      BDC4C218 
 152      20E0A9A7 
 152      4793BCF6 
 152      9B
 153 022c DD689B0E 		.ascii	"\335h\233\016w\317\222)\350\203Z\226\345\036\231\217"
 153      77CF9229 
 153      E8835A96 
 153      E51E998F 
 154 023c 853C5246 		.ascii	"\205<RF\307\2555\212\304\373_\031m\370NL\352S\377B\237"
 154      C7AD358A 
 154      C4FB5F19 
 154      6DF84E4C 
 154      EA53FF42 
 155 0251 524A4ADC 		.ascii	"RJJ\334P$>\344\2317\030\227\367\273t\322\201\005\322"
 155      50243EE4 
 155      99371897 
 155      F7BB74D2 
 155      8105D2
 156 0264 4128412A 		.ascii	"A(A*\366\012\352\3239\237\"\306\370;\000\3547\307\301"
 156      F60AEAD3 
 156      399F22C6 
 156      F83B00EC 
 156      37C7C1
 157 0277 10F72601 		.ascii	"\020\367&\001_\025Pg\261#\233\002\001kGU\260\"\270k"
 157      5F155067 
 157      B1239B02 
 157      016B4755 
ARM GAS  /tmp/ccQ8b4rh.s 			page 12


 157      B022B86B 
 158 028b F79ED2C0 		.ascii	"\367\236\322\300\306@\231u lU\225W[\325\301\012+|\350"
 158      C6409975 
 158      206C5595 
 158      575BD5C1 
 158      0A2B7CE8 
 159 029f 60657928 		.ascii	"`ey(l\205*C\363\313\300^\306\2035\274\242\006\366\213"
 159      6C852A43 
 159      F3CBC05E 
 159      C68335BC 
 159      A206F68B 
 160 02b3 50B8E627 		.ascii	"P\270\346'\221\346hJ"
 160      91E6684A 
 161              		.text
 162              		.section	.gnu.lto_writes.a2e0c415e5713ce9,"",%progbits
 163 0000 789C8D52 		.ascii	"x\234\215R\333KTA\034\236\337\3149g\317\256\273(\275"
 163      DB4B5441 
 163      1C9EDFCC 
 163      3967CFAE 
 163      BB28BD
 164 0013 045B4620 		.ascii	"\004[F \342C\270\247P\010\"(\350\245\267\036\372\003"
 164      E243B8A7 
 164      50082228 
 164      E8A5B71E 
 164      FA03
 165 0025 424B70C1 		.ascii	"BKp\301-i{\225\216\272m>E\254\005\202YI\330M[\363\262"
 165      2D697B95 
 165      8EBA6D3E 
 165      45AC0582 
 165      5949D84D 
 166 003c 96B6D63E 		.ascii	"\226\266\326>D\365`w/\333\205\354\242]\010\311\033l"
 166      44F56077 
 166      2FDB85EC 
 166      A25D08C9 
 166      1B6C
 167 004e A7B0EDF7 		.ascii	"\247\260\355\367\233\261,{\310\003g.\277\231\357\233"
 167      9BB12C7B 
 167      C803672E 
 167      BF99EF9B 
 168 005e EFFB6604 		.ascii	"\357\373f\004\373\367+\301?+\030\333\206=\350\014\370"
 168      FBF72BC1 
 168      3F2B18DB 
 168      863DE80C 
 168      F8
 169 006f F1078CD5 		.ascii	"\361\007\214\325\232\234\213a\213\331\036-\271\216\331"
 169      9A9C8B61 
 169      8BD91E2D 
 169      B98ED9
 170 007e 5E019A2A 		.ascii	"^\001\232*k\0004`\300\016s\241\301a\370\304g8\364\307"
 170      6B003460 
 170      C00E73A1 
 170      C161F8C4 
 170      6738F4C7 
 171 0092 E7EFE77C 		.ascii	"\347\357\347|\344\016g\353\031N\007b\367\232\014\232"
 171      E40E67EB 
 171      194E0762 
 171      F79A0C9A 
ARM GAS  /tmp/ccQ8b4rh.s 			page 13


 172 00a2 8246D3B1 		.ascii	"\202F\323\261\321\2461wQ\233m\327M\277\375|\327{d\247"
 172      D1A63177 
 172      519B6DD7 
 172      4DBFFD7C 
 172      D77B64A7 
 173 00b6 C3399BE3 		.ascii	"\3039\233\343\014.\200\037.\202\237\350.A\021\356\214"
 173      0C2E801F 
 173      2E829FE8 
 173      2E4111EE 
 173      8C
 174 00c7 A59B5DA2 		.ascii	"\245\233]\242\024\010\364e\366Q\017/<\207\240T\262\333"
 174      1408F465 
 174      F6510F2F 
 174      3C87A054 
 174      B2DB
 175 00d9 DEAE395C 		.ascii	"\336\2569\\\300e\020\177\302\260\304\240\035\012qw<"
 175      C065107F 
 175      C2B0C4A0 
 175      1D0A7177 
 175      3C
 176 00ea 199936C4 		.ascii	"\031\2316\304f\211|\023iH{\025r\\!5\350X\216\324\030"
 176      66897C13 
 176      69487B15 
 176      725C2135 
 176      E8588ED4 
 177 00ff 5C91C8E1 		.ascii	"\\\221\310\341\364\273\250&\266Hdb0~'W!\277)$2/G\342"
 177      F4BBA826 
 177      B6486462 
 177      307E2757 
 177      21BF2924 
 178 0117 A4130A69 		.ascii	"\244\023\012i\273s\373\303Q\257\330*\241\321\223\347"
 178      BB73FBC3 
 178      51AFD82A 
 178      A1D193E7 
 179 0127 1BF58256 		.ascii	"\033\365\202V\204\276\036\177\262/\0259k\377\310f\301"
 179      84BE1E7F 
 179      B22F1539 
 179      6BFFC866 
 179      C1
 180 0138 E13A5CFD 		.ascii	"\341:\\\375\233@}\210\230\211,\214\345\030\021\333\266"
 180      9B407D88 
 180      98892C8C 
 180      E51811DB 
 180      B6
 181 0149 F3A00B0A 		.ascii	"\363\240\013\012(\020\314\241\033\014\300\276sU\312"
 181      2810CCA1 
 181      1B0CC0BE 
 181      7355CA
 182 0158 CE667B3A 		.ascii	"\316f{:\027\322k \027\344\211\034\310\253\206\012\014"
 182      17D26B20 
 182      17E4891C 
 182      C8AB860A 
 182      0C
 183 0169 9D1A831A 		.ascii	"\235\032\203\032\027\320\222\211C\227\233\362\360\000"
 183      17D09289 
 183      43979BF2 
 183      F000
ARM GAS  /tmp/ccQ8b4rh.s 			page 14


 184 0177 D9F2D292 		.ascii	"\331\362\322\222\217\032\306&\220\226nl\022\205c/F\241"
 184      8F1AC626 
 184      90966E6C 
 184      1285632F 
 184      46A1
 185 0189 2E75AB0D 		.ascii	".u\253\015\344Axl\006\313\317\241\256o\246\327O\245"
 185      E441786C 
 185      06CBCFA1 
 185      AE6FA6D7 
 185      4FA5
 186 019b 0CD750DA 		.ascii	"\014\327P\332\370\304\303\307&\335\237.\225&\276\236"
 186      F8C4C3C7 
 186      26DD9F2E 
 186      9526BE9E 
 187 01ab 99F2B540 		.ascii	"\231\362\265@3\3321q?\364\220\015\254\237\232o|\226"
 187      33DA3171 
 187      3FF4900D 
 187      AC9F9A6F 
 187      7C96
 188 01bd 5BBC8152 		.ascii	"[\274\201R\352\205\026\230%\003\014\022P,\031[W+B}e"
 188      EA851698 
 188      25030C12 
 188      502C195B 
 188      572B427D 
 189 01d2 0C7D9281 		.ascii	"\014}\222\201\274\3035\311P\177\":\304\025\005\311B"
 189      BCC335C9 
 189      507F223A 
 189      C41505C9 
 189      42
 190 01e3 22360291 		.ascii	"\"6\002\221\241z\377\357\232KF9\211\257`\330\222\276"
 190      A17AFFEF 
 190      9A4B4639 
 190      89AF60D8 
 190      92BE
 191 01f5 46F2A52D 		.ascii	"F\362\245-L$C\326qI\373\3459\217\2512(\267\211|\305"
 191      4C2443D6 
 191      7149FBE5 
 191      398FA932 
 191      28B7897C 
 192 020a 62AE449C 		.ascii	"b\256D\234\013\256Kq\362\202\372\225\270\246\350Z\305"
 192      0BAE4B71 
 192      F282FA95 
 192      B8A6E85A 
 192      C5
 193 021b E0CE104A 		.ascii	"\340\316\020Jg/\361`,\020\360\364\323cq^\363\335n\260"
 193      672FF160 
 193      2C10F0F4 
 193      D363715E 
 193      F3DD6EB0 
 194 022f 4D87BBE7 		.ascii	"M\207\273\347\310\024\014@\015\223\233=\250\301\341"
 194      C8140C40 
 194      0D939B3D 
 194      A8C1E1
 195 023e 1E29A3AB 		.ascii	"\036)\243\253o\221\304\373_\031\355\370NL\312\351\306"
 195      6F91C4FB 
 195      5F19EDF8 
 195      4E4CCAE9 
ARM GAS  /tmp/ccQ8b4rh.s 			page 15


 195      C6
 196 024f 524E4925 		.ascii	"RNI%%f(\022\037\362,\032\214\311\373]9\351\340\022\351"
 196      25662812 
 196      1FF22C1A 
 196      8CC9FB5D 
 196      39E9E012 
 197 0264 4D28462A 		.ascii	"M(F*\366\012jS/|\212\030\353\357\0010o\216\215!:\246"
 197      F60A6A53 
 197      2F7C8A18 
 197      EBEF0130 
 197      6F8E8D21 
 198 027a 005F1550 		.ascii	"\000_\025P\262\230\310\246@\300\332Q\031,\017\356\332"
 198      B298C8A6 
 198      40C0DA51 
 198      192C0FEE 
 198      DA
 199 028b BDA724B0 		.ascii	"\275\247$\2601Pj\035\010[\225eUVU\260\334\012\037:X"
 199      31506A1D 
 199      085B9565 
 199      555655B0 
 199      DC0A1F3A 
 200 02a0 51160A5B 		.ascii	"Q\026\012[\241\212\320\3420\260\227\361`5/\257\206\375"
 200      A18AD0E2 
 200      30B097F1 
 200      60352FAF 
 200      86FD
 201 02b2 2214AEFE 		.ascii	"\"\024\256\376\011\357\021g\321"
 201      09EF1167 
 201      D1
 202              		.text
 203              		.section	.gnu.lto_msObjectInit.a2e0c415e5713ce9,"",%progbits
 204 0000 789C9591 		.ascii	"x\234\225\221\317KTQ\024\307\357\367\3367\317\007c\030"
 204      CF4B5451 
 204      14C7EFF7 
 204      DE37CF07 
 204      6318
 205 0012 ADC4551B 		.ascii	"\255\304U\033\221\010g\212\\\264\252\240\300v-\372\003"
 205      9108678A 
 205      5CB4AAA0 
 205      C0762DFA 
 205      03
 206 0023 4263C401 		.ascii	"Bc\304\001\007\303)\210@\274#\212\004\201\322\017\033"
 206      07C32988 
 206      40BC238A 
 206      0481D20F 
 206      1B
 207 0034 A8C18544 		.ascii	"\250\301\205D\232\345\317,\177T\276\262E.\322\204H+"
 207      9AE5CF2C 
 207      7F54BEB2 
 207      452ED284 
 207      482B
 208 0046 48A1916C 		.ascii	"H\241\221l1\351\250d\257\022;\347\316\020a-\362\301"
 208      31E9A864 
 208      AF123BE7 
 208      CE10612D 
 208      F2C1
 209 0058 E3DE73EF 		.ascii	"\343\336s\357\371~\316\271\337\243\304\337_\001\375"
ARM GAS  /tmp/ccQ8b4rh.s 			page 16


 209      F97ECEB9 
 209      DFA3C4DF 
 209      5F01FD
 210 0067 E79510A5 		.ascii	"\347\225\020\245\264B\011\310\226I!b\216\004x# \352"
 210      B44209C8 
 210      96492162 
 210      8E047823 
 210      20EA
 211 0079 24EAF059 		.ascii	"$\352\360Y\246%Z\334\256\270\277\350\226\326zye8\277"
 211      A6255ADC 
 211      AEB8BFE8 
 211      96D67A79 
 211      6538BF
 212 008c 31DF9342 		.ascii	"1\337\223B\254\312\014\006\267QD)\336\363OM\271\252"
 212      ACCA0C06 
 212      B7514429 
 212      DEF34F4D 
 212      B9AA
 213 009e 0482F6C3 		.ascii	"\004\202\366\303\335k/\375\213\322\223\330\315\341\310"
 213      DD6B2FFD 
 213      8BD293D8 
 213      CDE1C8
 214 00ad E517719B 		.ascii	"\345\027q\233Ciq8\2750\277\234S\330\256u\275;\321\257"
 214      43697138 
 214      BD30BF9C 
 214      53D8AE75 
 214      BD3BD1AF 
 215 00c1 8F589E54 		.ascii	"\217X\236T\350\200\"\036:Q\200;(\020t$\320\205B\312"
 215      E880221E 
 215      3A51803B 
 215      28107424 
 215      D08542CA 
 216 00d5 FE38D6FB 		.ascii	"\3768\326\373\335\257\016\032\356\314\305K\213Y\345"
 216      DDAF0E1A 
 216      EECCC54B 
 216      8B59E5
 217 00e4 5C4669E1 		.ascii	"\\Fi\341\356V\245%p\317(_M\304\336\347\251\303F\271"
 217      EE56A525 
 217      70CF285F 
 217      4DC4DEE7 
 217      A9C346B9 
 218 00f8 B6343E9B 		.ascii	"\2664>\233k\224\363\263\343\223\271\372\270'}\350\336"
 218      6B94F3B3 
 218      E393B9FA 
 218      B8277DE8 
 218      DE
 219 0109 2AF509F4 		.ascii	"*\365\011\364\030\351xj\340\032\3241#\325\327W\023N"
 219      18E9786A 
 219      E01AD431 
 219      23D5D757 
 219      134E
 220 011b A6E854A6 		.ascii	"\246\350T\246\250\017\275\377P\366\241\220\323\323\015"
 220      A80FBDFF 
 220      50F6A190 
 220      D3D30D
 221 012a 1B337EBB 		.ascii	"\0333~\273\201\254\332\231\261\010\375\260Ak\317.Wo"
 221      81ACDA99 
ARM GAS  /tmp/ccQ8b4rh.s 			page 17


 221      B108FDB0 
 221      416BCF2E 
 221      576F
 222 013c 6EB677FF 		.ascii	"n\266w\377\034\265\374\3441\275\316\002wj\203\213:0"
 222      1CB5FCE4 
 222      31BDCE02 
 222      776A838B 
 222      3A30
 223 014e 00912409 		.ascii	"\000\221$\011\333\277 %\257\352\035\352\2776\275I\034"
 223      DBBF2025 
 223      AFEA1DEA 
 223      BF36BD49 
 223      1C
 224 015f 620AD1E7 		.ascii	"b\012\321\347\222S\323\016[Is\243p\360[[jG\0027bZ\273"
 224      9253D30E 
 224      5B4973A3 
 224      70F05B5B 
 224      6A470237 
 225 0176 B627ED75 		.ascii	"\266'\355u)1@\015\361\335\315\265+o\363\212\367z2\007"
 225      2931400D 
 225      F1DDCDB5 
 225      2B6FF38A 
 225      F77A3207 
 226 018a F791C08A 		.ascii	"\367\221\300\212\031\027\006QLw\255\315\257\207T\355"
 226      19170651 
 226      4C77ADCD 
 226      AF8754ED 
 227 019a 0F1DD70E 		.ascii	"\017\035\327\016\335o\360\325\237\360\034\023v6_\035"
 227      DD6FF0D5 
 227      9FF01C13 
 227      76365F1D 
 228 01aa 02C35B38 		.ascii	"\002\303[8\313\301\003\324\342a\026\336\226\354\210"
 228      CBC103D4 
 228      E26116DE 
 228      96EC88
 229 01b9 FB0DC0DD 		.ascii	"\373\015\300\335\303\0258\221\350\303\250\025\324qk"
 229      C3153891 
 229      E8C3A815 
 229      D4716B
 230 01c8 3A9556D9 		.ascii	":\225V\331\216\377\253E\013#\246E\366\011\243(^\247"
 230      8EFFAB45 
 230      0B23A645 
 230      F609A328 
 230      5EA7
 231 01da 2932A7EF 		.ascii	")2\247\357\313\3668><2\034\343\373c\346\330\231~\266"
 231      CBF6383E 
 231      3C321CE3 
 231      FB63E6D8 
 231      997EB6
 232 01ed CD796238 		.ascii	"\315yb8\2129c\314q\230\263\334\273\264]\216k8\026s\236"
 232      8A3963CC 
 232      7198B3DC 
 232      BBB45D8E 
 232      6B381673 
 233 0202 1AEB7F9B 		.ascii	"\032\353\177\233\354\243\243g$\370\200\230;V\312T\036"
 233      ECA3A367 
 233      24F88098 
ARM GAS  /tmp/ccQ8b4rh.s 			page 18


 233      3B56CA54 
 233      1E
 234 0213 50923CA0 		.ascii	"P\222<\240\271\323\003\366\007\002\301\243\225\341\362"
 234      B9D303F6 
 234      0702C1A3 
 234      95E1F2
 235 0222 F08993A7 		.ascii	"\360\211\223\247\016\004\366\005J\202\325\321`eYU\260"
 235      0E04F605 
 235      4A82D5D1 
 235      60655955 
 235      B0
 236 0233 2A5C1E8C 		.ascii	"*\\\036\214\236\255\011\225E\242\301H(\222\335\006N"
 236      9EAD0995 
 236      45A2C148 
 236      2892DD06 
 236      4E
 237 0244 0B15899E 		.ascii	"\013\025\211\236\261\313\317UT\204j\254h\370BH\205\252"
 237      B1CBCF55 
 237      54846AAC 
 237      68F84248 
 237      85AA
 238 0256 A3BF0038 		.ascii	"\243\277\0008cQ\204"
 238      635184
 239              		.text
 240              		.section	.gnu.lto_.symbol_nodes.a2e0c415e5713ce9,"",%progbits
 241 0000 789C55C9 		.ascii	"x\234U\311\273\015\2000\024CQ\307\217\240\024\354\300"
 241      BB0D8030 
 241      144351C7 
 241      8FA014EC 
 241      C0
 242 0011 A80E5F51 		.ascii	"\250\016_Q2\000B)\231\206)(\331\001\212@\0217W:6\000"
 242      32004229 
 242      99862928 
 242      D9018A40 
 242      1137573A 
 243 0027 03BEB1A3 		.ascii	"\003\276\261\243\200\365\004$l\307\322\200=\345J\211"
 243      80F50424 
 243      6CC7D280 
 243      3DE54A89 
 244 0037 144B799C 		.ascii	"\024Ky\234\254\224\221\252~\331S\200\037\210D\231\233"
 244      AC9491AA 
 244      7ED95380 
 244      1F884499 
 244      9B
 245 0048 289F0FC4 		.ascii	"(\237\017\304\030`\254q\315wk\226\213\027\315\257%7"
 245      1860AC71 
 245      CD776B96 
 245      8B17CDAF 
 245      2537
 246              		.text
 247              		.section	.gnu.lto_.refs.a2e0c415e5713ce9,"",%progbits
 248 0000 789C6366 		.ascii	"x\234cf``\020`\200\000F\026&VF\026V&f&&&\006&F\006\000"
 248      60601060 
 248      80004616 
 248      26564616 
 248      56266626 
 249 001b 03590038 		.ascii	"\003Y\0008"
ARM GAS  /tmp/ccQ8b4rh.s 			page 19


 250              		.text
 251              		.section	.gnu.lto_.decls.a2e0c415e5713ce9,"",%progbits
 252 0000 789C9D57 		.ascii	"x\234\235W{LT\351\025\277\347~\314\014\014\003\230\330"
 252      7B4C54E9 
 252      15BFE77E 
 252      CC0C0C03 
 252      98D8
 253 0012 6263BA91 		.ascii	"bc\272\221\260\011i\033et\335l\332\244ImLv\351\037\326"
 253      B009691B 
 253      6574DD6C 
 253      DAA4496D 
 253      4C76E91F 
 254 0027 6DB7ED3F 		.ascii	"m\267\355?\375\203 \0162\015\257\314\014umbz\005vEV"
 254      FD83200E 
 254      320DAFCC 
 254      0C756D62 
 254      7A057645 
 255 003c 45585161 		.ascii	"EXQa\321\035\036>\020\237<\344%\025Dy8\352\200\250\250"
 255      D11D1E3E 
 255      109F3CE4 
 255      25154479 
 255      38EA80A8 
 256 0051 A08CE0CA 		.ascii	"\240\214\340\312\212\017\360\261\002\002N\317\367}\367"
 256      8A0FF0B1 
 256      02024ECF 
 256      F77DF7
 257 0060 CEDCD1C1 		.ascii	"\316\334\321\301>&\236\231\373\235{\316\357\374\276"
 257      3E269E99 
 257      FB9D7BCE 
 257      EFFCBE
 258 006f DFF9EEB9 		.ascii	"\337\371\356\271H\004A\230'\012\202\033?B\250 \004\340"
 258      48044198 
 258      270A821B 
 258      3F42A820 
 258      04E0
 259 0081 B5167D9F 		.ascii	"\265\026}\237\012\336\017]\267\241u\240\365\242\365"
 259      0ADE0F5D 
 259      B7A175A0 
 259      F5A2F5
 260 0090 531F0842 		.ascii	"S\037\010B8\032\376\023~\012\202\317\207\306\352\321"
 260      381AFE13 
 260      7E0A82CF 
 260      87C6EAD1 
 261 00a0 104E30A0 		.ascii	"\020N0\240\325\240\255FkFs\243\305\240]B\233Es\240\021"
 261      D5A0AD46 
 261      6B4673A3 
 261      C5A05D42 
 261      9B4573A0 
 262 00b5 B449B429 		.ascii	"\264I\264)\264\011\201c\266\011o\177:\376\017\\\212"
 262      B4098163 
 262      B6096F7F 
 262      3AFE0F5C 
 262      8A
 263 00c6 39A3C2ED 		.ascii	"9\243\302\355\360\203K\367\024\254\302u\310\270\227"
 263      F0834BF7 
 263      14ACC275 
 263      C8B897
ARM GAS  /tmp/ccQ8b4rh.s 			page 20


 264 00d5 54B81FCB 		.ascii	"T\270\037\313\270\357!\310<x\033[\224q\302\341-x\246"
 264      B8EF21C8 
 264      3C781B5B 
 264      9471C2E1 
 264      2D78A6
 265 00e8 973FFC6B 		.ascii	"\227?\374k~x\253\361\325\232\2102\216?|\332\213 \201"
 265      7E78ABF1 
 265      D59A8832 
 265      8E3F7CDA 
 265      8B2081
 266 00fb F74CA9E1 		.ascii	"\367L\251\341\2261\0352\3568\332\030\232\006mZ\306T"
 266      96311D32 
 266      EE38DA18 
 266      9A066D5A 
 266      C654
 267 010d F067646D 		.ascii	"\360gdm\264s\364\363\251\010\015\307^\\\012\376^\204"
 267      B473F4F3 
 267      A9080DC7 
 267      5E5C0AFE 
 267      5E84
 268 011f 507D045D 		.ascii	"P}\004]6\346w\356\321\342\322\240\017\240\313\232\366"
 268      36E677EE 
 268      D1E2D2A0 
 268      0FA0CB9A 
 268      F6
 269 0130 C14B2144 		.ascii	"\301K!D\004z]\266\347\356U\375\342\303\222$eK--\340"
 269      047A5DB6 
 269      E7EE55FD 
 269      E2C39224 
 269      654B2D2D 
 270 0145 85681AC9 		.ascii	"\205h\032\311\270\251#a,hrt\344\021\220\005\354\372"
 270      B8A92361 
 270      2C687274 
 270      E4119005 
 270      ECFA
 271 0157 D8EDB6F5 		.ascii	"\330\355\266\365\010\245\325c\2124I\317!\374\023\335"
 271      08A5D563 
 271      8A3449CF 
 271      21FC13DD 
 272 0167 5DBDCE6E 		.ascii	"]\275\316n\015\363S\227\016#\305\251s\365\307\265\240"
 272      0DF35397 
 272      0E23C5A9 
 272      73F5C7B5 
 272      A0
 273 0178 8FCAA691 		.ascii	"\217\312\246\221;2\245\240\316P\001\016\302B8\004\013"
 273      3B32A5A0 
 273      CE50010E 
 273      C2423804 
 273      0B
 274 0189 05380151 		.ascii	"\0058\001Q\030\014\207a\261\000G\321y\014\235\345\030"
 274      180C8761 
 274      B10047D1 
 274      790C9DE5 
 274      18
 275 019a 38DEF5FA 		.ascii	"8\336\365\372.HR\000\034\007=\034\001\302\"p\243Z\275"
 275      2E485200 
 275      1C073D1C 
ARM GAS  /tmp/ccQ8b4rh.s 			page 21


 275      01C22270 
 275      A35ABD
 276 01ad 424DBC59 		.ascii	"BM\274Y[\322\030\012Qz\026\376\355\260\363\3074\274"
 276      5BD2180A 
 276      517A16FE 
 276      EDB0F3C7 
 276      34BC
 277 01bf 0AC32BBD 		.ascii	"\012\303+\275\341\230\315\343\375W?\351\247:\"\227^"
 277      E198CDE3 
 277      FD573FE9 
 277      A73A2297 
 277      5E
 278 01d0 19CE0105 		.ascii	"\031\316\001\005y\264l$1SZ\0015\210\\\341E\256z7r\265"
 278      79B46C24 
 278      31535A01 
 278      35885CE1 
 278      45AE7A37 
 279 01e6 5F64700C 		.ascii	"_dp\014M>7\260\216\314\243\313\242\276\357^\020\326"
 279      4D3E37B0 
 279      8ECCA3CB 
 279      A2BEEF5E 
 279      10D6
 280 01f8 11912E77 		.ascii	"\021\221.w\367\334\250\013 \307\201)\234\323_qQG\352"
 280      F7DCA80B 
 280      20C78129 
 280      9CD35F71 
 280      5147EA
 281 020b F862D381 		.ascii	"\370b\323\201\246\255:\014\014\327\263\256lw\024\265"
 281      A6AD3A0C 
 281      0CD7B3AE 
 281      6C7714B5 
 282 021b 12B674D3 		.ascii	"\022\266t\323\333b\376\360\213\375\3005\316\220\306"
 282      DB62FEF0 
 282      8BFDC035 
 282      CE90C6
 283 022a F325F213 		.ascii	"\363%\362\023\001\026/\204\237#\221\323H$\\&\322\200"
 283      01162F84 
 283      9F2391D3 
 283      48245C26 
 283      D280
 284 023c 441A3D02 		.ascii	"D\032=\002\277r1\201\233p_\365\336}\205{\005v\365\355"
 284      BF723181 
 284      9B705FF5 
 284      DE7D857B 
 284      0576F5ED 
 285 0250 FF837FD0 		.ascii	"\377\203\177\320\177\315\005\372m\246\203\265\241\031"
 285      7FCD05FA 
 285      6DA683B5 
 285      A119
 286 025e 41EBBCA0 		.ascii	"A\353\274\240M\340A\205}\317\212\266\007\322\201\305"
 286      4DE04185 
 286      7DCF8AB6 
 286      07D281C5 
 287 026e 82FECA8E 		.ascii	"\202\376\312\216\342\227\247.\337\007\346[m\2003\300"
 287      E297A72E 
 287      DF07E65B 
 287      6D8033C0 
ARM GAS  /tmp/ccQ8b4rh.s 			page 22


 288 027e 7CAFA62E 		.ascii	"|\257\246.\357\323/(\240\352J\231\322<\2215\240\026"
 288      EFD32F28 
 288      A0EA4A99 
 288      D23C9135 
 288      A016
 289 0290 8B9DC262 		.ascii	"\213\235\302b\002\264\302\002\374n\301X\206Z\324\232"
 289      02B4C202 
 289      FC6EC158 
 289      865AD49A 
 290 02a0 77228CB4 		.ascii	"w\"\214\264r\265.\276,\355$\021\373\244\226\023\343"
 290      72B52EBE 
 290      2CED2411 
 290      FBA49613 
 290      E3
 291 02b1 DB3A86D2 		.ascii	"\333:\206\322\3622\245\235\222\313\355^\304\262\340"
 291      F232A59D 
 291      92CBED5E 
 291      C4B2E0
 292 02c0 AC879740 		.ascii	"\254\207\227@\257\031/h\203\010L<\353\254\337\345\341"
 292      AF192F68 
 292      83084C3C 
 292      EBACDFE5 
 292      E1
 293 02d1 C1A9F565 		.ascii	"\301\251\365e\036:\03167\215\363\214\3069\205F^\315"
 293      1E3A1936 
 293      378DF38C 
 293      C6398546 
 293      5ECD
 294 02e3 C8663D99 		.ascii	"\310f=\231\3404\352f\\=\234\206\275\270L{Hjq\273\177"
 294      E034EA66 
 294      5C3D9C86 
 294      BDB84C7B 
 294      486A71BB 
 295 02f8 4313A05D 		.ascii	"C\023\240]\305\240]a\320\301\030\234>pRC\246}\233\036"
 295      C5A05D61 
 295      D0C1189C 
 295      3E705243 
 295      A67D9B1E 
 296 030c C39B3EF8 		.ascii	"\303\233>\370\315Ty\020[\322g+\214v\310YY}\327\240\264"
 296      CD547910 
 296      5BD2672B 
 296      8C76C859 
 296      597DD7A0 
 297 0321 E8AD3378 		.ascii	"\350\2553x\021\273\024#w\251\013\235\027\224.\345ly"
 297      11BB1423 
 297      77A90B9D 
 297      17942EE5 
 297      6C79
 298 0333 B821038F 		.ascii	"\270!\003\217\264\003\267\322\351\355R\214\267I\375"
 298      B403B7D2 
 298      E9ED528C 
 298      B749FD
 299 0342 035B7782 		.ascii	"\003[w\202!\307\013\313\232\245 \013p\011\014r\344\243"
 299      21C70BCB 
 299      9AA5200B 
 299      70090C72 
 299      E4A3
ARM GAS  /tmp/ccQ8b4rh.s 			page 23


 300 0354 A9923103 		.ascii	"\251\2221\003\223\314\341igF\366\263)\336b\214\203\313"
 300      93CCE169 
 300      6746F6B3 
 300      29DE628C 
 300      83CB
 301 0366 BC9F37BF 		.ascii	"\274\2377\277\036\233\324)\332:\271o\320\325\177\"P"
 301      1E9BD429 
 301      DA3AB96F 
 301      D0D57F22 
 301      50
 302 0377 2DAEC347 		.ascii	"-\256\303G\334\036&n\267\"\356\203\003}\315\301\244"
 302      DC1E266E 
 302      B722EE83 
 302      037DCDC1 
 302      A4
 303 0388 964FAC47 		.ascii	"\226O\254G\323\217\256\005\312=\336|'\254P\262o\222"
 303      D38FAE05 
 303      CA3DDE7C 
 303      27AC50B2 
 303      6F92
 304 039a 5EE31462 		.ascii	"^\343\024bYpE\245\360\025E\341^\246pnog\203F/\037\352"
 304      597045A5 
 304      F01545E1 
 304      5EA6706E 
 304      6F678346 
 305 03b1 ECFF70A8 		.ascii	"\354\377p\2501~\270\266\254\"\324G\212\253>R\\{\247"
 305      317EB8B6 
 305      AC22D447 
 305      8AAB3E52 
 305      5C7BA7
 306 03c4 14C7B63D 		.ascii	"\024\307\266=\330\304w\215qp\235o\373\364\305\222\\"
 306      D8C4778D 
 306      71709D6F 
 306      FBF4C592 
 306      5C
 307 03d5 8F147DDC 		.ascii	"\217\024}\334\367r\246(S7\267\0247\231\0247\024)\216"
 307      F772A628 
 307      5337B714 
 307      37991437 
 307      14298E
 308 03e8 ECA87BA9 		.ascii	"\354\250{\251#M\\\212}m\005\353\3701\273S%\255\310\220"
 308      234D5C8A 
 308      7D6D05EB 
 308      F831BB53 
 308      25ADC890 
 309 03fc 66DC6E42 		.ascii	"f\334nB\023\340\226J\205[\212\012\375L\205s=\375\225"
 309      13E0964A 
 309      855B8A0A 
 309      FD4C8573 
 309      3DFD95
 310 040f 5A3688EC 		.ascii	"Z6\210\354\014\243\300Q\177[\317&\321\217\350r\300\331"
 310      0CA3C051 
 310      7F5BCF26 
 310      D18FE872 
 310      C0D9
 311 0421 BC5343CE 		.ascii	"\274SC\316r\374\202\323\305\371A,V\002\365\0203\360"
 311      72FC82D3 
ARM GAS  /tmp/ccQ8b4rh.s 			page 24


 311      C5F9412C 
 311      5602F510 
 311      33F0
 312 0433 2176322B 		.ascii	"!v2+\277?\2048ylo\327\223R\275\217Z\224\210W\255!\217"
 312      BF3F8438 
 312      796C6FD7 
 312      9352BD8F 
 312      5A948857 
 313 044a 5A57AF8C 		.ascii	"ZW\257\214I\204\014\360\264\232\234\222\335A>i=>i\367"
 313      49840CF0 
 313      B49A9C92 
 313      DD413E69 
 313      3D3E69F7 
 314 045e 3C695BCB 		.ascii	"<i[\313\213\037\006\223!\236\326\225umT\353\223\326"
 314      8B1F0693 
 314      219ED695 
 314      756D54EB 
 314      93D6
 315 0470 EA9376DF 		.ascii	"\352\223v\337\223V^\260\353\210\206q\016\244\313\356"
 315      93565EB0 
 315      EB888671 
 315      0EA4CBEE 
 316 0480 E1E21ED1 		.ascii	"\341\342\036\321'\361\274O\342\367J\242\366\346`\323"
 316      27F1BC4F 
 316      E2F74AA2 
 316      F6E660D3 
 317 0490 1D1D4446 		.ascii	"\035\035DF\316\217\214\212\264c\374\270\3231\010x\332"
 317      CE8F8C8A 
 317      B463FCB8 
 317      D3310878 
 317      DA
 318 04a1 CE02DD0B 		.ascii	"\316\002\335\013\014\243\304\017a\276\367\241\373\031"
 318      0CA3C40F 
 318      61BEF7A1 
 318      FB19
 319 04af 4DFF057E 		.ascii	"M\377\005~\0114Z\302HQKy\260\261\343\0239\002\236\320"
 319      09345AC2 
 319      48514B79 
 319      B0B1E313 
 319      39029ED0 
 320 04c3 3CF60E91 		.ascii	"<\366\016\221\244\0256\001\006\361\276\213\336\277+"
 320      A4153601 
 320      06F1BE8B 
 320      DEBF2B
 321 04d2 276007E1 		.ascii	"'`\007\3411\236\315\007\020\011\217\320F\321\236@$\353"
 321      319ECD07 
 321      10098FD0 
 321      46D19E40 
 321      24EB
 322 04e4 A6AA064A 		.ascii	"\246\252\006J\004\337\371es\220\026bO\276kvi \015\020"
 322      04DFF965 
 322      73901662 
 322      4FBE6B76 
 322      69200D10 
 323 04f8 94632178 		.ascii	"\224c!xP\\\257\017h;\227\322\215\263\361\344\207)\207"
 323      505CAF0F 
 323      683B97D2 
ARM GAS  /tmp/ccQ8b4rh.s 			page 25


 323      8DB3F1E4 
 323      872987
 324 050b 41F1EA67 		.ascii	"A\361\352g\033\273\365\363e\316\366\2718\013~\011cz"
 324      1BBBF5F3 
 324      65CEF6B9 
 324      380B7E09 
 324      637A
 325 051d E9BDFAA7 		.ascii	"\351\275\372\247a>\332\217\251\212\0110\356iZe\311\266"
 325      613EDA8F 
 325      A98A0930 
 325      EE695A65 
 325      C9B6
 326 052f C1105248 		.ascii	"\301\020RHX\257\207\317\234x\025L\366\362Ew\327\246"
 326      58AF87CF 
 326      9C78154C 
 326      F6F24577 
 326      D7A6
 327 0541 FE3052CE 		.ascii	"\3760R\316\027m\217\253\013\200T\360\305\221\221\352"
 327      176D8FAB 
 327      0B8054F0 
 327      C59191EA 
 328 0551 5B841C65 		.ascii	"[\204\034e\013]\306\320\344\270\036\346GFb\363\"\325"
 328      0B5DC6D0 
 328      E4B81EE6 
 328      474662F3 
 328      22D5
 329 0563 220F60B5 		.ascii	"\"\017`\265\333\254\332KY\341W\250\3604\022\235@\233"
 329      DBACDA4B 
 329      59E157A8 
 329      F034129D 
 329      409B
 330 0575 449B429B 		.ascii	"D\233B\233Q\251l/,\243\372\320\201\366\0147\371r\016"
 330      51A96C2F 
 330      2CA3FAD0 
 330      81F60C37 
 330      F9720E
 331 0588 95550DA1 		.ascii	"\225U\015\241\017\360\3637CUM\177#\364\205\377PU\363"
 331      0FF0F337 
 331      43554D7F 
 331      23F485FF 
 331      5055F3
 332 059b B6976925 		.ascii	"\266\227i%\2401\376\332\267\247\315i\220\220 \252\007"
 332      A031FEDA 
 332      B7A7CD69 
 332      909020AA 
 332      07
 333 05ac 4FFD12F4 		.ascii	"O\375\022\364\024u\025\016\257m\311\"\254\352\017o\206"
 333      1475150E 
 333      AF6DC922 
 333      ACEA0F6F 
 333      86
 334 05bd BABC04F1 		.ascii	"\272\274\004\361\005\263\305y\275\031\005\214\362\247"
 334      05B3C579 
 334      BD19058C 
 334      F2A7
 335 05cb 1DBC46C9 		.ascii	"\035\274F\311\376\033\371(y{\021\001\230\305\340;\336"
 335      FE1BF928 
ARM GAS  /tmp/ccQ8b4rh.s 			page 26


 335      797B1101 
 335      98C5E03B 
 335      DE
 336 05dc F70DDD89 		.ascii	"\367\015\335\211r(n\344\271\307\002}\016\305\254\317"
 336      72286EE4 
 336      B9C7027D 
 336      0EC5ACCF 
 337 05ec A170BF73 		.ascii	"\241p\277s\312\336/=r]\347\361I\"sV\235\332R\343}\013"
 337      CADE2F3D 
 337      725DE7F1 
 337      49227356 
 337      9DDA52E3 
 338 0602 6DE2CEDC 		.ascii	"m\342\316\334\342\334v\356DD\310\340N\327T\331\346P"
 338      E2DC76EE 
 338      4444C8E0 
 338      4ED754D9 
 338      E650
 339 0614 F5ECFD34 		.ascii	"\365\354\3754\\5z\263D:z3Ey\364>;\177\321\021Jj\370"
 339      5C357AB3 
 339      443A7A33 
 339      4579F43E 
 339      3B7FD111 
 340 062b 69ABDC3D 		.ascii	"i\253\334=\336\020\202\263\327\216o\241\221\347KUo!"
 340      DE1082B3 
 340      D78E6FA1 
 340      91E74B55 
 340      6F21
 341 063d CC822F44 		.ascii	"\314\202/D\357\374\305k>\177\277\024\351\374m.o\033"
 341      EFFCC56B 
 341      3E7FBF14 
 341      E9FC6D2E 
 341      6F1B
 342 064f 0F22AD1C 		.ascii	"\017\"\255\034\245\361\311\300D(\351\342\213\307\245"
 342      A5F1C9C0 
 342      4428E9E2 
 342      8BC7A5
 343 065e 0D8F0D8B 		.ascii	"\015\217\015\213z\310^)\220\325\233.\331_F\030\343-"
 343      7AC85E29 
 343      90D59B2E 
 343      D95F4618 
 343      E32D
 344 0670 E222E6D9 		.ascii	"\342\"\346\331y0\267*\004=\220\215\3709\224\027}\"~"
 344      7930B72A 
 344      043D908D 
 344      F8399417 
 344      7D227E
 345 0683 A8C8D053 		.ascii	"\250\310\320S\347f,\004_\361\215\371\323\352hi\317a"
 345      E7662C04 
 345      5FF18DF9 
 345      D3EA6869 
 345      CF61
 346 0695 EEFBD800 		.ascii	"\356\373\330\000\333x\334D\307\336\243\032\345\205\264"
 346      DB78DC44 
 346      C7DEA31A 
 346      E585B4
 347 06a4 9DFBA62F 		.ascii	"\235\373\246/\364\325\006\253E\301[\262(\260\025C`\007"
 347      F4D506AB 
ARM GAS  /tmp/ccQ8b4rh.s 			page 27


 347      45C15BB2 
 347      28B01543 
 347      6007
 348 06b6 D32557D1 		.ascii	"\323%W\321e\300\276\275I$\275|\023;\016\017\324j\311"
 348      65C0BEBD 
 348      4924BD7C 
 348      133B0E0F 
 348      D46AC9
 349 06c9 2DBE68CF 		.ascii	"-\276h\317\250\031\320\223!\276(\316r\3651\236_3A\350"
 349      A819D093 
 349      21BE28CE 
 349      72F5319E 
 349      5F3341E8 
 350 06dd 8B60AC21 		.ascii	"\213`\254!'\210z\362)\363\235\274\372\266\3137\2625"
 350      27887AF2 
 350      29F39DBC 
 350      FAB6CB37 
 350      B235
 351 06ef 28AC6BC7 		.ascii	"(\254k\307\270s\354+C\241T\302\204]&I\267DZ\031\362"
 351      B873EC2B 
 351      43A154C2 
 351      845D2649 
 351      B7445A19 
 352 0704 146DA180 		.ascii	"\024m\241\200\222\311S\344\335\305\344m\032\275w!`\343"
 352      92C953E4 
 352      DDC5E46D 
 352      1ABD7721 
 352      60E3
 353 0716 34FE6F06 		.ascii	"4\376o\006\373\3620F\303f5\276\371X\301\2123\325=a\354"
 353      FBF23046 
 353      C36635BE 
 353      F958C18A 
 353      33D53D61 
 354 072b 668B998D 		.ascii	"f\213\231\215\315^\371\206\253\263\322\035\314o|\316"
 354      CD5EF986 
 354      ABB3D21D 
 354      CC6F7CCE 
 355 073b 66769B7C 		.ascii	"fv\233|\243/\367\305*\356\337\310&d\207\354\257\373"
 355      A32FF7C5 
 355      2AEEDFC8 
 355      266487EC 
 355      AFFB
 356 074d 22FB3C7C 		.ascii	"\"\373<|T#e\333#\330\020\243\023o\267\270\221M\275="
 356      542365DB 
 356      23D810A3 
 356      136FB7B8 
 356      914DBD3D 
 357 0761 F84B275F 		.ascii	"\370K'_!\376\342\364\203\"q#M\311\237h\230\020\337/"
 357      21FEE2F4 
 357      83227123 
 357      4DC99F68 
 357      9810DF2F 
 358 0775 91BAED2D 		.ascii	"\221\272\355-\027\360o\260,\211\235\027\226\375\224"
 358      17F06FB0 
 358      2C899D17 
 358      96FD94
 359 0784 3F1A9E69 		.ascii	"?\032\236i*P\017~\177#~$@\261\370>f\337\036\274>\350"
ARM GAS  /tmp/ccQ8b4rh.s 			page 28


 359      2A500F7E 
 359      7F237E24 
 359      40B1F83E 
 359      66DF1EBC 
 360 079a FBC708D5 		.ascii	"\373\307\010\325\302\373\230\354\025\331c\302~5\311"
 360      C2FB98EC 
 360      15D963C2 
 360      7E35C9
 361 07a9 D675B136 		.ascii	"\326u\2616\355'\277\377s\304JAgN\261-\377 \326\026\024"
 361      ED27BFFF 
 361      73C44A41 
 361      674EB12D 
 361      FF20D616 
 362 07be 1B2B5F2D 		.ascii	"\033+_-1\246[-FsJ|R\372Z\2231\305"
 362      31A65B2D 
 362      46734A7C 
 362      52FA5A93 
 362      31C5
 363 07d0 B43EC9BC 		.ascii	"\264>\311\274\306\230\034\027\237hN1\031c\327\232\022"
 363      C6981C17 
 363      9F684E31 
 363      1963D79A 
 363      12
 364 07e1 E2D2936C 		.ascii	"\342\322\223l\261\266\015i&kt\242\020\351/\332\272\301"
 364      B1B60D69 
 364      266B74A2 
 364      10E92FDA 
 364      BAC1
 365 07f3 6A8CB5DA 		.ascii	"j\214\265\332\326\"\"\206\374::\332\2702\321\274\306"
 365      D6222286 
 365      FC3A3ADA 
 365      B832D1BC 
 365      C6
 366 0804 BCFAB3D8 		.ascii	"\274\372\263\330\345\321K\243?4\246Z\215\026\2331-\325"
 366      E5D14BA3 
 366      3F34A65A 
 366      8D169B31 
 366      2DD5
 367 0816 62B31A7F 		.ascii	"b\263\032\177\373\307U+W}n\214OMN3'\231,V\343'+W\032"
 367      FBC7552B 
 367      577D6E8C 
 367      4F4D4E33 
 367      27992C56 
 368 082f E313157C 		.ascii	"\343\023\025|]:\202\374\222\361\223\257HZ\272m\231?"
 368      5D3A82FC 
 368      92F193AF 
 368      485ABA6D 
 368      993F
 369 0841 C8C4B824 		.ascii	"\310\304\270$#\253n\263\230\342\222\255\306dS\262|\031"
 369      23AB6EB3 
 369      98E292AD 
 369      C66453B2 
 369      7C19
 370 0853 1D2F9075 		.ascii	"\035/\220u&\233\326j\376\207)\326\366\001\243L#\327"
 370      269BD66A 
 370      FE8729D6 
 370      F601A34C 
ARM GAS  /tmp/ccQ8b4rh.s 			page 29


 370      23D7
 371 0865 C5C71BE3 		.ascii	"\305\307\033\343,\311KRRSLKLqk\314\306\017\243\177\025"
 371      2CC94B52 
 371      52534C4B 
 371      4C716BCC 
 371      C60FA37F 
 372 087a BDDCB31D 		.ascii	"\275\334\263\035\334\002\356\027Yh\020f\255U\273\336"
 372      DC02EE17 
 372      59681066 
 372      AD55BBDE 
 373 088a 62B699AC 		.ascii	"b\266\231\254\206U\246\344T\313\206\317\0306]\360\253"
 373      8655A6E4 
 373      54CB86CF 
 373      18365DF0 
 373      AB
 374 089b BFACFA93 		.ascii	"\277\254\372\223\206\005\004\320\340\377\225a\242@\376"
 374      860504D0 
 374      E0FF9561 
 374      A240FE
 375 08aa 9E6CD3AE 		.ascii	"\236l\323\256IOH0Y\002(QbJ\265jS\023\022\254&\233!\331"
 375      494F4830 
 375      59022851 
 375      624AB56A 
 375      531312AC 
 376 08c2 BA7ACDDF 		.ascii	"\272z\315\337L\361\266\337\245\230m:d\233\222\236\224"
 376      4CF1B6DF 
 376      A5986D3A 
 376      649B929E 
 376      94
 377 08d3 A44B4889 		.ascii	"\244KH\211\260\246\231\342a\231\026q\342\3236\340\015"
 377      B0A699E2 
 377      61991671 
 377      E2D336E0 
 377      0D
 378 08e4 5BA22575 		.ascii	"[\242%u}@\222).\341=\277}\261Y\314)\353\260\326\277"
 378      7D409229 
 378      2EE13DBF 
 378      7DB159CC 
 378      29EBB0D6 
 379 08f9 01550813 		.ascii	"\001U\010\023\267"
 379      B7
 380              		.text
 381              		.section	.gnu.lto_.symtab.a2e0c415e5713ce9,"",%progbits
 382 0000 6D734F62 		.ascii	"msObjectInit\000\000\000\000\000\000\000\000\000\000"
 382      6A656374 
 382      496E6974 
 382      00000000 
 382      00000000 
 383 0016 00000601 		.ascii	"\000\000\006\001\000\000"
 383      0000
 384              		.text
 385              		.section	.gnu.lto_.opts,"",%progbits
 386 0000 272D666E 		.ascii	"'-fno-trapv' '-mcpu=cortex-m4' '-mfloat-abi=hard' '"
 386      6F2D7472 
 386      61707627 
 386      20272D6D 
 386      6370753D 
ARM GAS  /tmp/ccQ8b4rh.s 			page 30


 387 0033 2D6D6670 		.ascii	"-mfpu=fpv4-sp-d16' '-mno-thumb-interwork' '-mthumb'"
 387      753D6670 
 387      76342D73 
 387      702D6431 
 387      36272027 
 388 0066 20272D67 		.ascii	" '-ggdb' '-Os' '-fomit-frame-pointer' '-falign-func"
 388      67646227 
 388      20272D4F 
 388      73272027 
 388      2D666F6D 
 389 0099 74696F6E 		.ascii	"tions=16' '-ffunction-sections' '-fdata-sections' '"
 389      733D3136 
 389      2720272D 
 389      6666756E 
 389      6374696F 
 390 00cc 2D666E6F 		.ascii	"-fno-common' '-flto' '-fsingle-precision-constant'\000"
 390      2D636F6D 
 390      6D6F6E27 
 390      20272D66 
 390      6C746F27 
 391              		.text
 392              		.comm	__gnu_lto_v1,1,1
 393              		.comm	__gnu_lto_slim,1,1
 394              		.ident	"GCC: (15:4.9.3+svn231177-1) 4.9.3 20150529 (prerelease)"
ARM GAS  /tmp/ccQ8b4rh.s 			page 31


DEFINED SYMBOLS
                            *ABS*:0000000000000000 memstreams.c
                            *COM*:0000000000000001 __gnu_lto_v1
                            *COM*:0000000000000001 __gnu_lto_slim

NO UNDEFINED SYMBOLS
