ARM GAS  /tmp/cc1MRYKI.s 			page 1


   1              		.syntax unified
   2              		.cpu cortex-m4
   3              		.eabi_attribute 27, 1
   4              		.eabi_attribute 28, 1
   5              		.fpu fpv4-sp-d16
   6              		.eabi_attribute 20, 1
   7              		.eabi_attribute 21, 1
   8              		.eabi_attribute 23, 3
   9              		.eabi_attribute 24, 1
  10              		.eabi_attribute 25, 1
  11              		.eabi_attribute 26, 1
  12              		.eabi_attribute 30, 4
  13              		.eabi_attribute 34, 1
  14              		.eabi_attribute 18, 4
  15              		.thumb
  16              		.file	"nvic.c"
  17              		.text
  18              	.Ltext0:
  19              		.section	.gnu.lto_.profile.d91454d3c0db5004,"",%progbits
  20 0000 789C6366 		.ascii	"x\234cf```a\200\000F\006)1\000\000\276\0009"
  20      60606061 
  20      80004606 
  20      29310000 
  20      BE0039
  21              		.text
  22              		.section	.gnu.lto_.jmpfuncs.d91454d3c0db5004,"",%progbits
  23 0000 789C6366 		.ascii	"x\234cf\300\016\244\2404\013\003\023##s}=#\020\3243"
  23      C00EA4A0 
  23      340B0313 
  23      2323737D 
  23      3D2310D4 
  24 0015 41D8CC20 		.ascii	"A\330\314 6\003\000(\334\0036"
  24      36030028 
  24      DC0336
  25              		.text
  26              		.section	.gnu.lto_.inline.d91454d3c0db5004,"",%progbits
  27 0000 789C6D8C 		.ascii	"x\234m\214\313\015\2000\014C\235\017i\340\302\010\335"
  27      CB0D8030 
  27      0C439D0F 
  27      69E0C208 
  27      DD
  28 0011 801199A5 		.ascii	"\200\021\231\245#1\012#`\240\2528`)J\"\373\331\360\257"
  28      23310A23 
  28      60A0AA38 
  28      60294A22 
  28      FBD9F0AF 
  29 0025 BD6F0796 		.ascii	"\275o\007\226YT\2047\307\343\334\020\255*\364X\035\374"
  29      59548437 
  29      C7E3DC10 
  29      AD2AF458 
  29      1DFC
  30 0037 9246D2CA 		.ascii	"\222F\322\312\302\014\023\346\255\276\011\232\3764("
  30      C20C13E6 
  30      ADBE099A 
  30      FE3428
  31 0046 2617B92B 		.ascii	"&\027\271+\214\324\007\247\014%:8\274\001\342\002F;"
  31      8CD407A7 
ARM GAS  /tmp/cc1MRYKI.s 			page 2


  31      0C253A38 
  31      BC01E202 
  31      463B
  32 0058 0CFC     		.ascii	"\014\374"
  33              		.text
  34              		.section	.gnu.lto_.pureconst.d91454d3c0db5004,"",%progbits
  35 0000 789C6366 		.ascii	"x\234cf``\340d\200\000\026\006)F)&)f)\000\002\305\000"
  35      6060E064 
  35      80001606 
  35      29462926 
  35      29662900 
  36 0017 7F       		.ascii	"\177"
  37              		.text
  38              		.section	.gnu.lto_nvicEnableVector.d91454d3c0db5004,"",%progbits
  39 0000 789C9552 		.ascii	"x\234\225RMKTQ\030>\317\271w\346\316\207Z\264\011&\242"
  39      4D4B5451 
  39      183ECFB9 
  39      77E6CE87 
  39      5AB40926 
  40 0015 36E2CAB9 		.ascii	"6\342\312\271\201\021-\202\012\241\235$\365\003\242"
  40      81112D82 
  40      0AA19D24 
  40      F503A2
  41 0024 66E3403A 		.ascii	"f\343@:\242\021\355<3\016\272(P\3348$\263I\243\017s"
  41      A211ED3C 
  41      330EBA28 
  41      50DC3824 
  41      B349A30F 
  42 0039 6CA6A6D2 		.ascii	"l\246\246\322\024.\202\345\242\264!#\021Q\244\011\354"
  42      142E82E5 
  42      A2B42123 
  42      1151A409 
  42      EC
  43 004a 6391268C 		.ascii	"c\221&\214\003\225\275\357\231\211\026\272\250\2019"
  43      0395BDEF 
  43      998916BA 
  43      A88139
  44 0059 E7BC1FCF 		.ascii	"\347\274\037\317\373<\3179\327\020;\177\001\372\237"
  44      FB3CCF39 
  44      D7103B7F 
  44      01FA9F
  45 0068 34843841 		.ascii	"4\2048A;\014\001\331;+D\324#\001>\010\210\016\211\016"
  45      3B0C01D9 
  45      3B2B44D4 
  45      23013E08 
  45      880E890E 
  46 007c 7C92EB12 		.ascii	"|\222\353\022\275\316p\302_s[)\365\255o.\332\350\240"
  46      BDCE70C2 
  46      5F735B29 
  46      F5AD6F2E 
  46      DAE8A0
  47 008f 2885F82E 		.ascii	"(\205\370.Ksp\0075\3243\277\360\241\3134\216A\320y,"
  47      4B737007 
  47      35D433BF 
  47      F0A1CB34 
  47      8E41D079 
  48 00a4 B5F9DABF 		.ascii	"\265\371\332\277&\213\022\2079\034\357\233I\2709\224"
ARM GAS  /tmp/cc1MRYKI.s 			page 3


  48      268B1287 
  48      391CEF9B 
  48      49B83994 
  49 00b4 2687D9C9 		.ascii	"&\207\331\311\324\213=\325\203J\305\234\231\214:e\026"
  49      D48B3DD5 
  49      834AC59C 
  49      998C3A65 
  49      16
  50 00c5 A581BB30 		.ascii	"\245\201\2730h\036\356!\200\373\010\010J\011\014\243"
  50      681EEE21 
  50      80FB0808 
  50      4A090CA3 
  51 00d5 9ABADFDC 		.ascii	"\232\272\337\334\334\2347\215\343zn.\365j\276\214\\"
  51      DC9C378D 
  51      E37A6E2E 
  51      F56ABE8C 
  51      5C
  52 00e6 FA837CB0 		.ascii	"\372\203|\260\013r\004\325\334\276\036\377\371\336\357"
  52      0B7204D5 
  52      DCBE1EFF 
  52      F9DEEF
  53 00f5 8E93ECBD 		.ascii	"\216\223\354\275%\265H\301\015\332G\3679j{{0;\2216+"
  53      25B548C1 
  53      0DDA47F7 
  53      396A7B7B 
  53      303B9136 
  54 010a 016E9704 		.ascii	"\001n\227\0044\015^\\`b\213\216.\017-n//>Z,!\3624\204"
  54      340D5E5C 
  54      60628B8E 
  54      2E0F2D6E 
  54      2F2F3E5A 
  55 0123 2FE7A394 		.ascii	"/\347\243\224\274\033\213\210-t\377*\030<\267 eAB,\242"
  55      BC1B8B88 
  55      2D74FF2A 
  55      183CB720 
  55      6541422C 
  56 0138 73C95D8A 		.ascii	"s\311]\212\015J\221\212\241\334J\316`\367\036S`\224"
  56      0D4A918A 
  56      A1DC4ACE 
  56      60F71E53 
  56      6094
  57 014a 242E62AA 		.ascii	"$.b\252\017\334B\305\215/*ir\321\253\246:U\025\253^"
  57      0FDC42C5 
  57      8D2F2A69 
  57      72D1ABA6 
  57      3A5515AB 
  58 015f C9CFE53C 		.ascii	"\311\317\345<:%8\274\365n\353sU\022\003Q\245\034\253"
  58      3A2538BC 
  58      F56EEB73 
  58      55120351 
  58      A51CAB
  59 0172 287D7848 		.ascii	"(}xHN\3234\206\213\305\241\033\376\332a\025\247\007"
  59      4ED33486 
  59      8BC5A11B 
  59      FEDA6115 
  59      A707
  60 0184 F1238324 		.ascii	"\361#\203$6\364\243P\345z\177n\313c\217\250x\3249@\324"
ARM GAS  /tmp/cc1MRYKI.s 			page 4


  60      36F4A350 
  60      E57A7F6E 
  60      CB638FA8 
  60      78D43940 
  61 0199 7884DA82 		.ascii	"x\204\332\202t\351\367z\014\233\304\261\322\345\256"
  61      74E9F77A 
  61      0C9BC4B1 
  61      D2E5AE
  62 01a8 D9446349 		.ascii	"\331DcI\254EU\202}};0^\301\344n\227@V\213\215-w\377"
  62      AC455582 
  62      7D7D3B30 
  62      5EC1E46E 
  62      9740568B 
  63 01c0 90A5260F 		.ascii	"\220\245&\017\217 \334V\331\241\227R\004\232\350\351"
  63      8F20DC56 
  63      D9A19752 
  63      049AE8E9 
  64 01d0 99B634E8 		.ascii	"\231\2664\350\220\300\023\015\352\\\352\312\227\257"
  64      90C0130D 
  64      EA5CEACA 
  64      97AF
  65 01de C5471D2F 		.ascii	"\305G\035/\223k\031m\323\202\300S\004\010\252\257au"
  65      936B196D 
  65      D382C053 
  65      0408AAAF 
  65      6175
  66 01f0 7FF91EFE 		.ascii	"\177\371\036\376\325e\005\236i\227\330\341\362`QVb\214"
  66      D565059E 
  66      6997D8E1 
  66      F2605156 
  66      628C
  67 0202 5D5ADAE5 		.ascii	"]Z\332\3458\273\364i\226\364\364\272\353\277y\236k\036"
  67      38BBF469 
  67      96F4F4BA 
  67      EBBF799E 
  67      6B1E
  68 0214 B93BCFC4 		.ascii	"\271;\317\304_\236\311\022\3172\242N\377\031f\341l\236"
  68      5F9EC912 
  68      CF32A24E 
  68      FF1966E1 
  68      6C9E
  69 0226 04D20742 		.ascii	"\004\322\007B\350\272`\320\256o\012_\012\237=\177\241"
  69      E8BA60D0 
  69      AE6F0A5F 
  69      0A9F3D7F 
  69      A1
  70 0237 2E782478 		.ascii	".x$x\324\216\264\333M\027/\333\255\221\266+\355v(\322"
  70      D48EB4DB 
  70      4D172FDB 
  70      AD91B62B 
  70      ED7628D2 
  71 024b DC1C69B1 		.ascii	"\334\034i\261O\237k\250o\270f\267\\\015\207\202!\201"
  71      4F9F6BA8 
  71      6FB866B7 
  71      5C0D8782 
  71      2181
  72 025d 16B3B52D 		.ascii	"\026\263\265-\034\371\015\237\2000\324"
ARM GAS  /tmp/cc1MRYKI.s 			page 5


  72      1CF90D9F 
  72      8030D4
  73              		.text
  74              		.section	.gnu.lto_nvicDisableVector.d91454d3c0db5004,"",%progbits
  75 0000 789C8D91 		.ascii	"x\234\215\221\313k\023Q\024\306\357w\356d\222\232P\305"
  75      CB6B1351 
  75      14C6EF77 
  75      EE64929A 
  75      50C5
  76 0012 8D2522BA 		.ascii	"\215%\"\272)]u\256P\321\255RpW\024\375\003D\263i\300"
  76      295D75AE 
  76      50D1AD52 
  76      705714FD 
  76      0344B369 
  77 0027 266245DC 		.ascii	"&bE\334\365\246\211q\241\320\322\215\225\222M\353;m"
  77      F5A68971 
  77      A1D0D28D 
  77      95924DEB 
  77      3B6D
  78 0039 5A53E3A3 		.ascii	"ZS\343\243(\014\005_\013\225b\213R$\"\246R\037\213\246"
  78      280C055F 
  78      0B95628B 
  78      522422A6 
  78      521F8BA6 
  79 004d 0ACD8052 		.ascii	"\012\315\200R\317\235q!t\343\300\334;\347\334\337w\276"
  79      CF9D7121 
  79      74E3C0DC 
  79      3BE7DCDF 
  79      77BE
  80 005f 73E64AB1 		.ascii	"s\346J\261\361\211\363\233$!\366\361\016)@\203\257\204"
  80      F189F39B 
  80      2421F6F1 
  80      0E294083 
  80      AF84
  81 0071 C8440830 		.ascii	"\310D\0100\037\002\242\217\320\207/T'\014\272\305\341"
  81      1F02A28F 
  81      D0872F54 
  81      270CBAC5 
  81      E1
  82 0082 68DB35AD 		.ascii	"h\3335\255\365\312\350t\313\371\026\217e?((\203\033"
  82      F5CAE874 
  82      CBF9168F 
  82      653F2828 
  82      831B
  83 0094 686364FE 		.ascii	"hcd\376\335\247\274%\367B\360\367\303\322\317\227\321"
  83      DDA7BC25 
  83      F742F0F7 
  83      C3D2CF97 
  83      D1
  84 00a5 65F208BB 		.ascii	"e\362\010\273L83\364|\3306!Y&\254<.=\335\334:\246u\277"
  84      4C3833F4 
  84      7CD83621 
  84      5926AC3C 
  84      2E3DDDDC 
  85 00bd FBA2ACF7 		.ascii	"\373\242\254\367[\036I\334\204\344z\270\2058n#.8%PD"
  85      5B1E49DC 
  85      84E47AB8 
ARM GAS  /tmp/cc1MRYKI.s 			page 6


  85      85386E23 
  85      2E382550 
  86 00d2 ABC1EBB9 		.ascii	"\253\301\353\271\337o\243v\216\275\267\004\236\030\207"
  86      DF6FA376 
  86      8EBDB704 
  86      9E1887
  87 00e1 0DDE27B7 		.ascii	"\015\336'\267\272z}}\354\372x\305j\002\014N,\264$/!"
  87      BA7A7D7D 
  87      ECFA78C5 
  87      6A020C4E 
  87      2CB4242F 
  88 00f6 CB2C215E 		.ascii	"\313,!^l!j,2\023-\021\231].\"[\315\177\276r\330\324"
  88      6C216A2C 
  88      32132D11 
  88      995D2E22 
  88      5BCD7FBE 
  89 010d 59235A63 		.ascii	"Y#Zc\013\302\3677#31\323#\2530\301-,\242\277z\341\027"
  89      0BC2F737 
  89      233331D3 
  89      23AB30C1 
  89      2D2CA2BF 
  90 0124 05906488 		.ascii	"\005\220d\2103\331\206\035\304\026\247X\364h`\340I\330"
  90      33D9861D 
  90      C416A758 
  90      F46860E0 
  90      49D8
  91 0136 17ED1428 		.ascii	"\027\355\024(\371\242\354\373|M\006P\210\211g\205\345"
  91      F9A2ECFB 
  91      7C4D0650 
  91      88896785 
  91      E5
  92 0147 B26508EE 		.ascii	"\262e\010\356\030\223\210\263\224\241\331\241\217\333"
  92      189388B3 
  92      94A1D9A1 
  92      8FDB
  93 0155 0CC3C0EA 		.ascii	"\014\303\300\3527]\360\201\260\236\315\352f3\360\207"
  93      375DF081 
  93      B09ECDEA 
  93      6633F087 
  94 0165 DAEBB988 		.ascii	"\332\353\271\210\237\022&\034]h|m.`$\243\265\033\366"
  94      9F12261C 
  94      5D687C6D 
  94      2E6024A3 
  94      B51BF6
  95 0178 288229FE 		.ascii	"(\202)\376Iw\330\314\034zW/E\333\213:\007\217\232PF"
  95      4977D8CC 
  95      1C7A572F 
  95      45DB8B3A 
  95      078F9A50 
  96 018d 01ABFEAD 		.ascii	"\001\253\376\255\360\311\305\313s\215\210\232\320\271"
  96      F0C9C5CB 
  96      738D889A 
  96      D0B9
  97 019b 8CBBC3A3 		.ascii	"\214\273\303\243M\230F;\017\353_\330](\356\316\364\261"
  97      4D98463B 
  97      0FEB5FD8 
  97      5D28EECE 
ARM GAS  /tmp/cc1MRYKI.s 			page 7


  97      F4B1
  98 01ad 32355F97 		.ascii	"25_\227\177;\371_\237(*\276\0176\370l\367(\206{\306"
  98      7F3BF95F 
  98      9F282ABE 
  98      0F36F86C 
  98      F728867B 
  99 01c2 07BECF7D 		.ascii	"\007\276\317}\250\177\307\211q\352\001\327\253\"\343"
  99      A87FC789 
  99      71EA01D7 
  99      AB22E3
 100 01d1 2E1C34AE 		.ascii	".\0344\256\206\2521\314\267\302\235u8\216\352\354N\236"
 100      86AA31CC 
 100      B7C29D75 
 100      388EEAEC 
 100      4E9E
 101 01e3 481E3A7A 		.ascii	"H\036:z\254\303\331\355\354Q\351^\325}\374\244:\225"
 101      ACC3D9ED 
 101      EC51E95E 
 101      D57DFCA4 
 101      3A95
 102 01f5 3E7DA657 		.ascii	">}\246W%\322==\351\224:p\244\253\263\353\234J\235M&"
 102      25D23D3D 
 102      E9943A70 
 102      A4ABB3EB 
 102      9C4A9D4D 
 103 020a 9C8440EA 		.ascii	"\234\204@\352\017\017^\350\327"
 103      0F0F5EE8 
 103      D7
 104              		.text
 105              		.section	.gnu.lto_nvicSetSystemHandlerPriority.d91454d3c0db5004,"",%progbits
 106 0000 789C6D51 		.ascii	"x\234mQ=hSQ\024>\337\271//\321\250\025\247\022\027\227"
 106      3D685351 
 106      143EDFB9 
 106      2F2FD1A8 
 106      15A71217 
 107 0015 D0A9EF09 		.ascii	"\320\251\357\011\025GQ;8\025A7\027\251QH\240\315+\251"
 107      1547513B 
 107      38154137 
 107      17A95148 
 107      A0CD2BA9 
 108 0029 885B6FDA 		.ascii	"\210[o\332'.RJ\247\242\006\301(V\323\246\266\012\242"
 108      272E524A 
 108      A7A206C1 
 108      2856D3A6 
 108      B60AA2
 109 003c D3D3414A 		.ascii	"\323\323AJ\321j\240P\011\305P\210\242\270\330\037\010"
 109      D16AA050 
 109      09C55088 
 109      A2B8D81F 
 109      08
 110 004d 0F5AE3B9 		.ascii	"\017Z\343\271\011\235\364\302\3759?\337w\276s\217\242"
 110      099DF4C2 
 110      FD393FDF 
 110      77BE738F 
 110      A2
 111 005e 7F5742F6 		.ascii	"\177WB\366:\210\316\312\015E\340\211e\242|\214\001\363"
 111      3A88CECA 
ARM GAS  /tmp/cc1MRYKI.s 			page 8


 111      0D45E089 
 111      65A27C8C 
 111      01F3
 112 0070 20D00863 		.ascii	" \320\010c\004?y\2031\021\224\246\342]\217\265\326\277"
 112      043F7983 
 112      311194A6 
 112      E25D8FB5 
 112      D6BF
 113 0082 1FBEEABC 		.ascii	"\037\276\352\274\325\0312\321\026\267i\360\004]\222"
 113      D51932D1 
 113      16B769F0 
 113      045D92
 114 0091 F2607A75 		.ascii	"\362`zu\246C\235\004\311\373uy\373c\374\007\207\214"
 114      A6439D04 
 114      C9FB7579 
 114      FB63FC07 
 114      878C
 115 00a3 63C67C33 		.ascii	"c\306|3\2718e\033\223-c\316\357\370;H\026\265\036\015"
 115      B938651B 
 115      932D63CE 
 115      EFF83B48 
 115      16B51E0D 
 116 00b7 D616F469 		.ascii	"\326\026\364i+d\205i(\341\303S$\360\014\011\022\027"
 116      2B648569 
 116      28E1C353 
 116      24F00C09 
 116      1217
 117 00c9 A184A464 		.ascii	"\241\204\244d\177\276\273\275b\251S-\336J\371\303JG"
 117      7FBEBBBD 
 117      62A9532D 
 117      DE4AF9C3 
 117      4A47
 118 00db 1BF9670F 		.ascii	"\033\371g\0179\363\037\344,\222&}\303\337]\215\333\276"
 118      39F31FE4 
 118      2C92267D 
 118      C3DF5D8D 
 118      DBBE
 119 00ed A83EBCBB 		.ascii	"\250>\274\273'\030e\330\3223\315\035\011t\263Y|\377"
 119      271865D8 
 119      D233CD1D 
 119      0974B359 
 119      7CFF
 120 00ff B6104514 		.ascii	"\266\020E\0240\020\026\260\245\314\021\201)NT\027\204"
 120      301016B0 
 120      A5CC1181 
 120      294E5417 
 120      84
 121 0110 F98B6FCC 		.ascii	"\371\213o\314\346VU\214~\271\375\375\376%C\322`n0\250"
 121      E656558C 
 121      7EB9FDFD 
 121      FE2543D2 
 121      606E30A8 
 122 0124 8AB135BB 		.ascii	"\212\2615\273m+qI\325G\225ZE\231n#\026aN$U\361n\022"
 122      6D2B7149 
 122      D547955A 
 122      45996E23 
 122      16614E24 
ARM GAS  /tmp/cc1MRYKI.s 			page 9


 123 013c 264582BF 		.ascii	"&E\202\2776\307k\373M\320\326\3251}\310\250\254\325"
 123      36C76BFB 
 123      4DD0D6D5 
 123      317DC8A8 
 123      ACD5
 124 014e 3F55622D 		.ascii	"?Ub-\027\265~g\251\271t\240\200{y\255\003;\344(\236"
 124      17B57E67 
 124      A9B974A0 
 124      807B79AD 
 124      033BE428 
 125 0163 4B67F342 		.ascii	"Kg\363Bc\202\343[\213\353\373\272K\332G\3101,\240\200"
 125      6382E35B 
 125      8BEBFBBA 
 125      4BDA47C8 
 125      312CA080 
 126 0177 CDD61424 		.ascii	"\315\326\024$T^.\3369\350\316j?\037\034\225\332x\201"
 126      545E2EDE 
 126      39E8CE6A 
 126      3F1F1C95 
 126      DA7881
 127 018a EE06475A 		.ascii	"\356\006GZ\003z\011W\324\321W\344\203\3029#\304x\353"
 127      037A0957 
 127      D4D157E4 
 127      83C23923 
 127      C478EB
 128 019d 225E7A12 		.ascii	"\"^z\022x\217\343\270\275\351\314\225\314\371\213\227"
 128      788FE3B8 
 128      BDE9CC95 
 128      CCF98B97 
 129 01ad 7B9CE3CE 		.ascii	"{\234\343\316\011\327\033v\323\375\003\356\220\227\273"
 129      09D71B76 
 129      D3FD03EE 
 129      9097BB
 130 01bc 3EECA6BC 		.ascii	">\354\246\274\301A/\353\236\271\320\327\333w\323\315"
 130      C1412FEB 
 130      9EB9D0D7 
 130      DB77D3CD 
 131 01cc DEC8A49C 		.ascii	"\336\310\244\234\024E\323\375\331\253\003\327r\326P"
 131      1445D3FD 
 131      D9AB03D7 
 131      72D650
 132 01db 2EE3FD05 		.ascii	".\343\375\005\3702\275\000"
 132      F832BD00 
 133              		.text
 134              		.section	.gnu.lto_nvicClearPending.d91454d3c0db5004,"",%progbits
 135 0000 789C6551 		.ascii	"x\234eQ\317k\023Q\020\236o\336f\223\022\251\342\251"
 135      CF6B1351 
 135      109E6FDE 
 135      669312A9 
 135      E2A9
 136 0012 04440F96 		.ascii	"\004D\017\226\236\272+T\364\252\364\340\251(\372\007"
 136      9EBA2B54 
 136      F4AAF4E0 
 136      A928FA07 
 137 0022 88E6D280 		.ascii	"\210\346\322\200M\304\212x\353K\223\326\203\205\226"
 137      4DC48A78 
 137      EB4B93D6 
ARM GAS  /tmp/cc1MRYKI.s 			page 10


 137      838596
 138 0031 5E2C945C 		.ascii	"^,\224\\\324\342\217\330T+\036\254\026\226\202\322\213"
 138      D4E28FD8 
 138      542B1EAC 
 138      169682D2 
 138      8B
 139 0042 4AB4A214 		.ascii	"J\264\242\024\211\207F\360\327\301\326J\263\007\255"
 139      898746F0 
 139      D7C1D64A 
 139      B307AD
 140 0051 33BBDE5C 		.ascii	"3\273\336\\\330yo\276\367}\337\314\274g\350\377/#\377"
 140      D8796FBE 
 140      F77DDFCC 
 140      BC67E8FF 
 140      2F23FF
 141 0064 2F101D96 		.ascii	"/\020\035\226\025\206\300\023/\211\212)\006tC\240!\306"
 141      1586C013 
 141      2F898A29 
 141      067443A0 
 141      21C6
 142 0076 10BEF03A 		.ascii	"\020\276\360:c\"\250N\245\273f\254\265?^?\351\030\351"
 142      6322A84E 
 142      A5BB66AC 
 142      B53F5E3F 
 142      E918E9
 143 0089 0899E827 		.ascii	"\010\231\350'\3076\270\205.\241\254\274_\033u\314!\220"
 143      C736B885 
 143      2EA1ACBC 
 143      5F1B75CC 
 143      2190
 144 009b EC1FD736 		.ascii	"\354\037\3276_\244?s\310\330\247\351\302\344\362\224"
 144      5FA43F73 
 144      C8D8A7E9 
 144      C2E4F294 
 145 00ab AB293B9A 		.ascii	"\253);\232>Z\254=\337\331y\303\332\341`y\336\036qB6"
 145      3E5AAC3D 
 145      DFD979C3 
 145      DAE16079 
 145      DE1E7142 
 146 00c0 B80D237E 		.ascii	"\270\015#~\270\203\014\356\"C\002\021\252\350T\372z"
 146      B8830CEE 
 146      22430211 
 146      AAE854FA 
 146      7A
 147 00d1 F9F7BBB4 		.ascii	"\371\367\273\264[\226\332\273\342\232\270\007W\332\246"
 147      5B96DABB 
 147      E29AB807 
 147      57DAA6
 148 00e0 B9DD81DD 		.ascii	"\271\335\201\335\336^\233\031[t\332\000\245\263\010"
 148      DE5E9B19 
 148      5B74DA00 
 148      A5B308
 149 00ef 1D2321E1 		.ascii	"\035#!\341hHhp\025#j\212R\307\372\304\254\253YE\251"
 149      68486870 
 149      15236A8A 
 149      52C7FAC4 
 149      ACAB5945 
ARM GAS  /tmp/cc1MRYKI.s 			page 11


 150 0104 31FAA772 		.ascii	"1\372\247rB\315\266\230\267\244\016\343\373\233\351"
 150      42CDB698 
 150      B7A40EE3 
 150      FB9BE9
 151 0113 851DDAA8 		.ascii	"\205\035\332\250H1+}\254b\270qe\305\304$#$AJ-7\316\035"
 151      48312B7D 
 151      AC62B871 
 151      65C5C424 
 151      2324414A 
 152 012b 8144F474 		.ascii	"\201D\364t|\374Y2\022\355%\324\"Q\351\303?J\002\373"
 152      7CFC5932 
 152      12ED25D4 
 152      2251E9C3 
 152      3F4A02FB 
 153 013f 33428C7D 		.ascii	"3B\214}69\006\025\027di\022\232\213\303\3067[q\324\301"
 153      36390615 
 153      17646912 
 153      9A8BC3C6 
 153      375B71D4 
 154 0154 B54B25DB 		.ascii	"\265K%\333\256C\177l\276\252\247\"\2104\275\376\266"
 154      AE437F6C 
 154      BEAAA722 
 154      8834BDFE 
 154      B6
 155 0165 F5B5BD82 		.ascii	"\365\265\275\202\351\242\265A2\344$\346\344\242\356"
 155      E9A2B541 
 155      32E424E6 
 155      E4A2EE
 156 0174 4B2D3D0C 		.ascii	"K-=\014o\216\245\273\253\266\214\220Sx\200\0126\242"
 156      6F8EA5BB 
 156      ABB68C90 
 156      5378800A 
 156      36A2
 157 0186 979193AB 		.ascii	"\227\221\223\253\327\352\255\224?k\313\305`O\310m\230"
 157      D7EAAD94 
 157      3F6BCBC5 
 157      604FC86D 
 157      98
 158 0197 47B7CC1A 		.ascii	"G\267\314\032=\332C\370\322\0115P\014\352\307\264\017"
 158      3DDA43F8 
 158      D2093550 
 158      0CEAC7B4 
 158      0F
 159 01a8 459B32A0 		.ascii	"E\2332\240\\\2160z<\317\357\355\317\235\315\035?u\272"
 159      5C8E307A 
 159      3CCFEFED 
 159      CF9DCD1D 
 159      3F75BA
 160 01bb C73BE01D 		.ascii	"\307;\340\035\364\013\203~\377\231s\376\371\302\205"
 160      F40B837E 
 160      FF9973FE 
 160      F9C285
 161 01ca 8B837EB6 		.ascii	"\213\203~\26600P\310\373GO\366\365\366]\366\363\227"
 161      303050C8 
 161      FB474FF6 
 161      F5F65DF6 
 161      F397
ARM GAS  /tmp/cc1MRYKI.s 			page 12


 162 01dc 72592F4B 		.ascii	"rY/K\310\377\005\326\356\275\257"
 162      C8FF05D6 
 162      EEBDAF
 163              		.text
 164              		.section	.gnu.lto_.symbol_nodes.d91454d3c0db5004,"",%progbits
 165 0000 789C55C8 		.ascii	"x\234U\310\261\021\000\020\000\004\301\363\022\225i"
 165      B1110010 
 165      0004C1F3 
 165      129569
 166 000f EB51810A 		.ascii	"\353Q\201\012\214\212\264D\"`\303\215@\346\322\016\206"
 166      8C8AB444 
 166      2260C38D 
 166      40E6D20E 
 166      86
 167 0020 BEC066CC 		.ascii	"\276\300f\314\204\212\034\276\250\262\276hr|\203\003"
 167      848A1CBE 
 167      A8B2BE68 
 167      727C8303 
 168 0030 C6851365 		.ascii	"\306\205\023e"
 169              		.text
 170              		.section	.gnu.lto_.refs.d91454d3c0db5004,"",%progbits
 171 0000 789C6366 		.ascii	"x\234cf```d\200\002\000\000=\000\005"
 171      60606064 
 171      80020000 
 171      3D0005
 172              		.text
 173              		.section	.gnu.lto_.decls.d91454d3c0db5004,"",%progbits
 174 0000 789CBD58 		.ascii	"x\234\275XkPTG\026\236\276=\0140\014\340\352\256\246"
 174      6B505447 
 174      169EBE3D 
 174      0C300CE0 
 174      EAAEA6
 175 0013 AC6CAD31 		.ascii	"\254l\2551\026\225l\02201[\311\376J\010\232\225T\231"
 175      16956C12 
 175      30315BC9 
 175      FE4A089A 
 175      955499
 176 0026 9021F1CF 		.ascii	"\220!\361\317\376 \210d\245\012!\005\270\033\377]\034"
 176      FE208864 
 176      A50A2105 
 176      B81BFF5D 
 176      1C
 177 0037 A383A012 		.ascii	"\243\203\240\022\004\037\274\034\005\024\031@^A\336"
 177      041FBC1C 
 177      05141940 
 177      5E41DE
 178 0046 200AE129 		.ascii	" \012\341)(( \002#\250 \017\001\305\000B\230=\335}\357"
 178      28282002 
 178      23A8200F 
 178      01C50042 
 178      983DDD7D 
 179 005b 3CAE03C9 		.ascii	"<\256\003\311\217\255\275Ug\356\234{\276>\375\235s\273"
 179      8FADBD55 
 179      67EE9C7B 
 179      BE3EFD9D 
 179      73BB
 180 006d 4F9F192C 		.ascii	"O\237\031,\223\311\222\221Lf\204+k\235L\266\211\223"
ARM GAS  /tmp/cc1MRYKI.s 			page 13


 180      93C99291 
 180      4C66842B 
 180      6B9D4CB6 
 180      8993
 181 007f C9ECE099 		.ascii	"\311\354\340\231\217\314|\311AJ@*@\252@jd/_\304\356"
 181      8FCC7CC9 
 181      414A402A 
 181      40AA406A 
 181      642F5FC4 
 182 0094 228C2377 		.ascii	"\"\214#w\025H\001\310Z\220\327@>\003\331\016\322\010"
 182      154801C8 
 182      5A90D740 
 182      3E03D90E 
 182      D208
 183 00a6 B21AE65B 		.ascii	"\262\032\346[\005\362\034\276w\200\264\202`\020gx&\007"
 183      05F21CBE 
 183      7780B482 
 183      60106778 
 183      2607
 184 00b8 E14090E0 		.ascii	"\341@\220\340Sz\021\016\3166\346\261\234C\364/\372~"
 184      537A110E 
 184      CE36E6B1 
 184      9C43F42F 
 184      FA7E
 185 00ca 2ECCCB91 		.ascii	".\314\313\2211\210\315\203\004_\322\213\304\347\270"
 185      3188CD83 
 185      045FD28B 
 185      C4E7B8
 186 00d9 4C1CC447 		.ascii	"L\034\304G\000\014\334\005\262I\360\361\245p'\343\310"
 186      000CDC05 
 186      B249F0F1 
 186      A57027E3 
 186      C8
 187 00ea 3D0C59FB 		.ascii	"=\014Y\373#\271R\256\300W\312\225\014\227\013>m\345"
 187      23B952AE 
 187      C057CA95 
 187      0C970B3E 
 187      6DE5
 188 00fc 799A43CD 		.ascii	"y\232C\315\203s\317T#\034rQ\256\"jb\327\303\031\014"
 188      8373CF54 
 188      231C7251 
 188      AE226A62 
 188      D7C3190C 
 189 0110 AA4AC911 		.ascii	"\252J\311\021\2654w\246\325\211Z7\020\265,\256\341\264"
 189      B53477A6 
 189      D5895A37 
 189      10B52CAE 
 189      E1B4
 190 0122 825AE544 		.ascii	"\202Z\345D\255\256\232\253WbH0|O;}\277S\371v\026\317"
 190      ADAE9AAB 
 190      57624830 
 190      7C4F3B7D 
 190      BF53F976 
 191 0138 F35ABEA6 		.ascii	"\363Z\276\246\033\231'\210\321\032\032\225x5\005E^("
 191      1B992788 
 191      D11A1A95 
 191      78350545 
ARM GAS  /tmp/cc1MRYKI.s 			page 14


 191      5E28
 192 014a 8FB187F1 		.ascii	"\217\261\207\361\257)\251i i>\335\221\252d\301\270\302"
 192      AF29A969 
 192      20693EDD 
 192      91AA64C1 
 192      B8C2
 193 015c 23AEE111 		.ascii	"#\256\341\021\237\346\202\334\224\351\340h\2522\256"
 193      9FE682DC 
 193      94E9E068 
 193      AA32AE
 194 016b FE559E97 		.ascii	"\376U\236\227\243|\244D9\010\243l\3646\011\212\214&"
 194      A37CA444 
 194      3908A36C 
 194      F436098A 
 194      8C26
 195 017d 9796E70F 		.ascii	"\227\226\347\017\360\261\032\336\261\301E\206.\241\365"
 195      F0B11ADE 
 195      B1C14586 
 195      2EA1F5
 196 018c 280BAD97 		.ascii	"(\013\255\227\241<\344\006\010\212E\271\360\3602<\004"
 196      A13CE406 
 196      088A45B9 
 196      F0F0323C 
 196      04
 197 019d C7758B55 		.ascii	"\307u\213U\007\355\220\322\315\366\240B\033\203(\205"
 197      07ED90D2 
 197      CDF6A042 
 197      1B832885 
 198 01ad 244DDC5A 		.ascii	"$M\334ZB\241\000(\350\315\024\200\221)@mN^\205\243\034"
 198      42A10028 
 198      E8CD1480 
 198      9129406D 
 198      4E5E85A3 
 199 01c2 960305FD 		.ascii	"\226\003\005\375\223f&\261=;IezV\204\350\303\032MN\224"
 199      936626B1 
 199      3D3B4965 
 199      7A5684E8 
 199      C31A4D4E 
 200 01d7 EBBA049E 		.ascii	"\353\272\004\236\\\032~\025\207|\326\242\2130Y&L&C\305"
 200      5C1A7E15 
 200      877CD6A2 
 200      8B305926 
 200      4C2643C5 
 201 01eb 08360CFA 		.ascii	"\0106\014\372\011\311\231\327\202N}\252\022\207\320"
 201      09C999D7 
 201      824E7DAA 
 201      1287D0
 202 01fa B4252714 		.ascii	"\264%'\0246\333oH\345uyS\306\264T|\206\327E\362KF#\242"
 202      36DB6F48 
 202      E5757953 
 202      C6B4547C 
 202      86D745F2 
 203 0212 83D01513 		.ascii	"\203\320\025\023-\031\371Ni\241\022\264a\031j\277\306"
 203      2D19F94E 
 203      69A112B4 
 203      61196ABF 
 203      C6
ARM GAS  /tmp/cc1MRYKI.s 			page 15


 204 0223 74D63B2D 		.ascii	"t\326;-\313\242\214\262(\025Y\264\304\034\256S\341B"
 204      CBA28CB2 
 204      281559B4 
 204      C41CAE53 
 204      E142
 205 0235 44691C8A 		.ascii	"Di\034\212\236Ov\2424t\211i\212L\276\306h\374\210\014"
 205      9E4F76A2 
 205      34748969 
 205      8A4CBEC6 
 205      68FC880C 
 206 0249 40E5160C 		.ascii	"@\345\026\014\312E\006\025\224A|I\251\306\031\3271\007"
 206      CA450615 
 206      94417C49 
 206      A9C619D7 
 206      3107
 207 025b ED0FE306 		.ascii	"\355\017\343\006\024\314A\231\311\001\011\241\322\302"
 207      14CC4199 
 207      C90109A1 
 207      D2C2
 208 0269 41A5E8A0 		.ascii	"A\245\350\240\212:\350\211\341\347\344x\2209H\254L\335"
 208      8A3AE889 
 208      E1E7E478 
 208      903948AC 
 208      4CDD
 209 027b C4C6F759 		.ascii	"\304\306\367Y\021\250\266\030_-\216\257\241\343\305"
 209      11A8B618 
 209      5F2D8EAF 
 209      A1E3C5
 210 028a 25B7962D 		.ascii	"%\267\226-\271c\315\211W1U\215\324\343\251\233\335W"
 210      B963CD89 
 210      5731558D 
 210      D4E3A99B 
 210      DD57
 211 029c E4F81973 		.ascii	"\344\370\031s\177\244\367R\213=^\240\012\02774\223\201"
 211      7FA4F752 
 211      8B3D5EA0 
 211      0A173734 
 211      9381
 212 02ae C4053315 		.ascii	"\304\0053\025\307\343Wd\350\355\365\350MX-\365\260Z"
 212      C7E35764 
 212      E8EDF5E8 
 212      4D582DF5 
 212      B05A
 213 02c0 D60AABE5 		.ascii	"\326\012\253\345*\244\256V\\-\225/\014\210\254\226:"
 213      2AA4AE56 
 213      5C2D952F 
 213      0C88AC96 
 213      3A
 214 02d1 C8F675F3 		.ascii	"\310\366u\363jYkZ,\234\241+\343K\333N\033\226s\232\244"
 214      6A596B5A 
 214      2C9CA12B 
 214      E34BDB4E 
 214      1B96739A 
 215 02e6 69FE1371 		.ascii	"i\376\023q\37238\275fvZg\261\004\357\304D\236\302J-"
 215      FA3338BD 
 215      66765A67 
 215      B104EFC4 
ARM GAS  /tmp/cc1MRYKI.s 			page 16


 215      449EC24A 
 216 02fb 79A1BFED 		.ascii	"y\241\277\355\0245\"%\214\031\216\346g\344tk\353\014"
 216      14352225 
 216      8C198EE6 
 216      67E4746B 
 216      EB0C
 217 030d 34FAB626 		.ascii	"4\372\266&\243\326\205n\356\203\257\022\375pSW\217\002"
 217      A3D6856E 
 217      EE83AF12 
 217      FD705357 
 217      8F02
 218 031f FFC0B6F7 		.ascii	"\377\300\266\367Dm\372\367l\202\337\265w`Dy\313\245"
 218      446DFAF7 
 218      6C82DFB5 
 218      77604479 
 218      CBA5
 219 0331 CB1CF5CF 		.ascii	"\313\034\365\317[\225\022\025+%\263i\2061DU{\242\032"
 219      5B951215 
 219      2B25B369 
 219      86314455 
 219      7BA21A
 220 0344 96627957 		.ascii	"\226byW2\001/L\000\006\323\0242t\223\004\213\336X\217"
 220      32012F4C 
 220      0006D314 
 220      32749304 
 220      8BDE588F 
 221 0358 DA99F3C2 		.ascii	"\332\231\363\302\202\3316\227\325\261\024\316\363\033"
 221      82D93697 
 221      D5B114CE 
 221      F31B
 222 0366 22E8FABE 		.ascii	"\"\350\372\276\001\3606\012\277\205V\213\203h\011\032"
 222      01F0360A 
 222      BF85568B 
 222      8368091A 
 223 0376 9D59B4B3 		.ascii	"\235Y\264\263D\267\256\204\356\317*\273\356\204\217"
 223      44B7AE84 
 223      EECF2ABB 
 223      EE848F
 224 0385 B3B8EB1F 		.ascii	"\263\270\353\037W\035c\345\221W\020=\257Z\037\345Hi"
 224      571D63E5 
 224      9157103D 
 224      AF5A1FE5 
 224      4869
 225 0397 7F43D47B 		.ascii	"\177C\324{\355\267\365,g\353\210\2724\244}f\267|\024"
 225      EDB7F52C 
 225      67EB88BA 
 225      34A47D66 
 225      B77C14
 226 03aa DD62145D 		.ascii	"\335b\024],\212\252\274\3613\012i\024\267\001~\207\302"
 226      2C8AAABC 
 226      F1330A69 
 226      14B7017E 
 226      87C2
 227 03bc 7B28AF6E 		.ascii	"{(\257n\221Wz\367\361d\214\343\031\257\303\311\306\363"
 227      91577AF7 
 227      F1648CE3 
 227      19AFC3C9 
ARM GAS  /tmp/cc1MRYKI.s 			page 17


 227      C6F3
 228 03ce CE389529 		.ascii	"\3168\225)\011\025\311q\214\024O\365\326\324\224+\030"
 228      0915C971 
 228      8C144FF5 
 228      D6D4942B 
 228      18
 229 03df A731E3F5 		.ascii	"\2471\343\365\233\275zV\263uT\327\326\315\265\313q6"
 229      9BBD7A56 
 229      B37554D7 
 229      D6CDB5CB 
 229      7136
 230 03f1 338A2F49 		.ascii	"3\212/I%\274\244G9\365i.8_\210\275\365\346\003\366\212"
 230      25BCA447 
 230      39F5692E 
 230      385F88BD 
 230      F5E603F6 
 231 0406 74D4F8CB 		.ascii	"t\324\370\313\343\253\027\354q93\316\237\210J`nyLtc"
 231      E3AB17EC 
 231      713933CE 
 231      9F884A60 
 231      6E794C74 
 232 041b F1E94667 		.ascii	"\361\351Fg\\\303\214-g\322\323Ul$5\366\266\304.\250"
 232      5CC38C2D 
 232      67D2D355 
 232      6C2435F6 
 232      B6C42EA8 
 233 042f 7013331E 		.ascii	"p\0233\036\237\272yT`K\013\322D\306\342([\210\274\013"
 233      9FBA7954 
 233      604B0BD2 
 233      44C6E228 
 233      5B88BC0B 
 234 0443 E534577C 		.ascii	"\3454W|\221\345\224\255K\376\305I!\345\037\320\032P"
 234      91E594AD 
 234      4BFEC549 
 234      21E51FD0 
 234      1A50
 235 0455 73B2DD71 		.ascii	"s\262\335q\371\034\217\2139\036c9\356\274\221\032\377"
 235      F91C8F8B 
 235      391E6339 
 235      EEBC911A 
 235      FF
 236 0466 D24A790C 		.ascii	"\322Jy\014\360Q\012\237\2409\036\027s\274\260ti\322"
 236      F0510A9F 
 236      A0391E17 
 236      73BCB074 
 236      69D2
 237 0478 19B731A2 		.ascii	"\031\2671\242\0315\263\321,9:J4\263:\356\242@\324\225"
 237      1935B3D1 
 237      2C393A4A 
 237      34B33AEE 
 237      A240D495 
 238 048c A6F98CA1 		.ascii	"\246\371\214\241\210\021\235\242\370\203]\3326{\252"
 238      88119DA2 
 238      F8835DDA 
 238      367BAA
 239 049b 4F52FDE2 		.ascii	"OR\375\342\223\216<\207\345\231>\023\231>eL\347\372"
 239      938E3C87 
ARM GAS  /tmp/cc1MRYKI.s 			page 18


 239      E5993E13 
 239      993E654C 
 239      E7FA
 240 04ad AF54BA9A 		.ascii	"\257T\272\232\231\"\272\341\247\000>M\3413\224\3513"
 240      9922BAE1 
 240      A7003E4D 
 240      E13394E9 
 240      33
 241 04be 91E952D5 		.ascii	"\221\351R\325|\263\312\022\335\270\022\372l\347t\222"
 241      7CB3CA12 
 241      DDB812FA 
 241      6CE77492 
 242 04ce 0AF758AF 		.ascii	"\012\367X\257i\225\260\246\247t%\367\035Y\\\347(\300"
 242      6995B0A6 
 242      A77425F7 
 242      1D595CE7 
 242      28C0
 243 04e0 98317EC2 		.ascii	"\2301~\302\201\002b\377H\364\363\007\312\206\235\251"
 243      810262FF 
 243      48F4F307 
 243      CA869DA9 
 244 04f0 AEB123BA 		.ascii	"\256\261#\272~\241cl\205e\276 \006\366\202\005v\364"
 244      7EA1636C 
 244      8565BE20 
 244      06F68205 
 244      76F4
 245 0502 6EA15CFA 		.ascii	"n\241\\\372\006\346\000=O\321\213\224\351\202\310\364"
 245      06E6003D 
 245      4FD18B94 
 245      E982C8F4 
 246 0512 4EDDDD7B 		.ascii	"N\335\335{\316\370\036c\232Yt\333\300V\340\024\255\022"
 246      CEF81E63 
 246      9A5974DB 
 246      C056E014 
 246      AD12
 247 0524 53738BB7 		.ascii	"Ss\213\267\034\361#f\324d\367\317+Y\030\244^\271\316"
 247      1CF12366 
 247      D464F7CF 
 247      2B5918A4 
 247      5EB9CE
 248 0537 6746FF05 		.ascii	"gF\377\005m\024\2575\344\303MG\012h\257~\362\2638\236"
 248      6D14AF35 
 248      E4C34D47 
 248      0A68AF7E 
 248      F2B3389E 
 249 054b 4F7F85CC 		.ascii	"O\177\205\314\205~\205\022z\204[cb\200\226(\215\277"
 249      857E8512 
 249      7A845B63 
 249      62809628 
 249      8DBF
 250 055d C2874CC7 		.ascii	"\302\207L\307\037\214\324e\275\325\260\031u\000\262"
 250      1F8CD465 
 250      BDD5B019 
 250      7500B2
 251 056c 53408A95 		.ascii	"S@\212\225\002B\262\000jtUz\005 I-1\012HSM\3449k\237"
 251      0242B200 
 251      6A74557A 
ARM GAS  /tmp/cc1MRYKI.s 			page 19


 251      0520492D 
 251      310A4853 
 252 0585 25A2CF21 		.ascii	"%\242\317!\251\317\007\226\263\363\274NO\220\260\363"
 252      A9CF0796 
 252      B3F3BC4E 
 252      4F90B0F3 
 253 0595 D15D0129 		.ascii	"\321]\001)\326\003\241X\231\221\227E\344})rP\202,\025"
 253      D603A158 
 253      99919745 
 253      E47D2972 
 253      50822C15 
 254 05a9 910FA5C8 		.ascii	"\221\017\245\310G\022d\216\210\354\223\"\373%Y*\023"
 254      4712648E 
 254      88EC9322 
 254      FB25592A 
 254      13
 255 05ba 231A9646 		.ascii	"#\032\226F4bF\376(\274\364\217#d\250\011\354\315\324"
 255      346246FE 
 255      28BCF48F 
 255      2364A809 
 255      ECCDD4
 256 05cd 44D0705A 		.ascii	"D\320pZ\240\343\234\033:\300mD?\200\034\003\321\202"
 256      A0E39C1B 
 256      3AC06D44 
 256      3F801C03 
 256      D182
 257 05df C4801C02 		.ascii	"\304\200\034\0029\010r\030$\012$\032\344(H$\210\206"
 257      39087218 
 257      240A241A 
 257      E4284824 
 257      8886
 258 05f1 DB480F3D 		.ascii	"\333H\017=\312\266\234p\200\035\214\236\010\034\304"
 258      CAB69C70 
 258      801D8C9E 
 258      081CC4
 259 0600 7D8D2625 		.ascii	"}\215&%lsE\266\003R\266\006\011\262\342\255\323\233"
 259      6C7345B6 
 259      0352B606 
 259      09B2E2AD 
 259      D39B
 260 0612 D17340FE 		.ascii	"\321s@\376\" \305=\205f%\310l\321g\257\324\347=3\222"
 260      2220C53D 
 260      856625C8 
 260      6CD167AF 
 260      D4E73D33 
 261 0627 9CE0864C 		.ascii	"\234\340\206L\275\202G\004\"\023\273\024S?0\376|q\301"
 261      BD824704 
 261      2213BB14 
 261      533F30FE 
 261      7C71C1
 262 063a 05AD71B3 		.ascii	"\005\255q\263\225)\364#$\350\177\221,J\242:\0329\240"
 262      9529F423 
 262      24E87F91 
 262      2C4AA23A 
 262      1A39A0
 263 064d 58F0D662 		.ascii	"X\360\326b\356!\010%\261\207\270\360c\246N\241:bn\217"
 263      EE210825 
ARM GAS  /tmp/cc1MRYKI.s 			page 20


 263      B187B8F0 
 263      63A64EA1 
 263      3A626E8F 
 264 0661 29D8BCAB 		.ascii	")\330\274\253\3438\025m\253\340\016\350\212\376\250"
 264      E338156D 
 264      ABE00EE8 
 264      8AFEA8
 265 0670 5156330C 		.ascii	"QV3\014\016dt\223\361D\244\035\335\2141ts\026\014\037"
 265      0E647493 
 265      F144A41D 
 265      DD8C3174 
 265      73160C1F 
 266 0684 3DE48A53 		.ascii	"=\344\212S0\353\2534\215YJ\261{\320\376\256\356\241"
 266      30EBAB34 
 266      8D594AB1 
 266      7BD0FEAE 
 266      EEA1
 267 0696 B22DB7D6 		.ascii	"\262-\267\326\025_`\343\233gj\362\034q6S\236O\326\366"
 267      155F60E3 
 267      9B676AF2 
 267      1C713653 
 267      9E4FD6F6 
 268 06aa 39E07CA6 		.ascii	"9\340|\246\244'\234\314f\323R\026E-\232*\005.f\266\242"
 268      A4279CCC 
 268      66D35216 
 268      452D9A2A 
 268      052E66B6 
 269 06bf A89F5A15 		.ascii	"\250\237Z\025\270Bp!\374\314Q\261\2379GN\306\327#\\"
 269      B8427021 
 269      FCCC51B1 
 269      9F39474E 
 269      C6D7235C 
 270 06d3 C36CE299 		.ascii	"\303l\342\231\356\302\316\364\331\037\246\242X]Q\021"
 270      EEC2CEF4 
 270      D91FA6A2 
 270      585D5111 
 271 06e3 753836F3 		.ascii	"u86\3632\033\351D\177\002M\247\236t^\276\366\235\347"
 271      321BE944 
 271      7F024DA7 
 271      9E745EBE 
 271      F69DE7
 272 06f6 84DA778E 		.ascii	"\204\332w\216\243q\244\264w%9K\213\372Yn=\322\321\012"
 272      A371A4B4 
 272      7725394B 
 272      8BFA596E 
 272      3DD2D10A 
 273 070a 91C6AD16 		.ascii	"\221\306\255\026\007\321\206`\241\377\226\223\264\250"
 273      07D18660 
 273      A1FF9693 
 273      B4A8
 274 0718 2F8BAE9E 		.ascii	"/\213\256\236yjt\302\327Y\020gf[\352])\315Wh\253]\177"
 274      796A74C2 
 274      D7591067 
 274      665BEA5D 
 274      29CD5768 
 275 072f ADD70937 		.ascii	"\255\327\01170\233\226\327\344(\361\015\246d\016\336"
 275      309B96D7 
ARM GAS  /tmp/cc1MRYKI.s 			page 21


 275      E428F10D 
 275      A6640EDE 
 276 073f 8863C5FC 		.ascii	"\210c\305\374\015ZR\037\214%9\343\016f\033=\237\331"
 276      0D5A521F 
 276      8C2539E3 
 276      0E661B3D 
 276      9FD9
 277 0751 ADC2DD4C 		.ascii	"\255\302\335L\031\230\035\250e\307\331f\242^=\220R\354"
 277      19981DA8 
 277      65C7D966 
 277      A25E3D90 
 277      52EC
 278 0763 84FB986D 		.ascii	"\204\373\230mx<nR\216\207\230\022Y\223\323\301\200\037"
 278      783C6E52 
 278      8E879812 
 278      5993D3C1 
 278      801F
 279 0775 D2B3E6E9 		.ascii	"\322\263\346\351\371C\016x\204\331\012\3222\212Yn?\246"
 279      F9430E78 
 279      84D90AD2 
 279      328A596E 
 279      3FA6
 280 0787 798FCE37 		.ascii	"y\217\3167\332/\237\275\0021{o\322\344E\246d\030\260"
 280      DA2F9FBD 
 280      02317B6F 
 280      D2E445A6 
 280      6418B0
 281 079a 900E9D78 		.ascii	"\220\016\235xr\344C:\022i:\012i:\012\304t4\236H\031"
 281      72E4433A 
 281      12693A0A 
 281      693A0AC4 
 281      74349E48 
 282 07af 5658A24F 		.ascii	"VX\242Or+\240Kk\273\226\234\360\2045K\025c\271\250\341"
 282      722BA04B 
 282      6BBB969C 
 282      F084354B 
 282      1563B9A8 
 283 07c4 0B1DF134 		.ascii	"\013\035\3614\263\225\346\307\316\263S~"
 283      B395E6C7 
 283      CEB3537E 
 284 07d0 3B516BB5 		.ascii	";Qk\265\3749\025~\216\255\032/\027\241\361:\226\233"
 284      FC39157E 
 284      8EAD1A2F 
 284      17A1F13A 
 284      969B
 285 07e2 FE8CBD04 		.ascii	"\376\214\275\004\332\366d\236\273\327\202\227\217\266"
 285      DAF6649E 
 285      BBD78297 
 285      8FB6
 286 07f0 428CB65C 		.ascii	"B\214\266\\X+c\355Y\256\322\203\262\014\002H\241\001"
 286      582B63ED 
 286      59AED283 
 286      B20C0248 
 286      A101
 287 0802 54D2002A 		.ascii	"T\322\000*\304\000\216\314\347WcK4\011wY\364dA&4\000"
 287      C4008ECC 
 287      E757634B 
ARM GAS  /tmp/cc1MRYKI.s 			page 22


 287      34097759 
 287      F4644126 
 288 0818 F3C2DBAB 		.ascii	"\363\302\333\253\032\347Yc\343c\331!\272\010\035bBs"
 288      1AE75963 
 288      E363D921 
 288      BA081D62 
 288      4273
 289 082a 491FDB00 		.ascii	"I\037\333\000\364\364\317z\220?\262B\033sM\214\"\213"
 289      F4F4CF7A 
 289      903FB242 
 289      1B734D8C 
 289      228B
 290 083c EDDCB2F3 		.ascii	"\355\334\262\363E\273\245A\\\005Z\265\224\326uJ\353"
 290      45BBA541 
 290      5C055AB5 
 290      94D6754A 
 290      EB
 291 084d 9A48EB97 		.ascii	"\232H\353\227\005\375\360KA,\213\036\277s-Z\205\227"
 291      05FDF04B 
 291      412C8B1E 
 291      BF732D5A 
 291      8597
 292 085f 5810678F 		.ascii	"X\020g\217\025\314\263\006\364;\372\343\364\324\301"
 292      15CCB306 
 292      F43BFAE3 
 292      F4D4C1
 293 086e 5639D6C8 		.ascii	"V9\326\310\331\326\257.|\312\366\254\226\350\353r\007"
 293      D9D6AF2E 
 293      7CCAF6AC 
 293      96E8EB72 
 293      07
 294 087f 1E153998 		.ascii	"\036\0259\230{\203\215\226]\202\0339\313\015\223\372"
 294      7B838D96 
 294      5D821B39 
 294      CB0D93FA 
 295 088f 26152F9C 		.ascii	"&\025/\234\346\251\034F}\226\2479\313\350%d:\371\237"
 295      E6A91C46 
 295      7D96A739 
 295      CBE82564 
 295      3AF99F
 296 08a2 984EFE64 		.ascii	"\230N\376d\333Xs\223p,G\2046H\241\215\022\350\270\311"
 296      DB587393 
 296      702C4784 
 296      3648A18D 
 296      12E8B8C9 
 297 08b6 EB192934 		.ascii	"\353\031)4\321\022\032\037\251\323\276\003\310\"n5\372"
 297      D1121A1F 
 297      A9D3BE03 
 297      C8226E35 
 297      FA
 298 08c7 49408AEB 		.ascii	"I@\212\353\034\025K\234\032MN\363\244N/[\205\025\257"
 298      1C154B9C 
 298      1A4D4EF3 
 298      A44E2F5B 
 298      8515AF
 299 08da D11DA15C 		.ascii	"\321\035\241\\\311+(\225bK\254S\020\251\233#\347d:0"
 299      C92B2895 
ARM GAS  /tmp/cc1MRYKI.s 			page 23


 299      624BAC53 
 299      10A99B23 
 299      E7643A30 
 300 08ee C810A062 		.ascii	"\310\020\240b\231B\027\254\270jt\243z\321\353)\251\327"
 300      994217AC 
 300      B86A74A3 
 300      7AD1EB29 
 300      A9D7
 301 0900 37AC9151 		.ascii	"7\254\221Q\246\371\257\330\236\337\034\326\222)\254"
 301      A6F9AFD8 
 301      9EDF1CD6 
 301      9229AC
 302 090f 5CDB6199 		.ascii	"\\\333a\231\241c&\350i\233\363[\274\327\027&h\246\024"
 302      A16326E8 
 302      699BF35B 
 302      BCD71726 
 302      68A614
 303 0922 7AC9D22B 		.ascii	"z\311\322+\364\036G\311\033\200\365I\3734\202\024W-"
 303      F41E47C9 
 303      1B80F549 
 303      FB348214 
 303      572D
 304 0934 FAD93AAD 		.ascii	"\372\331:\255\221\272\030\002\255\003h='\201\336A\326"
 304      91BA1802 
 304      AD03683D 
 304      2781DE41 
 304      D6
 305 0945 54274CF3 		.ascii	"T'L\363'\331^\001\026\\\027L\330,\333\\-\260\277\232"
 305      27D95E01 
 305      165C174C 
 305      D82CDB5C 
 305      2DB0BF9A 
 306 0959 B039526C 		.ascii	"\2609Rl\266\024\273h\302\352mc_\352\354N@8\361\324\324"
 306      B614BB68 
 306      C2EA6D63 
 306      5FEAEC4E 
 306      4038F1D4 
 307 096e 27342B06 		.ascii	"'4+\006hVnA\003r\033\244\025\244\007\244\031\244\011"
 307      68566E41 
 307      03721BA4 
 307      15A407A4 
 307      19A409
 308 0981 E426C800 		.ascii	"\344&\310\000\310\035\220\273 \367@zA:A\332@n\200t\200"
 308      C81D90BB 
 308      20F7407A 
 308      413A41DA 
 308      406E8074 
 309 0996 B483F483 		.ascii	"\264\203\364\203t\203t\201\264\230:?Hi4Ii\025\244\264"
 309      74837481 
 309      B4983A3F 
 309      48693449 
 309      6915A4B4 
 310 09aa 5AE02816 		.ascii	"Z\340(\026>T#y\373\363\246p.J\303a\0155\013\235\266"
 310      3E542379 
 310      FBF3A670 
 310      2E4AC361 
 310      0D350B9D 
ARM GAS  /tmp/cc1MRYKI.s 			page 24


 311 09bf 4823B44F 		.ascii	"H#\264O\353\263\325\247\035\354I\321)\220\333\032\212"
 311      EBB3D5A7 
 311      1DEC49D1 
 311      2990DB1A 
 311      8A
 312 09d0 3BBED701 		.ascii	";\276\327\001\015\202\247\004\316\324I\365\211\235\224"
 312      0D82A704 
 312      CED449F5 
 312      899D94
 313 09df ADC4A0FB 		.ascii	"\255\304\240\373\220\217\377Gn\240\364E\305\337.r\262"
 313      908FFF47 
 313      6EA0F445 
 313      C5DF2E72 
 313      B2
 314 09f0 6AE306AD 		.ascii	"j\343\006\255\332\270!\241\215\033\242m\\\203>\345\033"
 314      DAB821A1 
 314      8D1BA26D 
 314      5C833EE5 
 314      1B
 315 0a01 1C458BA6 		.ascii	"\034E\213\246|(9\257\330\025\271\255_O\377|\325\362"
 315      7C2839AF 
 315      D815B9AD 
 315      5F4FFF7C 
 315      D5F2
 316 0a13 1FC32F2F 		.ascii	"\037\303//%z\300as\"d\247\341\371\334G\304\000_\035"
 316      257AC061 
 316      732264A7 
 316      E1F9DC47 
 316      C4005F1D 
 317 0a27 E8DDC65F 		.ascii	"\350\335\306_Y\017!\304\021z,\014C\006\036\261\323m"
 317      590F21C4 
 317      117A2C0C 
 317      43061EB1 
 317      D36D
 318 0a39 F0C47414 		.ascii	"\360\304t\024\375\321H\320\332\337B\037\352:\324\205"
 318      FDD148D0 
 318      DADF421F 
 318      EA3AD485 
 319 0a49 E9993442 		.ascii	"\351\2314B+z\322\331\256'\254k\3713=\260+F\236\263\203"
 319      2B7AD2D9 
 319      AE27AC6B 
 319      F9333DB0 
 319      2B469EB3 
 320 0a5e 96FE55A5 		.ascii	"\226\376U\245\351\211<\260\302\277G\023\342\0215\316"
 320      E9893CB0 
 320      C2BF4713 
 320      E21135CE 
 321 0a6e 9CB78E54 		.ascii	"\234\267\216T\037UX\266Y$\320Q\230|\214.\236'\364\324"
 321      1F5558B6 
 321      5924D051 
 321      987C8C2E 
 321      9E27F4D4 
 322 0a82 99104F9D 		.ascii	"\231\020O\235\354\254g\211V\277\313\037\257\204~\030"
 322      ECAC6789 
 322      56BFCB1F 
 322      AF847E18 
 323 0a92 973085F1 		.ascii	"\2270\205\3611v\0165Fe\315:\341SL\231\030\030\276\355"
ARM GAS  /tmp/cc1MRYKI.s 			page 25


 323      31760E35 
 323      4665CD3A 
 323      E1534C99 
 323      1818BEED 
 324 0aa6 F2FA39BE 		.ascii	"\362\3729\276]\227g\324\204F\306\032\300\035\371\003"
 324      5D9767D4 
 324      8446C61A 
 324      C01DF903 
 325 0ab6 134DC23A 		.ascii	"\023M\302:\236\202\245T\2056X\370\235&\211G\027\020"
 325      9E82A554 
 325      853658F8 
 325      9D268947 
 325      1710
 326 0ac8 27434FB9 		.ascii	"'CO\271\327e\016\373\202B\"\266\274\347\027\241\370"
 326      D7650EFB 
 326      824222B6 
 326      BCE717A1 
 326      F8
 327 0ad9 C7E75F6F 		.ascii	"\307\347_o\360\222)\375\374\304'\357x\354\013\017\363"
 327      F09229FD 
 327      FCC427EF 
 327      78EC0B0F 
 327      F3
 328 0aea 080A0908 		.ascii	"\010\012\011\010\336\267;\320#$\360?\301A\273<\366\372"
 328      DEB73BD0 
 328      2324F03F 
 328      C141BB3C 
 328      F6FA
 329 0afc 07EC090A 		.ascii	"\007\354\011\012\011\364\360\333\035\370\255\377\276"
 329      09F4F0DB 
 329      1DF8ADFF 
 329      BE
 330 0b09 E008BF88 		.ascii	"\340\010\277\210\375\337\005\206\273\357\221m\264\205"
 330      FDDF0586 
 330      BBEF916D 
 330      B485
 331 0b17 0EDF1FEE 		.ascii	"\016\337\037\356\341\027\036\261\033<\002dU\310\277"
 331      E1171EB1 
 331      1B3C0264 
 331      55C8BF
 332 0b26 8302B685 		.ascii	"\203\002\266\205\370\357\012\016\334\031\030\020\021"
 332      F8EF0A0E 
 332      DC191810 
 332      11
 333 0b33 1AB6C5DD 		.ascii	"\032\266\305\335\335\303kO\320\256\240/|\375\266\270"
 333      DDC36B4F 
 333      D0AEA02F 
 333      7CFDB6B8 
 334 0b43 6F767FDF 		.ascii	"ov\177\337#4\334c\217\177\260\307w\241a\021\341\036"
 334      2334DC63 
 334      8F7FB0C7 
 334      77A16111 
 334      E11E
 335 0b55 01A17BF7 		.ascii	"\001\241{\367\206\206xx\252wx\355\370\336\203\014v\017"
 335      86867878 
 335      AA7778ED 
 335      F8DE830C 
ARM GAS  /tmp/cc1MRYKI.s 			page 26


 335      760F
 336 0b67 90FD81DC 		.ascii	"\220\375\201\334\267\006\205\233\275\274J\236\370\006"
 336      B706859B 
 336      BDBC4A9E 
 336      F806
 337 0b75 46F8EE0F 		.ascii	"F\370\356\017\217\010\334\273\335?dwp`\230OXPhXP\304"
 337      8F08DCBB 
 337      DD3F6477 
 337      7060984F 
 337      58506858 
 338 0b8b 7E3AA757 		.ascii	"~:\247Wp\240\177\230O`\010\360\370\227=\011\357C\277"
 338      70A07F98 
 338      4F6008F0 
 338      F8973D09 
 338      EF43BF
 339 0b9e 08471628 		.ascii	"\010G\026(\371\366\371No/\277\257 \016\271\267\3576"
 339      F9F6F94E 
 339      6F2FBFAF 
 339      200EB9B7 
 339      EF36
 340 0bb0 B5A37A1B 		.ascii	"\265\243z\033|\356\334\266u\263\334\333k\233\332A\315"
 340      7CEEDCB6 
 340      75B3DCDB 
 340      6B9BDA41 
 340      CD
 341 0bc1 B477C1E8 		.ascii	"\264w\301\350c6\276\007F\013u\213\334\333\363\023\263"
 341      6336BE07 
 341      460B758B 
 341      DCDBF313 
 341      B3
 342 0bd2 FA3EE7ED 		.ascii	"\372>\347\355cR\376&\367\375\312[\375\256\255X\003\277"
 342      6352FE26 
 342      F7FDCA5B 
 342      FDAEAD58 
 342      03BF
 343 0be4 8FF0F0DA 		.ascii	"\217\360\360\332\341\353\355kJ\\@hX\240_\300\336\367"
 343      E1EBED6B 
 343      4A5C4068 
 343      58A05FC0 
 343      DEF7
 344 0bf6 215D0EBE 		.ascii	"!]\016\276^\237PZv^>_{o\205\011}\325\362\235_}\241\266"
 344      5E9F505A 
 344      765E3E5F 
 344      7B6F8509 
 344      7DD5F29D 
 345 0c0e F3F4567B 		.ascii	"\363\364V{\251\261/\210\027\271o\367\261\363\335N\214"
 345      A9B12F88 
 345      17B96FF7 
 345      B1F3DD4E 
 345      8C
 346 0c1f 5E9FC2C7 		.ascii	"^\237\302\307v\362\261\025>\354v\354\370\324S-\377\204"
 346      76F2B115 
 346      3EEC76EC 
 346      F8D4532D 
 346      FF84
 347 0c31 7C78828E 		.ascii	"|x\202\216}>U\343\255 \236[\325r\260\251!\"O58\367\364"
 347      7D3E55E3 
ARM GAS  /tmp/cc1MRYKI.s 			page 27


 347      AD209E5B 
 347      D572B0A9 
 347      21224F35 
 348 0c48 52CB03F6 		.ascii	"R\313\003\366\370\2079\370\371}\273/$\300\317\317Y\374"
 348      F88739F8 
 348      F97DBB2F 
 348      24C0CFCF 
 348      59FC
 349 0c5a E2FEC1BB 		.ascii	"\342\376\301\273\233\377\376_\037v\203^"
 349      9BFFFE5F 
 349      1F76835E 
 350              		.text
 351              		.section	.gnu.lto_.symtab.d91454d3c0db5004,"",%progbits
 352 0000 6E766963 		.ascii	"nvicEnableVector\000\000\000\000\000\000\000\000\000"
 352      456E6162 
 352      6C655665 
 352      63746F72 
 352      00000000 
 353 0019 000000B8 		.ascii	"\000\000\000\270\000\000\000nvicDisableVector\000\000"
 353      0000006E 
 353      76696344 
 353      69736162 
 353      6C655665 
 354 0033 00000000 		.ascii	"\000\000\000\000\000\000\000\000\000\000\274\000\000"
 354      00000000 
 354      0000BC00 
 354      00
 355 0040 006E7669 		.ascii	"\000nvicSetSystemHandlerPriority\000\000\000\000\000"
 355      63536574 
 355      53797374 
 355      656D4861 
 355      6E646C65 
 356 0062 00000000 		.ascii	"\000\000\000\000\000\000\000\276\000\000\000nvicCle"
 356      000000BE 
 356      0000006E 
 356      76696343 
 356      6C65
 357 0074 61725065 		.ascii	"arPending\000\000\000\000\000\000\000\000\000\000\000"
 357      6E64696E 
 357      67000000 
 357      00000000 
 357      00000000 
 358 0088 00C00000 		.ascii	"\000\300\000\000\000"
 358      00
 359              		.text
 360              		.section	.gnu.lto_.opts,"",%progbits
 361 0000 272D666E 		.ascii	"'-fno-trapv' '-mcpu=cortex-m4' '-mfloat-abi=hard' '"
 361      6F2D7472 
 361      61707627 
 361      20272D6D 
 361      6370753D 
 362 0033 2D6D6670 		.ascii	"-mfpu=fpv4-sp-d16' '-mno-thumb-interwork' '-mthumb'"
 362      753D6670 
 362      76342D73 
 362      702D6431 
 362      36272027 
 363 0066 20272D67 		.ascii	" '-ggdb' '-Os' '-fomit-frame-pointer' '-falign-func"
ARM GAS  /tmp/cc1MRYKI.s 			page 28


 363      67646227 
 363      20272D4F 
 363      73272027 
 363      2D666F6D 
 364 0099 74696F6E 		.ascii	"tions=16' '-ffunction-sections' '-fdata-sections' '"
 364      733D3136 
 364      2720272D 
 364      6666756E 
 364      6374696F 
 365 00cc 2D666E6F 		.ascii	"-fno-common' '-flto' '-fsingle-precision-constant'\000"
 365      2D636F6D 
 365      6D6F6E27 
 365      20272D66 
 365      6C746F27 
 366              		.text
 367              		.comm	__gnu_lto_v1,1,1
 368              		.comm	__gnu_lto_slim,1,1
 369              		.ident	"GCC: (15:4.9.3+svn231177-1) 4.9.3 20150529 (prerelease)"
ARM GAS  /tmp/cc1MRYKI.s 			page 29


DEFINED SYMBOLS
                            *ABS*:0000000000000000 nvic.c
                            *COM*:0000000000000001 __gnu_lto_v1
                            *COM*:0000000000000001 __gnu_lto_slim

NO UNDEFINED SYMBOLS
