ARM GAS  /tmp/ccdr7Niv.s 			page 1


   1              		.syntax unified
   2              		.cpu cortex-m4
   3              		.eabi_attribute 27, 1
   4              		.eabi_attribute 28, 1
   5              		.fpu fpv4-sp-d16
   6              		.eabi_attribute 20, 1
   7              		.eabi_attribute 21, 1
   8              		.eabi_attribute 23, 3
   9              		.eabi_attribute 24, 1
  10              		.eabi_attribute 25, 1
  11              		.eabi_attribute 26, 1
  12              		.eabi_attribute 30, 4
  13              		.eabi_attribute 34, 1
  14              		.eabi_attribute 18, 4
  15              		.thumb
  16              		.file	"pal.c"
  17              		.text
  18              	.Ltext0:
  19              		.section	.gnu.lto_.profile.90cae5ba45e9a8c6,"",%progbits
  20 0000 789C6366 		.ascii	"x\234cf```a\200\000F\006\015\031\000\000\340\000M"
  20      60606061 
  20      80004606 
  20      0D190000 
  20      E0004D
  21              		.text
  22              		.section	.gnu.lto_.jmpfuncs.90cae5ba45e9a8c6,"",%progbits
  23 0000 789C6366 		.ascii	"x\234cf\300\016\344\24143\003##c=#\023##s}=\023\230"
  23      C00EE4A1 
  23      34330323 
  23      23633D23 
  23      13232373 
  24 0018 6264064B 		.ascii	"bd\006K\2243\002I\0000\362\002\265"
  24      94330249 
  24      0030F202 
  24      B5
  25              		.text
  26              		.section	.gnu.lto_.inline.90cae5ba45e9a8c6,"",%progbits
  27 0000 789C6366 		.ascii	"x\234cf\300\016\336Bif\006\006N\016Ff\006F\020\013H"
  27      C00EDE42 
  27      69660606 
  27      4E0E4666 
  27      0646100B 
  28 0015 38800805 		.ascii	"8\200\010\005\016\266\017z\014l\013\344\231\030\030"
  28      0EB60F7A 
  28      0C6C0BE4 
  28      991818
  29 0024 5FB0B340 		.ascii	"_\260\263@H\020\301\001fr\200\010\0010S\000d\006#\003"
  29      4810C101 
  29      66728008 
  29      01305300 
  29      64062303 
  30 0038 1F2F230B 		.ascii	"\037/#\013\330\010FF0\237Y\001l\0267\323\005~\014c\200"
  30      D8084646 
  30      309F5901 
  30      6C1637D3 
  30      057E0C63 
  31 004d 622806B0 		.ascii	"b(\006\260,\220\227\000\261\024\230\030\230w\210+0\000"
ARM GAS  /tmp/ccdr7Niv.s 			page 2


  31      2C909700 
  31      B1149818 
  31      9877882B 
  31      3000
  32 005f ADB60099 		.ascii	"\255\266\000\231\312\304\300-\214\3440\210\211\234@"
  32      CAC4C02D 
  32      8CE43088 
  32      899C40
  33 006e 09E2DC05 		.ascii	"\011\342\334\005\264F\002d\014\013/\320\223\023\374"
  33      B4460264 
  33      0C0B2FD0 
  33      9313FC
  34 007d 40900100 		.ascii	"@\220\001\000\311\250\037}"
  34      C9A81F7D 
  35              		.text
  36              		.section	.gnu.lto_.pureconst.90cae5ba45e9a8c6,"",%progbits
  37 0000 789C6366 		.ascii	"x\234cf```g\200\000f\006)F)&I\000\001\273\000^"
  37      60606067 
  37      80006606 
  37      29462926 
  37      490001BB 
  38              		.text
  39              		.section	.gnu.lto_palReadBus.90cae5ba45e9a8c6,"",%progbits
  40 0000 789C8D90 		.ascii	"x\234\215\220MK\033Q\024\206\317{\357d>L\245\322\245"
  40      4D4B1B51 
  40      1486CF7B 
  40      EF643E4C 
  40      A5D2A5
  41 0013 B8102158 		.ascii	"\270\020!X\220\314\010\355\017\020\374\001.\372\003"
  41      90CC08ED 
  41      0F10FC01 
  41      2EFA03
  42 0022 4A74A320 		.ascii	"Jt\243 (\015\005w\2161t\323\215\250\013\213\212\212"
  42      280D0577 
  42      8E3174D3 
  42      8DA80B8B 
  42      8A8A
  43 0034 F851BF63 		.ascii	"\370Q\277ck@W\322Eq\321\017\244`\210\213\270h\012\012"
  43      6B4057D2 
  43      4571D10F 
  43      A460888B 
  43      B8680A0A 
  44 0048 2D982A68 		.ascii	"-\230*h\026\242\347\314(\004\3358p\317\235s\3579\317"
  44      16A2E7CC 
  44      2804DD38 
  44      70CF9D73 
  44      EF39CF
  45 005b FB9EABE9 		.ascii	"\373\236\253\351\341W\313+\241\210\236\363\016MPC?\210"
  45      E157CB2B 
  45      A1889EF3 
  45      0E4D5043 
  45      3F88
  46 006d 066C05C8 		.ascii	"\006l\005\310\017\201\372\025\372q\242J\012\333k\347"
  46      0F81FA15 
  46      FA71A24A 
  46      0ADB6BE7 
  47 007d DFA3C7AA 		.ascii	"\337\243\307\252\254\250\2368\335\031\336\0333%\205"
ARM GAS  /tmp/ccdr7Niv.s 			page 3


  47      ACA89E38 
  47      DD19DE1B 
  47      332585
  48 008c 2169EE60 		.ascii	"!i\356`,\3474\316\371~\352t8\323\367at\232o\024\235"
  48      2CE734CE 
  48      F97EEA74 
  48      38D3F761 
  48      749A6F14 
  49 00a1 29C2026A 		.ascii	")\302\002j\261\010\021\302G4r\351\351@\276h\351\030"
  49      B10811C2 
  49      473472E9 
  49      E940BE68 
  49      E918
  50 00b3 A4ED209F 		.ascii	"\244\355 \237\377e\306f\271mwo\323o1\312Jc\011\272\262"
  50      FF65C666 
  50      B96D776F 
  50      D36F31CA 
  50      4A6309BA 
  51 00c8 8F8F08CB 		.ascii	"\217\217\010\313\210Iy)}\225\213\232i\337\367k\256\330"
  51      88497929 
  51      7D958B9A 
  51      69DFF76B 
  51      AED8
  52 00da 35973175 		.ascii	"5\2271u\005&x_\177\266\353__\377\236\377\2331\252\330"
  52      0526785F 
  52      7FB6EB5F 
  52      5FFF9EFF 
  52      9B31AAD8 
  53 00ee 3F7768EE 		.ascii	"?wh\3565\014\016\221\010\007\323\344`Y\222\332\022\034"
  53      350C0E91 
  53      0807D3E4 
  53      605992DA 
  53      121C
  54 0100 128754E4 		.ascii	"\022\207T\344%\263\376\341\204w}\210T\266\364uF\013"
  54      25B3FEE1 
  54      84777D88 
  54      54B6F475 
  54      460B
  55 0112 F6426916 		.ascii	"\366Bi\026=*\376\334\267eRM\342a\353r\352_\365$\306"
  55      3D2AFEDC 
  55      B765524D 
  55      E261EB72 
  55      EA5FF524 
  56 0127 5156F685 		.ascii	"QV\366\205RX\225\331\370|\342|$\3774\336TV\016\3260"
  56      525895D9 
  56      F87CE27C 
  56      24FF34DE 
  56      54560ED6 
  57 013c 89FFE28D 		.ascii	"\211\377\342\215\260\2168\035\342K\026!\317\250\344"
  57      B08E381D 
  57      E24B1621 
  57      CFA8E4
  58 014b 39F77955 		.ascii	"9\367yU,\210\215[^\361\333\373\254\035_\366\323|\021"
  58      2C888D5B 
  58      5EF1DBFB 
  58      AC1D5FF6 
  58      D37C11
ARM GAS  /tmp/ccdr7Niv.s 			page 4


  59 015e 452640CA 		.ascii	"E&@\312\234\330\014\220\251;d\3441\236\236\340S\000"
  59      9CD80C90 
  59      A93B64E4 
  59      319E9EE0 
  59      5300
  60 0170 081EEC73 		.ascii	"\010\036\354s\010(X!@\030\234\017\026\3140\267\330&"
  60      08285821 
  60      40189C0F 
  60      16CC30B7 
  60      D826
  61 0182 9F566AD8 		.ascii	"\237Vj\330\217\321\340\222@C\213F6\320\030\274|W\027"
  61      8FD1E092 
  61      40438B46 
  61      36D018BC 
  61      7C5717
  62 0195 129C806B 		.ascii	"\022\234\200kS\001\267H\036\236\337\036\362\346l\252"
  62      5301B748 
  62      1E9EDF1E 
  62      F2E66CAA 
  63 01a5 C175BDD6 		.ascii	"\301u\275\326\316\256\366\256\266W\257_\270\315\356"
  63      CEAEF6AE 
  63      B657AF5F 
  63      B8CDEE
  64 01b4 4BAF27E9 		.ascii	"K\257'\351u&\272\275\344\233\016\2577\321\355v\220n"
  64      7526BABD 
  64      E49B0EAF 
  64      37D1ED76 
  64      906E
  65 01c6 7F9BBC01 		.ascii	"\177\233\274\001\205\242\326a"
  65      85A2D661 
  66              		.text
  67              		.section	.gnu.lto_palWriteBus.90cae5ba45e9a8c6,"",%progbits
  68 0000 789C8D52 		.ascii	"x\234\215R\317k\023Q\020~\337{\233\335M6\233TO%'\021"
  68      CF6B1351 
  68      107EDF7B 
  68      9BDD4D36 
  68      9B544F25 
  69 0016 4211D944 		.ascii	"B\021\331D\321?@\024z\365\340\037 M/\015\024\024\243"
  69      D13F4014 
  69      7AF5E01F 
  69      204D2F0D 
  69      1414A3
  70 0029 E76E6A3C 		.ascii	"\347nj<y)\365RR\213\240\210\326hkk\233\230\342!x\022"
  70      7929F552 
  70      528BA088 
  70      D6686B6B 
  70      9B98E221 
  71 003f FC51AAA0 		.ascii	"\374Q\252\240D\245\005\215\240\007\241?\002I\304\022"
  71      44A5058D 
  71      A007A13F 
  71      0249C412 
  72 004f 6776B710 		.ascii	"gv\267\020\352\245\201\314{3o\276o\346\233Y%\376\377"
  72      EAA581CC 
  72      7B336FBE 
  72      6FE69B59 
  72      25FEFF
  73 0062 25E83FA8 		.ascii	"%\350?\250\204p\350\204\022\220\023\357\204\310\233"
ARM GAS  /tmp/ccdr7Niv.s 			page 5


  73      8470E884 
  73      129013EF 
  73      84C89B
  74 0071 12E08B80 		.ascii	"\022\340\213\200\030\223\030\303/\271%1Q+MY\003\367"
  74      189318C3 
  74      2FB92531 
  74      512B4D59 
  74      03F7
  75 0083 5DD7DDBC 		.ascii	"]\327\335\274[\351\277\321\337\221B\354H\237\006\017"
  75      5BE9BFD1 
  75      DF9142EC 
  75      489F060F 
  76 0093 3040299B 		.ascii	"0@)\233\371z\303PI\010\272W\347\232o\255\237\262#q\204"
  76      F97AC350 
  76      4908BA57 
  76      E79A6FAD 
  76      9FB22371 
  77 00a8 DD95C957 		.ascii	"\335\225\311WS:\273Rc\367c\275\376AO\336s\335\361Zu"
  77      533ABB52 
  77      63F763BD 
  77      FE414FDE 
  77      73DDF15A 
  78 00bd D13DA375 		.ascii	"\321=\243u\244\302C(\342\303,\022x\204\204\240\220@"
  78      A4C24328 
  78      E2C32C12 
  78      788484A0 
  78      9040
  79 00cf 0949CA9E 		.ascii	"\011I\312\236/\257\025mu\314\343}1]<\353\003\277\370"
  79      2FAF156D 
  79      75CCE37D 
  79      315D3CEB 
  79      03BFF8
  80 00e2 400D8FF7 		.ascii	"@\015\217\367\0035\201'Hr\366Va\367\223\245\027\250"
  80      03358127 
  80      4872F656 
  80      61F793A5 
  80      17A8
  81 00f4 E9BEDDBD 		.ascii	"\351\276\335\275~1\007\035t\316\037\256\271\335\356"
  81      7E31071D 
  81      74CE1FAE 
  81      B9DDEE
  82 0103 F7A5BF15 		.ascii	"\367\245\277\025\355\020\011\246R\212\260!\015\014\016"
  82      ED1009A6 
  82      528AB021 
  82      0D0C0E
  83 0112 D155D7D9 		.ascii	"\321U\327\331\030lL2F\230M\204\214iq,\312\306f7\306"
  83      186C4C32 
  83      46984D84 
  83      8C69712C 
  83      CAC66637 
  84 0127 B7381B21 		.ascii	"\2678\033!\032T\202g\367CJ>\325g\214\227\0276Nr\321"
  84      1A548267 
  84      F7434A3E 
  84      D5678C97 
  84      17364E72 
  85 013c 9654D4D2 		.ascii	"\226T\324\322Fcu\315\344I\320\330\311]n\337\371m\317"
  85      466375CD 
ARM GAS  /tmp/ccdr7Niv.s 			page 6


  85      E449D0D8 
  85      C95D6EDF 
  85      F96DCF
  86 014f 601A1D19 		.ascii	"`\032\035\031nI\322J\0128~\273y\253\036w\216wd\004O"
  86      6E49D24A 
  86      0A387EBB 
  86      79AB1E77 
  86      8E776404 
  87 0164 31836D6F 		.ascii	"1\203mo\322X\200#\210\361\217\356\363\205Z\244\225+"
  87      D2588023 
  87      88F18FEE 
  87      F3855AA4 
  87      952B
  88 0176 C0F7F583 		.ascii	"\300\367\365\203\020jX\364\010y\006x\346\021^o\007\204"
  88      106A58F4 
  88      08790678 
  88      E6115E6F 
  88      0784
  89 0188 86C7A9F7 		.ascii	"\206\307\251\367r\232\007\341\264\260\344qz\363]\366"
  89      729A07E1 
  89      B4B0E471 
  89      7AF35DF6 
  90 0198 392703CE 		.ascii	"9'\003\316\260\317\361\372[{'\312\272\215>\2012\021"
  90      B0CFF1FA 
  90      5B7B27CA 
  90      BA8D3E81 
  90      3211
  91 01aa 508D75C3 		.ascii	"P\215u\303O\211P\026C\276\006\020\313\353$\322\333Y"
  91      4F895016 
  91      43BE0610 
  91      CBEB24D2 
  91      DB59
  92 01bc 94A4069D 		.ascii	"\224\244\006\235\355\241l\"\356E\305\274,\233C\315 "
  92      EDA16C22 
  92      EE45C5BC 
  92      2C9B43CD 
  92      20
  93 01cd 14F7B862 		.ascii	"\024\367\270b\024z9\351\351\351]@d\377\002\010\255P"
  93      147A39E9 
  93      E9E95D40 
  93      64FF0208 
  93      AD50
  94 01df 09B435DE 		.ascii	"\011\2645\336\334,\233N\311-\320\203\215\347\236<Z\031"
  94      DC2C9B4E 
  94      C92DD083 
  94      8DE79E3C 
  94      5A19
  95 01f1 3FBD9F5D 		.ascii	"?\275\237]-F\203\247\030\252p\266i\015$|\005\016\225"
  95      2D4683A7 
  95      18AA70B6 
  95      690D247C 
  95      050E95
  96 0204 14EBC8D7 		.ascii	"\024\353\310\327\272\203\\\215w\326\240A\323\207@\223"
  96      BA835C8D 
  96      77D6A041 
  96      D3874093 
  97 0214 399A4AA5 		.ascii	"9\232J\245\317\215d3\331\363\027.\236J\235H\235N_\312"
ARM GAS  /tmp/ccdr7Niv.s 			page 7


  97      CF8D6433 
  97      D9F3172E 
  97      9E4A9D48 
  97      9D4E5FCA 
  98 0228 A5478646 		.ascii	"\245G\206F\323\271+\303\351\313C\243\251a\2412\327r"
  98      D3B92BC3 
  98      E9CB43A3 
  98      A961A132 
  98      D772
  99 023a 5A267B35 		.ascii	"Z&{5\367\017\254\260\036\326"
  99      F70FACB0 
  99      1ED6
 100              		.text
 101              		.section	.gnu.lto_palSetBusMode.90cae5ba45e9a8c6,"",%progbits
 102 0000 789C8D90 		.ascii	"x\234\215\220\317K\024a\030\307\237\357\363\316\316"
 102      CF4B1461 
 102      18C79FEF 
 102      F3CECE
 103 000f 4CBB6D49 		.ascii	"L\273mI'\331S\004\213D\354LQ\177@\340\301c\207.\335"
 103      27D95304 
 103      8B44EC4C 
 103      517F40E0 
 103      C163872E 
 104 0024 422D5030 		.ascii	"B-P0\214\226\216\342\273f\320)\314.Bj\207\010Kk\267"
 104      8C968EE2 
 104      BB66D029 
 104      CC2E426A 
 104      87084B6B 
 105 0039 2C850A61 		.ascii	",\205\012a\217]*B(&\314\016m\224P\340\246dC,\366<3t"
 105      8F5D2A42 
 105      2826CC0E 
 105      6D9450E0 
 105      A664432C 
 106 0051 A82E0ECC 		.ascii	"\250.\016\314\363\274\317\303\363\375<?\014\375\377"
 106      F3BCCFC3 
 106      F3FD3C3F 
 106      0CFDFF
 107 0060 15E43FC5 		.ascii	"\025\344?\305D%\3610\004\036{IT\361\031\320\007\201"
 107      4425F130 
 107      041E7B49 
 107      54F119D0 
 107      0781
 108 0072 8619C358 		.ascii	"\206\031\303X\343&c\254>7\221\353\270m\255]\037_j\277"
 108      E32663AC 
 108      3E3791EB 
 108      B86DAD5D 
 108      1F5F6ABF 
 109 0086 DC1E8B6C 		.ascii	"\334\036\213l\203S\014f\320!%\353\225\250\341\231\""
 109      83530C66 
 109      D02125EB 
 109      95A8E199 
 109      22
 110 0097 48DE4FAA 		.ascii	"H\336O\252\233/r_8f\354\327\360\351\370\363\011WCv4"
 110      9B2F725F 
 110      3866ECD7 
 110      F0E9F8F3 
 110      09574376 
ARM GAS  /tmp/ccdr7Niv.s 			page 8


 111 00ac 7C1345CB 		.ascii	"|\023E\313n\361\226\265#\365g\363\366\270\023\263\301"
 111      6EF196B5 
 111      23F567F3 
 111      F6B813B3 
 111      C1
 112 00bd 1D18E1E1 		.ascii	"\035\030\341\341.\012\230E\201$E\230CQ\252?\307k3ys"
 112      2E0A9845 
 112      81244598 
 112      4351AA3F 
 112      C76B3379 
 113 00d2 30E1B666 		.ascii	"0\341\266f\257MfSe\224*\035\334\373W\351\020\356\243"
 113      AF4D6653 
 113      65942A1D 
 113      DCFB57E9 
 113      10EEA3
 114 00e5 A8E5CDD1 		.ascii	"\250\345\315\321\326\333\234;*S\267\265\376\014\214"
 114      D6DB9C3B 
 114      2A53B7B5 
 114      FE0C8C
 115 00f4 2A5C88AF 		.ascii	"*\\\210\257\355\253\333\355\355\217\265\257KNV6\226"
 115      EDABDBED 
 115      ED8FB5AF 
 115      4B4E5636 
 115      96
 116 0105 5E46B419 		.ascii	"^F\264\031G\214\233\021\343\271b|OC\037\011\220\032"
 116      478C9B11 
 116      E3B9627C 
 116      4F431F09 
 116      901A
 117 0117 A2D7CB7C 		.ascii	"\242\327\313|bVo\336ad\261\371\343\210\022\267\330H"
 117      62566FDE 
 117      6164B1F9 
 117      E38812B7 
 117      D848
 118 0129 BF0F8D57 		.ascii	"\277\017\215W\257}\335\323\220\266_\370y\363[~\0127"
 118      AF7DDDD3 
 118      90B65FF8 
 118      79F35B7E 
 118      0A37
 119 013b 10F3AE2D 		.ascii	"\020\363\256-f\324d<\315On^\217\366\226\016\305\234"
 119      66D4643C 
 119      CD4F6E5E 
 119      8FF6960E 
 119      C59C
 120 014d C5034CE1 		.ascii	"\305\003L\341{rG<D\211\224\210\224\347\354\004\220\303"
 120      7B72473C 
 120      44899488 
 120      94E7EC04 
 120      90C3
 121 015f 7C02D085 		.ascii	"|\002\320\205\360\350o@f'\200\335x\234\000\222\313,"
 121      F0E86F40 
 121      662780DD 
 121      789C0092 
 121      CB2C
 122 0171 A480552F 		.ascii	"\244\200U/\005(C\342K+n\032{2\224di\005IB9\323\313W"
 122      052843E2 
 122      4B2B6E1A 
ARM GAS  /tmp/ccdr7Niv.s 			page 9


 122      7B329464 
 122      69054942 
 123 0189 AB3CF4CB 		.ascii	"\253<\364\313^\261~\314\371\015\235\003\213\030\"9G"
 123      5EB17ECC 
 123      F90D9D03 
 123      8B182239 
 123      47
 124 019a 522FD93D 		.ascii	"R/\331=\264\212J\375}W\"!=\"\364x\322\360@\020\204\235"
 124      B48A4AFD 
 124      7D572221 
 124      3D22F478 
 124      D2F04010 
 125 01b0 7DFD3DFD 		.ascii	"}\375=\375'N\236>\032\034\016\216\205\203\345\260\257"
 125      274E9E3E 
 125      1A1C0E8E 
 125      8583E5B0 
 125      AF
 126 01c1 7B202C5F 		.ascii	"{ ,_\350\015\317w\017\004\275dz.\226\235s\203g\316\376"
 126      E80DCF77 
 126      0F04BD64 
 126      7A2E969D 
 126      738367CE 
 127 01d6 06373BD4 		.ascii	"\0067;\324\224"
 127      94
 128              		.text
 129              		.section	.gnu.lto_.symbol_nodes.90cae5ba45e9a8c6,"",%progbits
 130 0000 789C55C8 		.ascii	"x\234U\3101\021\200@\020\004\301\271\275\344\315\241"
 130      31118040 
 130      1004C1B9 
 130      BDE4CDA1 
 131 0010 69EFAB5E 		.ascii	"i\357\253^\000\012(\304\020\343\001#@\000\001t\330\011"
 131      000A28C4 
 131      10E30123 
 131      40000174 
 131      D809
 132 0022 4CBC7485 		.ascii	"L\274t\205a\336\301fY\033*9~\321e}#\206\234OP\325H%"
 132      61DEC166 
 132      591B2A39 
 132      7ED1657D 
 132      23869C4F 
 133 003a DB710637 		.ascii	"\333q\0067R\243\025\\"
 133      52A3155C 
 134              		.text
 135              		.section	.gnu.lto_.refs.90cae5ba45e9a8c6,"",%progbits
 136 0000 789C6366 		.ascii	"x\234cf```d\200\002\000\000=\000\005"
 136      60606064 
 136      80020000 
 136      3D0005
 137              		.text
 138              		.section	.gnu.lto_.decls.90cae5ba45e9a8c6,"",%progbits
 139 0000 789CA557 		.ascii	"x\234\245W{PSW\032\277\347\236$\204\220@\253\326:Lw"
 139      7B505357 
 139      1ABFE79E 
 139      24849040 
 139      ABD63A4C 
 140 0015 A438C3B8 		.ascii	"\2448\303\270\273\256\361\261\323]\377\252\353c\213"
 140      BBAEF1B1 
ARM GAS  /tmp/ccdr7Niv.s 			page 10


 140      D35DFFAA 
 140      EB638B
 141 0024 5B5D98D8 		.ascii	"[]\230\330Nwg\377H)\304\312,\012C\302\356\366\277\013"
 141      4E7767FF 
 141      4829C4CA 
 141      2C0A43C2 
 141      EEF6BF0B 
 142 0038 018B8082 		.ascii	"\001\213\200\202 \026\025\021\220\267\210(\276\301G"
 142      20161511 
 142      90B78828 
 142      BEC147
 143 0047 4531F800 		.ascii	"E1\370\000\253hUD\003\024Q\336\370\344\235\375\3169"
 143      AB685544 
 143      031451DE 
 143      F8E49DFD 
 143      CE39
 144 0059 B9B9214D 		.ascii	"\271\271!M\334\316\354\23599\367;\347w\276\357\367="
 144      DCCEEC9D 
 144      3939F73B 
 144      E777BEEF 
 144      F73D
 145 006b CEB92798 		.ascii	"\316\271'\230\343\2704\304q6xn\277\313qKy\216\223\301"
 145      E3B834C4 
 145      7136786E 
 145      BFCB714B 
 145      798E93C1 
 146 007f 5828273D 		.ascii	"X('=D\366\006\214/\264\331\320>@\334\317\0362\257\201"
 146      44F6068C 
 146      2FB4D9D0 
 146      3E40DCCF 
 146      1E32AF81 
 147 0093 DE179A1A 		.ascii	"\336\027\232\032\3321hr\030{\001\375\207\320\202\241"
 147      DA316872 
 147      187B01FD 
 147      87D082A1 
 148 00a3 FD85E882 		.ascii	"\375\205\350\202\261W\320\017C;\013m\334\256\337\006"
 148      B157D00F 
 148      433B0B6D 
 148      DCAEDF06 
 149 00b3 AD8B2882 		.ascii	"\255\213(\202y\204hGu\222\376\267.\366\010\017?;G\321"
 149      79846847 
 149      7592FEB7 
 149      2EF6080F 
 149      3F3B47D1 
 150 00c7 1EB1456C 		.ascii	"\036\261Elz\2627n\267\371\300nWn\267Il\021#\375\320"
 150      7AB2376E 
 150      B7F9C06E 
 150      576EB749 
 150      6C1123FD 
 151 00dc DD65AF54 		.ascii	"\335e\257T?\351\027\271\330\235\355\301\356\273o\361"
 151      3FE917B9 
 151      D89DEDC1 
 151      EEBB6FF1 
 152 00ec F398DDF6 		.ascii	"\363\230\335\366b\220\375\241a\027\273<'\305\224\014"
 152      6290FDA1 
 152      6117BB3C 
 152      27C5940C 
ARM GAS  /tmp/ccdr7Niv.s 			page 11


 153 00fc 2D73B139 		.ascii	"-s\2619\314\243\323U/o\370<\345\221\257*\200\210g2-"
 153      CCA3D355 
 153      2F6FF83C 
 153      E591AF2A 
 153      80886732 
 154 0111 390A10D5 		.ascii	"9\012\020\325*\031\0213o]\257\361\301<\"\357\007r\332"
 154      2A191133 
 154      6F5DAFF1 
 154      C13C22EF 
 154      0772DA
 155 0124 5B540B2A 		.ascii	"[T\013*\004AH\026.\214 I\305\371s#\015*<\233\202\322"
 155      04414816 
 155      2E8C2049 
 155      C5F97323 
 155      0D2A3C9B 
 156 013a 92AD8D2A 		.ascii	"\222\255\215*<\227\276\307\227\324\246y\201\256\017"
 156      3C97BEC7 
 156      97D4A679 
 156      81AE0F
 157 0149 5514F678 		.ascii	"U\024\366x\357h\2217\025I9\370\301\020oy\"\034\360E"
 157      EF689137 
 157      154939F8 
 157      C1106F79 
 157      221CF045 
 158 015d 41AA2250 		.ascii	"A\252\"P:\364 \263\341\003A\220\241j\244B\225\010\243"
 158      3AF420B3 
 158      E1034190 
 158      A16AA442 
 158      9508A3
 159 0170 0AB48078 		.ascii	"\012\264\200xAV\223'Y\020\022\204\014\263\340m\361\345"
 159      41569327 
 159      59101284 
 159      0CB3E06D 
 159      F1E5
 160 0182 5029F247 		.ascii	"P)\362Ge\310\237C\207Q\020 (\026\035\202\301*\030\004"
 160      65C89F43 
 160      87511020 
 160      28161D82 
 160      C12A1804 
 161 0196 C59727CE 		.ascii	"\305\227'\316%\312\221*\310\375\242\243n\026Q\012\247"
 161      25CA912A 
 161      C8FDA2A3 
 161      6E16510A 
 161      A7
 162 01a7 CC99B309 		.ascii	"\314\231\263\011\205#@\341\240D\001\030\211\316\362"
 162      852340E1 
 162      A0440118 
 162      89CEF2
 163 01b6 55A71E0F 		.ascii	"U\247\036\017*E\312\343\365\245\272\004a9:\006\370r"
 163      2A45CAE3 
 163      F5A5BA04 
 163      61393A06 
 163      F872
 164 01c8 097F04BD 		.ascii	"\011\177\004\275\225s\215[\316\350Z\307\310\0135\315"
 164      95738D5B 
 164      CEE85AC7 
 164      C80B35CD 
ARM GAS  /tmp/ccdr7Niv.s 			page 12


 165 01d8 C43B44DC 		.ascii	"\304;D\334\363c\327KL3\301\023\261\372\374\301\255\336"
 165      F363D74B 
 165      4C33C113 
 165      B1FAFCC1 
 165      ADDE
 166 01ea 74F64B22 		.ascii	"t\366K\"\276I\032\332\252\242\263j\"\336}x\344\261\034"
 166      BE491ADA 
 166      AAA2B36A 
 166      22DE7D78 
 166      E4B11C
 167 01fd 1F4734EE 		.ascii	"\037G4\356\365\226\202V9\205Z\351\322\007\315G\332}"
 167      F5968256 
 167      39855AE9 
 167      D207CD47 
 167      DA7D
 168 020f 29760111 		.ascii	")v\001\021wU<\215\300\265\014\332\177\261\350?*`i\376"
 168      77553C8D 
 168      C0B50CDA 
 168      7FB1E83F 
 168      2A6069FE 
 169 0223 65418215 		.ascii	"eA\202\025S\255[\022\325\330\302\226o\253\331\263G\211"
 169      53AD5B12 
 169      D5D8C296 
 169      6FABD9B3 
 169      4789
 170 0235 9B983092 		.ascii	"\233\2300\222Q\\,\303w\230P\224\275\253RNm*\211X[P>"
 170      515C2CC3 
 170      77985094 
 170      BDAB524E 
 170      6D2A8958 
 171 024c A8C46D6C 		.ascii	"\250\304ml\356|c\374\015\025\356d\202\350\265\232y\335"
 171      EE7C63FC 
 171      0D15EE64 
 171      82E8B59A 
 171      79DD
 172 025e 9A5950EA 		.ascii	"\232YP\352\213\273\331\\\323T\306s/\334\313\204\354"
 172      8BBBD95C 
 172      D354C673 
 172      2FDCCB84 
 172      EC
 173 026f AB7BD3E5 		.ascii	"\253{\323\345\270\237\011\031\355\231\267e\3705\232"
 173      B89F0919 
 173      ED99B765 
 173      F8359A
 174 027e 566701AC 		.ascii	"Vg\001\254\316\276\353\0359\246\244\242\315\206I\312"
 174      CEBEEB1D 
 174      39A6A4A2 
 174      CD8649CA 
 175 028e 0ADB6EB6 		.ascii	"\012\333n\266{;\252\354D\027\")\276\016)\263H)\013p"
 175      7B3BAAEC 
 175      44172229 
 175      BE0E29B3 
 175      48290B70 
 176 02a2 CE188443 		.ascii	"\316\030\204C^\006\2618\016n\237 \261\270\006\261\010"
 176      5E06B138 
 176      0E6E9F20 
 176      B1B806B1 
ARM GAS  /tmp/ccdr7Niv.s 			page 13


 176      08
 177 02b3 B0C7A211 		.ascii	"\260\307\242\021\006\257\262*\253\351\030HU\211\212"
 177      06AFB22A 
 177      ABE91848 
 177      55898A
 178 02c2 4FD56FA7 		.ascii	"O\325o\247\265\323\004\212\257H\212\257\243\267j\276"
 178      B5D3048A 
 178      AF488AAF 
 178      A3B76ABE 
 179 02d2 E156333A 		.ascii	"\341V3:9\230\336\201p<\333x\251;_6\3628\211\012\262"
 179      3998DE81 
 179      703CDB78 
 179      A93B5F36 
 179      F238890A 
 180 02e7 94F375B3 		.ascii	"\224\363u\263P\340\314\300\240|\32074n\256]c6\013;\347"
 180      50E0CCC0 
 180      A07CD037 
 180      346EAE5D 
 180      63360B3B 
 181 02fc 50B3CD60 		.ascii	"P\263\315`\366\026\232)i\237\357\017\014~\003?\334\016"
 181      F6169A29 
 181      699FEF0F 
 181      0C7E033F 
 181      DC0E
 182 030e A02864E4 		.ascii	"\240(d\344\013\313c\245\024s\024\014\246Q\013\260\370"
 182      0BCB63A5 
 182      1473140C 
 182      A6510BB0 
 182      F8
 183 031f 0105A2DB 		.ascii	"\001\005\242\333(\220r%\272\363\373\223\024e\213\250"
 183      28907225 
 183      BAF3FB93 
 183      14658BA8 
 184 032f DE9B6EF5 		.ascii	"\336\233n\365\036'*\350\276\261\366\026#%Apv\257\245"
 184      1E272AE8 
 184      BEB1F616 
 184      23254170 
 184      76AFA5
 185 0342 B3E16A4F 		.ascii	"\263\341jOC\277\002\2472\356i\257N\266\252Q`\340,J\336"
 185      43BF02A7 
 185      32EE69AF 
 185      4EB6AA51 
 185      60E02C4A 
 186 0357 DA53DCA4 		.ascii	"\332S\334\244\026,\213\350nk\000\023\367\320,\251\374"
 186      162C8BE8 
 186      6E6B0013 
 186      F7D02CA9 
 186      FC
 187 0368 24EAF9C4 		.ascii	"$\352\371\304\302@\227\374B\002cq\30734\223zi\026\226"
 187      C24097FC 
 187      42026371 
 187      C7333493 
 187      7A691696 
 188 037c 9B9CBD24 		.ascii	"\233\234\275$`\342\345}\360\362.x\371\243\335KJ\375"
 188      60E2E57D 
 188      F0F22E78 
 188      F9A3DD4B 
ARM GAS  /tmp/ccdr7Niv.s 			page 14


 188      4AFD
 189 038e 59929780 		.ascii	"Y\222\227\200\010\344\347\334\013\323\007S\375f\201"
 189      08E4E7DC 
 189      0BD30753 
 189      FD6681
 190 039d CE788F3A 		.ascii	"\316x\217:\271i\012aM\326\275\302)\025\336\306\022\267"
 190      B9690A61 
 190      4DD6BDC2 
 190      2915DEC6 
 190      12B7
 191 03af FBCDF506 		.ascii	"\373\315\365\006?Z\333s\210x\344\3229\263\017\316ds"
 191      3F5ADB73 
 191      8878E4D2 
 191      39B30FCE 
 191      6473
 192 03c1 C2946552 		.ascii	"\302\224eR\203\277c\202x\010\253\331!\274\257\355v\237"
 192      83BF6382 
 192      7808ABD9 
 192      21BCAFED 
 192      769F
 193 03d3 06E7B2B9 		.ascii	"\006\347\262\271\232s\311Y*\\\300\204\262\216\246L\015"
 193      9A73C959 
 193      2A5CC084 
 193      B28EA64C 
 193      0D
 194 03e4 05CE0751 		.ascii	"\005\316\007QSX\370\252G\201f\006JO\020K\264@\351\236"
 194      5358F8AA 
 194      47816606 
 194      4A4F104B 
 194      B440E99E 
 195 03f8 01BAB594 		.ascii	"\001\272\265\224n\247=\321\203\020\202\247\300x\000"
 195      6EA73DD1 
 195      831082A7 
 195      C07800
 196 0407 DA33683F 		.ascii	"\3323h?A\353\202\326\015\255\037\332\023h=\320z\241"
 196      41EB82D6 
 196      0DAD1FDA 
 196      13683DD0 
 196      7AA1
 197 0419 F5398A21 		.ascii	"\3659\212!\321l}d\317\325Y\310\325EH\000Q\350H\300\367"
 197      D16C7D64 
 197      CFD559C8 
 197      D5454800 
 197      51E848C0 
 198 042e D44629F2 		.ascii	"\324F)\362\267\243\363\037\027+\354\330zW\354%\344\224"
 198      B7A3F31F 
 198      172BECD8 
 198      7A57EC25 
 198      E494
 199 0440 58808E38 		.ascii	"X\200\2168\240m\256\320\207\256j\237:\260\227\335\253"
 199      A06DAED0 
 199      87AE6A9F 
 199      3AB097DD 
 199      AB
 200 0451 75C2B63A 		.ascii	"u\302\266:\260\347\\\261\363\2473hs /\270wL\202\216"
 200      B0E75CB1 
 200      F3A73368 
ARM GAS  /tmp/ccdr7Niv.s 			page 15


 200      73202FB8 
 200      774C828E 
 201 0465 3AA08F5C 		.ascii	":\240\217\\\241\217]\240c\016\250\325=\324\211\353\270"
 201      A18F5DA0 
 201      630EA8D5 
 201      3DD489EB 
 201      B8
 202 0476 03DBEE8A 		.ascii	"\003\333\356\212\355\230\2466\336:Xl\270\220\210\321"
 202      ED98A636 
 202      DE3A586C 
 202      B89088D1 
 203 0486 0328BF56 		.ascii	"\003(\277V\367\361rP\260>t\312\331y\267A(\225\266\360"
 203      F7F17250 
 203      B03E74CA 
 203      D979B741 
 203      2895B6F0 
 204 049a FD6205EC 		.ascii	"\375b\005\354\203N7{\230\317+y\331\353\203\202fR\334"
 204      834E377B 
 204      98CF2B79 
 204      D9EB8382 
 204      6652DC
 205 04ad 84418986 		.ascii	"\204A\211\206AQ\235t\304\221E\364qW{h\010J\356\377)"
 205      41519D74 
 205      C49145F4 
 205      71577B68 
 205      084AEEFF 
 206 04c2 3FA8FAD1 		.ascii	"?\250\372\321\253[\276\325\340b\266\005\266\325\355"
 206      AB5BBED5 
 206      E062B605 
 206      B6D5ED
 207 04d1 7FEEAD4E 		.ascii	"\177\356\255N\221\276\254\224\216\2643_ \265\235\030"
 207      91BEAC94 
 207      8EB4335F 
 207      20B59D18 
 208 04e1 507F94D4 		.ascii	"P\177\224\324\233\006'\264\232R\257\335\352\013.\276"
 208      9B0627B4 
 208      9A52AFDD 
 208      EA0B2EBE 
 209 04f1 82F9E712 		.ascii	"\202\371\347\022y\2003\362\2364\242\227@\332Y)\032O"
 209      798033F2 
 209      9E34A297 
 209      40DA5929 
 209      1A4F
 210 0503 6B3E8A70 		.ascii	"k>\212p5\243S\370\260\353\015\306'\231p\367Y\345A\037"
 210      35A353F8 
 210      B0EB0DC6 
 210      279970F7 
 210      59E5411F 
 211 0517 5CC74FFB 		.ascii	"\\\307O\373,\005O\277\376\004K\327\237\362\274\334\267"
 211      2C054FBF 
 211      FE044BD7 
 211      9FF2BCDC 
 211      B7
 212 0528 DC5226C0 		.ascii	"\334R&\300n\260\375\3230\012\203c\342-ewj\353\\\362"
 212      6EB0FDD3 
 212      300A8363 
 212      E22D6577 
ARM GAS  /tmp/ccdr7Niv.s 			page 16


 212      6AEB5CF2 
 213 053c A51987BC 		.ascii	"\245\031\207\274\216H\236\004;.)\250\262\273\346\001"
 213      8E489E04 
 213      3B2E29A8 
 213      B2BBE601 
 214 054c C6DD9487 		.ascii	"\306\335\224\207\374P\311H\021\242\207\304\264\303\341"
 214      FC50C948 
 214      11A287C4 
 214      B4C3E1
 215 055b 24A83C45 		.ascii	"$\250<E#6e\317N\002\037\204l\020\371x>\020\011\274\364"
 215      233665CF 
 215      4E021F84 
 215      6C10F978 
 215      3E1009BC 
 216 0570 25187A74 		.ascii	"%\030zt\315\026\234e\026\212\346\320\340\275\006\223"
 216      CD169C65 
 216      168AE6D0 
 216      E0BD0693 
 217 0580 539EF613 		.ascii	"S\236\366\023|7rh5\023r\223\256\310i\373\011\240i\024"
 217      7C377268 
 217      35137293 
 217      AEC869FB 
 217      09A06914 
 218 0594 4A6E4F6F 		.ascii	"JnOo\334*u\252\317\261\003\244>\247\334\325gE\331\304"
 218      DC2A75AA 
 218      CFB103A4 
 218      3EA7DCD5 
 218      6745D9C4 
 219 05a8 166FB13E 		.ascii	"\026o\261>wC}&\3623\321i)0S\356\352St\037\231\301\353"
 219      77437D26 
 219      F233D169 
 219      293053EE 
 219      EA53741F 
 220 05bf B74500C2 		.ascii	"\267E\000\302\331>\331\323\3443\255\344\210\005\251"
 220      D93ED9D3 
 220      E433ADE4 
 220      8805A9
 221 05ce E49278B5 		.ascii	"\344\222x\265\035y\275mg\226R\306\2631\364\017z\207"
 221      1D79BD6D 
 221      679652C6 
 221      B331F40F 
 221      7A87
 222 05e0 6EB9F353 		.ascii	"n\271\363S\211\362\375lb\033>\377\357\360\324_\361S"
 222      89F2FD6C 
 222      621B3EFF 
 222      EFF0D45F 
 222      F153
 223 05f2 CAA16FF9 		.ascii	"\312\241o\371\367\341w\013/c\032Z^\244,\303\331\230"
 223      F7E1770B 
 223      2F631A5A 
 223      5EA42CC3 
 223      D998
 224 0604 56D0E54B 		.ascii	"V\320\345K\346\004Y@\236\220_=d9\324\021\263\003>\364"
 224      E6045940 
 224      9E905F3D 
 224      6439D411 
 224      B3033EF4 
ARM GAS  /tmp/ccdr7Niv.s 			page 17


 225 0618 82D5669B 		.ascii	"\202\325f\233K\027\241d^\364\220#\357\224,\332\312\007"
 225      4B17A164 
 225      5EF49023 
 225      EF942CDA 
 225      CA07
 226 062a C0C286D6 		.ascii	"\300\302\206\326\254\247\214\006\261\305h\014\364\226"
 226      ACA78C06 
 226      B1C5680C 
 226      F496
 227 0638 764AD452 		.ascii	"vJ\324Rx:\3304:\220\347\343\314-t\266\023\2654J-U\244"
 227      783AD834 
 227      3A90E7E3 
 227      CC2D74B6 
 227      13B5344A 
 228 064f 56545CD7 		.ascii	"VT\\\327\242\300\365\214[n_\355#o\312\315z\246\336p"
 228      A2C0F58C 
 228      5B6E5FED 
 228      236FCACD 
 228      7AA6DE70 
 229 0663 21419820 		.ascii	"!A\230 \267-\262\004ms\"\266M$\266\235\022\253\276x"
 229      B72DB204 
 229      6D7322B6 
 229      4D24B69D 
 229      12ABBE78 
 230 0677 F13DDC4C 		.ascii	"\361=\334L5\360[\012&\3125\216\233tg\005\275I\357\340"
 230      35F05B0A 
 230      26CA358E 
 230      9B746705 
 230      BD49EFE0 
 231 068b 55289DFF 		.ascii	"U(\235\377\2457\351\014\336\355\035\265\245e\254\036"
 231      A537E90C 
 231      DEED1DB5 
 231      A565AC1E 
 232 069b 5357893A 		.ascii	"SW\211:\346\376\341[\367G\325\016\3673\231\373g\356"
 232      E6FEE15B 
 232      F747D50E 
 232      F73399FB 
 232      67EE
 233 06ad 7454C83D 		.ascii	"tT\310=\272\277\223\272\237%\272\277\343Bc\271\037\276"
 233      BABF93BA 
 233      9F25BABF 
 233      E34263B9 
 233      1FBE
 234 06bf C7DC2FA8 		.ascii	"\307\334/\250\032\277\317\213\251\031[\264[\310\217"
 234      1ABFCF8B 
 234      A9195BB4 
 234      5BC88F
 235 06ce 17A66C36 		.ascii	"\027\246l6DW\241l\247\010d\213\021\330E#\340\216[z\372"
 235      4457A16C 
 235      A708648B 
 235      11D84523 
 235      E08E5B7A 
 236 06e3 C0592F47 		.ascii	"\300Y/G\272\276c\334\332\037\245\346\311\351 \331t9"
 236      BABE63DC 
 236      DA1FA5E6 
 236      C9E920D9 
 236      7439
ARM GAS  /tmp/ccdr7Niv.s 			page 18


 237 06f5 6C30FD5A 		.ascii	"l0\375Z\367\013\231G\302{(\341\335\"\341\346\357\353"
 237      F70B9947 
 237      C27B28E1 
 237      DD22E1E6 
 237      EFEB
 238 0707 B2FDF013 		.ascii	"\262\375\360\023F\270\364\336\375\303r l\205X\233\237"
 238      46B8F4DE 
 238      FDC37220 
 238      6C85589B 
 238      9F
 239 0718 AFDC61CE 		.ascii	"\257\334a\316\020k\011V\241\275N\204\367\212\204s)a"
 239      106B0956 
 239      A1BD4E84 
 239      F78A8473 
 239      2961
 240 072a CBC17D5F 		.ascii	"\313\301}_\342\011\252D\326\231[}\302\017\005\371\373"
 240      E209AA44 
 240      D6995B7D 
 240      C20F05F9 
 240      FB
 241 073b D3A42543 		.ascii	"\323\244%C\276\012\300\211}\366\005\354\311\201\361"
 241      BE0AC089 
 241      7DF605EC 
 241      C981F1
 242 074a 918FC904 		.ascii	"\221\217\311\004\274*iO\2237\224)\3409\034Z\340\217"
 242      BC2A694F 
 242      93379429 
 242      E0391C5A 
 242      E08F
 243 075c 7E0D99CB 		.ascii	"~\015\231\313\203\314\221)\016\345\363\376h?O\363\326"
 243      83CC9129 
 243      0EE5F3FE 
 243      683F4FF3 
 243      D6
 244 076d 9135BC55 		.ascii	"\2215\274U\256\262\243\223\377\027:\271ng\011\373G\364"
 244      AEB2A393 
 244      FF173AB9 
 244      6E6709FB 
 244      47F4
 245 077f 37227667 		.ascii	"7\"vg\224\035f\177$|\350gbl\370\006\373\323\243\"\342"
 245      941D667F 
 245      247CE867 
 245      626CF806 
 245      FBD3A322 
 246 0794 D8E89578 		.ascii	"\330\350\225x\005Q-\210[X\255r\332\301%T\371|\177T\314"
 246      05512D88 
 246      5B58AD72 
 246      DAC12554 
 246      F97C7F54 
 247 07a9 745B122B 		.ascii	"t[\022+\232532\354\347E\000\242~\036\000\333E<=\227"
 247      9A353332 
 247      ECE74500 
 247      A27E1E00 
 247      DB453C3D 
 248 07be F819E222 		.ascii	"\370\031\342\"\372\237\250\317\326\350\347\214.|\033"
 248      FA9FA8CF 
 248      D6E8E78C 
ARM GAS  /tmp/ccdr7Niv.s 			page 19


 248      2E7C1B
 249 07cd BA2B33   		.ascii	"\272+3"
 250 07d0 7B08E378 		.ascii	"{\010\343x\031MKk\312d\225\017Na\302\271[w\372\324\363"
 250      194D4B6B 
 250      CA64950F 
 250      4E61C2B9 
 250      5B77FAD4 
 251 07e5 0A849BF9 		.ascii	"\012\204\233\371C\226\376\2169\361\031V\320g\263}\214"
 251      4396FE8E 
 251      39F11956 
 251      D067B37D 
 251      8C
 252 07f6 50193F03 		.ascii	"P\031?\003\225C\216`{;)\256 \201G%\210\347\320A~\036"
 252      95438E60 
 252      7B3B29AE 
 252      20814725 
 252      88E7D041 
 253 080c A9E7E1BC 		.ascii	"\251\347\341\274]\032\317^V\212^\0261/\257\334\211o"
 253      5D1ACF5E 
 253      568A5E16 
 253      312FAFDC 
 253      896F
 254 081e F076F552 		.ascii	"\360v\365R\372.\034\242\274+E\336%\267^\357\227\273"
 254      FA2E1CA2 
 254      BC2B45DE 
 254      25B75EEF 
 254      97BB
 255 0830 7AE9113D 		.ascii	"z\351\021=v-\241Y\216s\230c\355?LMzQ\307\362\353\016"
 255      762DA159 
 255      8E739863 
 255      ED3F4C4D 
 255      7A51C7F2 
 256 0846 08B21C21 		.ascii	"\010\262\034!\221\224\036\252\262{\005g\203\223\242"
 256      91941EAA 
 256      B27B0567 
 256      8393A2
 257 0855 C39257D5 		.ascii	"\303\222W\325\324\253\033\315\266\"\345\264\343\227"
 257      D4AB1BCD 
 257      B622E5B4 
 257      E397
 258 0863 94ACE4D6 		.ascii	"\224\254\344\326\021v\374\222\036\320\373\267\037\035"
 258      1176FC92 
 258      1ED0FBB7 
 258      1F1D
 259 0871 55D0B288 		.ascii	"U\320\262\210\241\227\356\202\3267\354o\264/\021\373"
 259      A197EE82 
 259      D637EC6F 
 259      B42F11FB 
 260 0881 8EE63728 		.ascii	"\216\3467(\251\250!\342\315\244)\245\347x\035\027\343"
 260      A9A821E2 
 260      CDA429A5 
 260      E7781D17 
 260      E3
 261 0892 758CC5AB 		.ascii	"u\214\305\253\2702w\304\3075^G!\03554\035'h\004\216"
 261      B83277C4 
 261      C7355E47 
 261      211D3534 
ARM GAS  /tmp/ccdr7Niv.s 			page 20


 261      1D276804 
 262 08a7 8B11D865 		.ascii	"\213\021\330e\235LS\270\306\313#\272\355^c\217\034\227"
 262      9D4C53B8 
 262      C6CB23BA 
 262      ED5E638F 
 262      1C97
 263 08b9 B078EDB5 		.ascii	"\260x\355\265v\227)X\274z\235\342u\322\036/8I\234\024"
 263      76972958 
 263      BC7A9DE2 
 263      75D21E2F 
 263      38499C14 
 264 08cd 9D92E275 		.ascii	"\235\222\342u\232\237\307\251#\243c\242cM\233\302\214"
 264      9A9FC7A9 
 264      23A363A2 
 264      634D9BC2 
 264      8C
 265 08de FFD49B14 		.ascii	"\377\324\233\024\237\374\365\363\200\225\2342.r\263"
 265      9FFCF5F3 
 265      80959C32 
 265      2E72B3
 266 08ed 69E912BD 		.ascii	"i\351\022\275I\245\327\213\257\277\323\306\031c\265"
 266      49A5D78B 
 266      AFBFD3C6 
 266      1963B5
 267 08fc 919BC3A3 		.ascii	"\221\233\303\243\342\"\014\332\315\206\177GE~\245\335"
 267      E2220CDA 
 267      CD867F47 
 267      457EA5DD 
 268 090c 1416BE31 		.ascii	"\024\026\2761r\263A\253\2170l\010\213\2132\351M\337"
 268      72B341AB 
 268      8F306C08 
 268      8B8B32E9 
 268      4DDF
 269 091e C4188C0B 		.ascii	"\304\030\214\0137r\201\356\320\306o\214Z\275\321\024"
 269      377281EE 
 269      D0C66F8C 
 269      5ABDD114 
 270 092e 011A01B2 		.ascii	"\001\032\001\262l\341B\355\312\215\221_E\206\254\327"
 270      6CE142ED 
 270      CA8D915F 
 270      4586ACD7 
 271 093e 2F5DB868 		.ascii	"/]\270h\341\357\265\321F\355\306\260(-\241c\324\256"
 271      E1EFB5D1 
 271      46EDC6B0 
 271      282DA163 
 271      D4AE
 272 0950 FF6CDDD2 		.ascii	"\377l\335\322%\332\265kWi?\011]\023\362\257%\332\230"
 272      25DAB56B 
 272      57693F09 
 272      5D13F2AF 
 272      25DA98
 273 0963 B0287D54 		.ascii	"\260(}TT\004\254\224\257\011Y\021gT\033M\233\200\330"
 273      5404AC94 
 273      AF095911 
 273      67541B4D 
 273      9B80D8
 274 0976 D73191D1 		.ascii	"\3271\221\321z\223|]\310\252\325:E\310g\177\017]\255"
ARM GAS  /tmp/ccdr7Niv.s 			page 21


 274      7A937C5D 
 274      C8AAD53A 
 274      45C8677F 
 274      0F5DAD
 275 0989 F30A591F 		.ascii	"\363\012Y\037\272z\365*\235<\364\363\320U:\274\006Z"
 275      BA7AF52A 
 275      9D3CF4F3 
 275      D0553ABC 
 275      065A
 276 099b C82A1DFA 		.ascii	"\310*\035\372\202\272\265\370#\207[\344\025\033\015"
 276      82BAB5F8 
 276      23875BE4 
 276      151B0D
 277 09aa 26797894 		.ascii	"&yx\224!,\026\005\313V\254\327\351dkW~\252\223\375\351"
 277      212C1605 
 277      CB56ACD7 
 277      E9646B57 
 277      7EAA93FD 
 278 09bf CFBAB5E4 		.ascii	"\317\272\265\344'\030\257\320\351T,D\221\021\020 \366"
 278      2718AFD0 
 278      E9542C44 
 278      91111020 
 278      F6
 279 09d0 2223E152 		.ascii	"\"#\341R\023\035\372\015aF\323\037\365\246_\271uX\364"
 279      131DFA0D 
 279      6146D31F 
 279      F5A65FB9 
 279      7558F4
 280 09e3 5511BD61 		.ascii	"U\021\275a\003\030\012\362\344\262\270\016|\004\264"
 280      03180AF2 
 280      E4B2B80E 
 280      7C04B4
 281 09f2 0A3A9D21 		.ascii	"\012:\235!,\002\234\014\364\264\302\030\033N\321\341"
 281      2C029C0C 
 281      F4B4C218 
 281      1B4ED1E1 
 282 0a02 9C0F745F 		.ascii	"\234\017t_\304F\232\014\000WFFo\212\2160\350M\032\030"
 282      C4469A0C 
 282      00574646 
 282      6F8A8E30 
 282      E84D1A18 
 283 0a16 5C6F30C1 		.ascii	"\\o0\301\320:\220\337\323\333\203\247\007\022_\307F"
 283      D03A90DF 
 283      D3DB83A7 
 283      07125FC7 
 283      46
 284 0a27 C7C51094 		.ascii	"\307\305\020\224,|cX\254R\257\337\020\2679\\\257\327"
 284      2C7C6358 
 284      AC52AFDF 
 284      10B7395C 
 284      AFD7
 285 0a39 882F0BFF 		.ascii	"\210/\013\377\260x\321\342i\322G\316\322\342\305\377"
 285      B078D1E2 
 285      69D247CE 
 285      D2E2C5FF 
 286 0a49 05C314F1 		.ascii	"\005\303\024\361\011"
 286      09
ARM GAS  /tmp/ccdr7Niv.s 			page 22


 287              		.text
 288              		.section	.gnu.lto_.symtab.90cae5ba45e9a8c6,"",%progbits
 289 0000 70616C52 		.ascii	"palReadBus\000\000\000\000\000\000\000\000\000\000\000"
 289      65616442 
 289      75730000 
 289      00000000 
 289      00000000 
 290 0015 00090100 		.ascii	"\000\011\001\000\000palWriteBus\000\000\000\000\000"
 290      0070616C 
 290      57726974 
 290      65427573 
 290      00000000 
 291 002a 00000000 		.ascii	"\000\000\000\000\000\000\000\016\001\000\000palSetB"
 291      0000000E 
 291      01000070 
 291      616C5365 
 291      7442
 292 003c 75734D6F 		.ascii	"usMode\000\000\000\000\000\000\000\000\000\000\000\000"
 292      64650000 
 292      00000000 
 292      00000000 
 292      0000
 293 004e 16010000 		.ascii	"\026\001\000\000_pal_lld_setgroupmode\000\000\002\000"
 293      5F70616C 
 293      5F6C6C64 
 293      5F736574 
 293      67726F75 
 294 006b 00000000 		.ascii	"\000\000\000\000\000\000\000\000\034\001\000\000"
 294      00000000 
 294      1C010000 
 295              		.text
 296              		.section	.gnu.lto_.opts,"",%progbits
 297 0000 272D666E 		.ascii	"'-fno-trapv' '-mcpu=cortex-m4' '-mfloat-abi=hard' '"
 297      6F2D7472 
 297      61707627 
 297      20272D6D 
 297      6370753D 
 298 0033 2D6D6670 		.ascii	"-mfpu=fpv4-sp-d16' '-mno-thumb-interwork' '-mthumb'"
 298      753D6670 
 298      76342D73 
 298      702D6431 
 298      36272027 
 299 0066 20272D67 		.ascii	" '-ggdb' '-Os' '-fomit-frame-pointer' '-falign-func"
 299      67646227 
 299      20272D4F 
 299      73272027 
 299      2D666F6D 
 300 0099 74696F6E 		.ascii	"tions=16' '-ffunction-sections' '-fdata-sections' '"
 300      733D3136 
 300      2720272D 
 300      6666756E 
 300      6374696F 
 301 00cc 2D666E6F 		.ascii	"-fno-common' '-flto' '-fsingle-precision-constant'\000"
 301      2D636F6D 
 301      6D6F6E27 
 301      20272D66 
 301      6C746F27 
ARM GAS  /tmp/ccdr7Niv.s 			page 23


 302              		.text
 303              		.comm	__gnu_lto_v1,1,1
 304              		.comm	__gnu_lto_slim,1,1
 305              		.ident	"GCC: (15:4.9.3+svn231177-1) 4.9.3 20150529 (prerelease)"
ARM GAS  /tmp/ccdr7Niv.s 			page 24


DEFINED SYMBOLS
                            *ABS*:0000000000000000 pal.c
                            *COM*:0000000000000001 __gnu_lto_v1
                            *COM*:0000000000000001 __gnu_lto_slim

NO UNDEFINED SYMBOLS
