ARM GAS  /tmp/ccKsBrMX.s 			page 1


   1              		.syntax unified
   2              		.cpu cortex-m4
   3              		.eabi_attribute 27, 1
   4              		.eabi_attribute 28, 1
   5              		.fpu fpv4-sp-d16
   6              		.eabi_attribute 20, 1
   7              		.eabi_attribute 21, 1
   8              		.eabi_attribute 23, 3
   9              		.eabi_attribute 24, 1
  10              		.eabi_attribute 25, 1
  11              		.eabi_attribute 26, 1
  12              		.eabi_attribute 30, 4
  13              		.eabi_attribute 34, 1
  14              		.eabi_attribute 18, 4
  15              		.thumb
  16              		.file	"pal_lld.c"
  17              		.text
  18              	.Ltext0:
  19              		.section	.gnu.lto_.profile.fbf7d9d711cf0394,"",%progbits
  20 0000 789C6366 		.ascii	"x\234cf```e\200\000F\206\031\214\361\000\002\263\001"
  20      60606065 
  20      80004686 
  20      198CF100 
  20      02B301
  21 0013 02       		.ascii	"\002"
  22              		.text
  23              		.section	.gnu.lto_.jmpfuncs.fbf7d9d711cf0394,"",%progbits
  24 0000 789C6DCF 		.ascii	"x\234m\317\275\012\302@\020\004\340\3759I\260\320\336"
  24      BD0AC240 
  24      1004E0FD 
  24      3949B0D0 
  24      DE
  25 0011 97DD031B 		.ascii	"\227\335\003\033!\004\322\010\226\301\306\250\021\324"
  25      2104D208 
  25      96C1C6A8 
  25      11D4
  26 001f 56027986 		.ascii	"V\002y\206\324\026\222\312J\270N\213\200\271=\271\312"
  26      D41692CA 
  26      4AB84E8B 
  26      80B93DB9 
  26      CA
  27 0030 69A6F98A 		.ascii	"i\246\371\212\031\206\377\271\377\232\201\020Y\004\307"
  27      1986FFB9 
  27      FF9A8110 
  27      5904C7
  28 003f 0891231C 		.ascii	"\010\221#\034\272:3O\372\020\330\312\266\006p\207\013"
  28      BA3A334F 
  28      FA10D8CA 
  28      B6067087 
  28      0B
  29 0050 308FD46B 		.ascii	"0\217\324k\005}\376\032\246\001\224\012*\017l\022\301"
  29      057DFE1A 
  29      A601940A 
  29      2A0F6C12 
  29      C1
  30 0061 FBDC17F3 		.ascii	"\373\334\027\363\0006\012\366\036\224\223\010N\227\245"
  30      00360AF6 
ARM GAS  /tmp/ccKsBrMX.s 			page 2


  30      1E949308 
  30      4E97A5
  31 0070 9B055028 		.ascii	"\233\005P(8x\320r\004\356\272\315\323\000V\012\216\272"
  31      3878D072 
  31      04EEBACD 
  31      D300560A 
  31      8EBA
  32 0082 0123689A 		.ascii	"\001#h\232\365\215\003\260\012j\017\364\021\361x%\021"
  32      F58D03B0 
  32      0A6A0FF4 
  32      11F17825 
  32      11
  33 0093 11F802F5 		.ascii	"\021\370\002\3659=\304"
  33      393DC4
  34              		.text
  35              		.section	.gnu.lto_.inline.fbf7d9d711cf0394,"",%progbits
  36 0000 789C6366 		.ascii	"x\234cf\300\016\276@if\006\006A\001FvFF\006f\005\020"
  36      C00EBE40 
  36      69660606 
  36      41014676 
  36      46460666 
  37 0016 E1002212 		.ascii	"\341\000\"\022@D\003#\210\\\000&\017\200I\006\001\366"
  37      40440323 
  37      885C0026 
  37      0F804906 
  37      01F6
  38 0028 1B660CBC 		.ascii	"\033f\014\274?B\231\030\030_\260\263@H\020\301\001f"
  38      3F429918 
  38      185FB0B3 
  38      404810C1 
  38      0166
  39 003a 72800801 		.ascii	"r\200\010\0010S\000D(\200\231\012 \302\001\314t\000"
  39      30530044 
  39      2880990A 
  39      20C201CC 
  39      7400
  40 004c 110D8C4C 		.ascii	"\021\015\214L\020\012L2A8L \24702H\234e\000\332\303"
  40      100A4C32 
  40      41384C20 
  40      A7303248 
  40      9C6500DA 
  41 0061 C8C0C0C4 		.ascii	"\310\300\300\304\366A\217\201m\201<X\234\231\007(\300"
  41      F6418F81 
  41      6D813C58 
  41      9C990728 
  41      C0
  42 0072 30C18F58 		.ascii	"0\301\217X\232\211\301f\023\023##\023\320\034\346\220"
  42      9A89C166 
  42      13132323 
  42      13D01CE6 
  42      90
  43 0083 96F30A0C 		.ascii	"\226\363\012\014Bs.231\010]\350ad\001\373\031\000O\260"
  43      42732E32 
  43      3331085D 
  43      E8616401 
  43      FB19004F 
  44 0098 24BF     		.ascii	"$\277"
ARM GAS  /tmp/ccKsBrMX.s 			page 3


  45              		.text
  46              		.section	.gnu.lto_.pureconst.fbf7d9d711cf0394,"",%progbits
  47 0000 789C6366 		.ascii	"x\234cf```g\200\000f\006)F)&)\000\001\274\000_"
  47      60606067 
  47      80006606 
  47      29462926 
  47      290001BC 
  48              		.text
  49              		.section	.gnu.lto_initgpio.fbf7d9d711cf0394,"",%progbits
  50 0000 789C9D94 		.ascii	"x\234\235\224_HSQ\034\307\317\357\334\273\273\3536\347"
  50      5F485351 
  50      1CC7CFEF 
  50      DCBBBBEB 
  50      36E7
  51 0012 1082D853 		.ascii	"\020\202\330S/\303\247\355\206\366\022\010EE\031\030"
  51      2FC3A7ED 
  51      86F61208 
  51      45451918 
  52 0022 06F66E66 		.ascii	"\006\366nf\244\203\321FJ\257\336\311\350%\012\031=\010"
  52      A483D146 
  52      4AAFDEC9 
  52      E8250A19 
  52      3D08
  53 0034 21211295 		.ascii	"!!\022\2253m\326Vj\345u\245\323Z\206O\301\240zh\201"
  53      336DD656 
  53      6AE575A5 
  53      D35A864F 
  53      C1A07A68 
  54 0049 3DF46715 		.ascii	"=\364g\025\330\015\302~\277s\333({\271l\260\3379g\374"
  54      D80DC27E 
  54      BF73DB28 
  54      7BB96CB0 
  54      DF3967FC 
  55 005d CEE77CCE 		.ascii	"\316\347|\316\027\316$\366\377\307\217\337}\016\306"
  55      17CE24F6 
  55      FFC78FDF 
  55      7D0EC6
  56 006c DA700489 		.ascii	"\332p\004\211\001\037^c,\256r\000\2320`\203\034\006"
  56      011F5E63 
  56      2CAE7200 
  56      9A306083 
  56      1C06
  57 007e E1032F73 		.ascii	"\341\003/s\0306R#\356\246\353\272\256\177I\246\007\364"
  57      18365223 
  57      EEA6EBBA 
  57      AE7F49A6 
  57      07F4
  58 0090 2B274DCE 		.ascii	"+'M\316\3307nq\340\0064aOq5\327*\265\002\303\351\354"
  58      D8376E71 
  58      E0063461 
  58      4F7135D7 
  58      2AB502C3 
  59 00a6 D4F717EE 		.ascii	"\324\367\027\356\015nr\330E\313\271\344\312\210BK.\323"
  59      0D6E72D8 
  59      45CBB9E4 
  59      CA88424B 
  59      2ED3
ARM GAS  /tmp/ccKsBrMX.s 			page 4


  60 00b8 F253F9F3 		.ascii	"\362S\371\363\274\032\030\327\365!\2430\243\357\227"
  60      BC1A18D7 
  60      F521A330 
  60      A3EF97
  61 00c7 4D2EC14D 		.ascii	"M.\301M\220\020\007\267\300\017\023\340g\370\023\203"
  61      901007B7 
  61      C00F13E0 
  61      67F81383 
  62 00d7 1404B0FB 		.ascii	"\024\004\260\373\302\344\353\274,\035\020\334\005sb"
  62      C2E4EBBC 
  62      2C1D10DC 
  62      057362
  63 00e6 5DB6765E 		.ascii	"]\266v^\032W\332L.\303\344\366\2152\203\333\020\240"
  63      1A57DA4C 
  63      2EC3E4F6 
  63      8D3283DB 
  63      10A0
  64 00f8 EE72E2D7 		.ascii	"\356r\342\327+\267\222@i\237\345\012S\240\000\216\323"
  64      2BB79240 
  64      699FE50A 
  64      53A0008E 
  64      D3
  65 0109 8D86BEB5 		.ascii	"\215\206\276\265\365nm1\243@#^\027\373%\334\351\220"
  65      F56E6D31 
  65      A340235E 
  65      17FB25DC 
  65      E990
  66 011b 81CE5468 		.ascii	"\201\316Th\252RqQ\361P\361R\361Qa\254\204(\012\350="
  66      AA527151 
  66      F150F152 
  66      F15161AC 
  66      84280AE8 
  67 0130 E7344A45 		.ascii	"\3474JE\030\312\226\227\306\234D\337\344\022\036\374"
  67      18CA9697 
  67      C69C44DF 
  67      E4121EFC 
  68 0140 B6F4725D 		.ascii	"\266\364r]\245\373\312\214<2?\256}\254\037\205\253`"
  68      A5FBCA8C 
  68      3C323FAE 
  68      7DAC1F85 
  68      AB60
  69 0152 726CE030 		.ascii	"rl\3400\215\236\"\207\334\345\237\015\301\224\3563\271"
  69      8D9E2287 
  69      DCE59F0D 
  69      C194EE33 
  69      B9
  70 0163 13EEC028 		.ascii	"\023\356\300(|\025\201B\032\202\254\010\271\344\330"
  70      7C158142 
  70      1A82AC08 
  70      B9E4D8
  71 0172 0E42FECD 		.ascii	"\016B\376\315\223\376\341\305u\335\330iru\023c\230\371"
  71      93FEE1C5 
  71      75DDD869 
  71      72751363 
  71      98F9
  72 0184 C32C152E 		.ascii	"\303,\025.fUd&\360\260:\270+\240te\270\007A\224c$\233"
  72      66556426 
ARM GAS  /tmp/ccKsBrMX.s 			page 5


  72      F0B03AB8 
  72      2BA07465 
  72      B8074194 
  73 019b 5EAEC82A 		.ascii	"^\256\310*v\3552\002$2\314n\267\263\257s_P$\242< \035"
  73      76ED3202 
  73      2432CC6E 
  73      B7B3AF73 
  73      5F5024A2 
  74 01b2 45E894AB 		.ascii	"E\350\224\253:\252]\235Y\001\222\0114W\273\316\274\240"
  74      3AAA5D9D 
  74      59019209 
  74      3457BBCE 
  74      BCA0
  75 01c4 3888F290 		.ascii	"8\210\362\220tT+\235|E\307eW\347\221\000)\004z\\\273"
  75      74542B9D 
  75      7C45C765 
  75      57E79100 
  75      29047A5C 
  76 01d9 CE82A038 		.ascii	"\316\202\2408\211b\220\216\313J\247\252\343\261\253"
  76      8962908E 
  76      CB4AA7AA 
  76      E3B1AB
  77 01e8 B328402A 		.ascii	"\263(@*\201r\265\353<\021\224:\242<%\035\217\225N\241"
  77      8172B5EB 
  77      3C11943A 
  77      A23C251D 
  77      8F954EA1 
  78 01fc A2E3B5AB 		.ascii	"\242\343\265\253\263$@.\002-\327\256\223\027\0247QV"
  78      B324402E 
  78      022DD7AE 
  78      93171437 
  78      5156
  79 020e 48C76BA5 		.ascii	"H\307k\245S\325\361\331\325Y\025 \017\201\236\325\256"
  79      53D5F1D9 
  79      D5591520 
  79      0F819ED5 
  79      AE
  80 021f F35C50EA 		.ascii	"\363\\P\352\211R \035\037{\003q#s\230@\364\210K\370"
  80      8952201D 
  80      1F7B0371 
  80      23739840 
  80      F4884BF8 
  81 0233 EAF0CF01 		.ascii	"\352\360\317\001_\314\336PH;\330\027>\025\356\350\354"
  81      5FCCDE50 
  81      483BD817 
  81      3E15EEE8 
  81      EC
  82 0244 6A09ED0E 		.ascii	"j\011\355\016\355\321\242\375Z_wD\213E\317\015\364k"
  82      EDD1A2FD 
  82      5A5F7744 
  82      8B45CF0D 
  82      F46B
  83 0256 9D278EB5 		.ascii	"\235'\216\2654k\355\355\207\264#\307\217v\234o\326b"
  83      346BEDED 
  83      87B423C7 
  83      8F769C6F 
  83      D662
ARM GAS  /tmp/ccKsBrMX.s 			page 6


  84 0268 DD91AE48 		.ascii	"\335\221\256H\344t\250\2079zc\341hL\351\211\236=\023"
  84      E474A887 
  84      397A63E1 
  84      684CE989 
  84      9E3D13
  85 027b EEFD0D37 		.ascii	"\356\375\0157C\345-"
  85      43E52D
  86              		.text
  87              		.section	.gnu.lto__pal_lld_init.fbf7d9d711cf0394,"",%progbits
  88 0000 789C95D4 		.ascii	"x\234\225\324_HSQ\034\007\360\363;\367\356v\335\246"
  88      5F485351 
  88      1C07F0F3 
  88      3BF7EE76 
  88      DDA6
  89 0012 0E9F640F 		.ascii	"\016\237d\017\325\213\330\213[i/E\017QA\024\206\201"
  89      D58BD88B 
  89      5B692F45 
  89      0F514114 
  89      8681
  90 0024 BD8B19A5 		.ascii	"\275\213\031\2450R2z\023\317\324J\010e\010\201\024\226"
  90      3052327A 
  90      13CFD44A 
  90      08650881 
  90      1496
  91 0036 1596F967 		.ascii	"\025\226\371g\376\311?\371g\271\326\037\315RS\037\""
  91      FEC93FF9 
  91      67B9D61F 
  91      CD52531F 
  91      22
  92 0047 B102FF90 		.ascii	"\261\002\377\220\005JKI\257!v~\347\214\0254\030\033"
  92      054A4B49 
  92      AF21767E 
  92      E78C1534 
  92      181B
  93 0059 ECDC73EE 		.ascii	"\354\334s\3569\367\373\373\234\263q\025\362\377\307"
  93      39F7FBFB 
  93      9CB37115 
  93      F2FFC7
  94 0068 CEBF5E13 		.ascii	"\316\277^\023!G\370\025\024\002\3243N\210[\247\000\330"
  94      2147F815 
  94      1402D433 
  94      4E885BA7 
  94      00D8
  95 007a 21404A29 		.ascii	"!@J)\224\3027\032\244\340\3617\327ZR\033\030c?\002\275"
  95      94C2371A 
  95      A4E0F137 
  95      D75A521B 
  95      18633F02 
  96 008f C957930D 		.ascii	"\311W\223\015J\310*\2251\360\010R\371\222k-\237\206"
  96      4AC82A95 
  96      31F00852 
  96      F9926B2D 
  96      9F86
  97 00a1 55E51010 		.ascii	"U\345\020\020\336\357\363\256\215Y\226\250Aa7\016\373"
  97      DEEFF3AE 
  97      8D5996A8 
  97      4161370E 
ARM GAS  /tmp/ccKsBrMX.s 			page 7


  97      FB
  98 00b2 6B466A35 		.ascii	"kFj5\034R\025\207CF\323\244\232\362\200\2612\377X';"
  98      1C521587 
  98      4346D3A4 
  98      9AF280B1 
  98      32FF5827 
  99 00c7 AC1A5481 		.ascii	"\254\032T\201FPx\036<\006;4\201\235\360[\004\232!\005"
  99      4650781E 
  99      3C063B34 
  99      819DF05B 
  99      049A2105 
 100 00db 97072BB6 		.ascii	"\227\007+\266>X\264\012^\333&kB\013h\300\257mI~\266"
 100      3E58B40A 
 100      5EDB266B 
 100      420B68C0 
 100      AF6D497E 
 101 00f0 BD3DEF1D 		.ascii	"\275=\357\035\234V\223(\177DU\2601\001>\250\361\256"
 101      9C569328 
 101      7F4455B0 
 101      31013EA8 
 101      F1AE
 102 0102 49C7C68C 		.ascii	"I\307\306\214\215\025\233\004ll\330\020\262\300\203"
 102      8D159B04 
 102      6C6CD810 
 102      B2C083
 103 0111 70978B94 		.ascii	"p\227\213\224\342U\231\201@O\360\353>\214^\247\270\343"
 103      E2559981 
 103      404FF0EB 
 103      3E8C5EA7 
 103      B8E3
 104 0123 D19186BE 		.ascii	"\321\221\206\27684k\254\276\222\011\367\227\205\211"
 104      38346BAC 
 104      BE9209F7 
 104      978589
 105 0132 495DDC22 		.ascii	"I]\334\"8,{x\257_\257\203\333`\320\035\320\312\341^"
 105      382C7B78 
 105      AF5FAF83 
 105      DB60D01D 
 105      D0CAE15E 
 106 0146 0EC789F9 		.ascii	"\016\307\211\371\315[\213\226\264fV\341\326\015\252"
 106      CD5B8B96 
 106      B46656E1 
 106      D60DAA
 107 0155 431BD4C1 		.ascii	"C\033\324\301OqV\320\016id\006\312\3274YG\221\245>\006"
 107      4F7156D0 
 107      0E696406 
 107      CAD73459 
 107      4791A53E 
 108 016a 96BA0073 		.ascii	"\226\272\000sU\3066\370\276;x\016\367\324\000\256\212"
 108      55C636F8 
 108      BE3B780E 
 108      F7D400AE 
 108      8A
 109 017b A150E7DF 		.ascii	"\241P\347\337BO \215\307\363\224\262_\327Gw\312j\332"
 109      424F208D 
 109      C7F394B2 
 109      5FD74777 
ARM GAS  /tmp/ccKsBrMX.s 			page 8


 109      CA6ADA
 110 018e BF5B5044 		.ascii	"\277[PD@\367\306\335\345x\236\354f\314\177\320\240q"
 110      40F7C6DD 
 110      E5789EEC 
 110      66CC7FD0 
 110      A071
 111 01a0 EBD4045D 		.ascii	"\353\324\004]\241\360\225@\365f\"\017\267\031\324\014"
 111      A1F09540 
 111      F566220F 
 111      B719D40C 
 112 01b0 DD221A0F 		.ascii	"\335\"\032\017\235\3174\371\226g\023K~3\017\363+\374"
 112      9DCF34F9 
 112      9667134B 
 112      7E330FF3 
 112      2BFC
 113 01c2 30A187EF 		.ascii	"0\241\207\357\212@/\224\220Y0a-\\tg\272\332K\371\242"
 113      8A402F94 
 113      90593061 
 113      2D5C7467 
 113      BADA4BF9 
 114 01d7 4AC66D96 		.ascii	"J\306m\226U|\026\236\362%|\312\347\2739\240 \302\312"
 114      557C169E 
 114      F2257CCA 
 114      E7BB39A0 
 114      20C2CA
 115 01ea 7F53BF4A 		.ascii	"\177S\277J\240\017\354\234g\320x\011\236\013\201\365"
 115      A00FEC9C 
 115      67D07809 
 115      9E0B81F5 
 116 01fa 5884FD42 		.ascii	"X\204\375BH#\013\007\204p0\272\320'\205\301\316\373"
 116      48230B07 
 116      847030BA 
 116      D02785C1 
 116      CEFB
 117 020c 55BA1456 		.ascii	"U\272\024V\012\3413\024\352a\341fHh\216E8$\204Jd\241"
 117      0AE13314 
 117      EA61E166 
 117      48688E45 
 117      3824844A 
 118 0222 5F089F47 		.ascii	"_\010\237G\027\006\244\260\265\243<\230 \205\036!|\201"
 118      1706A4B0 
 118      B5A33C98 
 118      20851E21 
 118      7C81
 119 0234 42735838 		.ascii	"BsX8\265K\012\255\261\010_\012\241\032Y\370J\010_G\027"
 119      B54B0AAD 
 119      B1085F0A 
 119      A11A59F8 
 119      4A085F47 
 120 0249 0E4BE146 		.ascii	"\016K\341F\373\234'Q\012k\205p\004\205\326\260\360{"
 120      FB9C2751 
 120      0A6B8570 
 120      0485D6B0 
 120      F07B
 121 025b 4898108B 		.ascii	"H\230\020\213\360\215\020\232\"\013G\205\360mt\341;"
 121      F08D109A 
 121      220B4785 
ARM GAS  /tmp/ccKsBrMX.s 			page 9


 121      F06D74E1 
 121      3B
 122 026c 299CAB5A 		.ascii	")\234\253Z\3312Ka\275\020\216\2410!,\014\354\221B[,"
 122      D9324B61 
 122      BD108EA1 
 122      30212C0C 
 122      EC91425B 
 123 0281 C27121D4 		.ascii	"\302q!\324\"\013'\204\360}t\341\244\024nM\265\334P\245"
 123      220B2784 
 123      F07D74E1 
 123      A4146E4D 
 123      B5DC50A5 
 124 0295 B05108A7 		.ascii	"\260Q\010\247PhC\341gp\373{O\212\014\202\2573\300\327"
 124      506843E1 
 124      6770FB7B 
 124      4F8A0C82 
 124      AF33C0D7 
 125 02a9 18FFFB1F 		.ascii	"\030\377\373\037p8\234G\363\013\316\026de\347d8\366"
 125      70389C47 
 125      F30BCE16 
 125      6465E764 
 125      38F6
 126 02bb 3AF63B0B 		.ascii	":\366;\013\213\235\371\271.gQ\341\245\313\305\316\354"
 126      8B9DF9B9 
 126      2E6751E1 
 126      A5CBC5CE 
 126      EC
 127 02cc 33A732D2 		.ascii	"3\2472\322\235\231\231\307\234\307O\237\310\272\222"
 127      9D9999C7 
 127      9CC74F9F 
 127      C8BA92
 128 02db EE2CCA75 		.ascii	"\356,\312u\345\270\\\347\034yD\313+\274x\276\340\302"
 128      E5B85CE7 
 128      1C7944CB 
 128      2BBC78BE 
 128      E0C2
 129 02ed 1F25841C 		.ascii	"\037%\204\034\200"
 129      80
 130              		.text
 131              		.section	.gnu.lto__pal_lld_setgroupmode.fbf7d9d711cf0394,"",%progbits
 132 0000 789C9D57 		.ascii	"x\234\235W\013PTe\024\276\347\277w\237\200\370h\014"
 132      0B505465 
 132      14BEE7BF 
 132      779F80F8 
 132      680C
 133 0012 51D306F1 		.ascii	"Q\323\006\361\231,\002iji\010RM5\325\324L5\323\214\217"
 133      992C0269 
 133      6A690852 
 133      4D35D5D4 
 133      4C35D38C 
 134 0027 B4D10906 		.ascii	"\264\321\011\006\006\251\251i\246\256\274zYc\3642\223"
 134      06A9A969 
 134      A6AEBC7A 
 134      5963F432 
 134      93
 135 0038 E961A809 		.ascii	"\351a\250\011\262\206\257 \225\215H\020\021#\015\324"
 135      B286AF20 
ARM GAS  /tmp/ccKsBrMX.s 			page 10


 135      958D4810 
 135      11230DD4 
 136 0048 10A80031 		.ascii	"\020\250\0001\221\"\321\215\206\244s\316\177w\331Eh"
 136      9122D18D 
 136      86A473CE 
 136      7F77D945 
 136      68
 137 0059 1899D9B3 		.ascii	"\030\231\331\263\367?\373\235\357\236\363\375\347\334"
 137      F73FFB9D 
 137      EF9EF3FD 
 137      E7DC
 138 0067 FFA22AD7 		.ascii	"\377\242*\327\377\255\307\317\273\301\212\242\3437\004"
 138      FFADC7CF 
 138      BBC18AA2 
 138      E33704
 139 0076 282036D6 		.ascii	"( 6\326\240\323*@\225\027\252\320^\233\246\350v+\331"
 139      A0D32A40 
 139      9517AAD0 
 139      5E9BA6E8 
 139      762BD9
 140 0089 404D9878 		.ascii	"@M\230xe\346\225\011,\022d\366\\X\300*/\254\302\236"
 140      65E69509 
 140      2C1264F6 
 140      5C58C02A 
 140      2FACC29E 
 141 009d 6941A06D 		.ascii	"iA\240mC\005r\007\332$\335\267V;\000](\240\274\"T\315"
 141      43057207 
 141      DA24DDB7 
 141      563B005D 
 141      28A0BC22 
 142 00b3 64B6586D 		.ascii	"d\266Xmv\300K\231\314\005\321%`\243+\177S\300\264<]"
 142      76C04B99 
 142      CC05D125 
 142      60A32B7F 
 142      53C0B43C 
 143 00c8 D7FF2CAA 		.ascii	"\327\377,\252\017\311\012\351\021\212rYH\000l\207i\010"
 143      0FC90AE9 
 143      118A7259 
 143      48006C87 
 143      6908
 144 00da 39E73EB0 		.ascii	"9\347>\260!H\275\023\024\274..\354>\036\320.z\004L\246"
 144      2148BD13 
 144      14BC2E2E 
 144      EC3E1ED0 
 144      2E7A044C 
 145 00ef 65494EE5 		.ascii	"eIN\345&3-\205F\313:\347\3313\"|\253\256\247\273N\024"
 145      26332D85 
 145      46CB3AE7 
 145      D933227C 
 145      ABAEA7BB 
 146 0105 E9776B3D 		.ascii	"\351wk=B\205\035\240\"\037|\011\241\260\023B\025t)\220"
 146      42851DA0 
 146      221F7C09 
 146      A1B01342 
 146      15742990 
 147 0119 0FE188FE 		.ascii	"\017\341\210\376\274\241\325\255\252\261\314\273\263"
 147      BCA1D5AD 
ARM GAS  /tmp/ccKsBrMX.s 			page 11


 147      AAB1CCBB 
 147      B3
 148 0126 AC780607 		.ascii	"\254x\006\0076\037\314\253\013\324\357\355\021\032\024"
 148      361FCCAB 
 148      0BD4EFED 
 148      111A14
 149 0135 0C8CD414 		.ascii	"\014\214\324\024\330\305\221\347{.l\017R\0238\362\337"
 149      D8C591E7 
 149      7B2E6C0F 
 149      521338F2 
 149      DF
 150 0146 9DEF6CB1 		.ascii	"\235\357l\261\313\320Cy'9\324\004\205\003CM\0128!\234"
 150      CBD04379 
 150      2739D404 
 150      8503434D 
 150      0A38219C 
 151 015a F0BD559B 		.ascii	"\360\275U\233\213\003\325\37396{\367?\015\246\260\317"
 151      8B03D5FB 
 151      39367BF7 
 151      3F0DA6B0 
 151      CF
 152 016b 28B634AB 		.ascii	"(\2664\253\"P\257\3243\233\373\372&\365\0103\354\366"
 152      2250AFD4 
 152      339BFBFA 
 152      26F50833 
 152      ECF6
 153 017d 67907F18 		.ascii	"g\220\177\030\362\311\306-WL\352#\034~\361\312\216\367"
 153      F2C9C62D 
 153      574CEA23 
 153      1C7EF1CA 
 153      8EF7
 154 018f 0338FCD3 		.ascii	"\0038\374\323\312<\263Op\321\020\301[\273\177\350\262"
 154      CA3CB34F 
 154      70D110C1 
 154      5BBB7FE8 
 154      B2
 155 01a0 AA4F7070 		.ascii	"\252Opp\371\366?r\203e\360Q\277\340\275C\004\177\356"
 155      F9F63F72 
 155      8365F051 
 155      BFE0BD43 
 155      047FEE
 156 01b3 2C7E5C5D 		.ascii	",~\\]\316\261\265{\2576\216\220\261U~\261\373\207\210"
 156      CEB1B57B 
 156      AF368E90 
 156      B1557EB1 
 156      FB8788
 157 01c6 ADED38EF 		.ascii	"\255\3558\357\264\251\317p\260\2767\347\232M\006\037"
 157      B4A9CF70 
 157      B0BE37E7 
 157      9A4D061F 
 158 01d6 F30BFE7A 		.ascii	"\363\013\376z\210\340\243[N\036\266\253\317r\360\205"
 158      88E0A35B 
 158      4E1EB6AB 
 158      CF72F085 
 159 01e6 BDE9C546 		.ascii	"\275\351\305F\311\325~\301%C\004we\376[\037`\316\304"
 159      C9D57EC1 
 159      25430477 
ARM GAS  /tmp/ccKsBrMX.s 			page 12


 159      65FE5B1F 
 159      60CEC4
 160 01f9 FE1A095F 		.ascii	"\376\032\011_A\030\354\301\317>\374\034\300O1~\276\201"
 160      4118ECC1 
 160      CF3EFC1C 
 160      C04F317E 
 160      BE81
 161 020b 30D96F70 		.ascii	"0\331op\020\314\240(\366\241P\310\345\376\262\340u\241"
 161      10CCA028 
 161      F6A150C8 
 161      E5FEB2E0 
 161      75A1
 162 021d 26CB2AF6 		.ascii	"&\313*\366\274\232.\253h>\221U\345\267u\207\006K\005"
 162      BC9A2EAB 
 162      683E9155 
 162      E5B77587 
 162      064B05
 163 0230 0E33C5E1 		.ascii	"\0163\305\341\316\374\312\021\352\013L\321\336^\022"
 163      CEFCCA11 
 163      EA0B4CD1 
 163      DE5E12
 164 023f C90CAE12 		.ascii	"\311\014\256\022l\326\314O\365k}}@\004\245\203\022\270"
 164      6CD6CC4F 
 164      F56B7D7D 
 164      4004A583 
 164      12B8
 165 0251 98E02D3D 		.ascii	"\230\340-=\377]P_b\202\274\256\334CA\222\341\260?\303"
 165      FF5D505F 
 165      6282BCAE 
 165      DC434192 
 165      E1B03FC3 
 166 0265 B7833294 		.ascii	"\267\2032\2241C\313\266\316,P_f\2067vf\345\200d\250"
 166      3143CBB6 
 166      CE2C505F 
 166      66863776 
 166      66E58064 
 167 027a F267F86E 		.ascii	"\362g\370nP\206r\010s\216v\351}}\227\033\213\336\\\354"
 167      50867208 
 167      738E76E9 
 167      7D7D971B 
 167      8BDE5CEC 
 168 028e 14F7008F 		.ascii	"\024\367\000\217\004\002Q5\034,\324\015\207\004\225"
 168      04025135 
 168      1C2CD40D 
 168      870495
 169 029d C37E47ED 		.ascii	"\303~G\355\314\012)\207O\001\354\375\000\306\004\342"
 169      CC0A2987 
 169      4F01ECFD 
 169      00C604E2 
 170 02ad 2C588218 		.ascii	",X\202\0308\202.\203\031=\222.Gq\310h\272\034\243\220"
 170      38822E83 
 170      193D922E 
 170      4771C868 
 170      BA1CA390 
 171 02c1 EA370171 		.ascii	"\3527\001q\217%\307\315dB\310\214Cc\015e9\307\323\345"
 171      8F25C7CD 
 171      6442C88C 
ARM GAS  /tmp/ccKsBrMX.s 			page 13


 171      43630D65 
 171      39C7D3E5 
 172 02d5 044E6A22 		.ascii	"\004Nj\"\320L\337B\200Id&\223\271\225L\030\231)d\302"
 172      D04CDF42 
 172      80496426 
 172      93B9954C 
 172      18992964 
 173 02ea C94C2533 		.ascii	"\311L%3\235\002g\220\231\311\262\316\"\347mdf\223\211"
 173      9D026790 
 173      99C9B2CE 
 173      22E76D64 
 173      669389
 174 02fd 20134966 		.ascii	" \023If\016a\242\310D\263z1\344\274\235\314\\2\363\310"
 174      0E61A2C8 
 174      44B37A31 
 174      E4BC9DCC 
 174      5C32F3C8 
 175 0311 CC27B380 		.ascii	"\314'\263\200\314B2w\221YDf1\231X\326g\011\027\034\307"
 175      CC423277 
 175      91594466 
 175      319958D6 
 175      6709171C 
 176 0326 B5C67399 		.ascii	"\265\306s\231KY\215\004\326GQZ\260\001\361\001\332*"
 176      4B598D04 
 176      D647515A 
 176      B001F101 
 176      DA2A
 177 0338 047EA967 		.ascii	"\004~\251g!\343\357\354k\371wPG\272E\200[\330q\247\336"
 177      21E3EFEC 
 177      6BF97750 
 177      47BA4580 
 177      5BD871A7 
 178 034d 2EFCE272 		.ascii	".\374\342r0=\351,(\363\367\270#u \270e\221\006A\012"
 178      303DE92C 
 178      28F3F7B8 
 178      237520B8 
 178      65910641 
 179 0362 071D2978 		.ascii	"\007\035)xA\006\005\312 \357\343\321\202\273r\004\203"
 179      410605CA 
 179      20EFE3D1 
 179      82BB7204 
 179      83
 180 0373 10D598DD 		.ascii	"\020\325\230\335\002\022\024\2048\004m\256o\355V\011"
 180      02121484 
 180      38046DAE 
 180      6FED5609 
 181 0383 64C56DAC 		.ascii	"d\305m\254\360a\336C\314A\222\271\306\303<B2\177\344"
 181      F061DE43 
 181      CC4192B9 
 181      C6C33C42 
 181      327FE4
 182 0396 AE3E22D3 		.ascii	"\256>\"\323\011Q\240r s0\342 \274\237i\0371\005K\246"
 182      0951A072 
 182      207330E2 
 182      20BC9F69 
 182      1F31054B 
 183 03ab 3A0FD348 		.ascii	":\017\323H\311\264\2734\377u\0333-W\340\350@\246Q\210"
ARM GAS  /tmp/ccKsBrMX.s 			page 14


 183      C9B4BB34 
 183      FF751B33 
 183      2D57E0E8 
 183      40A65188 
 184 03bf 4350C7C9 		.ascii	"CP\307\311\217K\0029Gl\254*\237\034\017\020\363(\311"
 184      8F4B0239 
 184      476CAC2A 
 184      9F1C0F10 
 184      F328C9
 185 03d2 DCE8611E 		.ascii	"\334\350a\036-\231w\224\346l\327\230Y\3076;6\220z\014"
 185      2D997794 
 185      E66CD798 
 185      59C7363B 
 185      36907A0C 
 186 03e6 0269A8B7 		.ascii	"\002i\250\2676_\004\246\266(P\355C]L\324cp\231\356\332"
 186      365F04A6 
 186      B62850ED 
 186      435D4CD4 
 186      637099EE 
 187 03fb 14C01EF9 		.ascii	"\024\300\036\371\024hj9Qk\245\0003\016\304q\236\215"
 187      14686A39 
 187      516BA500 
 187      330EC471 
 187      9E8D
 188 040d 563C54F0 		.ascii	"V<T\360\240S\021;\222\267\324\215?\312\005'h2\026\254"
 188      A053113B 
 188      92B7D48D 
 188      3FCA0527 
 188      683216AC 
 189 0421 83662C58 		.ascii	"\203f,X^\325X\360.\012c\201\035\343\026 \213\272Z\260"
 189      5ED558F0 
 189      2E0A6381 
 189      1DE31620 
 189      8BBA5AB0 
 190 0435 48A63B16 		.ascii	"H\246;\026]x\367\212\334\366\"Y\024\216^\015\336\375"
 190      5D78F78A 
 190      DCF62259 
 190      148E5E0D 
 190      DEFD
 191 0447 27C83C93 		.ascii	"'\310<\223\261\322\300 `\375\266o6X\030\200\351\235"
 191      B1D2C020 
 191      60FDB66F 
 191      36581880 
 191      E99D
 192 0459 90A3DB06 		.ascii	"\220\243\333\006\340\0267a\255\"\326\326qnM\033\010"
 192      E0163761 
 192      AD22D6D6 
 192      716E4D1B 
 192      08
 193 046a 6C19D15B 		.ascii	"l\031\321[\237\342\026Km\325M\211m\240\342N\213\015"
 193      9FE2164B 
 193      6DD54D89 
 193      6DA0E24E 
 193      8B0D
 194 047c 67D0B1C4 		.ascii	"g\320\261\304\366\336\2626\320p\277\304{O\272E\234\255"
 194      F6DEB236 
 194      D070BFC4 
ARM GAS  /tmp/ccKsBrMX.s 			page 15


 194      7B4FBA45 
 194      9CAD
 195 048e A029AD0D 		.ascii	"\240)\255\015L\250\262(\240\337\343m\007)\300L\245\213"
 195      4CA8B228 
 195      A0DFE36D 
 195      0729C04C 
 195      A58B
 196 04a0 6AF224D8 		.ascii	"j\362$\330\032\232\226\243\006\232\362\3324\331\274"
 196      1A9A96A3 
 196      069AF2DA 
 196      34D9BC
 197 04af 35BB36C2 		.ascii	"5\2736\302\200g/\316+\215\032M\021\015,?n1\301\037("
 197      80672FCE 
 197      2B8D1A4D 
 197      110D2C3F 
 197      6E31C11F 
 198 04c4 ED9B512E 		.ascii	"\355\233Q.\337\235\260\340N\324\312\355\372 \273C\223"
 198      DF9DB0E0 
 198      4ED4CAED 
 198      FA20BB43 
 198      93
 199 04d5 A010C419 		.ascii	"\240\020\304\031=\234\336\370j\257\220\336q\370\003"
 199      3D9CDEF8 
 199      6AAF90DE 
 199      71F803
 200 04e4 E11AB2CB 		.ascii	"\341\032\262\313\015O(\357\3548\336Ft\320\215\321)1"
 200      0D4F28EF 
 200      EC38DE46 
 200      74D08DD1 
 200      2931
 201 04f6 75BB1649 		.ascii	"u\273\026I\320x\274\335\351\346\364*~\225\260bw\374"
 201      D078BCDD 
 201      E9E6F42A 
 201      7E95B062 
 201      77FC
 202 0508 08A114C4 		.ascii	"\010\241\024\304\334\247@\202& \316KSN4\023H\355\343"
 202      DCA74082 
 202      2620CE4B 
 202      534E3413 
 202      48EDE3
 203 051b 1997C64A 		.ascii	"\031\227\306J\000'\335[\221\305\203`\306\244O\032O\312"
 203      0027DD5B 
 203      91C58360 
 203      C6A44F1A 
 203      4FCA
 204 052d 56DCF1F2 		.ascii	"V\334\361\3621\250E\331\376\257:\213,\022}\213o\357"
 204      31A845D9 
 204      FEAF3A8B 
 204      2C127D8B 
 204      6FEF
 205 053f A87C38ED 		.ascii	"\250|8\355\373\373\223KA\271\3601>qmn1\021NQ<=\242\253"
 205      FBFB934B 
 205      41B9F031 
 205      3E716D6E 
 205      31114E51 
 206 0557 DFDC6F9D 		.ascii	"\337\334o\235\235\257g\342\017v\370\011r\341/~%\202"
 206      9DAF67E2 
ARM GAS  /tmp/ccKsBrMX.s 			page 16


 206      0F76F809 
 206      72E12F7E 
 206      2582
 207 0569 3A984D39 		.ascii	":\230M9\376\223\335b\2502\211\222b\315O\031\236\311"
 207      FE93DD62 
 207      A8328992 
 207      62CD4F19 
 207      9EC9
 208 057b 7827F493 		.ascii	"x'\364\223\263;\273\332$\235\267\262\237T(\313\371\214"
 208      B33BBBDA 
 208      249DB7B2 
 208      9F5428CB 
 208      F98C
 209 058d B3F7B9FB 		.ascii	"\263\367\271\373z]wM\374\337\014\352\37338\015\263\221"
 209      7A5D774D 
 209      FCDF0CEA 
 209      FB33380D 
 209      B391
 210 059f 8E6B347B 		.ascii	"\216k4{k\374\303Sc\330\260\213:\303\224@\224g\007\026"
 210      6BFCC353 
 210      63D8B08B 
 210      3AC39440 
 210      94670716 
 211 05b3 35E5BAA2 		.ascii	"5\345\272\242p\036P\376)\376EMe\377\015\027\365s\177"
 211      701E50FE 
 211      29FE454D 
 211      65FF0D17 
 211      F5737F
 212 05c6 060D54D4 		.ascii	"\006\015T\324T.\312\"\233\030\333\340\332\256;\345}"
 212      542ECA22 
 212      9B18DBE0 
 212      DAAE3BE5 
 212      7D
 213 05d7 A6D33453 		.ascii	"\246\3234S\377\230\345z\006L\301f\231\356\337,3\321"
 213      FF98E57A 
 213      064CC166 
 213      99EEDF2C 
 213      33D1
 214 05e9 EF6D1617 		.ascii	"\357m\026\0275\313L\205\265\351.3\264\2315lm\316qf\374"
 214      35CB4C85 
 214      B5E92E33 
 214      B499356C 
 214      6DCE7166 
 215 05fe 52D2E8D1 		.ascii	"R\322\350\321\246\327P\3426I\214\332x\006\003S\237\205"
 215      A6D750E2 
 215      36498CDA 
 215      78060353 
 215      9F85
 216 0610 7EA94D8B 		.ascii	"~\251M\213\241M\004\373U\326\346\227\301\264\031\377"
 216      A14D04FB 
 216      55D6E697 
 216      C1B419FF 
 217 0620 BF1934F5 		.ascii	"\277\0314\365g\320L\332D\310Y\254)|J\322G\312\346\367"
 217      67D04CDA 
 217      44C859AC 
 217      297C4AD2 
 217      47CAE6F7 
ARM GAS  /tmp/ccKsBrMX.s 			page 17


 218 0634 1E1D163C 		.ascii	"\036\035\026<:~\361\314f\267!\311\034\304\371\352\026"
 218      3A7EF1CC 
 218      66B721C9 
 218      1CC4F9EA 
 218      16
 219 0645 8547027A 		.ascii	"\205G\002z\375u\213F\277W\2672\322-Z\352v\305\243[\314"
 219      FD758B46 
 219      BF57B732 
 219      D22D5AEA 
 219      76C5A35B 
 220 065a B075FB95 		.ascii	"\260u\373\225\263\246\377.\3407\217n\345\206 \267Kb"
 220      B3A6FF2E 
 220      E0378F6E 
 220      E58620B7 
 220      4B62
 221 066c D4ADDBD0 		.ascii	"\324\255\333\320m.R\243_\352\326a\300\346\261_\273Q"
 221      6D2E52A3 
 221      5FEAD661 
 221      C0E6B15F 
 221      BB51
 222 067e DD5AFA33 		.ascii	"\335Z\3723h%\335\346q-]\336Z\346\017\273\2266f\322\210"
 222      6825DDE6 
 222      712D5DDE 
 222      5AE60FBB 
 222      963666D2 
 223 0693 E93CD782 		.ascii	"\351<\327\202\231{\346c\001\022y3o02_\310~\323\215f"
 223      997BE663 
 223      01127933 
 223      6F30325F 
 223      C87ED38D 
 224 06a8 DEDE7FBF 		.ascii	"\336\336\177\277\013\224\371B\271\013W=\231\3375\354"
 224      0B94F942 
 224      B90B573D 
 224      99DF35EC 
 225 06b8 CC7F6726 		.ascii	"\314\177g&\0231]\034\230\371\"$\272.\363\305\354\027"
 225      13315D1C 
 225      98F92224 
 225      BA2EF3C5 
 225      EC17
 226 06ca 379A7947 		.ascii	"7\232yG\377\375.Q\346\213y\216\255| \363\201\177\265"
 226      FFFD2E51 
 226      E68B798E 
 226      AD7C20F3 
 226      817FB5
 227 06dd 30461E8F 		.ascii	"0F\036\217\261x\204\342\354zOx>gc\351\231~:\243\364"
 227      B17884E2 
 227      EC7A4F78 
 227      3E6763E9 
 227      997E3AA3 
 228 06f2 C31003E4 		.ascii	"\303\020\003\34494\221\304\246\340?\264*\037\0355N\343"
 228      393491C4 
 228      A6E03FB4 
 228      2A1F1D35 
 228      4EE3
 229 0704 7D6C098E 		.ascii	"}l\011\216\225/\011\037\343K\214\363\305\271@\202\342"
 229      952F091F 
 229      E34B8CF3 
ARM GAS  /tmp/ccKsBrMX.s 			page 18


 229      C5B94082 
 229      E2
 230 0715 B087FCDE 		.ascii	"\260\207\374\336\245\370\344\217\223\250F\347\\\211"
 230      A5F8E48F 
 230      93A846E7 
 230      5C89
 231 0723 8AC7FDF2 		.ascii	"\212\307\375\362C\361\313B\274D\375\352\220\240\245"
 231      43F1CB42 
 231      BC44FDEA 
 231      90A0A5
 232 0732 288D1F88 		.ascii	"(\215\037\210_\025\226\022('\273\323\031)Q\011r k7o"
 232      5F159612 
 232      2827BBD3 
 232      19295109 
 232      72206B37 
 233 0747 CB90A711 		.ascii	"\313\220\247\021\276\035t\372\004\361;I\002\027e\247"
 233      BE1D74FA 
 233      04F13B49 
 233      021765A7 
 234 0757 77CC4658 		.ascii	"w\314FX\357\352:\246\312S\230^@\001\2758\357\363#\""
 234      EFEA3AA6 
 234      CA53985E 
 234      4001BD38 
 234      EFF32322 
 235 076b 1C716BD6 		.ascii	"\034qk\326\256\\\373\320\243\313\242#\"#b\034\311\353"
 235      AE5CFBD0 
 235      A3CBA223 
 235      2223621C 
 235      C9EB
 236 077d 1C6B5624 		.ascii	"\034kV$:R\222S\323\3269\036}\354\301\350(\307\003\017"
 236      3A529253 
 236      D3D6391E 
 236      7DECC1E8 
 236      28C7030F 
 237 0791 C43BEE79 		.ascii	"\304;\356y\370\276\207\236\217r\244\254H\\\226\230\270"
 237      F8BE879E 
 237      8F72A4AC 
 237      485C9698 
 237      B8
 238 07a2 2AE26945 		.ascii	"*\342iE#\204\226\264b\335\263ZR\362\252\325&2\251\346"
 238      238496B4 
 238      62DDB35A 
 238      52F2AAD5 
 238      2632A9E6 
 239 07b6 E4B41753 		.ascii	"\344\264\027SV\247Z\222\327\245\254^\275*\325\224\362"
 239      56A75A92 
 239      D7A5AC5E 
 239      BD2AD594 
 239      F2
 240 07c7 5CCAAA54 		.ascii	"\\\312\252TmEbZ\252"
 240      6D45625A 
 240      AA
 241 07d0 BA726D9A 		.ascii	"\272rm\232\225.(B$\315\021IQ\")\346?\371\302t\310"
 241      952E2842 
 241      24CD1149 
 241      512229E6 
 241      3FF9C274 
ARM GAS  /tmp/ccKsBrMX.s 			page 19


 242              		.text
 243              		.section	.gnu.lto_.symbol_nodes.fbf7d9d711cf0394,"",%progbits
 244 0000 789C6366 		.ascii	"x\234cf``Hc\200\002\246\377\214\365\014\014\023\316"
 244      60604863 
 244      8002A6FF 
 244      8CF50C0C 
 244      13CE
 245 0012 3130D4D7 		.ascii	"10\324\3273\314]\320\301\303\300\324\300T\317\010\023"
 245      33CC5DD0 
 245      C1C3C0D4 
 245      C054CF08 
 245      13
 246 0023 99B78083 		.ascii	"\231\267\200\203\201\251\221\251\236\011Y\200\231\221"
 246      81A991A9 
 246      9E095980 
 246      9991
 247 0031 8161D1C3 		.ascii	"\201a\321\303\177\214 \372\021\224^\324\366F\036\314"
 247      7F8C20FA 
 247      11945ED4 
 247      F6461ECC 
 248 0041 87D28BDA 		.ascii	"\207\322\213\332\241| \315\000\000\011\003\036\020"
 248      A17C20CD 
 248      00000903 
 248      1E10
 249              		.text
 250              		.section	.gnu.lto_.refs.fbf7d9d711cf0394,"",%progbits
 251 0000 789C6366 		.ascii	"x\234cf```d\200\002\000\000=\000\005"
 251      60606064 
 251      80020000 
 251      3D0005
 252              		.text
 253              		.section	.gnu.lto_.decls.fbf7d9d711cf0394,"",%progbits
 254 0000 789CAD58 		.ascii	"x\234\255X}PT\327\025\177\367\335\335eY\226%S\214\261"
 254      7D5054D7 
 254      157FF7DD 
 254      DD655996 
 254      25538CB1 
 255 0014 36D32033 		.ascii	"6\323 3\245N\233\272~\244\235\366\257F\300DS\023\231"
 255      A54E9BBA 
 255      7EA49DF6 
 255      AF46C044 
 255      531399
 256 0027 C5244DFB 		.ascii	"\305$M\373\307\226\310\252LQ\030X\332d\372\317C\220"
 256      C796C8AA 
 256      4C511858 
 256      DA64FACF 
 256      4390
 257 0039 A0A0202A 		.ascii	"\240\240 *\012$\260 \010\012\212\010~\005\004\204@\000"
 257      0A24B020 
 257      080A8A08 
 257      7E050484 
 257      4000
 258 004b 155054FC 		.ascii	"\025PT\374\346\303 (\012\306\200\202\021\350\271\367"
 258      E6C32028 
 258      0AC68082 
 258      11E8B9F7 
 259 005b BEDDB7FB 		.ascii	"\276\335\267\373x$\366cg~\274w\356\373\335s\316=\347"
ARM GAS  /tmp/ccKsBrMX.s 			page 20


 259      7824F663 
 259      677EBC77 
 259      EEFBDD73 
 259      CE3DE7
 260 006e 9EFB01E6 		.ascii	"\236\373\001\3468\356s\304qS\360\213\232\315q{x\216"
 260      38EE73C4 
 260      7153F08B 
 260      9ACD717B 
 260      788E
 261 0080 53415B10 		.ascii	"SA[\020\000\232\271\007\034\373a\200\026\032~\001x\003"
 261      009AB907 
 261      1CFB6180 
 261      161A7E01 
 261      7803
 262 0092 71D37EE4 		.ascii	"q\323~\344\233N\354g\000\350\305\276\030\332\347\301"
 262      9B4EEC67 
 262      00E8C5BE 
 262      18DAE7C1 
 263 00a2 9387E76F 		.ascii	"\223\207\347o\001\203\360~L\344<\001\014\000\276\007"
 263      0183F07E 
 263      4CE43C01 
 263      0C00BE07 
 264 00b2 DC018C03 		.ascii	"\334\001\214\003n\003\236\002z\000\317\000\337\000\236"
 264      6E039E02 
 264      7A00CF00 
 264      DF009E
 265 00c1 03FA0063 		.ascii	"\003\372\000c\200^\321/\255\202\017\3047\203\314\207"
 265      805ED12F 
 265      AD820FC4 
 265      3783CC87 
 266 00d1 79A27DE2 		.ascii	"y\242}\342\307\237\001\037 f\337\007\236\037\001\376"
 266      C79F011F 
 266      2066DF07 
 266      9E1F01FE 
 267 00e1 82989F1A 		.ascii	"\202\230\237\032x\272\301\363\035x\316\006\374\024\360"
 267      78BAC1F3 
 267      1D78CE06 
 267      FC14F0
 268 00f0 0AE06780 		.ascii	"\012\340g\2009\200\271\000^\264\241d\233\304\304Cf{"
 268      3980B900 
 268      5EB4A164 
 268      9BC4C443 
 268      667B
 269 0102 3EB4FD1A 		.ascii	">\264\375\032\260\000P\3161?\336\341\244\030h\304\361"
 269      B00050CE 
 269      313FDEE1 
 269      A41868C4 
 269      F1
 270 0113 F58971B8 		.ascii	"\365\211q\270#\216\337>F\2458\177\313\243\372\246\334"
 270      238EDF3E 
 270      46A5387F 
 270      CBA3FAA6 
 270      DC
 271 0124 1BEA011E 		.ascii	"\033\352\001\036\031t\335<\221\257\267\225\365\030@"
 271      1974DD3C 
 271      91AFB795 
 271      F51840
ARM GAS  /tmp/ccKsBrMX.s 			page 21


 272 0133 D6EB5E27 		.ascii	"\326\353^'b\372\301\201P\014\341\206\327}{{.\351^?("
 272      62FAC181 
 272      500CE186 
 272      D77D7B7B 
 272      2EE95E3F 
 273 0148 0842A250 		.ascii	"\010B\242P;\206$\025\247\016\217\234\367\240*|\210\370"
 273      3B862415 
 273      A70E8F9C 
 273      F7A02A7C 
 273      88F8
 274 015a 655AD35E 		.ascii	"eZ\323^\015\325\240\"b\354\376\312d7\020\347\351(\271"
 274      0DD5A022 
 274      62ECFECA 
 274      643710E7 
 274      E928B9
 275 016d 2B6B3CDF 		.ascii	"+k<\337\235\212d\222x\221\246\232\352\261F\035\236M"
 275      9D8A6492 
 275      7891A69A 
 275      EAB1461D 
 275      9E4D
 276 017f 8D242776 		.ascii	"\215$'v7\353\360k\344\235o\272+\3543 ?]>\230|t=\255"
 276      37EBF06B 
 276      E49D6FBA 
 276      2BEC3320 
 276      3F5D3E98 
 277 0197 F1554150 		.ascii	"\361UAP\241\243H\207\216 \214\016\242\327\311\300\210"
 277      A1A34887 
 277      8E208C0E 
 277      A2D7C9C0 
 277      88
 278 01a8 56F24B14 		.ascii	"V\362K\024\204MBj\234\340\336d\340P1\232\213J\320\\"
 278      844D426A 
 278      9CE0DE64 
 278      E050319A 
 278      8B4AD05C 
 279 01bc 0E95213F 		.ascii	"\016\225!?`P.:\004\215\207\241\021\0247<\257\216W#\235"
 279      60502E3A 
 279      048D87A1 
 279      1114373C 
 279      AF8E5723 
 280 01d1 9F72A70A 		.ascii	"\237r\247\012\205N\324\205\223qi\263\211\013\345\340"
 280      854ED485 
 280      937169B3 
 280      890BE5E0 
 281 01e1 42A9E402 		.ascii	"B\251\344\002x\344\010\305\303\272\374Ot\2406\356\305"
 281      78E408C5 
 281      C3BAFC4F 
 281      74A036EE 
 281      C5
 282 01f2 D4428FC9 		.ascii	"\324B\217\311\033\011\361z\374/:\370m\345\231\231Z\034"
 282      1B09F17A 
 282      FC2F3AF8 
 282      6DE59999 
 282      5A1C
 283 0204 8BA83096 		.ascii	"\213\2500\226ZP\240\302\211L\310\337\235^\242\2461\325"
 283      5A50A0C2 
 283      894CC8DF 
ARM GAS  /tmp/ccKsBrMX.s 			page 22


 283      9D5EA2A6 
 283      31D5
 284 0216 12B132F7 		.ascii	"\022\2612\367\300\260\026\247\262o5\315\261\347u8\235"
 284      C0B016A7 
 284      B26F35CD 
 284      B1E77538 
 284      9D
 285 0227 09677BC7 		.ascii	"\011g{\307\276\323S\342KD\274\221\226[h\300\231\354"
 285      BED353E2 
 285      4B44BC91 
 285      965B68C0 
 285      99EC
 286 0239 5BEB64EA 		.ascii	"[\353d\352c7\234\355J40bfg\337\010\246\375\350,\330"
 286      63379CED 
 286      4A343062 
 286      6667DF08 
 286      A6FDE82C 
 287 024e DD9295A2 		.ascii	"\335\222\225\242\3066FM\355I\353P\341\003L\260\247\323"
 287      C636464D 
 287      ED49EB50 
 287      E1034CB0 
 287      A7D3
 288 0260 87A573CF 		.ascii	"\207\245s\317\340X\205\226\212SS\230\3046\357V{\217"
 288      E0588596 
 288      8A535398 
 288      C436EF56 
 288      7B8F
 289 0272 BB2369C7 		.ascii	"\273#i\307\373\020\211X#D\254N\212\230\217s\322 V\352"
 289      FB108958 
 289      2344AC4E 
 289      8A988F73 
 289      D22056EA 
 290 0286 2208540D 		.ascii	"\"\010T\015\304\244\226\004\252\001\002\345#\006\252"
 290      C4A49604 
 290      AA0102E5 
 290      2306AA
 291 0295 1E1ABF62 		.ascii	"\036\032\277bI+\357\035J\322\331\025\237\254\337NS\321"
 291      492BEF1D 
 291      4AD2D915 
 291      9FACDF4E 
 291      53D1
 292 02a7 048ACF48 		.ascii	"\004\212\317H\212\033\321\017j\376ZQ3:1\234\322\213"
 292      8A1BD10F 
 292      6AFE5A51 
 292      333A319C 
 292      D28B
 293 02b9 70051B5F 		.ascii	"p\005\033_\322\256\221f\036\237\244\202jkM\325,\344"
 293      D2AE9166 
 293      1E9FA482 
 293      6A6B4DD5 
 293      2CE4
 294 02cb EBEDEB67 		.ascii	"\353\355\353g\003}\217&7W\256\210\213\023v\315\241f"
 294      037D8F26 
 294      3757AE88 
 294      8B1376CD 
 294      A166
 295 02dd 9BC1EC39 		.ascii	"\233\301\3549\344-i\237?\027<\370\025\374\341v\200\213"
ARM GAS  /tmp/ccKsBrMX.s 			page 23


 295      E42D699F 
 295      3F173CF8 
 295      15FCE176 
 295      808B
 296 02ef 42AA4D78 		.ascii	"B\252Mx3J\312?G\311`\032\265\202\027g\221/:\217|\251"
 296      334ACA3F 
 296      47C9601A 
 296      B5821767 
 296      912F3A8F 
 297 0305 AF44B7ED 		.ascii	"\257D\267\355\341fM\321B\252\267EQo\015QA\247a\367`"
 297      E1664DD1 
 297      42AAB745 
 297      516F0D51 
 297      41A761F7 
 298 031a 01D21206 		.ascii	"\001\322\022\006'\216Z*\304\226\373\215\0175x\214\371"
 298      278E5A2A 
 298      C496FB8D 
 298      0F35788C 
 298      F9
 299 032b 9E3C7AE2 		.ascii	"\236<z\342\206\036\371\372\316\242\316w\337/h\325\013"
 299      861EF9FA 
 299      CEA2CE77 
 299      DF2F68D5 
 299      0B
 300 033c 4D0BE9E4 		.ascii	"M\013\351\344\255\006\023\027\321,inJ\256\333\210\205"
 300      AD061317 
 300      D12C696E 
 300      4AAEDB88 
 300      85
 301 034d A13E75ED 		.ascii	"\241>u\355&\346E\333\314\3244:\3128\341M\253\363(\011"
 301      26E645DB 
 301      CCD4343A 
 301      CA38E14D 
 301      ABF32809 
 302 0361 998CB203 		.ascii	"\231\214\262\003F\331\016\243\274 \216\222\272~o\263"
 302      46D90EA3 
 302      BC208E92 
 302      BA7E6FB3 
 303 0371 9B800865 		.ascii	"\233\200\010e\272\357y)\303I^\263@g\354\214:9\027\205"
 303      BAEF7929 
 303      C3495EB3 
 303      4067EC8C 
 303      3A391785 
 304 0385 D067E7D5 		.ascii	"\320g\347\325\274I\035~\306\022\227\361\364\\\243\027"
 304      BC491D7E 
 304      C61297F1 
 304      F45CA317 
 305 0395 9DC17388 		.ascii	"\235\301s\210X\366Uu\234\007\236b\337\204\311\246\011"
 305      58F65575 
 305      9C079E62 
 305      DF84C9A6 
 305      09
 306 03a6 4F1CCFD6 		.ascii	"O\034\317\3261\373r\245g\313\325\027\267:\036x\342-"
 306      31FB72A5 
 306      67CBD517 
 306      B73A1E78 
 306      E22D
ARM GAS  /tmp/ccKsBrMX.s 			page 24


 307 03b8 EC5B7975 		.ascii	"\354[yu\342N\035\336\316\204\242\336\3264OJ\234\017"
 307      E24E1DDE 
 307      CE84A2DE 
 307      D6344F4A 
 307      9C0F
 308 03ca A2675EDE 		.ascii	"\242g^\336\350}\015\362\366\225~~,\321\002u\267\020"
 308      E87D0DF2 
 308      F6957E7E 
 308      2CD10275 
 308      B710
 309 03dc DC2DA2EE 		.ascii	"\334-\242\356\336\022\023}\017B\320\013\036\017\000"
 309      DE12137D 
 309      0F42D00B 
 309      1E0F00
 310 03eb EE006E03 		.ascii	"\356\000n\003\272\000=\200~@7\340\033@\037\340\256c"
 310      BA003D80 
 310      7E4037E0 
 310      1B401FE0 
 310      AE63
 311 03fd 32C4C775 		.ascii	"2\304\307u\337\026su\014r\365%$\200(t$\340\024\265Q"
 311      DF167375 
 311      0C72F525 
 311      24802874 
 311      24E014B5 
 312 0412 8CE68A6C 		.ascii	"\214\346\212l[W\201F\344V\312\271U\310)\261@\035sP;"
 312      5B578146 
 312      E456CAB9 
 312      55C829B1 
 312      401D7350 
 313 0427 E5D42B72 		.ascii	"\345\324+r\265\003\016\356ie\265N\334\033\016\356q9"
 313      B5030EEE 
 313      6965B54E 
 313      DC1B0EEE 
 313      7139
 314 0439 77BEAB07 		.ascii	"w\276\253\007\267\034\314\223\312\003\223\250\343\016"
 314      B71CCC93 
 314      CA0393A8 
 314      E30E
 315 0447 EA5539F5 		.ascii	"\352U9\365\232\214\372\314A\275\256Lu\362\365{\007\367"
 315      9A8CFACC 
 315      41BDAE4C 
 315      75F2F57B 
 315      07F7
 316 0459 869C7BD3 		.ascii	"\206\234{\323Eml\367p\201\2456\036\243K0\375.+\307\313"
 316      456D6CF7 
 316      7081A536 
 316      1EA34B30 
 316      FD2E2BC7 
 317 046e E142F74D 		.ascii	"\341B\367M\247\234\235P\014B\261T\302\327\0124P\007"
 317      A79C9D50 
 317      0C42B154 
 317      C2D70A34 
 317      5007
 318 0480 B7146A98 		.ascii	"\267\024j\230\317\336?2\350\201\374\274)\357\271E\213"
 318      CFDE3F32 
 318      E881FCBC 
 318      29EFB945 
ARM GAS  /tmp/ccKsBrMX.s 			page 25


 318      8B
 319 0491 0641D101 		.ascii	"\006A\321\001i\211#\235\350Oi\356\241\3730\345\376\227"
 319      6989239D 
 319      E84F69EE 
 319      A1FB30E5 
 319      FE97
 320 04a3 E94736A1 		.ascii	"\351G6\241\252\234\307\356\372\255\322\326H=\220\212"
 320      AA9CC7EE 
 320      FAADD2D6 
 320      483D908A 
 321 04b3 F101D2DB 		.ascii	"\361\001\322\333}\201W\262\031\215\035/4\260\023\004"
 321      7D8157B2 
 321      198D1D2F 
 321      34B01304 
 322 04c3 2D9BA355 		.ascii	"-\233\243U\003\243\254\020_%\342\363\226\314Sz\234\306"
 322      03A3AC10 
 322      5F25E2F3 
 322      96CC537A 
 322      9CC6
 323 04d5 4A2A27F5 		.ascii	"J*'\365\363Q5\336+\036(F\332\277\325\342\034&\344\225"
 323      F35135DE 
 323      2B1E2846 
 323      DABFD5E2 
 323      1C26E495 
 324 04e9 9EFA1017 		.ascii	"\236\372\020\027\262\367\012[\311\327\030\037bB\335"
 324      B2F70A5B 
 324      C9D7181F 
 324      6242DD
 325 04f8 C3E22403 		.ascii	"\303\342$\003.\023K\262`[?\306\307\251\340\276\345L"
 325      2E134BB2 
 325      605B3FC6 
 325      C7A9E0BE 
 325      E54C
 326 050a FC5DB2C2 		.ascii	"\374]\262\302\321\2377[\346\266\025J\313\334#\210\332"
 326      D19F375B 
 326      E6B6154A 
 326      CBDC2388 
 326      DA
 327 051b C40C69A0 		.ascii	"\304\014i\240\213nV\241F\244~'\247\272T\016P\223\034"
 327      8B6E56A1 
 327      46A47E27 
 327      A7BA540E 
 327      50931C
 328 052e D46145AD 		.ascii	"\324aE\255\0223\303\301|,g\272\226.p\277ppG\224\035"
 328      1233C3C1 
 328      7C2C67BA 
 328      962E70BF 
 328      70704794 
 329 0543 70E2A638 		.ascii	"p\342\2468\270\337*\353\225\\\310qPG\345T\247i\353<"
 329      B8DF2AEB 
 329      955CC871 
 329      5047E554 
 329      A769EB3C 
 330 0557 811EC2F7 		.ascii	"\201\036\302\367!\372iB\234=\2230{\306`f<\001|\017\030"
 330      21FA6942 
 330      9C3D9330 
 330      7BC66066 
ARM GAS  /tmp/ccKsBrMX.s 			page 26


 330      3C017C0F 
 331 056c 073C053C 		.ascii	"\007<\005<\003<w^\323\267\024\222\271<\241\264\037u"
 331      033C775E 
 331      D3B71492 
 331      B93CA1B4 
 331      1F75
 332 057e 5557DED5 		.ascii	"UW\336\325\340J\232->\371|z\262'\362\366S2\213by\277"
 332      E04A9A2D 
 332      3EF97C7A 
 332      B227F2F6 
 332      53328B62 
 333 0594 FFDC72D1 		.ascii	"\377\334r\321:-\022xo4%U\307\204\275:\300\372\241\256"
 333      3A2D1278 
 333      6F342555 
 333      C784BD3A 
 333      C0FAA1AE 
 334 05a8 9A2BD85B 		.ascii	"\232+\330[4g\233\311\034\367\243\266@\325\221\262+\017"
 334      34679BC9 
 334      1CF7A3B6 
 334      40D591B2 
 334      2B0F
 335 05ba 79979AD8 		.ascii	"y\227\232\330\304;\327D\034\257\027\231\327\206Z\252"
 335      C43BD744 
 335      1CAF1799 
 335      D7865AAA 
 336 05ca BD543C6B 		.ascii	"\275T<kC\177\245'\340{O\004=m\"\245\023\317\323\266"
 336      437FA527 
 336      E07B4F04 
 336      3D6D22A5 
 336      13CFD3B6 
 337 05de 2363A7CF 		.ascii	"#c\247\317x\275\262\2338\007\307\224\227x\0244\333\261"
 337      78BDB29B 
 337      3807C794 
 337      97781434 
 337      DBB1
 338 05f0 E3732881 		.ascii	"\343s(\201\177\005\376n\346UL\351\351\372\321\013\236"
 338      7F05FE6E 
 338      E6554CE9 
 338      E9FAD10B 
 338      9E
 339 0601 B8959540 		.ascii	"\270\225\225@V\355\246\315Z\237l\241\366\310\243\322"
 339      56EDA6CD 
 339      5A9F6CA1 
 339      F6C8A3D2 
 340 0611 E2DEF53B 		.ascii	"\342\336\365;\340@\"tOM\275F{\241\317x{,8\362N\007\200"
 340      E0402274 
 340      4F4DBD46 
 340      7BA1CF78 
 340      7B2C38F2 
 341 0628 12791FE8 		.ascii	"\022y\037\350X5\234|AK\353\264VG\317\224gS3\020\255"
 341      58359C7C 
 341      414BEBB4 
 341      5647CF94 
 341      67533310 
 342 063d D322AAF8 		.ascii	"\323\"\252\370\362\304\371\237\343\035\230\276wO\244"
 342      F2C4F99F 
 342      E31D98BE 
ARM GAS  /tmp/ccKsBrMX.s 			page 27


 342      774FA4
 343 064c 56409D32 		.ascii	"V@\2352aW\313\216\277\341\034\366\036[{\250\303\215"
 343      6157CB8E 
 343      BFE11CF6 
 343      1E5B7BA8 
 343      C38D
 344 065e 76FA3D11 		.ascii	"v\372=\021KJR\323\335\360~\366\255\277\372\201\300\323"
 344      4B4A52D3 
 344      DDF07EF6 
 344      ADBFFA81 
 344      C0D3
 345 0670 6F4174D8 		.ascii	"oAt\3305\367\252<\360!\366-g\373\321qv)\210d\347\344"
 345      35F7AA3C 
 345      F021F62D 
 345      67FBD171 
 345      76298864 
 346 0686 27896EB8 		.ascii	"'\211n\270\202}\253\250)\177\314\316\254\211D\326\332"
 346      827DABA8 
 346      297FCCCE 
 346      AC8944D6 
 346      DA
 347 0697 F246BB55 		.ascii	"\362F\273U\366\215\326e\276l\341\347\242\255<\211\320"
 347      F68DD665 
 347      BE6CE1E7 
 347      A2AD3C89 
 347      D0
 348 06a8 6E9E4D96 		.ascii	"n\236M\226\317!\223\351\274/\312\000\354\001d\001\366"
 348      CF2193E9 
 348      BC2FCA00 
 348      EC016401 
 348      F6
 349 06b9 023279C7 		.ascii	"\0022y\307\341J\200\203\333\360\212\235\202\220?\207"
 349      E14A8083 
 349      DBF08A9D 
 349      82903F87 
 350 06c9 4E972408 		.ascii	"N\227$\010\021\351\356\230\015\256\247\037\333\271_"
 350      11E9EE98 
 350      0DAEA71F 
 350      DBB95F
 351 06d8 42F110E2 		.ascii	"B\361\020\34269q;\357\312\274ig\356\2203\323d\314&;"
 351      3639713B 
 351      EFCABC69 
 351      67EE9033 
 351      D364CC26 
 352 06ed 3359CE74 		.ascii	"3Y\316t\335w\201:`\247\356\224Sw\3612\352U;5ENM\345"
 352      DD77813A 
 352      60A7EE94 
 352      5377F132 
 352      EA553B35 
 353 0705 653BCE29 		.ascii	"e;\316)Z\245\300\231^\245\271#%'\334p%\315\005_\277"
 353      5AA5C099 
 353      5EA5B923 
 353      2527DC70 
 353      25CD055F 
 354 071a BDA5CA20 		.ascii	"\275\245\312 \253R{\324Q\016\004\373E\003O\255NB\205"
 354      AB527BD4 
 354      510E04FB 
ARM GAS  /tmp/ccKsBrMX.s 			page 28


 354      45034FAD 
 354      4E4285
 355 072d 6643872F 		.ascii	"fC\207/\034\263\222\272`\267|\271b\177,r\251P%S\334"
 355      1CB392BA 
 355      60B77CB9 
 355      627F2C72 
 355      A9502553 
 356 0742 0FDA0135 		.ascii	"\017\332\0015O\207F\366\032\\\252\323\346R\235\271\216"
 356      4F8746F6 
 356      1A5CAAD3 
 356      E6529DB9 
 356      8E
 357 0753 EA1C3A5D 		.ascii	"\352\034:]\276SMK1\327Q\235\261q\011q\2363V\342>Z\211"
 357      BE534D4B 
 357      31D7519D 
 357      B1710971 
 357      9E3356E2 
 358 076a 79F64AEC 		.ascii	"y\366J\354-\352\254t\303\015l\336\016\2246\336u\207"
 358      2DEAAC74 
 358      C30D6CDE 
 358      0E9436DE 
 358      7587
 359 077c 4AB44125 		.ascii	"J\264A%&\015/\314\020l\261\302\344\324\024\242\275P"
 359      260D2FCC 
 359      106CB1C2 
 359      E4D414A2 
 359      BD50
 360 078e BE5325E6 		.ascii	"\276S%\346\333+\261\200V\342xK\302g\236\270\203E\374"
 360      DB2BB180 
 360      56E2784B 
 360      C2679EB8 
 360      8345FC
 361 07a1 F6E6C164 		.ascii	"\366\346\301d\270\327\350\351\275f\262\357\260?\234"
 361      B8D7E8E9 
 361      BD66B2EF 
 361      B03F9C
 362 07b0 7E5111B8 		.ascii	"~Q\021\270\267_\012\032,\034,h3m\313\250\020\342%\355"
 362      B75F0A1A 
 362      2C1C2C68 
 362      336DCBA8 
 362      10E225ED 
 363 07c4 CC6023ED 		.ascii	"\314`#\355\342\271r\017|\233\3318"
 363      E2B9720F 
 363      7C9BD938 
 364 07d0 7CB26B58 		.ascii	"|\262kX+\336\235\272\263\233u0\025\212y\035: Y(G?x\221"
 364      2BDE9DBA 
 364      B39B7530 
 364      158A791D 
 364      3A205928 
 365 07e8 3EC82B5E 		.ascii	">\310+^^\217\324\325\275\214\007\231\215\204\334\347"
 365      5E8FD4D5 
 365      BD8C0799 
 365      8D84DCE7 
 366 07f8 073C451B 		.ascii	"\007<E\033\266bw\204\016\203\205\222\027\266pH\331\302"
 366      B6627784 
 366      0E838592 
 366      17B67048 
ARM GAS  /tmp/ccKsBrMX.s 			page 29


 366      D9C2
 367 080a A54BCFEA 		.ascii	"\245K\317\3521\315\030Q\3072\226\2222t\332\215\266\221"
 367      31CD1851 
 367      C7329692 
 367      3274DA8D 
 367      B691
 368 081c 4194B205 		.ascii	"A\224\262\005\265\347vR6K-\211\335\021\326\230r\266"
 368      B5E77652 
 368      364B2D89 
 368      DD11D698 
 368      72B6
 369 082e FF3BD58C 		.ascii	"\377;\325\214\271=Js[f\317m\333\231\252\335^x\204\345"
 369      B93D4A73 
 369      5B66CF6D 
 369      DB99AADD 
 369      5E7884E5 
 370 0842 36B9BDA1 		.ascii	"6\271\275\241A%\346v\360\360\"\247\334B/T\356\224\333"
 370      4125E676 
 370      F0F022A7 
 370      DC422F54 
 370      EE94DB
 371 0855 727B6E2B 		.ascii	"r{n+hn\263l\355{\364:q\214\211?\376/\000t\214\327A\267"
 371      686EB36C 
 371      ED7BF43A 
 371      718C893F 
 371      FE2F0074 
 372 086d 7319F9F9 		.ascii	"s\031\371\371\354:n#\327h4u\274\263\207-\316o\320\353"
 372      EC3A6E23 
 372      D7683475 
 372      BCB3872D 
 372      CE6FD0EB 
 373 0881 796BE716 		.ascii	"yk\347\0265\336\252\242\276mj\177p\307\013\2473AH\351"
 373      35DEAAA2 
 373      BE6D6A7F 
 373      70C70BA7 
 373      334148E9 
 374 0895 8FC73883 		.ascii	"\217\3078\203\011[\322\342\372\2658\233\011\035E\251"
 374      095BD2E2 
 374      FAB5389B 
 374      091D45A9 
 375 08a5 895A9CC7 		.ascii	"\211Z\234\307\204\361\326\376c\030\0273\341XJ\177\216"
 375      84F1D6FE 
 375      63181733 
 375      E1584A7F 
 375      8E
 376 08b6 0A5730A1 		.ascii	"\012W0\241\2413\341\036l\322L\270V\370\331N-\256g\302"
 376      A133E11E 
 376      6CD24CB8 
 376      56F8D94E 
 376      2DAE67C2 
 377 08ca 8E825D09 		.ascii	"\216\202]\011<>\313\204\232\306\326<w\334\316\204\321"
 377      3C3ECB84 
 377      9AC6D63C 
 377      77DCCE84 
 377      D1
 378 08db D1944D3C 		.ascii	"\321\224M<\276\304\204\346\374\254q\003\276\311\204"
 378      BEC484E6 
ARM GAS  /tmp/ccKsBrMX.s 			page 30


 378      FCAC7103 
 378      BEC984
 379 08ea 27FD6DB5 		.ascii	"'\375m\265\010\3672\241\353iW\035\333,\026\202\3505"
 379      08F732A1 
 379      EB69571D 
 379      DB2C1682 
 379      E835
 380 08fc 3EF8CD45 		.ascii	">\370\315Ew\373y\315\227\256\357~\276\344\360\374\350"
 380      77FB79CD 
 380      97AEEF7E 
 380      BEE4F0FC 
 380      E8
 381 090d 6AF9D81F 		.ascii	"j\371\330\037\017\034\025\310a\233\234\237OAx\333\370"
 381      0F1C15C8 
 381      619B9C9F 
 381      4F4178DB 
 381      F8
 382 091e 992F1153 		.ascii	"\231/\021S\245\366#\374\227\212L\247\323~FY\250]\353"
 382      A5F623FC 
 382      978A4CA7 
 382      D37E4659 
 382      A85DEB
 383 0931 5772EE4D 		.ascii	"Wr\356M\371\325 I\"W\313\311\323\356<)\022\271NN\236"
 383      F9D52049 
 383      2257CBC9 
 383      D3EE3C29 
 383      12B94E4E 
 384 0946 76E9D822 		.ascii	"v\351\330\"\221\253\344\344i\027\272\255\022\371\264"
 384      91ABE4E4 
 384      6917BAAD 
 384      12F9B4
 385 0955 B21B5228 		.ascii	"\262\033R(\266K\3343\312^L;\353\035\2075\366\004\335"
 385      B64BDC33 
 385      CA5E4C3B 
 385      EB1D8735 
 385      F604DD
 386 0968 1FDAC4B5 		.ascii	"\037\332\304\265\374\022\324\336\327\260\2466\001\332"
 386      FC12D4DE 
 386      D7B0A636 
 386      01DA
 387 0976 01E700E7 		.ascii	"\001\347\000\347\001-\200\313\200\213\200V\300Y\300"
 387      012D80CB 
 387      808B8056 
 387      C059C0
 388 0985 054033A0 		.ascii	"\005@3\240\203\227.\254\266D\311\213J\345\341I\036\357"
 388      83972EAC 
 388      B644C98B 
 388      4AE5E149 
 388      1EEF
 389 0997 95B8F5CA 		.ascii	"\225\270\365\312\031\221\270\333$n\255\234;\355\302"
 389      1991B8DB 
 389      246EAD9C 
 389      3BEDC2
 390 09a6 9A29911B 		.ascii	"\232)\221\033\344\344Fi?f\027\253R\262\035\266M\333"
 390      E4E44669 
 390      3F6617AB 
 390      52B21DB6 
ARM GAS  /tmp/ccKsBrMX.s 			page 31


 390      4DDB
 391 09b8 0EE9552E 		.ascii	"\016\351U.\271,\037A\301\327!\252\253F\3310\325E\376"
 391      B92C1F41 
 391      C1D721AA 
 391      AB46D930 
 391      D545FE
 392 09cb DF75BDFE 		.ascii	"\337u\275\376\004\226m\230\366\010\243N\010\354\377"
 392      04966D98 
 392      F608A34E 
 392      08ECFF
 393 09da 23C8D4E7 		.ascii	"#\310\324\347\2542=\370|\005\324\235\224V\3256\247\355"
 393      AC323DF8 
 393      7C05D49D 
 393      9456D536 
 393      A7ED
 394 09ec 742AF7E2 		.ascii	"t*\367\342\007.\333\340\025\227m\360*\333\006\311\023"
 394      072EDBE0 
 394      15976DF0 
 394      2ADB06C9 
 394      13
 395 09fd C8176BE3 		.ascii	"\310\027k\343\233\014\212\247c\356\305\217\306\350\032"
 395      9B0C8AA7 
 395      63EEC58F 
 395      C6E81A
 396 0a0c EF0DBA26 		.ascii	"\357\015\272&R\366=\322\271X&GQ\311\362u\3212y\352\243"
 396      52F63DD2 
 396      B9582647 
 396      51C9F275 
 396      D13279EA 
 397 0a21 AD1B962C 		.ascii	"\255\033\226,6\257\213\014\2130[5o\277\367\276O\000"
 397      36AF8B0C 
 397      8B305B35 
 397      6FBFF7BE 
 397      4F00
 398 0a33 A78D09DB 		.ascii	"\247\215\011\333h\205F\253\316l\266\277\376\306\030"
 398      688546AB 
 398      CE6CB6BF 
 398      FEC618
 399 0a42 131D650C 		.ascii	"\023\035e\014\333\270&<&\324b\334h\371gx\330\307\306"
 399      DBB8263C 
 399      26D462DC 
 399      68F96778 
 399      D8C7C6
 400 0a55 0D216BD6 		.ascii	"\015!k\326\207m\264\030\315\241\226\265!1\341V\263\365"
 400      876DB418 
 400      CDA196B5 
 400      2131E156 
 400      B3F5
 401 0a67 D3484BF4 		.ascii	"\323HK\364\202\365\234\257\022;\372\323h\2439\332\032"
 401      82F59CAF 
 401      123BFAD3 
 401      68A339DA 
 401      1A
 402 0a78 0A1A81A2 		.ascii	"\012\032\201\242~wU\3402\223f\325\352\217\202\226\231"
 402      7E7755E0 
 402      329366D5 
 402      EA8F8296 
ARM GAS  /tmp/ccKsBrMX.s 			page 32


 402      99
 403 0a89 DC560507 		.ascii	"\334V\005\007-[\026hR\007\275\037\024h\302+\000\253"
 403      2D5B1668 
 403      5207BD1F 
 403      1468C22B 
 403      00AB
 404 0a9b 024DE843 		.ascii	"\002M\350C\352\311\242\3379<!\2578\332bU\257\011\267"
 404      EAC9A2DF 
 404      393C21AF 
 404      38DA6255 
 404      AF09B7
 405 0aae 8444FD61 		.ascii	"\204D\375a\301\002c\300\372\260\217\303V\005\233\227"
 405      C10263C0 
 405      FAB08FC3 
 405      56059B97 
 406 0abe 2C58B8E0 		.ascii	",X\270\340\015cD\264q}H\27012\"\312\032m\014^\375\356"
 406      0D6344B4 
 406      717D48B8 
 406      313222CA 
 406      1A6D0C5E 
 407 0ad4 92C5C695 		.ascii	"\222\305\306\225+\003\215o\007\255X\365\217\305\306"
 407      2B038D6F 
 407      07AD58F5 
 407      8FC5C6
 408 0ae3 C8907073 		.ascii	"\310\220psxx(\030G\313U\376\301&\223je\300\237L\252"
 408      78782818 
 408      47CB55FE 
 408      C126936A 
 408      65C09F4C 
 409 0af8 A56F9956 		.ascii	"\245o\231V\222?\313\261\277\311\244\336\020\021j\211"
 409      923FCBB1 
 409      BFC9A4DE 
 409      10116A89 
 410 0b08 D2449091 		.ascii	"\322D\220\221D\271EDGZ,\241Q\352\310\230\310\320(\034"
 410      44B94544 
 410      475A2CA1 
 410      51EAC898 
 410      C8D0281C 
 411 0b1c 111AA50A 		.ascii	"\021\032\245\012Y\033\025N\376\254\377\211S\340\300"
 411      591B154E 
 411      FEACFF89 
 411      53E0C0
 412 0b2b A39848B3 		.ascii	"\243\230H\263U\033\2661\314J\032\376[\307\326p\232\240"
 412      551BB631 
 412      CC4A1AFE 
 412      5BC7D670 
 412      9AA0
 413 0b3d A58121D6 		.ascii	"\245\201!\326\020M\220?{\004\260G {,c\217\267\310\303"
 413      104D903F 
 413      7B04B047 
 413      207B2C63 
 413      8FB7C8C3 
 414 0b51 3D68E9CA 		.ascii	"=h\351\312\200\210\215k\303\326y\232\305\376fb_\027"
 414      80888D6B 
 414      C3D6799A 
 414      C5FE6662 
 414      5F17
ARM GAS  /tmp/ccKsBrMX.s 			page 33


 415 0b63 1641AC84 		.ascii	"\026A\254\204\205\232\255z\366\272!$\372\357\304\271"
 415      859AAD7A 
 415      F6BA2124 
 415      FAEFC4B9 
 416 0b73 083234B3 		.ascii	"\01024\263\365e\007\035\334^\027\025\021\023I\332=L"
 416      F565071D 
 416      DC5E1715 
 416      111349DA 
 416      3D4C
 417 0b85 0101E6D5 		.ascii	"\001\001\346\3250\350@\313Z>\300\244\012x\353m\023\016"
 417      30E840CB 
 417      5A3EC0A4 
 417      0A78EB6D 
 417      130E
 418 0b97 5861D22E 		.ascii	"Xa\322.\015\362_l\012^M_\026\221\027\315\322\345\376"
 418      0DF25F6C 
 418      0A5E4D5F 
 418      169117CD 
 418      D2E5FE
 419 0baa CBDE33B9 		.ascii	"\313\3363\271\221\017\342s\021<U\376\201\001\320#\030"
 419      910FE273 
 419      113C55FE 
 419      8101D023 
 419      18
 420 0bbb 1A96FB13 		.ascii	"\032\226\373\023\236\232\250XL\377.1*\005\304\362\211"
 420      9E9AA858 
 420      4CFF2E31 
 420      2A05C4F2 
 420      89
 421 0bcc D518F06E 		.ascii	"\325\030\360n\360\212`\010\210\221Fs\355\222\205K>Y"
 421      F08A6008 
 421      88914673 
 421      ED92854B 
 421      3E59
 422 0bde 03F9F937 		.ascii	"\003\371\3717\036\3531\254"
 422      1EEB31AC 
 423              		.text
 424              		.section	.gnu.lto_.symtab.fbf7d9d711cf0394,"",%progbits
 425 0000 5F70616C 		.ascii	"_pal_lld_init\000\000\000\000\000\000\000\000\000\000"
 425      5F6C6C64 
 425      5F696E69 
 425      74000000 
 425      00000000 
 426 0017 00002501 		.ascii	"\000\000%\001\000\000_pal_lld_setgroupmode\000\000\000"
 426      00005F70 
 426      616C5F6C 
 426      6C645F73 
 426      65746772 
 427 0035 00000000 		.ascii	"\000\000\000\000\000\000\000\000\0004\001\000\000"
 427      00000000 
 427      00340100 
 427      00
 428              		.text
 429              		.section	.gnu.lto_.opts,"",%progbits
 430 0000 272D666E 		.ascii	"'-fno-trapv' '-mcpu=cortex-m4' '-mfloat-abi=hard' '"
 430      6F2D7472 
 430      61707627 
ARM GAS  /tmp/ccKsBrMX.s 			page 34


 430      20272D6D 
 430      6370753D 
 431 0033 2D6D6670 		.ascii	"-mfpu=fpv4-sp-d16' '-mno-thumb-interwork' '-mthumb'"
 431      753D6670 
 431      76342D73 
 431      702D6431 
 431      36272027 
 432 0066 20272D67 		.ascii	" '-ggdb' '-Os' '-fomit-frame-pointer' '-falign-func"
 432      67646227 
 432      20272D4F 
 432      73272027 
 432      2D666F6D 
 433 0099 74696F6E 		.ascii	"tions=16' '-ffunction-sections' '-fdata-sections' '"
 433      733D3136 
 433      2720272D 
 433      6666756E 
 433      6374696F 
 434 00cc 2D666E6F 		.ascii	"-fno-common' '-flto' '-fsingle-precision-constant'\000"
 434      2D636F6D 
 434      6D6F6E27 
 434      20272D66 
 434      6C746F27 
 435              		.text
 436              		.comm	__gnu_lto_v1,1,1
 437              		.comm	__gnu_lto_slim,1,1
 438              		.ident	"GCC: (15:4.9.3+svn231177-1) 4.9.3 20150529 (prerelease)"
ARM GAS  /tmp/ccKsBrMX.s 			page 35


DEFINED SYMBOLS
                            *ABS*:0000000000000000 pal_lld.c
                            *COM*:0000000000000001 __gnu_lto_v1
                            *COM*:0000000000000001 __gnu_lto_slim

NO UNDEFINED SYMBOLS
