ARM GAS  /tmp/ccBAtinb.s 			page 1


   1              		.syntax unified
   2              		.cpu cortex-m4
   3              		.eabi_attribute 27, 1
   4              		.eabi_attribute 28, 1
   5              		.fpu fpv4-sp-d16
   6              		.eabi_attribute 20, 1
   7              		.eabi_attribute 21, 1
   8              		.eabi_attribute 23, 3
   9              		.eabi_attribute 24, 1
  10              		.eabi_attribute 25, 1
  11              		.eabi_attribute 26, 1
  12              		.eabi_attribute 30, 4
  13              		.eabi_attribute 34, 1
  14              		.eabi_attribute 18, 4
  15              		.thumb
  16              		.file	"st.c"
  17              		.text
  18              	.Ltext0:
  19              		.section	.gnu.lto_.profile.b21d0419dc994071,"",%progbits
  20 0000 789C6366 		.ascii	"x\234cf```a\200\000F\006u~\000\000\321\000?"
  20      60606061 
  20      80004606 
  20      757E0000 
  20      D1003F
  21              		.text
  22              		.section	.gnu.lto_.jmpfuncs.b21d0419dc994071,"",%progbits
  23 0000 789C6366 		.ascii	"x\234cf\300\016\024\2414\033\003##c=#\220\305\304\010"
  23      C00E14A1 
  23      341B0323 
  23      23633D23 
  23      90C5C408 
  24 0014 02CCE540 		.ascii	"\002\314\345@&3\003\003\013H\230\025\310\006\000 \215"
  24      26330303 
  24      0B489815 
  24      C8060020 
  24      8D
  25 0025 01BD     		.ascii	"\001\275"
  26              		.text
  27              		.section	.gnu.lto_.inline.b21d0419dc994071,"",%progbits
  28 0000 789C6366 		.ascii	"x\234cf\300\016\352\2404\033\020\261220\261}\320c`["
  28      C00EEAA0 
  28      341B10B1 
  28      323230B1 
  28      7DD06360 
  29 0015 20CF0412 		.ascii	" \317\004\022cd`\341\001\012\201da\"\\@\202\211\201"
  29      636460E1 
  29      010A8164 
  29      61225C40 
  29      828981
  30 0028 95175598 		.ascii	"\225\027U\230\211\033(5\301\217\231\201\205\031(\301"
  30      891B2835 
  30      C18F9981 
  30      851928C1 
  31 0038 74811F2E 		.ascii	"t\201\037.\303\202)\304\212)\304\000\000\215\020\012"
  31      C38229C4 
  31      8A29C400 
  31      008D100A 
ARM GAS  /tmp/ccBAtinb.s 			page 2


  32 0048 53       		.ascii	"S"
  33              		.text
  34              		.section	.gnu.lto_.pureconst.b21d0419dc994071,"",%progbits
  35 0000 789C6366 		.ascii	"x\234cf``\340e\200\0006\006)F\011&\011f)\026)V)\000"
  35      6060E065 
  35      80003606 
  35      29460926 
  35      09662916 
  36 0018 059100BE 		.ascii	"\005\221\000\276"
  37              		.text
  38              		.section	.gnu.lto_st_lld_start_alarm.b21d0419dc994071,"",%progbits
  39 0000 789C9D91 		.ascii	"x\234\235\221MH[A\020\307\367\277\357\345E\210\207\342"
  39      4D485B41 
  39      10C7F7BF 
  39      EFE54588 
  39      87E2
  40 0012 A510040B 		.ascii	"\245\020\004\013E\274\230\267U\013B\017\"\350\245E\361"
  40      45BC98B7 
  40      550B420F 
  40      22E8A545 
  40      F1
  41 0023 A0773FA8 		.ascii	"\240w?\250\220@\212bB\257n4\364\340E\021\021Eri+\325"
  41      90408A62 
  41      42AF6E34 
  41      F4E04511 
  41      11457269 
  42 0039 C68F347E 		.ascii	"\306\2174~Q\275<\354\241\202\330\370I\241\007-4\202"
  42      51BD3CEC 
  42      A182D8F8 
  42      49A1072D 
  42      3482
  43 004b 5E24A985 		.ascii	"^$\251\205\362\204\242\263+\210\340\245\270\260\314"
  43      F284A2B3 
  43      2B88E0A5 
  43      B8B0CC
  44 005a CEECCC7F 		.ascii	"\316\354\314\177~;k\260\273\313O\373!g\254\206,\014"
  44      7E3B6BB0 
  44      BBCB4FFB 
  44      2167AC86 
  44      2C0C
  45 006c 063EF48D 		.ascii	"\006>\364\215\261X\001\007\324\201\201\365r\364\342"
  45      B1580107 
  45      D48181F5 
  45      72F4E2
  46 007b 94E73986 		.ascii	"\224\3479\206\234\344\230\257lRJ\231\333\335KA\216\264"
  46      9CE498AF 
  46      6C524A99 
  46      DBDD4B41 
  46      8EB4
  47 008d B95478CE 		.ascii	"\271Tx\316\257\205\360\001e\224\2640y1\000\343\031\030"
  47      AF85F001 
  47      6594B430 
  47      793100E3 
  47      1918
  48 009f 9D3FCFFD 		.ascii	"\235?\317\375\331\362\235p\227\343\221rW\2077\306,\345"
  48      D9F29D70 
  48      97E39172 
ARM GAS  /tmp/ccBAtinb.s 			page 3


  48      578737C6 
  48      2CE5
  49 00b1 7253B9FD 		.ascii	"rS\271\375\351\304{O\351;)\373\234\323\264\2545]n`\012"
  49      E9C47B4F 
  49      E93B29FB 
  49      9CD3B4AC 
  49      355D6E60 
  50 00c6 06E9611A 		.ascii	"\006\351a\032~|\204\237Q\210!\211R\225\236\217\377\373"
  50      7E7C849F 
  50      51882189 
  50      52959E8F 
  50      FFFB
  51 00d8 EEB3E2D4 		.ascii	"\356\263\342\324\375\301uO\314\300\002\331\371\"G^^"
  51      FDC1754F 
  51      CCC002D9 
  51      F922475E 
  51      5E
  52 00e9 FE5A9939 		.ascii	"\376Z\23190-\302V\351,K\011\212\377\230se\215\037X\037"
  52      302DC256 
  52      E92C4B09 
  52      8AFF9873 
  52      658D1F58 
  53 00fe CD67FABC 		.ascii	"\315g\372\274\252\206\264\3166\277\276\361(\022\223"
  53      AA86B4CE 
  53      36BFBEF1 
  53      281293
  54 010d E4A4A639 		.ascii	"\344\244\2469\312fv\012t\210)w|`c\304H`\"&\245S\342"
  54      CA66760A 
  54      74882977 
  54      7C6063C4 
  54      48602226 
  55 0124 720F6609 		.ascii	"r\017f\011i\216\220\324\345\3333\2478\220\224q\270\334"
  55      698E90D4 
  55      E5DB33A7 
  55      38909471 
  55      B8DC
  56 0136 C23C12F8 		.ascii	"\302<\022\370\255g@7\333k\323\347\020\2632\036s\312"
  56      AD674037 
  56      DB6BD3E7 
  56      10B3321E 
  56      73CA
  57 0148 5DEE450A 		.ascii	"]\356E\012\001<\366\353\361|\202\370K4D\222K\355\337"
  57      013CF6EB 
  57      F17C82F8 
  57      4B344492 
  57      4BEDDF
  58 015b 90FC6F1F 		.ascii	"\220\374o\037/\322\272\217z0\026\020\270M\354\245\320"
  58      2FD2BA8F 
  58      7A301610 
  58      B84DECA5 
  58      D0
  59 016c 229528E9 		.ascii	"\"\225(\351\334}\244\227\264\264\236\351\262\226\316"
  59      DC7DA497 
  59      B4B49EE9 
  59      B296CE
  60 017b FCFC3258 		.ascii	"\374\3742X\250\245\3513V\250\344\0201\347\340\205\022"
  60      A8A5E933 
ARM GAS  /tmp/ccBAtinb.s 			page 4


  60      56A8E410 
  60      31E7E085 
  60      12
  61 018c 566FC912 		.ascii	"Vo\311\022\006M\225\012\252m[\324\005C\035\241\246\346"
  61      064D950A 
  61      AA6D5BD4 
  61      05431DA1 
  61      A6E6
  62 019e D62AFB89 		.ascii	"\326*\373\211\375TtED\260=,\272\273z\242\021\321\334"
  62      FD547445 
  62      44B03D2C 
  62      BABB7AA2 
  62      11D1DC
  63 01b1 D2585529 		.ascii	"\322XU)\032\032\352E\313\363\306\327\025\"\022m\015"
  63      1A1AEA45 
  63      CBF3C6D7 
  63      1522126D 
  63      0D
  64 01c2 875FDA41 		.ascii	"\207_\332AfFC\257:\257\000\313*\316\366"
  64      664643AF 
  64      3AAF00CB 
  64      2ACEF6
  65              		.text
  66              		.section	.gnu.lto_stInit.b21d0419dc994071,"",%progbits
  67 0000 789C6366 		.ascii	"x\234cf\300\004R@\274\020\210\225\201\230\221\231\201"
  67      C0045240 
  67      BC108895 
  67      81989199 
  67      81
  68 0011 9169C239 		.ascii	"\221i\3029\006\206F\016&FF\020\203\201\221\241\236\211"
  68      0686460E 
  68      26464610 
  68      838191A1 
  68      9E89
  69 0023 B19EF125 		.ascii	"\261\236\361%\323G&\306\011\007V\317\340V_\332\320\320"
  69      D34726C6 
  69      090756CF 
  69      E0565FDA 
  69      D0D0
  70 0035 F0E1D0F9 		.ascii	"\360\341\320\371\306\200\003\214?\231\030\030>3A\314"
  70      C680038C 
  70      3F991818 
  70      3E3341CC 
  71 0045 615CCEA8 		.ascii	"a\\\316\250\316\000T\364\261\345\357un\266\026\240\""
  71      CE0054F4 
  71      B1E5EF75 
  71      6EB616A0 
  71      22
  72 0056 01881CE3 		.ascii	"\001\210\034\343\012F6F \275^\350@\303\377\377\217\247"
  72      0A463646 
  72      20BD5EE8 
  72      40C3FFFF 
  72      8FA7
  73 0068 FED16766 		.ascii	"\376\321gf`x\002\224\001\231\377\224\211\011D3\337a"
  73      60780294 
  73      0199FF94 
  73      89094433 
ARM GAS  /tmp/ccBAtinb.s 			page 5


  73      DF61
  74 007a 6C3EF097 		.ascii	"l>\360\227\027\244\024d\306\274\313}\353\230j\1777t"
  74      17A41464 
  74      C6BCCB7D 
  74      EB986A7F 
  74      3774
  75 008c 3470FC64 		.ascii	"4p\374db\374\314\004\324\316\270\222\261\226\341'P\365"
  75      62FCCC04 
  75      D4CEB892 
  75      B196E127 
  75      50F5
  76 009e 3DC6C603 		.ascii	"=\306\306\003\377Y\301*\031@\3460\202\364\003MS\324"
  76      FF59C12A 
  76      1940E630 
  76      82F4034D 
  76      53D4
  77 00b0 D3D377CE 		.ascii	"\323\323w\316\310L\312\364\017\2167\3263\3203\321\317"
  77      C84CCAF4 
  77      0F8E37D6 
  77      33D033D1 
  77      CF
  78 00c1 2FD6CF48 		.ascii	"/\326\317H\314\321/.J\326/.\321Kf\000\000c\202D\325"
  78      CCD12F2E 
  78      4AD62F2E 
  78      D14B6600 
  78      00638244 
  79              		.text
  80              		.section	.gnu.lto_stStartAlarm.b21d0419dc994071,"",%progbits
  81 0000 789C6366 		.ascii	"x\234cf\300\004R@\314\306\310\300\240\015\244\031\231"
  81      C0045240 
  81      CCC6C8C0 
  81      A00DA419 
  81      99
  82 0011 19189926 		.ascii	"\031\030\231&\234c`h\344`bd\0041\030\030\031\352\231"
  82      9C636068 
  82      E4606264 
  82      04311818 
  82      19EA99
  83 0024 18EB195F 		.ascii	"\030\353\031_2}db\234p`\365\014n\365\245\015\015\015"
  83      327D6462 
  83      9C7060F5 
  83      0C6EF5A5 
  83      0D0D0D
  84 0037 1F2E6D96 		.ascii	"\037.m\226h\225\370\311\304\300\360\231\011b\014\343"
  84      6895F8C9 
  84      C4C0F099 
  84      09620CE3 
  85 0047 724675A0 		.ascii	"rFu\240\222\376\276\326^Ff\025F\006 {\347\272/g\271"
  85      92FEBED6 
  85      5E466615 
  85      4606207B 
  85      E7BA2F67 
  86 005c 5F30FD64 		.ascii	"_0\375dbT\000qwM:1\203\015\304eb\001q\177M=\321\314"
  86      62540071 
  86      774D3A31 
  86      830DC465 
  86      6201717F 
ARM GAS  /tmp/ccBAtinb.s 			page 6


  87 0074 AABAB8A1 		.ascii	"\252\272\270\241\241\351\300\336M\015\016,?\231\230"
  87      A1E9C0DE 
  87      4D0D0E2C 
  87      3F9998
  88 0083 19573032 		.ascii	"\031W02\003\315c\\\311(\305\270\212Q\212\001(\304\300"
  88      03CD635C 
  88      C928C5B8 
  88      8A518A01 
  88      28C4C0
  89 0096 B89A5115 		.ascii	"\270\232Q\025\244\374c\313\337\353\334l-@\273\005\376"
  89      A4FC63CB 
  89      DFEBDC6C 
  89      2D40BB05 
  89      FE
  90 00a7 C2AC655C 		.ascii	"\302\254e\\\303\010r9\303z\241\003\015\377\377/^\276"
  90      C3087239 
  90      C37AA103 
  90      0DFFFF2F 
  90      5EBE
  91 00b9 662B0B0B 		.ascii	"f+\013\013\320\335 \035\014O\200\012@\036x\312\304\004"
  91      D0DD201D 
  91      0C4F800A 
  91      401E78CA 
  91      C404
  92 00cb A299EF30 		.ascii	"\242\231\3570\266\034\270|\214\021\244\005d\334\274"
  92      B61CB87C 
  92      8C11A405 
  92      64DCBC
  93 00da CB7DEB98 		.ascii	"\313}\353\230j\1777t4p\374db\371\314\0044\206q-c-\303"
  93      6A7F3774 
  93      3470FC64 
  93      62F9CC04 
  93      3486712D 
  94 00f1 7726A003 		.ascii	"w&\240\003Y\031\35616\036\270\352\006V\314\0002\213"
  94      5919EE31 
  94      361EB8EA 
  94      0656CC00 
  94      328B
  95 0103 116406D0 		.ascii	"\021d\006\320DE==}\347\214\314\244L\377\340xc=\003="
  95      44453D3D 
  95      7DE78CCC 
  95      A44CFFE0 
  95      78633D03 
  96 0118 13FDFC62 		.ascii	"\023\375\374b\375\214\304\034\375\342\242d\375\342\022"
  96      FD8CC41C 
  96      FDE2A264 
  96      FDE212
  97 0127 BD6406F6 		.ascii	"\275d\006\366\304\244\342\222\314\334T\000\264\272g"
  97      C4A4E292 
  97      CCDC5400 
  97      B4BA67
  98 0136 F5       		.ascii	"\365"
  99              		.text
 100              		.section	.gnu.lto_stStopAlarm.b21d0419dc994071,"",%progbits
 101 0000 789C6366 		.ascii	"x\234cf\300\004R@\254\313\310\300\020\015\244\031\231"
 101      C0045240 
 101      ACCBC8C0 
ARM GAS  /tmp/ccBAtinb.s 			page 7


 101      100DA419 
 101      99
 102 0011 19189926 		.ascii	"\031\030\231&\234c`h\344`bd\0041\030\030\031\352\231"
 102      9C636068 
 102      E4606264 
 102      04311818 
 102      19EA99
 103 0024 18EB195F 		.ascii	"\030\353\031_2}db\234p`\365\014n\365\245\015\015\015"
 103      327D6462 
 103      9C7060F5 
 103      0C6EF5A5 
 103      0D0D0D
 104 0037 1F366D97 		.ascii	"\0376m\227h\225\370\311\304\300\360\231\011b\014\343"
 104      6895F8C9 
 104      C4C0F099 
 104      09620CE3 
 105 0047 72467506 		.ascii	"rFu\006\240\232\217-\177\257s\263\265\000\325\010@\344"
 105      A09A8F2D 
 105      7FAF73B3 
 105      B500D508 
 105      40E4
 106 0059 185730B2 		.ascii	"\030W0\262\001\215gX/t\240\341\377\377\305s\336lgaf"
 106      018D6758 
 106      2F74A0E1 
 106      FFFFC573 
 106      DE6C6761 
 107 006e 60780294 		.ascii	"`x\002\224\002\231\377\224\211\011D3\337b<\364a\307"
 107      0299FF94 
 107      89094433 
 107      DF623CF4 
 107      61C7
 108 0080 B2DD47B9 		.ascii	"\262\335G\271Q\214x\260\364\275\004\330\200\317L\214"
 108      518C78B0 
 108      F4BD04D8 
 108      80CF4C8C 
 109 0090 E88633AE 		.ascii	"\350\2063\256dd\003\232\276\212\221\015(\361\356\364"
 109      6464039A 
 109      BE8A910D 
 109      28F1EEF4 
 110 00a0 F136D617 		.ascii	"\3616\326\027L?\231\030\201r\015, \265\367\237\234\277"
 110      4C3F9918 
 110      81720D2C 
 110      20B5F79F 
 110      9CBF
 111 00b2 C8011662 		.ascii	"\310\001\026b\000q\247\237\177\275\212i.\343\354\306"
 111      0071A79F 
 111      7FBD8A69 
 111      2EE3ECC6 
 112 00c2 090D1C3F 		.ascii	"\011\015\034?\231\230\030W3J1\256a\224\002\313}\237"
 112      99981857 
 112      334A31AE 
 112      619402CB 
 112      7D9F
 113 00d4 FC642D9F 		.ascii	"\374d-\237\356\352\206\226\306\017g\276\235\342\377"
 113      EEEA8696 
 113      C60F67BE 
 113      9DE2FF
ARM GAS  /tmp/ccBAtinb.s 			page 8


 114 00e3 C9C4CCB8 		.ascii	"\311\304\314\270\226q.\343'\240\033\301\2660\256c\324"
 114      96712EE3 
 114      27A01BC1 
 114      B630AE63 
 114      D4
 115 00f4 453611E8 		.ascii	"E6\021\350~\306\365@\275\367\030\033\037\034}\317\001"
 115      7EC6F540 
 115      BDF7181B 
 115      1F1C7DCF 
 115      01
 116 0105 72202808 		.ascii	"r (\010\236\000\255\002\372\005\250KQOO\3379#3)\323"
 116      9E00AD02 
 116      FA05A84B 
 116      514F4FDF 
 116      39233329 
 117 011a 3F38DE58 		.ascii	"?8\336X\317@\317D?\277X?#1G\277\270(Y\277\270D/\231"
 117      CF40CF44 
 117      3FBF583F 
 117      233147BF 
 117      B82859BF 
 118 0132 C11C978A 		.ascii	"\301\034\227\212\202\374\242\222b\375\340\020_c#}\037"
 118      82FCA292 
 118      62FDE010 
 118      5F63237D 
 118      1F
 119 0143 1F17FD10 		.ascii	"\037\027\375\020O\3372C\240\236\370\234\234\024\275"
 119      4FDF3243 
 119      A09EF89C 
 119      9C14BD
 120 0152 0C06006C 		.ascii	"\014\006\000lz\214?"
 120      7A8C3F
 121              		.text
 122              		.section	.gnu.lto_stSetAlarm.b21d0419dc994071,"",%progbits
 123 0000 789C7590 		.ascii	"x\234u\220OHTQ\024\306\357w\336\233\347\300\204\211"
 123      4F485451 
 123      14C6EF77 
 123      DE9BE7C0 
 123      8489
 124 0012 AB6156C5 		.ascii	"\253aV\305$n\364\335\312\240mP\233@i\241{Q\023f`\302"
 124      246EF4DD 
 124      CAA06D50 
 124      9B4069A1 
 124      7B511366 
 125 0028 F00D6DBD 		.ascii	"\360\015m\275\2433-\202jP*!\214B\246?N\243\245\206\324"
 125      A3332D82 
 125      6A502A21 
 125      8C42A63F 
 125      4EA3A586 
 126 003d 6C5E4524 		.ascii	"l^E$H\015m\212\012j\026\023$Vh\012\303\023t:\367e\013"
 126      480D6D8A 
 126      0A6A1613 
 126      2456680A 
 126      C313743A 
 127 0054 8B2EBC7B 		.ascii	"\213.\274{\357\271\347{\337\371\235c\210\177W\204\277"
 127      EFB9E77B 
 127      DFF99D63 
 127      887F5784 
ARM GAS  /tmp/ccBAtinb.s 			page 9


 127      BF
 128 0065 EF1022C6 		.ascii	"\357\020\"\306'\014\001\312\276\026\"\025$@_\004\304"
 128      270C01CA 
 128      BE162215 
 128      24405F04 
 128      C4
 129 0076 106108CB 		.ascii	"\020a\010\313\264F\310\272\371\361PsN)\265:Z\014g\302"
 129      B446C8BA 
 129      F9F15073 
 129      4E29B53A 
 129      5A0C67C2 
 130 008a 1E09B14E 		.ascii	"\036\011\261N\277mp\007\315,\271|)s\021\306\001\010"
 130      BF6D7007 
 130      CD2CB97C 
 130      297311C6 
 130      0108
 131 009c BE3F9EDE 		.ascii	"\276?\236\336x\025\372J\036a\237\016\237\214.\216[:"
 131      7815FA4A 
 131      1E619F0E 
 131      9F8C2E8E 
 131      5B3A
 132 00ae 2453879B 		.ascii	"$S\207\233W\026G\002M\223J\015\273\305Yu\314\364\310"
 132      57164702 
 132      4D934A0D 
 132      BBC55975 
 132      CCF4C8
 133 00c1 C05D18EC 		.ascii	"\300]\030\354\207{\210`\012\021\301O\002y4i\371Zz\353"
 133      877B8860 
 133      0A11C14F 
 133      02793469 
 133      F95A7AEB 
 134 00d5 5DC84A73 		.ascii	"]\310Js\355\206\255?eq\037\026\223\213\231FW\325j\223"
 134      ED86AD3F 
 134      65711F16 
 134      938B9946 
 134      57D56A93 
 135 00e9 B7BF154D 		.ascii	"\267\277\025M\223\271\365\037\242\302\002\335\300\027"
 135      93B9F51F 
 135      A2C202DD 
 135      C017
 136 00f7 227D1A6F 		.ascii	"\"}\032o1\334\240}\346r\233\027`\264\370\200\037\027"
 136      31DCA07D 
 136      E6729B17 
 136      60B4F880 
 136      1F17
 137 0109 16B6F744 		.ascii	"\026\266\367Do1B\371\375\363~7}Sm\327j\320 \205\335"
 137      6F3142F9 
 137      FDF37E37 
 137      7D536DD7 
 137      6AD02085 
 138 011e 203B2D4E 		.ascii	" ;-N#Ze\273\017xv\325\233/e\352wa\225s\325\260V\370"
 138      235A65BB 
 138      0F7876D5 
 138      9B2F65EA 
 138      77619573 
 139 0136 54EB84BF 		.ascii	"T\353\204\277\240\005f`\261\307\003X\234\370\261\364"
 139      A0056660 
ARM GAS  /tmp/ccBAtinb.s 			page 10


 139      B1C70358 
 139      9CF8B1F4 
 140 0146 F27C40CF 		.ascii	"\362|@\317\302\344\234\362\347\361\271Rz\023\364\237"
 140      C2E49CF2 
 140      E7F1B952 
 140      7A13F49F 
 141 0156 840EAF95 		.ascii	"\204\016\257\225V\246h\002\327SY\025\364(\200\207\214"
 141      56A66802 
 141      D7535915 
 141      F4288087 
 141      8C
 142 0167 32AB5138 		.ascii	"2\253Q8W\035\253\024\352[\363*\235Z]\276\261\264\327"
 142      571DAB14 
 142      EA5BF32A 
 142      9D5A5DBE 
 142      B1B4D7
 143 017a 230B7398 		.ascii	"#\013s\230\300On\331\257\302\222\247c\0339\222\005\226"
 143      C04F6ED9 
 143      AFC292A7 
 143      631B3992 
 143      0596
 144 018c B82D1ED5 		.ascii	"\270-\036\325a\036\255\210Fv\362x\004\251\033\371\204"
 144      611EAD88 
 144      4676F278 
 144      04A91BF9 
 144      84
 145 019d 54F94535 		.ascii	"T\371E5\250\201u\177\025\206\346Q\261\313~\333\226\307"
 145      A881757F 
 145      1586E651 
 145      B1CB7EDB 
 145      96C7
 146 01af 63F1DEF8 		.ascii	"c\361\336\370\251\316\3566\373\240}D\01682\326\223\220"
 146      A9CEEE36 
 146      FBA07D44 
 146      0E3832D6 
 146      9390
 147 01c1 CE609F74 		.ascii	"\316`\237t\222v\237\250\353\351u\222\3613\375\246\336"
 147      92769FA8 
 147      EBE97592 
 147      F133FDA6 
 147      DE
 148 01d2 8EFE4F7E 		.ascii	"\216\376O~v`0\351\310\316\256\216\266\303\262\275\375"
 148      766030E9 
 148      C8CEAE8E 
 148      B6C3B2BD 
 148      FD
 149 01e3 84EC3AD9 		.ascii	"\204\354:\331q\356\020\033t'\022\247\355\230\370\005"
 149      71EE101B 
 149      742712A7 
 149      ED98F805 
 150 01f3 97A7D069 		.ascii	"\227\247\320i"
 151              		.text
 152              		.section	.gnu.lto_stGetAlarm.b21d0419dc994071,"",%progbits
 153 0000 789C754F 		.ascii	"x\234uO\313+\304Q\024>\337\371\215_#%YiVDY\371]\257"
 153      CB2BC451 
 153      143EDFF9 
 153      8D5F2325 
ARM GAS  /tmp/ccBAtinb.s 			page 11


 153      59695644 
 154 0018 F207B051 		.ascii	"\362\007\260Qd1\263\263\220W\215L\221\221\355\334\321"
 154      6431B3B3 
 154      90578D4C 
 154      9191EDDC 
 154      D1
 155 0029 642D1412 		.ascii	"d-\024\022)\306{<\226l<6\224W6\246,\260\030E$\257\232"
 155      29C67B3C 
 155      966C3C36 
 155      945736A6 
 155      2CB01845 
 156 0040 66A171EE 		.ascii	"f\241q\356d\203\334:\335\363\335\357\273\347|\237E\177"
 156      6483DC3A 
 156      DDF3DDEF 
 156      BBE77C9F 
 156      457F
 157 0052 8F47AA1B 		.ascii	"\217G\252\033D\315r\303\"\360\360\031Q\330\315\200i"
 157      44CD72C3 
 157      22F0F019 
 157      51D8CD80 
 157      69
 158 0063 08146284 		.ascii	"\010\024b\204\360\300\257\214\355\365\217\323\234{N"
 158      F0C0AF8C 
 158      EDF58FD3 
 158      9C7B4E
 159 0072 311592C0 		.ascii	"1\025\222\300\235\221\243\011\333@\270\014\214_N\304"
 159      9D91A309 
 159      DB40B80C 
 159      8C5F4EC4 
 160 0082 B34BA35A 		.ascii	"\263K\243Z\017\276\214\354\006&\307f\205azg\302\"<X"
 160      0FBE8CEC 
 160      0626C766 
 160      85617A67 
 160      C2223C58 
 161 0096 82598465 		.ascii	"\202Y\204e\224\032\355k\3443\236cG\264\326y\237LF$\334"
 161      941AED6B 
 161      E4339E63 
 161      47B4D679 
 161      9F4C4624 
 162 00ab 0A6CF141 		.ascii	"\012l\361A\033\371{:\235\236\233y\332uYLf\006%\244\214"
 162      1BF97B3A 
 162      9D9E9B79 
 162      DA75594C 
 162      660625A4 
 163 00c0 9B3B0172 		.ascii	"\233;\001r[W8\330\331^x\354\3741\351v>\224\231\361\316"
 163      5B5738D8 
 163      D95E78EC 
 163      FC31E976 
 163      3E9499F1 
 164 00d5 F8B582B0 		.ascii	"\370\265\202\260\012[\026\254\301N\262\011\362||8\224"
 164      0A5B16AC 
 164      C14EB209 
 164      F27C7C38 
 164      94
 165 00e6 659C5B42 		.ascii	"e\234[B\353\214\373\233\304\371\205;\363D\006\216\237"
 165      EB8CFB9B 
 165      C4F9853B 
ARM GAS  /tmp/ccBAtinb.s 			page 12


 165      F344068E 
 165      9F
 166 00f7 3FAEF034 		.ascii	"?\256\3604\246\302\303\332\235b\027b\022a\335D\020."
 166      A6C2C3DA 
 166      9D621762 
 166      1261DD44 
 166      102E
 167 0109 399A88E5 		.ascii	"9\232\210\345\226\255\352H\370\345\344\362\270$\305"
 167      96ADEA48 
 167      F8E5E4F2 
 167      B824C5
 168 0118 59D8C034 		.ascii	"Y\330\3004\336\304df\221H\366G?\242\254b\"\331\363\244"
 168      DEC46466 
 168      9148F647 
 168      3FA2AC62 
 168      22D9F3A4 
 169 012c D8C626CA 		.ascii	"\330\306&\312P\354\371\346\261\005E\327\010\337F\323"
 169      50ECF9E6 
 169      B10545D7 
 169      08DF46D3 
 170 013c 05C670D2 		.ascii	"\005\306p\322D\224\2140\331\244-r\034U\353\357j\353"
 170      44948C30 
 170      D9A42D72 
 170      1C55EBEF 
 170      6AEB
 171 014e 6AF2B654 		.ascii	"j\362\266T9\345N\265\352\011*\177k@\005\373\332U\260"
 171      39E54EB5 
 171      EA092A7F 
 171      6B4005FB 
 171      DA55B0
 172 0161 DF69A79A 		.ascii	"\337i\247\232\377\024\275=}\375A\345\3655VU\252\206"
 172      FF14BD3D 
 172      7DFD41E5 
 172      F5355655 
 172      AA86
 173 0173 863AE5AB 		.ascii	"\206:\345\253o\034\250\220?-\201@\207\343\247/\320%"
 173      6F1CA890 
 173      3F2D8140 
 173      87E3A72F 
 173      D025
 174 0185 A1B2     		.ascii	"\241\262"
 175              		.text
 176              		.section	.gnu.lto_.symbol_nodes.b21d0419dc994071,"",%progbits
 177 0000 789C55C8 		.ascii	"x\234U\310K\016\202@\024\005\321z\267\2010`\317\267"
 177      4B0E8240 
 177      1405D17A 
 177      B7813060 
 177      CFB7
 178 0012 F90C70E6 		.ascii	"\371\014p\346\006$\304\270\036\326\300:\034\250$hb\327"
 178      0624C4B8 
 178      1ED6C03A 
 178      1CA82468 
 178      62D7
 179 0024 A4929380 		.ascii	"\244\222\223\200\013\337\364\014\303u\003\233\333:w"
 179      0BDFF40C 
 179      C375039B 
 179      DB3A77
ARM GAS  /tmp/ccBAtinb.s 			page 13


 180 0033 E81D8E9F 		.ascii	"\350\035\216\237,k\213\262\254\002z9\0250\310U\001\243"
 180      2C6B8BB2 
 180      AC027A39 
 180      1530C855 
 180      01A3
 181 0045 5CFF434C 		.ascii	"\\\377CLrs\0029\267\244hx\354\257H\202\373q>\314\225"
 181      72730239 
 181      B7A46878 
 181      ECAF4882 
 181      FB713ECC 
 182 005a 2706     		.ascii	"'\006"
 183              		.text
 184              		.section	.gnu.lto_.refs.b21d0419dc994071,"",%progbits
 185 0000 789C6366 		.ascii	"x\234cf```d\200\002\000\000=\000\005"
 185      60606064 
 185      80020000 
 185      3D0005
 186              		.text
 187              		.section	.gnu.lto_.decls.b21d0419dc994071,"",%progbits
 188 0000 789CB557 		.ascii	"x\234\265WkP\024W\026\356\333w\030\206a\000\027k\215"
 188      6B501457 
 188      16EEDB77 
 188      18866100 
 188      176B8D
 189 0013 45652B8A 		.ascii	"Ee+\212U\224\331UF4[\251\332?\321\035-\327\332\230X"
 189      5594D955 
 189      46345BA9 
 189      DA3FD11D 
 189      2DD7DA98 
 190 0028 83A94A55 		.ascii	"\203\251JU~\214\004I\240\012\320\202qw\363\257\021\\"
 190      7E8C0449 
 190      A00AD082 
 190      7177F3AF 
 190      115C
 191 003a 41457144 		.ascii	"AEqD\002(2\206\247 \017\037\240\240<\3048\202\202`|"
 191      02283286 
 191      A7200F1F 
 191      A0A03CC4 
 191      38828260 
 192 004f 4791F189 		.ascii	"G\221\361\211\017\214\203\2120>\230=\367\336\356\236"
 192      0F8C838A 
 192      303E983D 
 192      F7DEEE9E 
 193 005f A6777093 		.ascii	"\246wp\223\037\333Ug\372\236\276\337\371\316\271\337"
 193      1FDB5567 
 193      FA9EBEDF 
 193      F9CEB9DF 
 194 006f BD7DFB0E 		.ascii	"\275}\373\016\3468\316\2118\316\003W\362\024\216[\305"
 194      E638CE89 
 194      38CE0357 
 194      F2148E5B 
 194      C5
 195 0080 739C3F3C 		.ascii	"s\234?<[\301y/\3427\203\265\200\265\201\235\000;\011"
 195      5BC1792F 
 195      E23783B5 
 195      80B5819D 
 195      003B09
ARM GAS  /tmp/ccBAtinb.s 			page 14


 196 0093 E600EBE4 		.ascii	"\346\000\353\344\376\373\"X\235\310\021\014f\000k$w"
 196      FEFB2258 
 196      9DC8110C 
 196      66006B24 
 196      77
 197 00a4 C8A307BB 		.ascii	"\310\243\007\273\013\355n0\014\346\007\376(\334\307"
 197      0BED6E30 
 197      0CE607FE 
 197      28DCC7
 198 00b3 C19018AB 		.ascii	"\301\220\030\253\276ZD,\341\013\002\3201\3619/\366\371"
 198      BE5A442C 
 198      E10B02D0 
 198      31F1392F 
 198      F6F9
 199 00c5 AA81D4A9 		.ascii	"\252\201\324\251\365QC0\304\037U\304\267\2119I\356?"
 199      F5514330 
 199      C41F55C4 
 199      B7893949 
 199      EE3F
 200 00d7 A0891C64 		.ascii	"\240\211\034d\234\032\221C\252\275[\304\216\213\361"
 200      9C1A9143 
 200      AABD5BC4 
 200      8E8BF1
 201 00e6 04F3812A 		.ascii	"\004\363\201*\216\023\365\3715\032 Q\003^\214\231\211"
 201      8E13F5F9 
 201      351A2051 
 201      035E8C99 
 201      89
 202 00f7 D8B30F55 		.ascii	"\330\263\017U\234Dk\377\337\300E\360\177\022\271\346"
 202      9C446BFF 
 202      DFC045F0 
 202      7F12B9E6 
 203 0107 AAB88679 		.ascii	"\252\270\206yt\366\366\330s\303\003\036\005\353\247"
 203      74F6F6D8 
 203      73C3031E 
 203      05EBA7
 204 0116 10B7F0CA 		.ascii	"\020\267\360\312\275\027\030\\\203\236'nS\355\213\236"
 204      BD17185C 
 204      839E276E 
 204      53ED8B9E 
 205 0126 40DA3B83 		.ascii	"@\332;\203\270\315\266\316|-\355\325\020\367\334\036"
 205      B8CDB6CE 
 205      7C2DEDD5 
 205      10F7DC1E 
 206 0136 FBE110CC 		.ascii	"\373\341\020\314#\322.\311\277uQ?\247J\020\204L\241"
 206      23D22EC9 
 206      BF75513F 
 206      A74A1084 
 206      4CA1
 207 0148 DD89BC09 		.ascii	"\335\211\274\011\332Z\307\034z<\225\202\266d:\273\364"
 207      DA5AC71C 
 207      7A3C9582 
 207      B6643ABB 
 207      F4
 208 0159 F87DDA4E 		.ascii	"\370}\332N+?\266\305\037\270f\352)l`\227\2734\200\272"
 208      2B3FB6C5 
 208      1FB866EA 
ARM GAS  /tmp/ccBAtinb.s 			page 15


 208      296C6097 
 208      BB3480BA 
 209 016d 640186C0 		.ascii	"d\001\206\300#\276\363\276P\022\214\"\364\245@\352\352"
 209      23BEF3BE 
 209      50128C22 
 209      F4A540EA 
 209      EA
 210 017e B539DE17 		.ascii	"\2659\336\027\004\015:\210\364\250\026a\264\037\315"
 210      040D3A88 
 210      F4A81661 
 210      B41FCD
 211 018d 210325D1 		.ascii	"!\003%\321\344\312\024\204\365BN\272\020\320\031\314"
 211      E4CA1484 
 211      F5424EBA 
 211      10D019CC 
 212 019d A17D280C 		.ascii	"\241}(\014U\2410\016\035@\021\200\240XT\007\017\353"
 212      55A1300E 
 212      1D401180 
 212      A0585407 
 212      0FEB
 213 01af E121109F 		.ascii	"\341!\020\237z\323\232\341\207\364\021\276\203\016\373"
 213      7AD39AE1 
 213      87F411BE 
 213      830EFB
 214 01be 08A225D4 		.ascii	"\010\242%\324\244\333\246\221\022\016A\0115\336\022"
 214      A4DBA691 
 214      120E4109 
 214      35DE12
 215 01cd A02269B0 		.ascii	"\240\"i\260\374\223Z[\003\222J\036\273S\370{\202o\004"
 215      FC935A5B 
 215      03924A1E 
 215      BB53F87B 
 215      826F04
 216 01e0 7CB5177F 		.ascii	"|\265\027\177\010\275\263\346\006\2375\243\003\3317"
 216      08BDB3E6 
 216      069F35A3 
 216      03D937
 217 01ef B3FC3530 		.ascii	"\263\37450\241\224\356+\252\177qN\313\226\340\367v\012"
 217      A194EE2B 
 217      AA7F714E 
 217      CB96E0F7 
 217      760A
 218 0201 E44A17A6 		.ascii	"\344J\027\246\360h\3054T\001!\225\020\302\241\243\350"
 218      F068C534 
 218      54012195 
 218      10C2A1A3 
 218      E8
 219 0212 3DF83D82 		.ascii	"=\370=\2024l\036\362\032\006\243q\031\242\332\377\342"
 219      346C1EF2 
 219      1A06A371 
 219      19A2DAFF 
 219      E2
 220 0223 6CB98766 		.ascii	"l\271\207f\354\021\332\353]ce\0251\266t!Wpz<\037\010"
 220      EC11DAEB 
 220      5D636515 
 220      31B67421 
 220      57707A3C 
ARM GAS  /tmp/ccBAtinb.s 			page 16


 221 0239 3A12859A 		.ascii	":\022\205\232\344b9\322\246\305\242f4\003\"\033\335"
 221      E46239D2 
 221      A6C5A266 
 221      3403221B 
 221      DD
 222 024a 2FEBB493 		.ascii	"/\353\264\223\246<FS~%f\264\037\311x\246\301.\226\362"
 222      A63C4653 
 222      7E2566B4 
 222      1FC978A6 
 222      C12E96F2 
 223 025e A8A7B8C1 		.ascii	"\250\247\270\301\017R\332\353]O7\026\343\002\301\236"
 223      0F52DAEB 
 223      5D4F3716 
 223      E302C19E 
 224 026e 268C7B3C 		.ascii	"&\214{<\210\006\241\343\212\214\307\245\214-4cCs\337"
 224      8806A1E3 
 224      8A8CC7A5 
 224      8C2D3463 
 224      4373DF
 225 0281 901E17B0 		.ascii	"\220\036\027\260U6\336\226\361c\000e\261\027\225h+\205"
 225      5536DE96 
 225      F1630065 
 225      B1179568 
 225      2B85
 226 0293 768FE713 		.ascii	"v\217\347\023Zr\253\202\240U\"h\243\004\3336?\332\300"
 226      5A72AB82 
 226      A0552268 
 226      A304DB36 
 226      3FDAC0
 227 02a6 E37246B0 		.ascii	"\343rF\2609\377P\177\020#8&\023\220\012\332\025\004"
 227      39FF507F 
 227      10233826 
 227      13900ADA 
 227      1504
 228 02b8 ED12C109 		.ascii	"\355\022\301\011JP_\351j\015\302\007\031\301H\305\233"
 228      4A505FE9 
 228      6A0DC207 
 228      19C148C5 
 228      9B
 229 02c9 117F4670 		.ascii	"\021\177FpmB\005\035\012\202\016\211\340$%\250>\322"
 229      6D42051D 
 229      0A820E89 
 229      E02425A8 
 229      3ED2
 230 02db FE46AF14 		.ascii	"\376F\257\024\215L\241W\265\037'\250V\343\034{l\300"
 230      8D4CA157 
 230      B51F27A8 
 230      56E31C7B 
 230      6CC0
 231 02ed 2D2CDBD9 		.ascii	"-,\333\331\261\346\032L\2639\335w\034\006\201\345\243"
 231      B1E61A4C 
 231      B339DD77 
 231      1C0681E5 
 231      A3
 232 02fe 21E89422 		.ascii	"!\350\224\"\341))\241\203&\274Ph;\214p'\343\030\274"
 232      E12929A1 
 232      8326BC50 
ARM GAS  /tmp/ccBAtinb.s 			page 17


 232      683B8C70 
 232      27E318BC 
 233 0312 D1544B38 		.ascii	"\321TK8\234\260\"\357\215.\334\236\236\303&\233)\177"
 233      9CB022EF 
 233      8D2EDC9E 
 233      9EC3269B 
 233      297F
 234 0324 5AC1725A 		.ascii	"Z\301rZb\351\244,\216\207\255[\331\326 h\011Q}[uV\000"
 234      62E9A42C 
 234      8E87AD5B 
 234      D9D62068 
 234      09517D5B 
 235 033b 7DFB5711 		.ascii	"}\373W\021\267\243ic\221\006_dI\236t\224\376K\237I\206"
 235      B7A36963 
 235      91065F64 
 235      499E7494 
 235      FE4B9F49 
 236 0350 F7ABDE27 		.ascii	"\367\253\336'\210\310(\360\214`\354d\341\205\356\272"
 236      88C828F0 
 236      8C60EC64 
 236      E185EEBA 
 237 0360 7D81F8AE 		.ascii	"}\201\370\256\350\024\234\276\256!\233\020qJw\346\355"
 237      E8149CBE 
 237      AE219B10 
 237      714A77E6 
 237      ED
 238 0371 F7A34975 		.ascii	"\367\243Iut\007\351\275\270-\000?a}\345\271\243Y!\370"
 238      7407E9BD 
 238      B82D003F 
 238      617DE5B9 
 238      A35921F8 
 239 0385 992895B8 		.ascii	"\231(\225\270\221\031\330F\346~}\361\032\217GX\337\231"
 239      9119D846 
 239      E67E7DF1 
 239      1A8F4758 
 239      DF99
 240 0397 CBB77EF0 		.ascii	"\313\267~\360\303n\346\024\214v;B(p:qGw\245\247\207"
 240      C36EE614 
 240      8C763B42 
 240      28703A71 
 240      4777A5A7 
 241 03ac 600FEBB3 		.ascii	"`\017\353\263W\274\365\004\343\015\030)7?\003\333\374"
 241      57BCF504 
 241      E30D1829 
 241      373F03DB 
 241      FC
 242 03bd 769F7874 		.ascii	"v\237xt>\010ob}\317o\257\037Gx+s*o\237\263\005Q\340"
 242      3E086F62 
 242      7DCF6FAF 
 242      1F47782B 
 242      732A6F9F 
 243 03d5 6CFA5AE6 		.ascii	"l\372Z\346\272M\330\306\272\232\2077\277\320\341<\346"
 243      BA4DD8C6 
 243      BA9A8737 
 243      BFD0E13C 
 243      E6
 244 03e6 0C8C0E74 		.ascii	"\014\214\016t\370S\334<\342\356<\276\333\026\300\364"
ARM GAS  /tmp/ccBAtinb.s 			page 18


 244      F853DC3C 
 244      E2EE3CBE 
 244      DB16C0F4 
 245 03f6 A5DD5B6B 		.ascii	"\245\335[kK\237\263\3020e\335{\243\033\023M\005QS\350"
 245      4B9FB3C2 
 245      3065DD7B 
 245      A31B134D 
 245      055153E8 
 246 040a 9055E5D0 		.ascii	"\220U\345\320m\262\215\240\331a\350\026\323\263\350"
 246      6DB28DA0 
 246      D961E816 
 246      D3B3E8
 247 0419 715F5548 		.ascii	"q_UHh\016\205\013\302\014+\335\246\234\000\277@\341"
 247      680E850B 
 247      C20C2BDD 
 247      A69C00BF 
 247      40E1
 248 042b 7750A814 		.ascii	"wP\250\024D\320\337_\252t\371+\321\335\357Bo\312\313"
 248      44D0DF5F 
 248      AA74F92B 
 248      D1DDEF42 
 248      6FCACB
 249 043e 75205CC8 		.ascii	"u \\\310Fq)\355\376e\036\357a\316\301\222\262F\266&"
 249      467129ED 
 249      FE651EEF 
 249      61CEC192 
 249      B246B626 
 250 0452 16D2215C 		.ascii	"\026\322!\\9\177\311\037\227\210\372\035\310q\007\323"
 250      397FC91F 
 250      9788FA1D 
 250      C87107D3 
 251 0462 BEBF11B7 		.ascii	"\276\277\021\267\253!\273]\217+X\337\333\352\273c<\336"
 251      AB21BB5D 
 251      8F2B58DF 
 251      DBEABB63 
 251      3CDE
 252 0474 CF9CC1D6 		.ascii	"\317\234\301\326!\201\247\300\025\304\275\371${@\207"
 252      2181A7C0 
 252      15C4BDF9 
 252      247B4087 
 253 0484 EB262608 		.ascii	"\353&&\010f\0116m>\340\361\237\\\224\247\222(\037RM"
 253      6609366D 
 253      3EE0F19F 
 253      5C94A792 
 253      281F524D 
 254 0498 D28ACA9C 		.ascii	"\322\212\312\234X\034\245]\322\344\027@\367Q\264\213"
 254      581CA55D 
 254      D2E41740 
 254      F751B48B 
 255 04a8 8EF2A934 		.ascii	"\216\362\2514\312\341\253\031\275\201Jt\367\273\320"
 255      CAE1AB19 
 255      BD814A74 
 255      F7BBD0
 256 04b7 3D2F2B8B 		.ascii	"=/+\213\264\270\201U\231y<\267\234\311\360%\270\323"
 256      B4B88155 
 256      99793CB7 
 256      9CC9F025 
ARM GAS  /tmp/ccBAtinb.s 			page 19


 256      B8D3
 257 04c9 AEF76EAC 		.ascii	"\256\367n\254\013B\341\354\232\032\256\270\"\302\355"
 257      0B42E1EC 
 257      9A1AAEB8 
 257      22C2ED
 258 04d8 4246BAEB 		.ascii	"BF\272\353Uv\363\337w\244\013\245\323i\216\307\360\016"
 258      5576F3DF 
 258      77A40BA5 
 258      D3698EC7 
 258      F00E
 259 04ea BE4653BD 		.ascii	"\276FS\275\257\314\020M\370G\370\341\010\334>P\243\355"
 259      AFCC104D 
 259      F847F8E1 
 259      08DC3E50 
 259      A3ED
 260 04fc 9C47A18F 		.ascii	"\234G\241\217\324\320\207\024\272\017\311\330^\031{"
 260      D4D08714 
 260      BA0FC9D8 
 260      5E197B
 261 050b 558DBDA6 		.ascii	"U\215\275\246\242=+C\177RC/\250\240?\313\320~5\364\206"
 261      A23D2B43 
 261      7F52432F 
 261      A8A03FCB 
 261      D07E35F4 
 262 0520 BA827332 		.ascii	"\272\202s2\366\212\032{Y\215\355\221\261\227|ci\011"
 262      F68A1A7B 
 262      598DED91 
 262      B1977C63 
 262      6909
 263 0532 DBC575BA 		.ascii	"\333\305u\272\320\312\241.\350?C\273\010\032v\025\224"
 263      D0CAA12E 
 263      E83F43BB 
 263      081A7615 
 263      94
 264 0543 C947A0B7 		.ascii	"\311G\240\267(\034\275\001K\347\303\3218\334G\3012\240"
 264      281CBD01 
 264      4BE7C3D1 
 264      38DC47C1 
 264      32A0
 265 0555 FD0AEE6E 		.ascii	"\375\012\356n\260\227`\002\370\033\301\306\240\235\006"
 265      B0976002 
 265      F81BC1C6 
 265      A09D06
 266 0564 F70D60FF 		.ascii	"\367\015`\377\006\363\200?\002\366\002,\013\374\365"
 266      06F3803F 
 266      02F6022C 
 266      0BFCF5
 267 0573 7C38DD06 		.ascii	"|8\335\006i\201\235r\201\347\324\005\316V\215\245M\206"
 267      69819D72 
 267      81E7D405 
 267      CE568DA5 
 267      4D86
 268 0585 F6F8847A 		.ascii	"\366\370\204z\325<##\317\253\221}j\205n\312\330\007"
 268      D53C2323 
 268      CFAB917D 
 268      6A856ECA 
 268      D807
ARM GAS  /tmp/ccBAtinb.s 			page 20


 269 0597 BEE7DE4B 		.ascii	"\276\347\336K{U\206\376\354{\352\025\264\327e\354M5"
 269      7B5586FE 
 269      EC7BEA15 
 269      B4D765EC 
 269      4D35
 270 05a9 7660026D 		.ascii	"v`\002m\232\375\321\\@\016\243P\364LDJ\357\004z\256"
 270      9AFDD15C 
 270      400EA350 
 270      F44C444A 
 270      EF047AAE 
 271 05bd 2AA04B26 		.ascii	"*\240K&\355\365=./\264[\206^\364\275\366\344Z\323\354"
 271      EDF53D2E 
 271      2FB45B86 
 271      5EF4BDF6 
 271      E45AD3EC 
 272 05d1 37480177 		.ascii	"7H\001w\241\200{\"T\332\250\304R\025\303\352\227i\357"
 272      A1807B22 
 272      54DAA8C4 
 272      5215C3EA 
 272      9769EF
 273 05e4 AB6907D5 		.ascii	"\253i\007\325\330k2\366\272\3575M\253%G9gk\215V@\004"
 273      D86B32F6 
 273      BAEF354D 
 273      AB254739 
 273      676B8D56 
 274 05fa C2491F4B 		.ascii	"\302I\037KN^\"\316\2075\347\014\202\310\364\304\367"
 274      4E5E22CE 
 274      8735E70C 
 274      82C8F4C4 
 274      F7
 275 060b ABCCB2C2 		.ascii	"\253\314\262\302\001\361\264\253i\034\243\251\021\276"
 275      01F1B4AB 
 275      691CA3A9 
 275      11BE
 276 0619 5634DA0C 		.ascii	"V4\332\014\013\371\377\275\250\351p\036'\351\320&~*"
 276      0BF9FFBD 
 276      A8E9701E 
 276      27E9D026 
 276      7E2A
 277 062b 3AEB3D95 		.ascii	":\353=\225\222\261IG\366\226b\307\260\277a\223\367x"
 277      92B14947 
 277      F69662C7 
 277      B0BF6193 
 277      F778
 278 063d 4AC1DE5D 		.ascii	"J\301\336]v\013o\240\307\004\270\223\323M\335\206\215"
 278      760B6FA0 
 278      C704B893 
 278      D34DDD86 
 278      8D
 279 064e 2113D0E4 		.ascii	"!\023\320\344\\\341Eg\213\350l\212>S\227w%h\002\372"
 279      5CE14567 
 279      8BE86C8A 
 279      3E539777 
 279      256802FA 
 280 0662 E804F456 		.ascii	"\350\004\364V\021\275\225\242;\253\213V\341\021\272"
 280      11BD95A2 
 280      3BAB8B56 
ARM GAS  /tmp/ccBAtinb.s 			page 21


 280      E111BA
 281 0671 C76AEEEC 		.ascii	"\307j\356\354\256o\014A\021aa\364t\235),D;x=\332\306"
 281      AE6F0C41 
 281      116161F4 
 281      749D292C 
 281      443B783D 
 282 0687 63C51F9A 		.ascii	"c\305\037\232|x>\366\011\351\200\246\216\336\351)\333"
 282      7C783EF6 
 282      09E980A6 
 282      8EDEE929 
 282      DB
 283 0698 6513F074 		.ascii	"e\023\360t\016\315\241\037\006\224\003\332\222.\016"
 283      0ECDA11F 
 283      069403DA 
 283      922E0E
 284 06a7 D9F830B4 		.ascii	"\331\3700\264\235\247\337\212\333;\206\263\374\364\""
 284      9DA7DF8A 
 284      DB3B86B3 
 284      FCF422
 285 06b6 3AF37FA1 		.ascii	":\363\177\241w\345\374T\300\316F\361\304\035:hw\350"
 285      77E5FC54 
 285      C0CE46F1 
 285      C41D3A68 
 285      77E8
 286 06c8 E8FE1F44 		.ascii	"\350\376\037D\317\024\033\\Yz\352\032\250\373\254\372"
 286      CF141B5C 
 286      597AEA1A 
 286      A8FBACFA 
 287 06d8 B566F28F 		.ascii	"\265f\362\217V>/~\264\276g\334\335\333N]5x\277\315\210"
 287      563E2F7E 
 287      B4BE67DC 
 287      DDDB4E5D 
 287      3578BFCD 
 288 06ed 8E7327E4 		.ascii	"\216s'\344\316\343\011\274\200\017\225\202\010\272\372"
 288      CEE309BC 
 288      800F9582 
 288      08BAFA
 289 06fc 41431DAF 		.ascii	"AC\035\257D\347\276\013}\317\266\323\205\361+\366\325"
 289      44E7BE0B 
 289      7DCFB6D3 
 289      85F12BF6 
 289      D5
 290 070d AA1DB455 		.ascii	"\252\035\264U\004\342t\015u\272\037\026\235\324\317"
 290      04E2740D 
 290      75BA1F16 
 290      9DD4CF
 291 071c DA2BF4D9 		.ascii	"\332+\364\331\353\237\016~\233\226\343\004:r\266E\205"
 291      EB9F0E7E 
 291      9B96E304 
 291      3A72B645 
 291      85
 292 072d 7C28DAC5 		.ascii	"|(\332\305cr\232V\360\356&\272\243r\304s\250\210\237"
 292      63729A56 
 292      F0EE26BA 
 292      A372C473 
 292      A8889F
 293 0740 45FE008E 		.ascii	"E\376\000\216\0349\342\207\2673\262\2166\241>H\372\203"
ARM GAS  /tmp/ccBAtinb.s 			page 22


 293      1C39E287 
 293      B733B28E 
 293      36A13E48 
 293      FA83
 294 0752 51EBFD83 		.ascii	"Q\353\375\203a\327\321\305\261\207\367\036:\367\210"
 294      61D7D1C5 
 294      B187F71E 
 294      3AF788
 295 0761 13888A79 		.ascii	"\023\210\212yr\350\354?_U\025\214K\030M\337\026[\235"
 295      72E8EC3F 
 295      5F55158C 
 295      4B184DDF 
 295      165B9D
 296 0774 96D2D87B 		.ascii	"\226\322\330{\312\330a\273M\230IW\214]Aa\227(\366R\012"
 296      CAD861BB 
 296      4D984957 
 296      8C5D4161 
 296      9728F652 
 297 0789 E9631C4C 		.ascii	"\351c\034L?\306h0\247\262\216\035\014\003\211\233\375"
 297      3FC66830 
 297      A7B28E1D 
 297      0C03899B 
 297      FD
 298 079a 6AB8879D 		.ascii	"j\270\207\235J\364\304}\345>\235\246\235|n\312\244\271"
 298      4AF4C47D 
 298      E53E9DA6 
 298      9D7C6ECA 
 298      A4B9
 299 07ac 296573D3 		.ascii	")es\323\231Q\325\033\244\236\233\037@\225\022\252J9"
 299      9951D51B 
 299      A49E9B1F 
 299      409512AA 
 299      4A39
 300 07be 55BB4C52 		.ascii	"U\273LR{|\310\323\025\242\236\233I\321\375W\273\036"
 300      7B7CC8D3 
 300      15A29E9B 
 300      49D1FD57 
 300      BB1E
 301 07d0 F9E1C36C 		.ascii	"\371\341\303l\350M\3157\2135t:\\O\007_NW\314G\2058\037"
 301      E84DCD37 
 301      8B35743A 
 301      5C4F075F 
 301      4E57CC47 
 302 07e7 F0DF42C1 		.ascii	"\360\337B\301U\351\235\217}t>:\355\243\375!\270\203"
 302      55E99D8F 
 302      7D743E3A 
 302      EDA3FD21 
 302      B883
 303 07f9 B15DCE77 		.ascii	"\261]\316w\036\227\347\243y\331\016\305|\220\277\022"
 303      1E97E7A3 
 303      79D90EC5 
 303      7C90BF12 
 304 0809 550A31AB 		.ascii	"U\0121\253$1\253\251\230\356\321\275\325\030_`4C\365"
 304      2431ABA9 
 304      98EED1BD 
 304      D5185F60 
 304      3443F5
ARM GAS  /tmp/ccBAtinb.s 			page 23


 305 081c 43D53AA9 		.ascii	"C\325:\251\250q_E9&\024\265\337[T\015?\213\013H\375"
 305      A8715F45 
 305      392614B5 
 305      DF5B540D 
 305      3F8B0B48 
 306 0831 2ED59A90 		.ascii	".\325\232\220\024g\261j\227~\366\305\014\023\247[\227"
 306      1467B16A 
 306      977EF6C5 
 306      0C13A75B 
 306      97
 307 0842 906C5D30 		.ascii	"\220l]0\337b\325[,Rs\256q]j\2121!96q\335\3528cr\334"
 307      DF62D55B 
 307      2C5273AE 
 307      715D6A8A 
 307      31213936 
 308 085d 3F1313BE 		.ascii	"?\023\023\2766&\305\304\306'$\307\031-\253\343\276\211"
 308      3626C5C4 
 308      C62724C7 
 308      192DABE3 
 308      BE89
 309 086f 599768B5 		.ascii	"Y\227h\265X\277[\033\227\032\031\317\205\373BC\032\243"
 309      58BF5B1B 
 309      971A19CF 
 309      85FB4243 
 309      1AA3
 310 0881 25D5BA1A 		.ascii	"%\325\272\032\030\0012'2\322h\212O\370:\341\363h\313"
 310      18013227 
 310      32D2688A 
 310      4FF83AE1 
 310      F368CB
 311 0894 82C87991 		.ascii	"\202\310y\221\037\031\327\244\032S\254rPl<)K\344\013"
 311      1F19D7A4 
 311      1A53AC72 
 311      506C3C29 
 311      4BE40B
 312 08a7 4DB55A12 		.ascii	"M\265Z\022\023WCtL\212\325\022\223\030\223\222\364\261"
 312      13574374 
 312      4C8AD512 
 312      93189392 
 312      F4B1
 313 08b9 AFF8F898 		.ascii	"\257\370\370\230D\343\3325)\326Tc\364\312\345\013\346"
 313      44E3DA35 
 313      29D65463 
 313      F4CAE50B 
 313      E6
 314 08ca 1B3FFD74 		.ascii	"\033?\375t\261q\345\262\345\377\21022\002\240\322\246"
 314      B171E5B2 
 314      E5FF8832 
 314      3202A0D2 
 314      A6
 315 08db 5A972527 		.ascii	"Z\227%'XgN\026\236\232\022\013\340\310X\316\220j\215"
 315      58674E16 
 315      9E9A120B 
 315      E0C858CE 
 315      906A8D
 316 08ee 26E91691 		.ascii	"&\351\026\221l\201\304Y\263\226\266\365\320\216\263"
 316      6C81C459 
ARM GAS  /tmp/ccBAtinb.s 			page 24


 316      B396B6F5 
 316      D08EB3
 317 08fd 4ACDA571 		.ascii	"J\315\245q2\202\226\230\000\344\320N\"\242%$Y\254\330"
 317      32829698 
 317      00E4D04E 
 317      22A22524 
 317      59ACD8
 318 0910 648E029B 		.ascii	"d\216\002\233\257\211^n2k\026/[b\346\243\315x\311R\263"
 318      AF895E6E 
 318      326B162F 
 318      5B62E6A3 
 318      CD78C952 
 319 0925 9FC9B4DC 		.ascii	"\237\311\264\334\034E\177\347kL\246%fl\372l%^\021m\302"
 319      1C457FE7 
 319      6B4CA625 
 319      666CFA6C 
 319      255E116D 
 320 093a 8BCC666C 		.ascii	"\213\314fl6\201\017\001\177]\274\322\214\027\223\310"
 320      36810F01 
 320      7F5DBCD2 
 320      8C1793C8 
 321 094a E58BCCFC 		.ascii	"\345\213\314\374\347,j\001\340\2774\377\345\267* \326"
 321      E72C6A01 
 321      E0BF34FF 
 321      E5B72A20 
 321      D6
 322 095b 04226862 		.ascii	"\004\"hb\343cRt\026\3137\353\222c-\226 \251\021\371"
 322      E3635274 
 322      16CB37EB 
 322      92632D96 
 322      20A911F9 
 323 096f 71D4BC8F 		.ascii	"q\324\274\217~'k\275f-\223z\212\364$N\324^\031\020\025"
 323      7E276BBD 
 323      662D937A 
 323      8AF4244E 
 323      D45E1910 
 324 0984 25757FEB 		.ascii	"%u\177\353\263\373\317\377\001\002h\301\376"
 324      B3FBCFFF 
 324      010268C1 
 324      FE
 325              		.text
 326              		.section	.gnu.lto_.symtab.b21d0419dc994071,"",%progbits
 327 0000 7374496E 		.ascii	"stInit\000\000\000\000\000\000\000\000\000\000\000\000"
 327      69740000 
 327      00000000 
 327      00000000 
 327      0000
 328 0012 BD000000 		.ascii	"\275\000\000\000stStartAlarm\000\000\000\000\000\000"
 328      73745374 
 328      61727441 
 328      6C61726D 
 328      00000000 
 329 0028 00000000 		.ascii	"\000\000\000\000\000\000\277\000\000\000stStopAlarm"
 329      0000BF00 
 329      00007374 
 329      53746F70 
 329      416C6172 
ARM GAS  /tmp/ccBAtinb.s 			page 25


 330 003d 00000000 		.ascii	"\000\000\000\000\000\000\000\000\000\000\000\000\301"
 330      00000000 
 330      00000000 
 330      C1
 331 004a 00000073 		.ascii	"\000\000\000stSetAlarm\000\000\000\000\000\000\000\000"
 331      74536574 
 331      416C6172 
 331      6D000000 
 331      00000000 
 332 005f 00000000 		.ascii	"\000\000\000\000\303\000\000\000stGetAlarm\000\000\000"
 332      C3000000 
 332      73744765 
 332      74416C61 
 332      726D0000 
 333 0074 00000000 		.ascii	"\000\000\000\000\000\000\000\000\000\306\000\000\000"
 333      00000000 
 333      00C60000 
 333      00
 334 0081 73745F6C 		.ascii	"st_lld_init\000\000\002\000\000\000\000\000\000\000"
 334      6C645F69 
 334      6E697400 
 334      00020000 
 334      00000000 
 335 0096 0000C800 		.ascii	"\000\000\310\000\000\000"
 335      0000
 336              		.text
 337              		.section	.gnu.lto_.opts,"",%progbits
 338 0000 272D666E 		.ascii	"'-fno-trapv' '-mcpu=cortex-m4' '-mfloat-abi=hard' '"
 338      6F2D7472 
 338      61707627 
 338      20272D6D 
 338      6370753D 
 339 0033 2D6D6670 		.ascii	"-mfpu=fpv4-sp-d16' '-mno-thumb-interwork' '-mthumb'"
 339      753D6670 
 339      76342D73 
 339      702D6431 
 339      36272027 
 340 0066 20272D67 		.ascii	" '-ggdb' '-Os' '-fomit-frame-pointer' '-falign-func"
 340      67646227 
 340      20272D4F 
 340      73272027 
 340      2D666F6D 
 341 0099 74696F6E 		.ascii	"tions=16' '-ffunction-sections' '-fdata-sections' '"
 341      733D3136 
 341      2720272D 
 341      6666756E 
 341      6374696F 
 342 00cc 2D666E6F 		.ascii	"-fno-common' '-flto' '-fsingle-precision-constant'\000"
 342      2D636F6D 
 342      6D6F6E27 
 342      20272D66 
 342      6C746F27 
 343              		.text
 344              		.comm	__gnu_lto_v1,1,1
 345              		.comm	__gnu_lto_slim,1,1
 346              		.ident	"GCC: (15:4.9.3+svn231177-1) 4.9.3 20150529 (prerelease)"
ARM GAS  /tmp/ccBAtinb.s 			page 26


DEFINED SYMBOLS
                            *ABS*:0000000000000000 st.c
                            *COM*:0000000000000001 __gnu_lto_v1
                            *COM*:0000000000000001 __gnu_lto_slim

NO UNDEFINED SYMBOLS
