ARM GAS  /tmp/ccOJK2AJ.s 			page 1


   1              		.syntax unified
   2              		.cpu cortex-m4
   3              		.eabi_attribute 27, 1
   4              		.eabi_attribute 28, 1
   5              		.fpu fpv4-sp-d16
   6              		.eabi_attribute 20, 1
   7              		.eabi_attribute 21, 1
   8              		.eabi_attribute 23, 3
   9              		.eabi_attribute 24, 1
  10              		.eabi_attribute 25, 1
  11              		.eabi_attribute 26, 1
  12              		.eabi_attribute 30, 4
  13              		.eabi_attribute 34, 1
  14              		.eabi_attribute 18, 4
  15              		.thumb
  16              		.file	"st_lld.c"
  17              		.text
  18              	.Ltext0:
  19              		.section	.gnu.lto_.profile.89d998492638750d,"",%progbits
  20 0000 789C6366 		.ascii	"x\234cf```a\200\000F\006M\036\000\000\322\000>"
  20      60606061 
  20      80004606 
  20      4D1E0000 
  20      D2003E
  21              		.text
  22              		.section	.gnu.lto_.jmpfuncs.89d998492638750d,"",%progbits
  23 0000 789C6366 		.ascii	"x\234cf\300\016L\2414\023\230d\0042\230>21>\330\335"
  23      C00E4CA1 
  23      34139864 
  23      0432983E 
  23      32313ED8 
  24 0015 3B81EB05 		.ascii	";\201\353\005\323O&\006n\006\306\345\214R\014 \301\033"
  24      D34F2606 
  24      6E06C6E5 
  24      8C520C20 
  24      C11B
  25 0027 0BDF4CE3 		.ascii	"\013\337L\343\005\013r00\256\000\0122\000\000SM\015"
  25      050B7230 
  25      30AE000A 
  25      32000053 
  25      4D0D
  26 0039 58       		.ascii	"X"
  27              		.text
  28              		.section	.gnu.lto_.inline.89d998492638750d,"",%progbits
  29 0000 789C6366 		.ascii	"x\234cf\300\016,\2414\023\003\003\273\004#\003\023\313"
  29      C00E2CA1 
  29      34130303 
  29      BB042303 
  29      13CB
  30 0012 027906B6 		.ascii	"\002y\006\266\005\362L 1F.8\301\300)\010\224d\373\240"
  30      05F24C20 
  30      31462E38 
  30      C1C02908 
  30      9464FBA0 
  31 0026 079764E6 		.ascii	"\007\227d\346\001kb\000\000\205!\004\033"
  31      016B6200 
  31      00852104 
ARM GAS  /tmp/ccOJK2AJ.s 			page 2


  31      1B
  32              		.text
  33              		.section	.gnu.lto_.pureconst.89d998492638750d,"",%progbits
  34 0000 789C6366 		.ascii	"x\234cf```e\200\000&\006+F)\000\001Y\000`"
  34      60606065 
  34      80002606 
  34      2B462900 
  34      01590060 
  35              		.text
  36              		.section	.gnu.lto_SysTick_Handler.89d998492638750d,"",%progbits
  37 0000 789C8D93 		.ascii	"x\234\215\223kHSa\030\307\237\347=\307\263\351\374 "
  37      6B485361 
  37      18C79FE7 
  37      3DC7B3E9 
  37      FC20
  38 0012 7E328336 		.ascii	"~2\2036\220\360K\354h\012B_\"\214@r\004\316\357\242"
  38      90F04BEC 
  38      680A425F 
  38      228C4072 
  38      04CEEFA2 
  39 0026 C7C1069B 		.ascii	"\307\301\006\233\223m\212~\020\217\267\024$\021+\\A"
  39      936D8A7E 
  39      108FB714 
  39      24112B5C 
  39      41
  40 0037 92A174B1 		.ascii	"\222\241t\261\264\264\233\313\313\3129\242\233E\027"
  40      B4B49BCB 
  40      CBCA39A2 
  40      9B4517
  41 0046 0933ADB4 		.ascii	"\0113\255\264\013\031(v\033R\366\276\307)\3568\241\301"
  41      0B192876 
  41      1B52F6BE 
  41      C729EE38 
  41      A1C1
  42 0058 D979DFF7 		.ascii	"\331y\337\367\377\374\237\367y\236\037\207\203\255\277"
  42      FFFC9FF7 
  42      799E1F87 
  42      83ADBF
  43 0067 64FA0439 		.ascii	"d\372\0049\200D\004@\016\220\264>\001\250\321\022D\266"
  43      80440440 
  43      0E90B43E 
  43      01A8D112 
  43      44B6
  44 0079 00846A82 		.ascii	"\000\204j\202\325\370\205,\021l\365\367xu\251\335\262"
  44      D5F8852C 
  44      116CF5F7 
  44      7875A9DD 
  44      B2
  45 008a 2C2F9E9B 		.ascii	",/\236\233\344\033\222B\004`\231\254\245\301\363\230"
  45      E41B9242 
  45      046099AC 
  45      A5C1F398 
  46 009a 0A3466A9 		.ascii	"\0124f\251\376\317\244N\250\2471\011k\032^@\201\246"
  46      FECFA44E 
  46      A8A73109 
  46      6B1A5E40 
  46      81A6
ARM GAS  /tmp/ccOJK2AJ.s 			page 3


  47 00ac 86BE44BF 		.ascii	"\206\276D\277\274\272\372\241{\3505/\000\314Q\211\345"
  47      BCBAFAA1 
  47      7BE8352F 
  47      00CC5189 
  47      E5
  48 00bd 9F2784BD 		.ascii	"\237'\204\275\271WX\233\300\354\313=\362\011\216\333"
  48      B957589B 
  48      C0ECCB3D 
  48      F2098EDB 
  49 00cd 876C3DD8 		.ascii	"\207l=\330\373\375\261\3563\011\0214\260\255\257\355"
  49      FBFDB1EE 
  49      33091134 
  49      B0ADAFED 
  50 00dd BE57605B 		.ascii	"\276W`[\302\263\355\327\027\235\335q)\235\262\\\273"
  50      C2B3EDD7 
  50      179DDD71 
  50      299DB25C 
  50      BB
  51 00ee D854372A 		.ascii	"\330T7*\265\325\311]t\271\272_\037\"\034^D\216^\216"
  51      B5D5C95D 
  51      74B9BA5F 
  51      1F221C5E 
  51      448E5E8E 
  52 0102 9730197B 		.ascii	"\2270\031{09\334)^\306\024j|w\354\307\000\262<\234\001"
  52      3039DC29 
  52      5EC6146A 
  52      7C77ECC7 
  52      00B23C9C 
  53 0117 F00A55A7 		.ascii	"\360\012U\247\260\366\375\313\306y\257\020Q\376l\240"
  53      B0F6FDCB 
  53      C679AF10 
  53      51FE6CA0 
  54 0127 0F95E297 		.ascii	"\017\225\342\227\011F66\333\361p<\011\260\227ID%\215"
  54      09463636 
  54      DBF1703C 
  54      09B09749 
  54      44258D
  55 013a B40405C0 		.ascii	"\264\004\005\300>&q*\25158\255\001\274\312$>R\362\377"
  55      3E26712A 
  55      A93538AD 
  55      01BCCA24 
  55      3E52F2FF 
  56 014e DDC96A03 		.ascii	"\335\311j\003\274\306\304\030\365\030\261\037\351\304"
  56      BCC6C418 
  56      F518B11F 
  56      E9C4
  57 015c 7080CD11 		.ascii	"p\200\315\021\341\027Ryf\341\367qN\337D\316\310^Ch-"
  57      E1175279 
  57      66E1F771 
  57      4EDF44CE 
  57      C85E4368 
  58 0171 DDC9A995 		.ascii	"\335\311\251\225\2328\236\216\025\257\243\036\330\311"
  58      9A389E8E 
  58      15AFA31E 
  58      D8C9
  59 017f E986F653 		.ascii	"\351\206\366S\361\364\004o \2574\012x\023y*<h<\373\223"
  59      F1F4046F 
ARM GAS  /tmp/ccOJK2AJ.s 			page 4


  59      20AF340A 
  59      7813792A 
  59      3C683CFB 
  60 0194 D73787DD 		.ascii	"\3277\207\335\312}O\027\202\276X\305}\213\271\3616\362"
  60      CA7D4F17 
  60      82BE58C5 
  60      7D8BB9F1 
  60      36F2
  61 01a6 F006EB68 		.ascii	"\360\006\353h\253\217vD\2661\2671\026aK\241\203J\241"
  61      AB8F7644 
  61      B631B731 
  61      16614BA1 
  61      834AA1
  62 01b9 3E54948E 		.ascii	">T\224\216\347-\275\244jEn\222\265!B\3035\212\214w\260"
  62      E72DBDA4 
  62      6A456E92 
  62      B52142C3 
  62      358A8C77 
  63 01ce 0A424403 		.ascii	"\012BD\003\353\3047s\034\373\370_\034\207\024\2163s"
  63      EBC43773 
  63      1CFBF85F 
  63      1C87148E 
  63      3373
  64 01e0 13CFB40A 		.ascii	"\023\317\264\012Gz4\274=\307\372\376\365\202\265j\216"
  64      477A34BC 
  64      3DC7FAFE 
  64      F582B56A 
  64      8E
  65 01f1 CD1394E3 		.ascii	"\315\023\224\343\010\223b\267p\234\246\265\2162)N\315"
  65      089362B7 
  65      709CA6B5 
  65      8E32294E 
  65      CD
  66 0202 F1E827CA 		.ascii	"\361\350'\312\321\317$\235\212\243o\027\253\015\360"
  66      D1CF249D 
  66      8AA36F17 
  66      AB0DF0
  67 0211 6E748EF7 		.ascii	"nt\216\367\224\361\214m\342\330\365m\326'\254#\032V"
  67      94F18C6D 
  67      E2D8F56D 
  67      D627AC23 
  67      1A56
  68 0223 10051444 		.ascii	"\020\005\024Dj\036\343a\036\201~d\275D\233o<\015\013"
  68      6A1EE361 
  68      1E817E64 
  68      BD449B6F 
  68      3C0D0B
  69 0236 8687FB16 		.ascii	"\206\207\373\026k\374\355\207\225H`\037\033\262\217"
  69      6BFCED87 
  69      9548601F 
  69      1BB28F
  70 0245 8C66CB32 		.ascii	"\214f\3132\032\305l\253\255\310v\304\\\220aL3f\212N"
  70      1AC56CAB 
  70      ADC876C4 
  70      5C90614C 
  70      33668A4E 
  71 0259 B7682DB4 		.ascii	"\267h-\264\213\245N\227\307-\232\363M\031{\305\334\334"
ARM GAS  /tmp/ccOJK2AJ.s 			page 5


  71      8BA54E97 
  71      C72D9AF3 
  71      4D197BC5 
  71      DCDC
  72 026b 83627E8E 		.ascii	"\203b~\216\251<]t{\012\354\366b\243\0041\345\205\366"
  72      A93C5D74 
  72      7B0AECF6 
  72      62A30431 
  72      E585F6
  73 027e 324B7A34 		.ascii	"2Kz4\267\313\0236\037\3103e\233*D\311*9]\226\202\362"
  73      B7CB1336 
  73      1FC83365 
  73      9B2A44C9 
  73      2A395D96 
  74 0294 2C87D10A 		.ascii	",\207\321\012\231\321\034\226\012\217\230m2\347\230"
  74      99D11C96 
  74      0A8F986D 
  74      32E798
  75 02a3 455B8964 		.ascii	"E[\211d/+\266\210\212Cr\034*+\221\250)u\273\"\235n\372"
  75      2F2BB688 
  75      8A43721C 
  75      2A2B91A8 
  75      2975BB22 
  76 02ba 47EF63EF 		.ascii	"G\357c\357\355\342\250\274\221\325\352\256t\323\270"
  76      EDE2A8BC 
  76      91D5EAAE 
  76      74D3B8
  77 02c9 049339CF 		.ascii	"\004\2239\317PT\350\266\224\272l{\014\273\323\200\270"
  77      5054E8B6 
  77      94BA6C7B 
  77      0CBBD380 
  77      B8
  78 02da 40E3B038 		.ascii	"@\343\2608\234\256J\370\0071\335\256\372"
  78      9CAE4AF8 
  78      0731DDAE 
  78      FA
  79              		.text
  80              		.section	.gnu.lto_st_lld_init.89d998492638750d,"",%progbits
  81 0000 789C9D91 		.ascii	"x\234\235\221KH[A\024\206\317?7\306\330`\020Wr\367\222"
  81      4B485B41 
  81      1486CF3F 
  81      37C6D860 
  81      105772F7 
  82 0015 95F76A15 		.ascii	"\225\367j\025\244k\335\024\".\222\275\370X(\004\024"
  82      A46BDD14 
  82      222E92BD 
  82      F8582804 
  82      14
  83 0026 23DD8913 		.ascii	"#\335\211\023\022\301\215\022\024\254\320*H(\265\215"
  83      12C18D12 
  83      14ACD02A 
  83      4828B58D 
  84 0036 EF3E4044 		.ascii	"\357>@D{q\351\302\007.,R\252H4\226\272\210\315B.\241"
  84      7B71E9C2 
  84      072E2C52 
  84      AA483496 
  84      BA88CD42 
ARM GAS  /tmp/ccOJK2AJ.s 			page 6


  85 004c C439A375 		.ascii	"\3049\243u\323U;0\314\314\371\317\371\316?3\006\375"
  85      D3553B30 
  85      CCCCF9CF 
  85      F9CE3F33 
  85      06FD
  86 005e 3D4C354B 		.ascii	"=L5K z\246V\030\004\221\332#\212\373\004\300\033\002"
  86      207AA656 
  86      180491DA 
  86      238AFB04 
  86      C01B02
  87 0071 8D088CE0 		.ascii	"\215\010\214\340\207\270\021H9\231\031\177\360\215\224"
  87      87B81148 
  87      3999197F 
  87      F08D94
  88 0080 323F59A8 		.ascii	"2?Y\250\031\255q\005QA\334c\360\026AR97\311\337\307"
  88      19AD7105 
  88      5141DC63 
  88      F0164152 
  88      3937C9DF 
  89 0095 7E6F52E5 		.ascii	"~oR\345T\335kX\200W\341i\245\332\221\245R\372\365u\321"
  89      54DD6B58 
  89      8057E169 
  89      A5DA91A5 
  89      52FAF575 
  90 00aa E325CA2A 		.ascii	"\343%\312*\211\371\027B\360j\234`'\237\277\234*\343"
  90      89F91742 
  90      F06A9C60 
  90      279FBF9C 
  90      2AE3
  91 00bc 6C45194B 		.ascii	"lE\031K\037,<\271\022.\367L\310\000\203O\263\373\207"
  91      1F2C3CB9 
  91      122EF74C 
  91      C800834F 
  91      B3FB87
  92 00cf 3E1D223E 		.ascii	">\035\">\276<<Oxf\361*.\245c\272B\340\035L\274\207\251"
  92      BE3C3C4F 
  92      7866F12A 
  92      2EA563BA 
  92      42E01D4C 
  93 00e6 C59DEDDD 		.ascii	"\305\235\355\335\315@]F&\341\012\003\031\314\342\227"
  93      CD405D46 
  93      26E10A03 
  93      19CCE297 
  94 00f6 B68945D4 		.ascii	"\266\211E\324)\371d\357b\273\202Q\306\227Z\302\222*"
  94      29F964EF 
  94      62BB8251 
  94      C6975AC2 
  94      922A
  95 0108 E2F6ABB9 		.ascii	"\342\366\253\271\304\237\366\377\000_\326p\276 V4\374"
  95      C49FF6FF 
  95      005FD670 
  95      BE205634 
  95      FC
  96 0119 D1A7A142 		.ascii	"\321\247\241B\253\017\354|n\352?\330k\232\255\037q]"
  96      AB0FEC7C 
  96      6EEA3FD8 
  96      6B9AAD1F 
ARM GAS  /tmp/ccOJK2AJ.s 			page 7


  96      715D
  97 012b B36FD367 		.ascii	"\263o\323g?\301lO9\341\203\252\371\206Qgc\037\214\346"
  97      3FC16C4F 
  97      39E183AA 
  97      F9865167 
  97      631F8CE6 
  98 013f F2B9A389 		.ascii	"\362\271\243\211e1\\\224c\322\347\212\262\002\333\302"
  98      65315C94 
  98      63D2E78A 
  98      B202DBC2 
  99 014f 470CB374 		.ascii	"G\014\263t\2669\236\322/\352\365\023>\301T\241\257\363"
  99      B6399ED2 
  99      2FEAF513 
  99      3EC154A1 
  99      AFF3
 100 0161 D7D3953A 		.ascii	"\327\323\225:\344#|\2062SN\337\021w\266\3325\217\370"
 100      E4237C86 
 100      32534EDF 
 100      1177B6DA 
 100      358FF8
 101 0174 97C0BFA3 		.ascii	"\227\300\277\243\0344[\226\335\322\333\327\325\327\036"
 101      1C345B96 
 101      DDD2DBD7 
 101      D5D71E
 102 0183 EE68B4EA 		.ascii	"\356h\264\352\255&\273?f\367vF\355\201\376\301\241\230"
 102      AD26BB3F 
 102      66F77646 
 102      ED81FEC1 
 102      A198
 103 0195 1D8EB435 		.ascii	"\035\216\2645>\265C\241V;\362\274\355E\203\035\033\352"
 103      3EB543A1 
 103      563BF2BC 
 103      ED45831D 
 103      1BEA
 104 01a7 88467BAC 		.ascii	"\210F{\254n\272\003b(\312O"
 104      6EBA0362 
 104      28CA4F
 105              		.text
 106              		.section	.gnu.lto_.symbol_nodes.89d998492638750d,"",%progbits
 107 0000 789C4D88 		.ascii	"x\234M\210\273\015\200P\014\304\234\013\005\303\262"
 107      BB0D8050 
 107      0CC49C0B 
 107      05C3B2
 108 000f 431E9F01 		.ascii	"C\036\237\001\230\0001\01453\200\304\034@$(\336]a\331"
 108      9800310C 
 108      353380C4 
 108      1C402428 
 108      DE5D61D9 
 109 0023 0E74FCD3 		.ascii	"\016t\374\323c\001\363\016\021,k\213\212\302\352`\275"
 109      6301F30E 
 109      112C6B8B 
 109      8AC2EA60 
 109      BD
 110 0034 425FA094 		.ascii	"B_\240\224\364A\341\265\217\212\246r\317_\307m\216\330"
 110      F441E1B5 
 110      8F8AA672 
 110      CF5FC76D 
ARM GAS  /tmp/ccOJK2AJ.s 			page 8


 110      8ED8
 111 0046 CEA4354C 		.ascii	"\316\2445LI^U\225\035\333"
 111      495E5595 
 111      1DDB
 112              		.text
 113              		.section	.gnu.lto_.refs.89d998492638750d,"",%progbits
 114 0000 789C6366 		.ascii	"x\234cf```d\200\002\000\000=\000\005"
 114      60606064 
 114      80020000 
 114      3D0005
 115              		.text
 116              		.section	.gnu.lto_.decls.89d998492638750d,"",%progbits
 117 0000 789C8D96 		.ascii	"x\234\215\226kPTG\026\307oO\017\217\271\014`a*\331\242"
 117      6B505447 
 117      16C76F4F 
 117      0F8FB90C 
 117      60612AD9 
 118 0015 52B5C807 		.ascii	"R\265\310\0076\273\3452I\264*\373m\203d\335\245\012"
 118      36BBE532 
 118      49B42AFB 
 118      6D8364DD 
 118      A50A
 119 0027 564BC87E 		.ascii	"VK\310~\331\017w\3110\011\223\0143\356\314`d?\265\031"
 119      D90F77C9 
 119      3009930C 
 119      33EECC60 
 119      643FB519 
 120 003b A210AD80 		.ascii	"\242\020\255\200\004\215\257\305QH$\302\360\010\006"
 120      048DAFC5 
 120      514824C2 
 120      F00806
 121 004a 1151464C 		.ascii	"\021QFL`0AQ0\352*q\220\307\212\210\201\005y\030\303"
 121      60304151 
 121      30EA2A71 
 121      90C78A88 
 121      81057918 
 122 005f ECE9EE7B 		.ascii	"\354\351\356{\341\302\016[vq\270\323}\317\371\365\277"
 122      E1C20E5B 
 122      7671B8D3 
 122      7DCFF9F5 
 122      BF
 123 0070 4F9FBEF7 		.ascii	"O\237\276\367bA\020\264H\020\002\320\376!\012\002\302"
 123      624110B4 
 123      481002D0 
 123      FE210A02 
 123      C2
 124 0081 82007FC2 		.ascii	"\202\000\177\302f0\030\026\352\004\336B\300\032\301"
 124      66301816 
 124      EA04DE42 
 124      C01AC1
 125 0090 9AC09AC1 		.ascii	"\232\300\232\301Z\300.\010\377\333\250O\270\034\037"
 125      5AC02E08 
 125      FFDBA84F 
 125      B81C1F
 126 009f 05A69719 		.ascii	"\005\246\227\031>\260.\260\313`\247d\337H\331\277\033"
 126      3EB02EB0 
 126      CB60A764 
ARM GAS  /tmp/ccOJK2AJ.s 			page 9


 126      DF48D9BF 
 126      1B
 127 00b0 EC1A582F 		.ascii	"\354\032X/\330\367`w\300~\220\347\360\203\335\003\033"
 127      D8F76077 
 127      C07E90E7 
 127      F083DD03 
 127      1B
 128 00c1 041B96E7 		.ascii	"\004\033\226\347^\336\232Ts\316\201\315\200=\000[\003"
 128      5EDE9A54 
 128      73CE81CD 
 128      803D005B 
 128      03
 129 00d2 F6449EBF 		.ascii	"\366D\236\277U\340\353\232\000\233\006\233\004\323\310"
 129      55E0EB9A 
 129      009B069B 
 129      04D3C8
 130 00e1 B1C1D631 		.ascii	"\261\301\3261\241Agj\246\272\"\356kP\224\030G\273\315"
 130      A141676A 
 130      A6BA22EE 
 130      6B509418 
 130      47BBCD
 131 00f4 25BE03A1 		.ascii	"%\276\003\241\320\325\213Z\332m=?\333.b\015\242\277"
 131      D0D58B5A 
 131      DA6D3D3F 
 131      DB2E620D 
 131      A2BF
 132 0106 CB0FF4F7 		.ascii	"\313\017\364\367\212kO\022B\012\210\367&ZD\354)\360"
 132      8A6B4F12 
 132      420A88F7 
 132      265A44EC 
 132      29F0
 133 0118 778A3886 		.ascii	"w\2128\2069\355\370\374\354\2360\210_#\262[w\017\317"
 133      39EDF8FC 
 133      EC9E3088 
 133      5F23B25B 
 133      770FCF
 134 012b 55E85897 		.ascii	"U\350X\227\246>\032\2064\276aR\036\205\022\304\012\000"
 134      A63E1A86 
 134      34BE6152 
 134      1E8512C4 
 134      0A00
 135 013d 8D9F2B69 		.ascii	"\215\237+i\177\221\020-\252E\"\252B\030\235Dk\351\226"
 135      7F91102D 
 135      AA4522AA 
 135      42189D44 
 135      6BE996
 136 0150 D068DA0A 		.ascii	"\320h\332\012\010\371\200\024\273\210\316\027%\240\023"
 136      08F98014 
 136      BB88CE17 
 136      25A013
 137 015f 281655A2 		.ascii	"(\026U\242X\001\325\240\004\360`\276\250\032\006=0\010"
 137      5801D5A0 
 137      04F060BE 
 137      A81A063D 
 137      3008
 138 0171 E06F9E9E 		.ascii	"\340o\236\236\317\017AbB\360\240\372 AL\302aW\311\363"
 138      CF0F4162 
ARM GAS  /tmp/ccOJK2AJ.s 			page 10


 138      42F0A0FA 
 138      20414CC2 
 138      6157C9F3 
 139 0185 54421D48 		.ascii	"TB\035H\370bQ\002(\342\032\350\015X\311\267\367f'\365"
 139      F8625102 
 139      28E21AE8 
 139      0D58C9B7 
 139      F76627F5 
 140 0199 2C4FABE8 		.ascii	",O\253\350\302\016\335\030\232\302,O\032\332m\234\233"
 140      C20EDD18 
 140      9AC22C4F 
 140      1ADA6D9C 
 140      9B
 141 01aa AE0D7D61 		.ascii	"\256\015}a\037\241\315EVi\320\346\347\321\2270K\003"
 141      1FA1CD45 
 141      5669D0E6 
 141      E7D19730 
 141      4B03
 142 01bc CC22A053 		.ascii	"\314\"\240S\350\005\370\377W-OW\345\325\241\032\015"
 142      E805F8FF 
 142      572D4F57 
 142      E5D5A11A 
 142      0D
 143 01cd B6B2744D 		.ascii	"\266\262tM_\032\357\214\216+#\356\272\361\371\2135\272"
 143      5F1AEF8C 
 143      8E2B23EE 
 143      BAF1F98B 
 143      35BA
 144 01df 83C4BD83 		.ascii	"\203\304\275\203\314\007\002\210\305\240\257\026\344"
 144      CC070288 
 144      C5A0AF16 
 144      E4
 145 01ec 08F43797 		.ascii	"\010\3647\227\323\210\342 \260\347P\311)\204\033\021"
 145      D388E220 
 145      B0E750C9 
 145      29841B11 
 146 01fc A3143D6C 		.ascii	"\243\024=l\237\3252\212\377`\207\311\373\001y\032\010"
 146      9FD5328A 
 146      FF6087C9 
 146      FB01791A 
 146      08
 147 020d 608E38AD 		.ascii	"`\2168\255B\234V\020M\014qb\264\371\244\016\267qD\347"
 147      429C5610 
 147      4D0C7162 
 147      B4F9A40E 
 147      B77144E7 
 148 0221 515F3106 		.ascii	"Q_1\006\204\237\214{:&7\354u\025\227\022\177 \360KN"
 148      849F8C7B 
 148      3A2637EC 
 148      75159712 
 148      7F20F04B 
 149 0236 39A3A29C 		.ascii	"9\243\242\234Q(\315\214R\030x\324$\342]\274D\366\225"
 149      5128CD8C 
 149      521878D4 
 149      24E25DBC 
 149      44F695
 150 0249 1EEDE694 		.ascii	"\036\355\346\224\272\346\302\032\315ArL\275\234\263"
ARM GAS  /tmp/ccOJK2AJ.s 			page 11


 150      BAE6C21A 
 150      CD41724C 
 150      BD9CB3
 151 0258 2ACA5985 		.ascii	"*\312Y\205\322\302(\005\236\272\026\235V\303\263M3E"
 151      D2C22805 
 151      9EBA169D 
 151      56C3B34D 
 151      3345
 152 026a 53DC5D7D 		.ascii	"S\334]}X\2770v\016\261A\257\313S\030\275b\242[Y\242"
 152      58BF3076 
 152      0EB141AF 
 152      CB5318BD 
 152      62A25B59 
 153 027f CF2339D3 		.ascii	"\317#9\323\245Mg\\\221\270\215k+\372y\247\017qm\255"
 153      A54D675C 
 153      91B88D6B 
 153      2BFA79A7 
 153      0F716DAD 
 154 0293 BBDF5549 		.ascii	"\273\337UI\203 \344UI\363*\322.0i\276\252\177\376\015"
 154      8320E455 
 154      49F32AD2 
 154      2E3069BE 
 154      AA7FFE0D 
 155 02a7 7F822943 		.ascii	"\177\202)C;p\244\2561\032%\304\306\262\352- \257\243"
 155      3B70A4AE 
 155      311A25C4 
 155      C6B2EA2D 
 155      20AFA3
 156 02ba 7690D626 		.ascii	"v\220\326&\007\360v\000\306g\177Oo\300\317pve\0259^"
 156      07F07600 
 156      C6677F4F 
 156      6FC0CF70 
 156      76651539 
 157 02cf 42F02F04 		.ascii	"B\360/\004\2646\026\375\032\312\361\"\224#\275%\240"
 157      B43616FD 
 157      1ACAF122 
 157      9423BD25 
 157      A0
 158 02e0 6F40FDD7 		.ascii	"o@\375\327\254\202\321G\273\353\003ab\001]\033\257_"
 158      AC82D147 
 158      BBEB0361 
 158      62015D1B 
 158      AF5F
 159 02f2 28AF850A 		.ascii	"(\257\205\012\026P\007\363\177\211\001\300\273\354\376"
 159      165007F3 
 159      7F8901C0 
 159      BBECFE
 160 0301 FE43BA98 		.ascii	"\376C\272\230b\346\355&q\210iY\314\205\017\305(1\254"
 160      62E6ED26 
 160      71886959 
 160      CC850FC5 
 160      2831AC
 161 0314 430FA7D7 		.ascii	"C\017\247\327\323\023\306j\370w\0240S\356\037E\254\206"
 161      D313C66A 
 161      F8771430 
 161      53EE1F45 
 161      AC86
ARM GAS  /tmp/ccOJK2AJ.s 			page 12


 162 0326 C368B7E4 		.ascii	"\303h\267\344\303\246\246(\326\015\245\335\212\212\361"
 162      C3A6A628 
 162      D60DA5DD 
 162      8A8AF1
 163 0335 FD912B8B 		.ascii	"\375\221+\213\371N\021\363-\327>\346\032\365\204\312"
 163      F94E11F3 
 163      2DD73EE6 
 163      1AF584CA 
 164 0345 6A88A2A6 		.ascii	"j\210\242\246\023\334/1\367.\246\346;\256\246\213\251"
 164      13DC2F31 
 164      F72EA6E6 
 164      3BAEA68B 
 164      A9
 165 0356 A9AAFD70 		.ascii	"\251\252\375pW\264\376\243\305\323\312\212dq\206\313"
 165      57B4FEA3 
 165      C5D3CA8A 
 165      647186CB 
 166 0366 48CFB601 		.ascii	"H\317\266\001\256\340}\276\3147/\342\003l\037\320\251"
 166      AEE07DBE 
 166      CC372FE2 
 166      036C1FD0 
 166      A9
 167 0377 9B6DC311 		.ascii	"\233m\303\021\260\227\336\272\361\333\236\343\372\352"
 167      B097DEBA 
 167      F1DB9EE3 
 167      FAEA
 168 0385 2F092F7A 		.ascii	"/\011/z\264#\0371\312\025\325~^Q\366\263\233\355\347"
 168      B4231F31 
 168      CA15D57E 
 168      5E51F6B3 
 168      9BEDE7
 169 0398 67F7AB7E 		.ascii	"g\367\253~\304\270\207\203:\247\246I\024\003\3255w\036"
 169      C4B88783 
 169      3AA7A649 
 169      1403D535 
 169      771E
 170 03aa C70BE76F 		.ascii	"\307\013\347o\003\243\\UQ\256*\224k\214\322\337{\275"
 170      03A35C55 
 170      51AE2A94 
 170      6B8CD2DF 
 170      7BBD
 171 03bc 5BC4839C 		.ascii	"[\304\203\234R\177\347\353J\035\247xN<ZN\351QQz\024"
 171      527FE7EB 
 171      4A1DA778 
 171      4E3C5A4E 
 171      E951517A 
 172 03d1 4A2FA30C 		.ascii	"J/\243\014\366N\020\021\317pJ\337\345\201\307\"\243"
 172      F64E1011 
 172      CF704ADF 
 172      E581C722 
 172      A3
 173 03e2 B89F7A42 		.ascii	"\270\237zB+\2117\020h%k\030\342\272\012q]A|\277\342"
 173      2B893710 
 173      68256B18 
 173      E2BA0A71 
 173      5D417CBF 
 174 03f7 C9F9794F 		.ascii	"\311\371yOo{\304\212\207\344&;$7\224C2\357/\":\274C"
ARM GAS  /tmp/ccOJK2AJ.s 			page 13


 174      6F7BC48A 
 174      87E4263B 
 174      24379443 
 174      32EF2F22 
 175 040e CB341C1B 		.ascii	"\3134\034\033\271U$\342\"\336\031\353\230o\010\0014"
 175      B95524E2 
 175      22DE19EB 
 175      986F0801 
 175      34
 176 041f FA179B12 		.ascii	"\372\027\233\022Fn\317}\365@\317\363~\256\336\275qo"
 176      466ECF7D 
 176      F540CFF3 
 176      7EAEDEBD 
 176      716F
 177 0431 ED4EC274 		.ascii	"\355N\302t\242\243\336b-\005\243[\212Rt\033&\240].\366"
 177      A2A3DE62 
 177      2D05A35B 
 177      8A52741B 
 177      26A05D2E 
 178 0446 0E131B38 		.ascii	"\016\023\0338><\205\3605\216\177\334\361Ek\244\274\211"
 178      3E3C85F0 
 178      358E7FDC 
 178      F1456BA4 
 178      BC89
 179 0458 63034136 		.ascii	"c\003A6\261O\265\352>\005\364\003\003=\351\270\260["
 179      B14FB5EA 
 179      3E05F403 
 179      033DE9B8 
 179      B05B
 180 046a 83873968 		.ascii	"\203\2079h\262\364I/\342\211;R\237\305!\256\002\015"
 180      B2F4492F 
 180      E2893B52 
 180      9FC521AE 
 180      020D
 181 047c 7FE8DC55 		.ascii	"\177\350\334UA\356*\020?\203\264\225\337\3704\014\377"
 181      41EE2A10 
 181      3F83B495 
 181      DFF8340C 
 181      FF
 182 048d C421A377 		.ascii	"\304!\243w\310\036\215R\011U\313\367\260_E\351W(\367"
 182      C81E8D52 
 182      0955CBF7 
 182      B05F45E9 
 182      5728F7
 183 04a0 18E5D32B 		.ascii	"\030\345\323+\2351\370\343\020\006\371\244kh$\\.\204"
 183      9D31F8E3 
 183      1006F9A4 
 183      6B68245C 
 183      2E84
 184 04b2 5D93CB21 		.ascii	"]\223\313!\003*\310\200\002\031d\220\262\356\276\021"
 184      032AC880 
 184      02196490 
 184      B2EEBE11 
 185 04c2 2D2EE794 		.ascii	"-.\347\224#\375\015\027y\226\335\207j\227\026\302\220"
 185      23FD0D17 
 185      7996DD87 
 185      6A9716C2 
ARM GAS  /tmp/ccOJK2AJ.s 			page 14


 185      90
 186 04d3 0A31A420 		.ascii	"\0121\244 \206\031b_\313\221\022\035;\334\204Q\224\027"
 186      8619625F 
 186      CB91121D 
 186      3BDC8451 
 186      9417
 187 04e5 969EBFB0 		.ascii	"\226\236\277\260\216U\337\332\257\301\265|\206\261\266"
 187      8E55DFDA 
 187      AFC1B57C 
 187      86B1B6
 188 04f4 8AEDF468 		.ascii	"\212\355\364h\273\236\355=I+u\242eV\207[x\370|\325\330"
 188      BB9EED3D 
 188      492B75A2 
 188      6556875B 
 188      78F87CD5 
 189 0509 6014BEC0 		.ascii	"`\024\276\300;\303\263\376\307\321\270\235w*\366\355"
 189      3BC3B3FE 
 189      C7D1B89D 
 189      772AF6ED 
 190 0519 AF0E6193 		.ascii	"\257\016a\223\206\263\007\232\253\363\244\250LT\360"
 190      86B3079A 
 190      ABF3A4A8 
 190      4C54F0
 191 0528 4C13157E 		.ascii	"L\023\025~\\\360\223\016_b\270\320\302\266\351F\035"
 191      5CF0930E 
 191      5F62B8D0 
 191      C2B6E946 
 191      1D
 192 0539 8A8F8F5F 		.ascii	"\212\217\217_\235\020\357&\371\256\361\312\323\225\233"
 192      9D10EF26 
 192      F9AEF1CA 
 192      D3959B
 193 0548 F67EB693 		.ascii	"\366~\266\223\370^F\017\240\334\037B:\246\320\352E\350"
 193      F85E460F 
 193      A0DC1F42 
 193      3AA6D0EA 
 193      45E8
 194 055a 4BB4C04F 		.ascii	"K\264\300O\3202\027\334\244\324\345~\330\220\345\315"
 194      D03217DC 
 194      A4D4E57E 
 194      D890E5CD 
 195 056a C7E847F0 		.ascii	"\307\350G\360\035_\356\373\010\251\235\363]\356\021"
 195      1D5FEEFB 
 195      08A99DF3 
 195      5DEE11
 196 0579 EE4CC1A3 		.ascii	"\356L\301\243A\301\277\241\256{\345G\334\353N\001\375"
 196      41C1BFA1 
 196      AE7BE547 
 196      DCEB4E01 
 196      FD
 197 058a 1B6EDF67 		.ascii	"\033n\337g\030\352\014KA\217aU\223(\036M\200M\203\375"
 197      18EA0C4B 
 197      418F6155 
 197      93281E4D 
 197      804D83FD 
 198 059e 07C5B34D 		.ascii	"\007\305\263M\242\357\013\377\335\206,\372\245\001\276"
 198      A2EF0BFF 
ARM GAS  /tmp/ccOJK2AJ.s 			page 15


 198      DD862CFA 
 198      A501BE
 199 05ad 82B28BBC 		.ascii	"\202\262\213\274\321\351\375\243\015\025\010*\006^\310"
 199      D1E9FDA3 
 199      0D15082A 
 199      065EC8
 200 05bc 54C15870 		.ascii	"T\301Xp\271L\002|\354t\366\015{\264huB05h\026D<\223"
 200      B94C027C 
 200      EC74F60D 
 200      7BB46875 
 200      42303568 
 201 05d4 A0B1063D 		.ascii	"\240\261\006=Ah\006\\G\026\277|\250<\345\323n\356\332"
 201      4168065C 
 201      4716BF7C 
 201      A83CE5D3 
 201      6EEEDA
 202 05e7 A31971C9 		.ascii	"\243\031q\3113zF\245I@s\3623z\216=\243\313v\016\014"
 202      337A46A5 
 202      494073F2 
 202      337A8E3D 
 202      A3CB760E 
 203 05fc 2C7DA2B7 		.ascii	",}\242\267.y\242?\221\275\3515<\327lu\256{Ur\206\376"
 203      2E79A23F 
 203      91BDE935 
 203      3CD76C75 
 203      AE7B5572 
 204 0612 F1CF6FC6 		.ascii	"\361\317o\306%\013\242$)#\2775\344:\354\006\263\325"
 204      250BA224 
 204      2923BF35 
 204      E43AEC06 
 204      B3D5
 205 0624 68C9CD32 		.ascii	"h\311\3152\031\254\246\367-\346\267\0149\231\306l\263"
 205      19ACA6F7 
 205      2DE6B70C 
 205      3999C66C 
 205      B3
 206 0635 D56490B2 		.ascii	"\325d\220\262Log\346Z\234\2223o\253\311\221\230-\304"
 206      4C6F67E6 
 206      5A9C9233 
 206      6FABC991 
 206      982DC4
 207 0648 07F376E4 		.ascii	"\007\363v\3449\014\222\303\231\005Dp\211N\317sd\230"
 207      390C92C3 
 207      99054470 
 207      894ECF73 
 207      6498
 208 065a 8DEF497F 		.ascii	"\215\357I\177\312\264fYL\366\327\022\023\015\311\331"
 208      CAB46659 
 208      4CF6D712 
 208      130DC9D9 
 209 066a E6B7CC9B 		.ascii	"\346\267\314\233\322\245u\211/'\2567\330\034\206\354"
 209      D2A57589 
 209      2F27AE37 
 209      D81C86EC 
 210 067a 4C8B61AB 		.ascii	"L\213a\253\315\356t\030\3223\322\326\275jHM}\303\220"
 210      CDEE7418 
 210      D233D2D6 
ARM GAS  /tmp/ccOJK2AJ.s 			page 16


 210      BD6A484D 
 210      7DC390
 211 068d 9192B6ED 		.ascii	"\221\222\266\355\025\203\303)Y,Y\211F!\202\377\222\314"
 211      1583C329 
 211      592C5989 
 211      462182FF 
 211      92CC
 212 069f 56B33346 		.ascii	"V\2633F\242\316\222\331\376w\311\264\325l\261\275\223"
 212      A2CE92D9 
 212      FE77C9B4 
 212      D56CB1BD 
 212      93
 213 06b0 6B7A2518 		.ascii	"kz%\030\326\356\224\251I[\322\222\323\266\033\214\331"
 213      D6EE94A9 
 213      495BD292 
 213      D3B61B8C 
 213      D9
 214 06c1 469BDD24 		.ascii	"F\233\335$m{-\007\204\305\030\263\231\264\034\223]\226"
 214      6D7B2D07 
 214      84C518B3 
 214      99B41C93 
 214      5D96
 215 06d3 96F2AB15 		.ascii	"\226\362\253\025 \312\002\215\331\2606\010}\321\272"
 215      20CA028D 
 215      D9B03608 
 215      7DD1BA
 216 06e2 CD6C4C37 		.ascii	"\315lL79!\336i\312\221\2437\333\3156\273\331\231\267"
 216      3921DE69 
 216      CA91A337 
 216      DBCD36BB 
 216      D999B7
 217 06f5 EEFF2FD0 		.ascii	"\356\377/\320h\313\311\261Y\025E\024\004@\2551;\323"
 217      68CBC9B1 
 217      59154514 
 217      0440AD31 
 217      3BD3
 218 0707 1E637364 		.ascii	"\036csdZ\000\231j3\276\267\321n\313II\337\022T\020e"
 218      5A00996A 
 218      33BEB7D1 
 218      6ECB4949 
 218      DF125410 
 219 071c 5157AA8C 		.ascii	"QW\252\214^!~\025[\213*0\206%\310\002\003\322\3330\""
 219      5E217E15 
 219      5B8B2A30 
 219      8625C802 
 219      03D2DB30 
 220 0731 991D76DD 		.ascii	"\231\035v\335\302P\244$9LNiCR\372\0376oI\211\314\264"
 220      C250A424 
 220      394C4E69 
 220      4352FA1F 
 220      366F4989 
 221 0747 BC9F99E7 		.ascii	"\274\237\231\347\200\304Z`\217\327\007\233\321\264\335"
 221      80C45A60 
 221      8FD7079B 
 221      D1B4DD
 222 0756 69484E4B 		.ascii	"iHNKOI_\314\004\315\2431gc\256\225\312_MelZ\232\313"
 222      4F495FCC 
ARM GAS  /tmp/ccOJK2AJ.s 			page 17


 222      04CDA331 
 222      6763AE95 
 222      CA5F4D65 
 223 076e E7E4D5BC 		.ascii	"\347\344\325\274i\265\250d1\235K\206\236c\262r\255K"
 223      69B5A864 
 223      319D4B86 
 223      9E63B272 
 223      AD4B
 224 0780 B446A806 		.ascii	"\264F\250\006\365J\001e@\321i\2233\266\244jS7%\275\201"
 224      F54A0165 
 224      40D16993 
 224      33B6A46A 
 224      533725BD 
 225 0795 FF92941A 		.ascii	"\377\222\224\032\222\234\224\232\262!\350\326\257(y"
 225      929C949A 
 225      B221E8D6 
 225      AF2879
 226 07a4 3DE8FD2F 		.ascii	"=\350\375/\002{p\215"
 226      027B708D 
 227              		.text
 228              		.section	.gnu.lto_.symtab.89d998492638750d,"",%progbits
 229 0000 53797354 		.ascii	"SysTick_Handler\000\000\000\000\000\000\000\000\000"
 229      69636B5F 
 229      48616E64 
 229      6C657200 
 229      00000000 
 230 0018 000000B6 		.ascii	"\000\000\000\266\000\000\000st_lld_init\000\000\000"
 230      00000073 
 230      745F6C6C 
 230      645F696E 
 230      69740000 
 231 002d 00000000 		.ascii	"\000\000\000\000\000\000\000\000\000\270\000\000\000"
 231      00000000 
 231      00B80000 
 231      00
 232 003a 5F706F72 		.ascii	"_port_irq_epilogue\000\000\002\000\000\000\000\000\000"
 232      745F6972 
 232      715F6570 
 232      696C6F67 
 232      75650000 
 233 0055 000000BA 		.ascii	"\000\000\000\272\000\000\000chSysTimerHandlerI\000\000"
 233      00000063 
 233      68537973 
 233      54696D65 
 233      7248616E 
 234 0070 02000000 		.ascii	"\002\000\000\000\000\000\000\000\000\000\274\000\000"
 234      00000000 
 234      0000BC00 
 234      00
 235 007d 006E7669 		.ascii	"\000nvicSetSystemHandlerPriority\000\000\002\000\000"
 235      63536574 
 235      53797374 
 235      656D4861 
 235      6E646C65 
 236 009f 00000000 		.ascii	"\000\000\000\000\000\000\000\301\000\000\000"
 236      000000C1 
 236      000000
ARM GAS  /tmp/ccOJK2AJ.s 			page 18


 237              		.text
 238              		.section	.gnu.lto_.opts,"",%progbits
 239 0000 272D666E 		.ascii	"'-fno-trapv' '-mcpu=cortex-m4' '-mfloat-abi=hard' '"
 239      6F2D7472 
 239      61707627 
 239      20272D6D 
 239      6370753D 
 240 0033 2D6D6670 		.ascii	"-mfpu=fpv4-sp-d16' '-mno-thumb-interwork' '-mthumb'"
 240      753D6670 
 240      76342D73 
 240      702D6431 
 240      36272027 
 241 0066 20272D67 		.ascii	" '-ggdb' '-Os' '-fomit-frame-pointer' '-falign-func"
 241      67646227 
 241      20272D4F 
 241      73272027 
 241      2D666F6D 
 242 0099 74696F6E 		.ascii	"tions=16' '-ffunction-sections' '-fdata-sections' '"
 242      733D3136 
 242      2720272D 
 242      6666756E 
 242      6374696F 
 243 00cc 2D666E6F 		.ascii	"-fno-common' '-flto' '-fsingle-precision-constant'\000"
 243      2D636F6D 
 243      6D6F6E27 
 243      20272D66 
 243      6C746F27 
 244              		.text
 245              		.comm	__gnu_lto_v1,1,1
 246              		.comm	__gnu_lto_slim,1,1
 247              		.ident	"GCC: (15:4.9.3+svn231177-1) 4.9.3 20150529 (prerelease)"
ARM GAS  /tmp/ccOJK2AJ.s 			page 19


DEFINED SYMBOLS
                            *ABS*:0000000000000000 st_lld.c
                            *COM*:0000000000000001 __gnu_lto_v1
                            *COM*:0000000000000001 __gnu_lto_slim

NO UNDEFINED SYMBOLS
